<?xml version="1.0" encoding="UTF-8"?>
<coverage generated="1776663218027" clover="3.2.0">
  <project timestamp="1776663218027" name="All files">
    <metrics statements="1121" coveredstatements="978" conditionals="751" coveredconditionals="609" methods="444" coveredmethods="361" elements="2316" coveredelements="1948" complexity="0" loc="1121" ncloc="1121" packages="10" files="34" classes="34"/>
    <package name="components.chat">
      <metrics statements="26" coveredstatements="26" conditionals="47" coveredconditionals="39" methods="11" coveredmethods="11"/>
      <file name="ChatInput.js" path="D:\fixed-project\frontend\src\components\chat\ChatInput.js">
        <metrics statements="4" coveredstatements="4" conditionals="9" coveredconditionals="9" methods="3" coveredmethods="3"/>
        <line num="6" count="12" type="stmt"/>
        <line num="12" count="1" type="stmt"/>
        <line num="13" count="2" type="cond" truecount="4" falsecount="0"/>
        <line num="38" count="1" type="stmt"/>
      </file>
      <file name="ChatMessage.js" path="D:\fixed-project\frontend\src\components\chat\ChatMessage.js">
        <metrics statements="8" coveredstatements="8" conditionals="16" coveredconditionals="14" methods="2" coveredmethods="2"/>
        <line num="11" count="9" type="stmt"/>
        <line num="12" count="9" type="stmt"/>
        <line num="16" count="9" type="stmt"/>
        <line num="36" count="4" type="cond" truecount="1" falsecount="1"/>
        <line num="37" count="4" type="cond" truecount="1" falsecount="1"/>
        <line num="38" count="4" type="cond" truecount="2" falsecount="0"/>
        <line num="39" count="2" type="stmt"/>
        <line num="42" count="1" type="stmt"/>
      </file>
      <file name="ChatSidebar.js" path="D:\fixed-project\frontend\src\components\chat\ChatSidebar.js">
        <metrics statements="14" coveredstatements="14" conditionals="22" coveredconditionals="16" methods="6" coveredmethods="6"/>
        <line num="12" count="8" type="cond" truecount="2" falsecount="0"/>
        <line num="13" count="1" type="stmt"/>
        <line num="16" count="7" type="cond" truecount="2" falsecount="0"/>
        <line num="17" count="1" type="stmt"/>
        <line num="29" count="6" type="stmt"/>
        <line num="32" count="11" type="stmt"/>
        <line num="33" count="11" type="stmt"/>
        <line num="37" count="1" type="stmt"/>
        <line num="57" count="11" type="cond" truecount="2" falsecount="0"/>
        <line num="60" count="22" type="cond" truecount="1" falsecount="1"/>
        <line num="61" count="22" type="cond" truecount="2" falsecount="0"/>
        <line num="62" count="20" type="cond" truecount="3" falsecount="3"/>
        <line num="64" count="4" type="cond" truecount="1" falsecount="1"/>
        <line num="67" count="1" type="stmt"/>
      </file>
    </package>
    <package name="components.common">
      <metrics statements="13" coveredstatements="13" conditionals="31" coveredconditionals="30" methods="6" coveredmethods="6"/>
      <file name="Avatar.js" path="D:\fixed-project\frontend\src\components\common\Avatar.js">
        <metrics statements="5" coveredstatements="5" conditionals="10" coveredconditionals="9" methods="1" coveredmethods="1"/>
        <line num="10" count="6" type="cond" truecount="6" falsecount="0"/>
        <line num="11" count="6" type="stmt"/>
        <line num="12" count="6" type="cond" truecount="2" falsecount="0"/>
        <line num="13" count="6" type="stmt"/>
        <line num="28" count="1" type="stmt"/>
      </file>
      <file name="EmptyState.js" path="D:\fixed-project\frontend\src\components\common\EmptyState.js">
        <metrics statements="2" coveredstatements="2" conditionals="11" coveredconditionals="11" methods="1" coveredmethods="1"/>
        <line num="9" count="13" type="stmt"/>
        <line num="19" count="2" type="stmt"/>
      </file>
      <file name="PageHeader.js" path="D:\fixed-project\frontend\src\components\common\PageHeader.js">
        <metrics statements="2" coveredstatements="2" conditionals="6" coveredconditionals="6" methods="1" coveredmethods="1"/>
        <line num="9" count="15" type="stmt"/>
        <line num="20" count="2" type="stmt"/>
      </file>
      <file name="StatCard.js" path="D:\fixed-project\frontend\src\components\common\StatCard.js">
        <metrics statements="2" coveredstatements="2" conditionals="4" coveredconditionals="4" methods="1" coveredmethods="1"/>
        <line num="10" count="32" type="stmt"/>
        <line num="23" count="2" type="stmt"/>
      </file>
      <file name="StatsGrid.js" path="D:\fixed-project\frontend\src\components\common\StatsGrid.js">
        <metrics statements="2" coveredstatements="2" conditionals="0" coveredconditionals="0" methods="2" coveredmethods="2"/>
        <line num="4" count="24" type="stmt"/>
        <line num="7" count="134" type="stmt"/>
      </file>
    </package>
    <package name="components.layout">
      <metrics statements="1" coveredstatements="1" conditionals="0" coveredconditionals="0" methods="1" coveredmethods="1"/>
      <file name="AppLayout.js" path="D:\fixed-project\frontend\src\components\layout\AppLayout.js">
        <metrics statements="1" coveredstatements="1" conditionals="0" coveredconditionals="0" methods="1" coveredmethods="1"/>
        <line num="7" count="4" type="stmt"/>
      </file>
    </package>
    <package name="context">
      <metrics statements="33" coveredstatements="31" conditionals="6" coveredconditionals="6" methods="10" coveredmethods="9"/>
      <file name="AuthContext.js" path="D:\fixed-project\frontend\src\context\AuthContext.js">
        <metrics statements="33" coveredstatements="31" conditionals="6" coveredconditionals="6" methods="10" coveredmethods="9"/>
        <line num="4" count="11" type="stmt"/>
        <line num="6" count="11" type="stmt"/>
        <line num="7" count="17" type="stmt"/>
        <line num="8" count="17" type="stmt"/>
        <line num="10" count="17" type="stmt"/>
        <line num="11" count="6" type="stmt"/>
        <line num="12" count="6" type="stmt"/>
        <line num="13" count="6" type="cond" truecount="4" falsecount="0"/>
        <line num="14" count="4" type="stmt"/>
        <line num="15" count="4" type="stmt"/>
        <line num="16" count="2" type="stmt"/>
        <line num="17" count="2" type="stmt"/>
        <line num="19" count="1" type="stmt"/>
        <line num="20" count="3" type="stmt"/>
        <line num="22" count="2" type="stmt"/>
        <line num="26" count="17" type="stmt"/>
        <line num="27" count="1" type="stmt"/>
        <line num="28" count="1" type="stmt"/>
        <line num="29" count="1" type="stmt"/>
        <line num="32" count="17" type="stmt"/>
        <line num="33" count="2" type="stmt"/>
        <line num="34" count="2" type="stmt"/>
        <line num="35" count="2" type="stmt"/>
        <line num="38" count="17" type="stmt"/>
        <line num="39" count="0" type="stmt"/>
        <line num="40" count="0" type="stmt"/>
        <line num="44" count="17" type="stmt"/>
        <line num="45" count="17" type="stmt"/>
        <line num="49" count="17" type="stmt"/>
        <line num="56" count="11" type="stmt"/>
        <line num="57" count="22" type="stmt"/>
        <line num="58" count="21" type="cond" truecount="2" falsecount="0"/>
        <line num="59" count="17" type="stmt"/>
      </file>
    </package>
    <package name="pages.admin">
      <metrics statements="141" coveredstatements="120" conditionals="76" coveredconditionals="63" methods="64" coveredmethods="49"/>
      <file name="AdminDashboard.js" path="D:\fixed-project\frontend\src\pages\admin\AdminDashboard.js">
        <metrics statements="11" coveredstatements="11" conditionals="14" coveredconditionals="10" methods="8" coveredmethods="8"/>
        <line num="7" count="13" type="stmt"/>
        <line num="8" count="13" type="cond" truecount="2" falsecount="0"/>
        <line num="10" count="12" type="stmt"/>
        <line num="21" count="12" type="stmt"/>
        <line num="40" count="11" type="stmt"/>
        <line num="41" count="1" type="stmt"/>
        <line num="50" count="11" type="stmt"/>
        <line num="70" count="24" type="cond" truecount="1" falsecount="1"/>
        <line num="86" count="1" type="stmt"/>
        <line num="87" count="1" type="cond" truecount="2" falsecount="0"/>
        <line num="88" count="1" type="stmt"/>
      </file>
      <file name="AdminProjectsPage.js" path="D:\fixed-project\frontend\src\pages\admin\AdminProjectsPage.js">
        <metrics statements="16" coveredstatements="16" conditionals="12" coveredconditionals="12" methods="8" coveredmethods="8"/>
        <line num="8" count="25" type="stmt"/>
        <line num="9" count="25" type="stmt"/>
        <line num="10" count="25" type="stmt"/>
        <line num="11" count="25" type="stmt"/>
        <line num="13" count="25" type="stmt"/>
        <line num="15" count="25" type="stmt"/>
        <line num="16" count="12" type="stmt"/>
        <line num="17" count="12" type="stmt"/>
        <line num="18" count="12" type="cond" truecount="2" falsecount="0"/>
        <line num="19" count="11" type="stmt"/>
        <line num="20" count="11" type="stmt"/>
        <line num="23" count="25" type="stmt"/>
        <line num="35" count="75" type="cond" truecount="2" falsecount="0"/>
        <line num="53" count="24" type="stmt"/>
        <line num="57" count="24" type="stmt"/>
        <line num="69" count="1" type="stmt"/>
      </file>
      <file name="AdminSubjectsPage.js" path="D:\fixed-project\frontend\src\pages\admin\AdminSubjectsPage.js">
        <metrics statements="47" coveredstatements="41" conditionals="16" coveredconditionals="14" methods="20" coveredmethods="16"/>
        <line num="7" count="1" type="stmt"/>
        <line num="10" count="36" type="stmt"/>
        <line num="11" count="36" type="stmt"/>
        <line num="12" count="36" type="stmt"/>
        <line num="13" count="36" type="stmt"/>
        <line num="14" count="36" type="stmt"/>
        <line num="15" count="36" type="stmt"/>
        <line num="16" count="36" type="stmt"/>
        <line num="18" count="36" type="stmt"/>
        <line num="20" count="36" type="stmt"/>
        <line num="21" count="17" type="stmt"/>
        <line num="22" count="17" type="stmt"/>
        <line num="23" count="17" type="cond" truecount="1" falsecount="1"/>
        <line num="24" count="16" type="stmt"/>
        <line num="25" count="16" type="stmt"/>
        <line num="28" count="36" type="stmt"/>
        <line num="29" count="1" type="stmt"/>
        <line num="30" count="1" type="stmt"/>
        <line num="31" count="1" type="stmt"/>
        <line num="32" count="1" type="stmt"/>
        <line num="33" count="0" type="stmt"/>
        <line num="36" count="36" type="stmt"/>
        <line num="37" count="1" type="stmt"/>
        <line num="38" count="1" type="stmt"/>
        <line num="39" count="1" type="stmt"/>
        <line num="40" count="1" type="stmt"/>
        <line num="41" count="1" type="stmt"/>
        <line num="42" count="1" type="stmt"/>
        <line num="43" count="0" type="stmt"/>
        <line num="46" count="36" type="stmt"/>
        <line num="47" count="1" type="cond" truecount="1" falsecount="1"/>
        <line num="48" count="1" type="stmt"/>
        <line num="51" count="36" type="stmt"/>
        <line num="64" count="1" type="stmt"/>
        <line num="68" count="180" type="cond" truecount="2" falsecount="0"/>
        <line num="69" count="0" type="stmt"/>
        <line num="88" count="42" type="stmt"/>
        <line num="96" count="105" type="stmt"/>
        <line num="101" count="0" type="stmt"/>
        <line num="103" count="1" type="stmt"/>
        <line num="104" count="3" type="stmt"/>
        <line num="106" count="1" type="stmt"/>
        <line num="118" count="0" type="stmt"/>
        <line num="119" count="2" type="stmt"/>
        <line num="122" count="0" type="stmt"/>
        <line num="128" count="1" type="stmt"/>
        <line num="133" count="1" type="stmt"/>
      </file>
      <file name="UsersManagementPage.js" path="D:\fixed-project\frontend\src\pages\admin\UsersManagementPage.js">
        <metrics statements="67" coveredstatements="52" conditionals="34" coveredconditionals="27" methods="28" coveredmethods="17"/>
        <line num="6" count="1" type="stmt"/>
        <line num="13" count="1" type="stmt"/>
        <line num="15" count="1" type="stmt"/>
        <line num="18" count="52" type="stmt"/>
        <line num="19" count="51" type="stmt"/>
        <line num="20" count="51" type="stmt"/>
        <line num="21" count="51" type="stmt"/>
        <line num="22" count="51" type="stmt"/>
        <line num="23" count="51" type="stmt"/>
        <line num="24" count="51" type="stmt"/>
        <line num="25" count="51" type="stmt"/>
        <line num="26" count="51" type="stmt"/>
        <line num="27" count="51" type="stmt"/>
        <line num="28" count="51" type="stmt"/>
        <line num="30" count="51" type="stmt"/>
        <line num="32" count="51" type="stmt"/>
        <line num="33" count="23" type="stmt"/>
        <line num="34" count="23" type="stmt"/>
        <line num="35" count="23" type="stmt"/>
        <line num="36" count="22" type="stmt"/>
        <line num="37" count="22" type="stmt"/>
        <line num="38" count="22" type="stmt"/>
        <line num="41" count="51" type="stmt"/>
        <line num="42" count="51" type="stmt"/>
        <line num="44" count="51" type="stmt"/>
        <line num="45" count="1" type="stmt"/>
        <line num="46" count="1" type="stmt"/>
        <line num="47" count="1" type="stmt"/>
        <line num="48" count="1" type="cond" truecount="1" falsecount="1"/>
        <line num="49" count="0" type="stmt"/>
        <line num="50" count="0" type="stmt"/>
        <line num="51" count="0" type="stmt"/>
        <line num="53" count="1" type="stmt"/>
        <line num="54" count="1" type="stmt"/>
        <line num="56" count="1" type="stmt"/>
        <line num="57" count="1" type="stmt"/>
        <line num="58" count="1" type="cond" truecount="0" falsecount="2"/>
        <line num="61" count="51" type="stmt"/>
        <line num="62" count="2" type="cond" truecount="2" falsecount="0"/>
        <line num="63" count="1" type="stmt"/>
        <line num="66" count="51" type="stmt"/>
        <line num="67" count="1" type="stmt"/>
        <line num="68" count="1" type="stmt"/>
        <line num="69" count="1" type="stmt"/>
        <line num="70" count="1" type="stmt"/>
        <line num="71" count="0" type="stmt"/>
        <line num="74" count="51" type="stmt"/>
        <line num="88" count="1" type="stmt"/>
        <line num="90" count="1" type="stmt"/>
        <line num="91" count="204" type="stmt"/>
        <line num="109" count="54" type="stmt"/>
        <line num="124" count="2" type="stmt"/>
        <line num="125" count="1" type="stmt"/>
        <line num="128" count="2" type="stmt"/>
        <line num="142" count="3" type="cond" truecount="2" falsecount="0"/>
        <line num="143" count="0" type="stmt"/>
        <line num="153" count="0" type="stmt"/>
        <line num="154" count="0" type="stmt"/>
        <line num="157" count="0" type="stmt"/>
        <line num="164" count="1" type="stmt"/>
        <line num="168" count="0" type="stmt"/>
        <line num="173" count="0" type="stmt"/>
        <line num="178" count="0" type="stmt"/>
        <line num="184" count="0" type="stmt"/>
        <line num="192" count="0" type="stmt"/>
        <line num="198" count="0" type="stmt"/>
        <line num="206" count="0" type="stmt"/>
      </file>
    </package>
    <package name="pages.auth">
      <metrics statements="56" coveredstatements="55" conditionals="22" coveredconditionals="19" methods="17" coveredmethods="16"/>
      <file name="AuthLayout.js" path="D:\fixed-project\frontend\src\pages\auth\AuthLayout.js">
        <metrics statements="1" coveredstatements="1" conditionals="0" coveredconditionals="0" methods="1" coveredmethods="1"/>
        <line num="7" count="55" type="stmt"/>
      </file>
      <file name="ForgotPasswordPage.js" path="D:\fixed-project\frontend\src\pages\auth\ForgotPasswordPage.js">
        <metrics statements="14" coveredstatements="14" conditionals="6" coveredconditionals="5" methods="3" coveredmethods="3"/>
        <line num="9" count="24" type="stmt"/>
        <line num="10" count="24" type="stmt"/>
        <line num="11" count="24" type="stmt"/>
        <line num="13" count="24" type="stmt"/>
        <line num="14" count="5" type="stmt"/>
        <line num="15" count="5" type="stmt"/>
        <line num="16" count="5" type="stmt"/>
        <line num="17" count="5" type="stmt"/>
        <line num="18" count="3" type="stmt"/>
        <line num="19" count="3" type="stmt"/>
        <line num="21" count="1" type="cond" truecount="1" falsecount="1"/>
        <line num="23" count="4" type="stmt"/>
        <line num="27" count="24" type="stmt"/>
        <line num="41" count="6" type="stmt"/>
      </file>
      <file name="LoginPage.js" path="D:\fixed-project\frontend\src\pages\auth\LoginPage.js">
        <metrics statements="19" coveredstatements="19" conditionals="8" coveredconditionals="7" methods="5" coveredmethods="5"/>
        <line num="10" count="23" type="stmt"/>
        <line num="11" count="23" type="stmt"/>
        <line num="12" count="23" type="stmt"/>
        <line num="13" count="23" type="stmt"/>
        <line num="14" count="23" type="stmt"/>
        <line num="16" count="23" type="stmt"/>
        <line num="17" count="3" type="stmt"/>
        <line num="18" count="3" type="stmt"/>
        <line num="19" count="3" type="stmt"/>
        <line num="20" count="3" type="stmt"/>
        <line num="21" count="1" type="stmt"/>
        <line num="22" count="1" type="stmt"/>
        <line num="23" count="1" type="stmt"/>
        <line num="25" count="1" type="cond" truecount="1" falsecount="1"/>
        <line num="27" count="2" type="stmt"/>
        <line num="31" count="23" type="stmt"/>
        <line num="55" count="4" type="stmt"/>
        <line num="69" count="3" type="stmt"/>
        <line num="72" count="2" type="stmt"/>
      </file>
      <file name="RegisterPage.js" path="D:\fixed-project\frontend\src\pages\auth\RegisterPage.js">
        <metrics statements="22" coveredstatements="21" conditionals="8" coveredconditionals="7" methods="8" coveredmethods="7"/>
        <line num="11" count="28" type="stmt"/>
        <line num="12" count="28" type="stmt"/>
        <line num="13" count="28" type="stmt"/>
        <line num="14" count="28" type="stmt"/>
        <line num="15" count="28" type="stmt"/>
        <line num="17" count="28" type="stmt"/>
        <line num="18" count="3" type="stmt"/>
        <line num="19" count="3" type="stmt"/>
        <line num="20" count="3" type="stmt"/>
        <line num="21" count="3" type="stmt"/>
        <line num="22" count="1" type="stmt"/>
        <line num="23" count="1" type="stmt"/>
        <line num="24" count="1" type="stmt"/>
        <line num="26" count="1" type="cond" truecount="1" falsecount="1"/>
        <line num="28" count="2" type="stmt"/>
        <line num="32" count="28" type="stmt"/>
        <line num="46" count="4" type="stmt"/>
        <line num="52" count="3" type="stmt"/>
        <line num="61" count="3" type="stmt"/>
        <line num="70" count="0" type="stmt"/>
        <line num="84" count="3" type="stmt"/>
        <line num="85" count="1" type="stmt"/>
      </file>
    </package>
    <package name="pages.shared">
      <metrics statements="509" coveredstatements="422" conditionals="338" coveredconditionals="262" methods="160" coveredmethods="124"/>
      <file name="DashboardPage.js" path="D:\fixed-project\frontend\src\pages\shared\DashboardPage.js">
        <metrics statements="17" coveredstatements="16" conditionals="12" coveredconditionals="12" methods="3" coveredmethods="3"/>
        <line num="9" count="10" type="stmt"/>
        <line num="10" count="10" type="stmt"/>
        <line num="11" count="10" type="stmt"/>
        <line num="13" count="10" type="stmt"/>
        <line num="14" count="6" type="stmt"/>
        <line num="15" count="5" type="stmt"/>
        <line num="17" count="5" type="cond" truecount="2" falsecount="0"/>
        <line num="18" count="3" type="cond" truecount="2" falsecount="0"/>
        <line num="19" count="2" type="stmt"/>
        <line num="20" count="4" type="stmt"/>
        <line num="22" count="0" type="stmt"/>
        <line num="24" count="4" type="stmt"/>
        <line num="27" count="6" type="cond" truecount="2" falsecount="0"/>
        <line num="30" count="10" type="cond" truecount="2" falsecount="0"/>
        <line num="32" count="4" type="cond" truecount="2" falsecount="0"/>
        <line num="33" count="2" type="cond" truecount="2" falsecount="0"/>
        <line num="34" count="1" type="stmt"/>
      </file>
      <file name="MessagesPage.js" path="D:\fixed-project\frontend\src\pages\shared\MessagesPage.js">
        <metrics statements="78" coveredstatements="50" conditionals="52" coveredconditionals="24" methods="19" coveredmethods="12"/>
        <line num="11" count="1" type="stmt"/>
        <line num="12" count="0" type="stmt"/>
        <line num="13" count="0" type="stmt"/>
        <line num="14" count="0" type="stmt"/>
        <line num="15" count="0" type="cond" truecount="0" falsecount="2"/>
        <line num="16" count="0" type="cond" truecount="0" falsecount="2"/>
        <line num="17" count="0" type="stmt"/>
        <line num="21" count="58" type="stmt"/>
        <line num="22" count="58" type="stmt"/>
        <line num="23" count="57" type="stmt"/>
        <line num="24" count="57" type="stmt"/>
        <line num="25" count="57" type="stmt"/>
        <line num="26" count="57" type="stmt"/>
        <line num="27" count="57" type="stmt"/>
        <line num="28" count="57" type="stmt"/>
        <line num="29" count="57" type="stmt"/>
        <line num="30" count="57" type="stmt"/>
        <line num="31" count="57" type="stmt"/>
        <line num="33" count="57" type="stmt"/>
        <line num="34" count="16" type="stmt"/>
        <line num="35" count="16" type="stmt"/>
        <line num="38" count="57" type="stmt"/>
        <line num="39" count="25" type="cond" truecount="2" falsecount="0"/>
        <line num="40" count="9" type="stmt"/>
        <line num="41" count="9" type="stmt"/>
        <line num="42" count="9" type="stmt"/>
        <line num="44" count="25" type="stmt"/>
        <line num="47" count="57" type="stmt"/>
        <line num="48" count="24" type="stmt"/>
        <line num="51" count="57" type="stmt"/>
        <line num="52" count="16" type="stmt"/>
        <line num="53" count="16" type="stmt"/>
        <line num="54" count="14" type="cond" truecount="1" falsecount="1"/>
        <line num="56" count="1" type="cond" truecount="1" falsecount="2"/>
        <line num="57" count="1" type="cond" truecount="1" falsecount="1"/>
        <line num="58" count="15" type="stmt"/>
        <line num="61" count="57" type="cond" truecount="0" falsecount="1"/>
        <line num="62" count="9" type="cond" truecount="1" falsecount="1"/>
        <line num="63" count="9" type="stmt"/>
        <line num="64" count="9" type="stmt"/>
        <line num="65" count="8" type="stmt"/>
        <line num="66" count="8" type="cond" truecount="1" falsecount="1"/>
        <line num="69" count="57" type="stmt"/>
        <line num="70" count="0" type="cond" truecount="0" falsecount="4"/>
        <line num="71" count="0" type="stmt"/>
        <line num="72" count="0" type="stmt"/>
        <line num="73" count="0" type="stmt"/>
        <line num="74" count="0" type="stmt"/>
        <line num="75" count="0" type="stmt"/>
        <line num="76" count="0" type="stmt"/>
        <line num="77" count="0" type="stmt"/>
        <line num="80" count="57" type="stmt"/>
        <line num="81" count="0" type="stmt"/>
        <line num="82" count="0" type="cond" truecount="0" falsecount="2"/>
        <line num="83" count="0" type="cond" truecount="0" falsecount="2"/>
        <line num="84" count="0" type="stmt"/>
        <line num="85" count="0" type="stmt"/>
        <line num="86" count="0" type="stmt"/>
        <line num="87" count="0" type="stmt"/>
        <line num="88" count="0" type="stmt"/>
        <line num="89" count="0" type="stmt"/>
        <line num="90" count="0" type="stmt"/>
        <line num="91" count="0" type="stmt"/>
        <line num="92" count="0" type="stmt"/>
        <line num="95" count="57" type="stmt"/>
        <line num="96" count="26" type="cond" truecount="1" falsecount="1"/>
        <line num="97" count="26" type="cond" truecount="1" falsecount="1"/>
        <line num="98" count="0" type="stmt"/>
        <line num="101" count="57" type="stmt"/>
        <line num="102" count="26" type="cond" truecount="1" falsecount="1"/>
        <line num="103" count="26" type="cond" truecount="1" falsecount="1"/>
        <line num="104" count="26" type="cond" truecount="3" falsecount="3"/>
        <line num="106" count="0" type="cond" truecount="0" falsecount="2"/>
        <line num="109" count="57" type="cond" truecount="2" falsecount="0"/>
        <line num="110" count="16" type="stmt"/>
        <line num="113" count="53" type="cond" truecount="2" falsecount="0"/>
        <line num="115" count="41" type="stmt"/>
        <line num="143" count="4" type="stmt"/>
      </file>
      <file name="NotificationsPage.js" path="D:\fixed-project\frontend\src\pages\shared\NotificationsPage.js">
        <metrics statements="31" coveredstatements="31" conditionals="18" coveredconditionals="18" methods="17" coveredmethods="17"/>
        <line num="6" count="1" type="stmt"/>
        <line num="7" count="1" type="stmt"/>
        <line num="10" count="20" type="stmt"/>
        <line num="11" count="20" type="stmt"/>
        <line num="13" count="20" type="stmt"/>
        <line num="15" count="20" type="stmt"/>
        <line num="16" count="9" type="stmt"/>
        <line num="17" count="9" type="stmt"/>
        <line num="18" count="7" type="stmt"/>
        <line num="19" count="8" type="stmt"/>
        <line num="22" count="20" type="stmt"/>
        <line num="23" count="1" type="stmt"/>
        <line num="24" count="2" type="stmt"/>
        <line num="25" count="1" type="stmt"/>
        <line num="28" count="20" type="stmt"/>
        <line num="29" count="1" type="stmt"/>
        <line num="30" count="2" type="cond" truecount="2" falsecount="0"/>
        <line num="33" count="20" type="stmt"/>
        <line num="34" count="1" type="stmt"/>
        <line num="35" count="2" type="stmt"/>
        <line num="38" count="20" type="stmt"/>
        <line num="41" count="20" type="stmt"/>
        <line num="42" count="20" type="cond" truecount="2" falsecount="0"/>
        <line num="43" count="9" type="stmt"/>
        <line num="45" count="11" type="cond" truecount="2" falsecount="0"/>
        <line num="46" count="2" type="stmt"/>
        <line num="53" count="9" type="stmt"/>
        <line num="56" count="17" type="stmt"/>
        <line num="70" count="1" type="stmt"/>
        <line num="74" count="1" type="stmt"/>
        <line num="84" count="20" type="stmt"/>
      </file>
      <file name="ProfilePage.js" path="D:\fixed-project\frontend\src\pages\shared\ProfilePage.js">
        <metrics statements="32" coveredstatements="30" conditionals="18" coveredconditionals="12" methods="10" coveredmethods="8"/>
        <line num="7" count="1" type="stmt"/>
        <line num="10" count="28" type="stmt"/>
        <line num="11" count="28" type="cond" truecount="1" falsecount="1"/>
        <line num="12" count="28" type="stmt"/>
        <line num="13" count="28" type="stmt"/>
        <line num="14" count="28" type="stmt"/>
        <line num="16" count="28" type="stmt"/>
        <line num="17" count="2" type="stmt"/>
        <line num="18" count="2" type="stmt"/>
        <line num="19" count="2" type="stmt"/>
        <line num="20" count="2" type="stmt"/>
        <line num="21" count="1" type="stmt"/>
        <line num="22" count="1" type="stmt"/>
        <line num="23" count="2" type="stmt"/>
        <line num="26" count="28" type="stmt"/>
        <line num="27" count="3" type="stmt"/>
        <line num="28" count="3" type="cond" truecount="2" falsecount="0"/>
        <line num="29" count="2" type="stmt"/>
        <line num="30" count="2" type="stmt"/>
        <line num="31" count="2" type="stmt"/>
        <line num="32" count="1" type="stmt"/>
        <line num="33" count="1" type="stmt"/>
        <line num="34" count="2" type="cond" truecount="1" falsecount="1"/>
        <line num="37" count="28" type="stmt"/>
        <line num="39" count="28" type="stmt"/>
        <line num="73" count="84" type="stmt"/>
        <line num="94" count="0" type="stmt"/>
        <line num="99" count="1" type="stmt"/>
        <line num="105" count="0" type="stmt"/>
        <line num="120" count="3" type="stmt"/>
        <line num="126" count="3" type="stmt"/>
        <line num="131" count="3" type="stmt"/>
      </file>
      <file name="ProjectDetailPage.js" path="D:\fixed-project\frontend\src\pages\shared\ProjectDetailPage.js">
        <metrics statements="224" coveredstatements="184" conditionals="179" coveredconditionals="149" methods="69" coveredmethods="53"/>
        <line num="11" count="1" type="stmt"/>
        <line num="12" count="1" type="stmt"/>
        <line num="13" count="1" type="stmt"/>
        <line num="16" count="1" type="stmt"/>
        <line num="17" count="46" type="cond" truecount="1" falsecount="1"/>
        <line num="18" count="46" type="stmt"/>
        <line num="19" count="46" type="cond" truecount="2" falsecount="0"/>
        <line num="20" count="46" type="cond" truecount="3" falsecount="0"/>
        <line num="22" count="46" type="stmt"/>
        <line num="63" count="1" type="stmt"/>
        <line num="64" count="46" type="cond" truecount="2" falsecount="0"/>
        <line num="65" count="15" type="stmt"/>
        <line num="77" count="31" type="stmt"/>
        <line num="83" count="1" type="stmt"/>
        <line num="84" count="25" type="cond" truecount="2" falsecount="0"/>
        <line num="85" count="10" type="stmt"/>
        <line num="92" count="15" type="stmt"/>
        <line num="93" count="46" type="stmt"/>
        <line num="98" count="171" type="stmt"/>
        <line num="99" count="171" type="stmt"/>
        <line num="100" count="171" type="stmt"/>
        <line num="101" count="171" type="stmt"/>
        <line num="102" count="171" type="stmt"/>
        <line num="103" count="171" type="stmt"/>
        <line num="104" count="171" type="stmt"/>
        <line num="105" count="171" type="stmt"/>
        <line num="106" count="171" type="stmt"/>
        <line num="107" count="171" type="stmt"/>
        <line num="108" count="171" type="stmt"/>
        <line num="109" count="171" type="stmt"/>
        <line num="110" count="171" type="stmt"/>
        <line num="111" count="171" type="stmt"/>
        <line num="112" count="171" type="stmt"/>
        <line num="113" count="171" type="stmt"/>
        <line num="114" count="171" type="stmt"/>
        <line num="115" count="171" type="stmt"/>
        <line num="116" count="171" type="stmt"/>
        <line num="117" count="171" type="stmt"/>
        <line num="118" count="171" type="stmt"/>
        <line num="119" count="171" type="stmt"/>
        <line num="120" count="171" type="stmt"/>
        <line num="122" count="171" type="stmt"/>
        <line num="124" count="171" type="stmt"/>
        <line num="125" count="51" type="stmt"/>
        <line num="126" count="51" type="stmt"/>
        <line num="127" count="51" type="stmt"/>
        <line num="130" count="49" type="stmt"/>
        <line num="131" count="49" type="stmt"/>
        <line num="132" count="49" type="stmt"/>
        <line num="133" count="49" type="stmt"/>
        <line num="134" count="49" type="cond" truecount="2" falsecount="0"/>
        <line num="135" count="42" type="stmt"/>
        <line num="142" count="50" type="stmt"/>
        <line num="145" count="171" type="stmt"/>
        <line num="147" count="2" type="cond" truecount="1" falsecount="1"/>
        <line num="148" count="2" type="stmt"/>
        <line num="150" count="0" type="stmt"/>
        <line num="151" count="0" type="stmt"/>
        <line num="153" count="2" type="stmt"/>
        <line num="154" count="2" type="stmt"/>
        <line num="155" count="1" type="stmt"/>
        <line num="156" count="1" type="stmt"/>
        <line num="157" count="1" type="stmt"/>
        <line num="158" count="1" type="stmt"/>
        <line num="159" count="1" type="stmt"/>
        <line num="162" count="171" type="stmt"/>
        <line num="163" count="4" type="cond" truecount="2" falsecount="0"/>
        <line num="164" count="3" type="stmt"/>
        <line num="165" count="3" type="stmt"/>
        <line num="166" count="2" type="stmt"/>
        <line num="167" count="2" type="stmt"/>
        <line num="168" count="2" type="stmt"/>
        <line num="169" count="2" type="stmt"/>
        <line num="170" count="1" type="stmt"/>
        <line num="173" count="171" type="stmt"/>
        <line num="174" count="2" type="cond" truecount="2" falsecount="0"/>
        <line num="175" count="1" type="stmt"/>
        <line num="176" count="1" type="stmt"/>
        <line num="177" count="1" type="stmt"/>
        <line num="178" count="1" type="stmt"/>
        <line num="179" count="1" type="stmt"/>
        <line num="180" count="1" type="stmt"/>
        <line num="181" count="1" type="stmt"/>
        <line num="182" count="0" type="stmt"/>
        <line num="185" count="171" type="stmt"/>
        <line num="186" count="2" type="cond" truecount="2" falsecount="0"/>
        <line num="187" count="1" type="cond" truecount="1" falsecount="1"/>
        <line num="188" count="0" type="stmt"/>
        <line num="189" count="0" type="stmt"/>
        <line num="190" count="0" type="stmt"/>
        <line num="191" count="0" type="stmt"/>
        <line num="192" count="0" type="stmt"/>
        <line num="193" count="0" type="stmt"/>
        <line num="194" count="0" type="stmt"/>
        <line num="195" count="0" type="stmt"/>
        <line num="196" count="0" type="stmt"/>
        <line num="197" count="0" type="stmt"/>
        <line num="198" count="0" type="stmt"/>
        <line num="199" count="0" type="stmt"/>
        <line num="200" count="0" type="stmt"/>
        <line num="203" count="171" type="stmt"/>
        <line num="204" count="1" type="cond" truecount="1" falsecount="1"/>
        <line num="205" count="1" type="stmt"/>
        <line num="206" count="1" type="stmt"/>
        <line num="207" count="1" type="stmt"/>
        <line num="208" count="1" type="stmt"/>
        <line num="209" count="1" type="stmt"/>
        <line num="210" count="0" type="stmt"/>
        <line num="213" count="171" type="stmt"/>
        <line num="214" count="2" type="stmt"/>
        <line num="215" count="2" type="stmt"/>
        <line num="216" count="1" type="stmt"/>
        <line num="217" count="1" type="stmt"/>
        <line num="218" count="1" type="stmt"/>
        <line num="219" count="1" type="stmt"/>
        <line num="220" count="1" type="stmt"/>
        <line num="223" count="171" type="cond" truecount="0" falsecount="1"/>
        <line num="224" count="9" type="stmt"/>
        <line num="225" count="9" type="stmt"/>
        <line num="226" count="9" type="cond" truecount="1" falsecount="1"/>
        <line num="227" count="9" type="cond" truecount="1" falsecount="1"/>
        <line num="231" count="171" type="stmt"/>
        <line num="232" count="82" type="cond" truecount="2" falsecount="0"/>
        <line num="233" count="9" type="stmt"/>
        <line num="234" count="9" type="stmt"/>
        <line num="236" count="73" type="stmt"/>
        <line num="238" count="82" type="stmt"/>
        <line num="241" count="171" type="stmt"/>
        <line num="242" count="61" type="stmt"/>
        <line num="245" count="171" type="stmt"/>
        <line num="246" count="3" type="cond" truecount="4" falsecount="0"/>
        <line num="247" count="2" type="stmt"/>
        <line num="248" count="2" type="stmt"/>
        <line num="249" count="2" type="stmt"/>
        <line num="250" count="1" type="stmt"/>
        <line num="251" count="1" type="stmt"/>
        <line num="252" count="1" type="stmt"/>
        <line num="253" count="2" type="stmt"/>
        <line num="256" count="171" type="stmt"/>
        <line num="257" count="1" type="stmt"/>
        <line num="258" count="1" type="cond" truecount="1" falsecount="1"/>
        <line num="259" count="1" type="cond" truecount="1" falsecount="1"/>
        <line num="260" count="0" type="stmt"/>
        <line num="261" count="0" type="stmt"/>
        <line num="262" count="0" type="stmt"/>
        <line num="263" count="0" type="stmt"/>
        <line num="264" count="0" type="stmt"/>
        <line num="265" count="0" type="stmt"/>
        <line num="266" count="0" type="stmt"/>
        <line num="267" count="0" type="stmt"/>
        <line num="268" count="0" type="stmt"/>
        <line num="271" count="171" type="stmt"/>
        <line num="272" count="46" type="cond" truecount="1" falsecount="1"/>
        <line num="273" count="46" type="stmt"/>
        <line num="274" count="46" type="stmt"/>
        <line num="275" count="46" type="stmt"/>
        <line num="276" count="46" type="cond" truecount="2" falsecount="0"/>
        <line num="277" count="30" type="cond" truecount="2" falsecount="0"/>
        <line num="278" count="15" type="stmt"/>
        <line num="281" count="171" type="cond" truecount="1" falsecount="1"/>
        <line num="282" count="171" type="cond" truecount="4" falsecount="0"/>
        <line num="285" count="171" type="stmt"/>
        <line num="286" count="162" type="cond" truecount="2" falsecount="0"/>
        <line num="287" count="108" type="cond" truecount="2" falsecount="0"/>
        <line num="288" count="54" type="stmt"/>
        <line num="292" count="171" type="stmt"/>
        <line num="293" count="9" type="cond" truecount="2" falsecount="0"/>
        <line num="294" count="3" type="cond" truecount="2" falsecount="0"/>
        <line num="295" count="2" type="cond" truecount="2" falsecount="0"/>
        <line num="296" count="1" type="stmt"/>
        <line num="300" count="171" type="stmt"/>
        <line num="301" count="119" type="cond" truecount="2" falsecount="0"/>
        <line num="302" count="65" type="cond" truecount="2" falsecount="0"/>
        <line num="303" count="47" type="cond" truecount="2" falsecount="0"/>
        <line num="304" count="22" type="cond" truecount="1" falsecount="1"/>
        <line num="305" count="0" type="stmt"/>
        <line num="308" count="171" type="stmt"/>
        <line num="309" count="54" type="stmt"/>
        <line num="312" count="162" type="stmt"/>
        <line num="316" count="162" type="stmt"/>
        <line num="327" count="2" type="stmt"/>
        <line num="344" count="2" type="stmt"/>
        <line num="355" count="3" type="stmt"/>
        <line num="356" count="1" type="cond" truecount="2" falsecount="0"/>
        <line num="365" count="171" type="stmt"/>
        <line num="366" count="18" type="stmt"/>
        <line num="369" count="5" type="stmt"/>
        <line num="386" count="17" type="stmt"/>
        <line num="405" count="1" type="stmt"/>
        <line num="420" count="171" type="stmt"/>
        <line num="421" count="25" type="stmt"/>
        <line num="432" count="3" type="stmt"/>
        <line num="433" count="4" type="cond" truecount="4" falsecount="0"/>
        <line num="437" count="0" type="stmt"/>
        <line num="440" count="0" type="stmt"/>
        <line num="454" count="171" type="stmt"/>
        <line num="455" count="22" type="stmt"/>
        <line num="459" count="4" type="stmt"/>
        <line num="476" count="18" type="stmt"/>
        <line num="498" count="171" type="cond" truecount="2" falsecount="0"/>
        <line num="499" count="120" type="cond" truecount="2" falsecount="0"/>
        <line num="501" count="119" type="stmt"/>
        <line num="504" count="0" type="stmt"/>
        <line num="517" count="238" type="stmt"/>
        <line num="529" count="238" type="stmt"/>
        <line num="541" count="476" type="cond" truecount="2" falsecount="0"/>
        <line num="542" count="31" type="stmt"/>
        <line num="553" count="0" type="stmt"/>
        <line num="554" count="3" type="stmt"/>
        <line num="557" count="0" type="stmt"/>
        <line num="563" count="2" type="stmt"/>
        <line num="570" count="1" type="stmt"/>
        <line num="576" count="0" type="stmt"/>
        <line num="586" count="0" type="stmt"/>
        <line num="592" count="0" type="stmt"/>
        <line num="596" count="1" type="stmt"/>
        <line num="607" count="0" type="stmt"/>
        <line num="608" count="2" type="stmt"/>
        <line num="611" count="0" type="stmt"/>
        <line num="621" count="2" type="stmt"/>
        <line num="626" count="2" type="stmt"/>
        <line num="632" count="0" type="stmt"/>
        <line num="637" count="0" type="stmt"/>
        <line num="646" count="0" type="stmt"/>
      </file>
      <file name="SubjectDetailPage.js" path="D:\fixed-project\frontend\src\pages\shared\SubjectDetailPage.js">
        <metrics statements="58" coveredstatements="51" conditionals="29" coveredconditionals="24" methods="17" coveredmethods="13"/>
        <line num="9" count="21" type="stmt"/>
        <line num="10" count="21" type="stmt"/>
        <line num="11" count="21" type="stmt"/>
        <line num="12" count="21" type="stmt"/>
        <line num="13" count="21" type="stmt"/>
        <line num="14" count="21" type="stmt"/>
        <line num="15" count="21" type="stmt"/>
        <line num="16" count="21" type="stmt"/>
        <line num="17" count="21" type="stmt"/>
        <line num="18" count="21" type="stmt"/>
        <line num="20" count="21" type="stmt"/>
        <line num="21" count="9" type="stmt"/>
        <line num="22" count="9" type="cond" truecount="2" falsecount="0"/>
        <line num="25" count="21" type="stmt"/>
        <line num="26" count="9" type="stmt"/>
        <line num="27" count="9" type="stmt"/>
        <line num="28" count="7" type="stmt"/>
        <line num="29" count="8" type="stmt"/>
        <line num="32" count="21" type="stmt"/>
        <line num="33" count="8" type="stmt"/>
        <line num="34" count="8" type="stmt"/>
        <line num="35" count="8" type="stmt"/>
        <line num="39" count="21" type="stmt"/>
        <line num="40" count="8" type="stmt"/>
        <line num="41" count="8" type="stmt"/>
        <line num="42" count="8" type="stmt"/>
        <line num="46" count="21" type="stmt"/>
        <line num="47" count="1" type="stmt"/>
        <line num="48" count="1" type="stmt"/>
        <line num="49" count="1" type="stmt"/>
        <line num="50" count="1" type="stmt"/>
        <line num="51" count="1" type="stmt"/>
        <line num="52" count="1" type="stmt"/>
        <line num="54" count="0" type="cond" truecount="0" falsecount="2"/>
        <line num="55" count="1" type="stmt"/>
        <line num="59" count="21" type="stmt"/>
        <line num="60" count="11" type="cond" truecount="1" falsecount="1"/>
        <line num="61" count="0" type="cond" truecount="0" falsecount="2"/>
        <line num="62" count="0" type="stmt"/>
        <line num="66" count="21" type="stmt"/>
        <line num="67" count="10" type="cond" truecount="2" falsecount="0"/>
        <line num="68" count="2" type="stmt"/>
        <line num="76" count="8" type="cond" truecount="2" falsecount="0"/>
        <line num="77" count="2" type="stmt"/>
        <line num="90" count="6" type="cond" truecount="4" falsecount="0"/>
        <line num="91" count="1" type="stmt"/>
        <line num="101" count="5" type="stmt"/>
        <line num="108" count="1" type="stmt"/>
        <line num="115" count="21" type="cond" truecount="2" falsecount="0"/>
        <line num="116" count="12" type="cond" truecount="2" falsecount="0"/>
        <line num="118" count="11" type="stmt"/>
        <line num="121" count="0" type="stmt"/>
        <line num="143" count="33" type="stmt"/>
        <line num="194" count="0" type="stmt"/>
        <line num="195" count="1" type="stmt"/>
        <line num="198" count="0" type="stmt"/>
        <line num="205" count="1" type="stmt"/>
        <line num="209" count="0" type="stmt"/>
      </file>
      <file name="SubjectsPage.js" path="D:\fixed-project\frontend\src\pages\shared\SubjectsPage.js">
        <metrics statements="69" coveredstatements="60" conditionals="30" coveredconditionals="23" methods="25" coveredmethods="18"/>
        <line num="9" count="29" type="stmt"/>
        <line num="10" count="29" type="stmt"/>
        <line num="11" count="29" type="stmt"/>
        <line num="12" count="28" type="stmt"/>
        <line num="13" count="28" type="stmt"/>
        <line num="14" count="28" type="stmt"/>
        <line num="15" count="28" type="stmt"/>
        <line num="16" count="28" type="stmt"/>
        <line num="17" count="28" type="stmt"/>
        <line num="18" count="28" type="stmt"/>
        <line num="20" count="28" type="stmt"/>
        <line num="21" count="12" type="stmt"/>
        <line num="22" count="12" type="cond" truecount="2" falsecount="0"/>
        <line num="25" count="28" type="stmt"/>
        <line num="26" count="12" type="stmt"/>
        <line num="27" count="12" type="stmt"/>
        <line num="28" count="12" type="stmt"/>
        <line num="29" count="12" type="cond" truecount="2" falsecount="0"/>
        <line num="30" count="12" type="cond" truecount="1" falsecount="1"/>
        <line num="31" count="12" type="stmt"/>
        <line num="32" count="10" type="stmt"/>
        <line num="34" count="1" type="stmt"/>
        <line num="36" count="11" type="stmt"/>
        <line num="40" count="28" type="stmt"/>
        <line num="41" count="11" type="stmt"/>
        <line num="42" count="11" type="stmt"/>
        <line num="43" count="11" type="cond" truecount="2" falsecount="0"/>
        <line num="47" count="28" type="stmt"/>
        <line num="48" count="1" type="cond" truecount="1" falsecount="1"/>
        <line num="49" count="1" type="stmt"/>
        <line num="50" count="1" type="stmt"/>
        <line num="51" count="1" type="stmt"/>
        <line num="52" count="1" type="stmt"/>
        <line num="53" count="1" type="stmt"/>
        <line num="54" count="1" type="stmt"/>
        <line num="55" count="1" type="stmt"/>
        <line num="57" count="0" type="cond" truecount="0" falsecount="2"/>
        <line num="59" count="1" type="stmt"/>
        <line num="63" count="28" type="stmt"/>
        <line num="65" count="28" type="stmt"/>
        <line num="66" count="19" type="stmt"/>
        <line num="67" count="19" type="cond" truecount="1" falsecount="1"/>
        <line num="71" count="28" type="stmt"/>
        <line num="72" count="28" type="cond" truecount="2" falsecount="0"/>
        <line num="73" count="13" type="stmt"/>
        <line num="75" count="15" type="cond" truecount="2" falsecount="0"/>
        <line num="76" count="2" type="stmt"/>
        <line num="84" count="13" type="stmt"/>
        <line num="87" count="19" type="stmt"/>
        <line num="88" count="0" type="stmt"/>
        <line num="89" count="0" type="stmt"/>
        <line num="108" count="38" type="stmt"/>
        <line num="121" count="0" type="stmt"/>
        <line num="133" count="28" type="stmt"/>
        <line num="134" count="17" type="cond" truecount="2" falsecount="0"/>
        <line num="135" count="2" type="stmt"/>
        <line num="141" count="15" type="cond" truecount="1" falsecount="1"/>
        <line num="142" count="15" type="stmt"/>
        <line num="144" count="2" type="stmt"/>
        <line num="149" count="0" type="stmt"/>
        <line num="152" count="28" type="stmt"/>
        <line num="167" count="1" type="stmt"/>
        <line num="172" count="0" type="stmt"/>
        <line num="175" count="1" type="stmt"/>
        <line num="186" count="0" type="stmt"/>
        <line num="187" count="1" type="stmt"/>
        <line num="190" count="0" type="stmt"/>
        <line num="203" count="1" type="stmt"/>
        <line num="207" count="0" type="stmt"/>
      </file>
    </package>
    <package name="pages.student">
      <metrics statements="144" coveredstatements="120" conditionals="133" coveredconditionals="109" methods="59" coveredmethods="44"/>
      <file name="GroupPage.js" path="D:\fixed-project\frontend\src\pages\student\GroupPage.js">
        <metrics statements="118" coveredstatements="98" conditionals="107" coveredconditionals="84" methods="41" coveredmethods="30"/>
        <line num="12" count="1" type="cond" truecount="1" falsecount="0"/>
        <line num="13" count="82" type="cond" truecount="2" falsecount="2"/>
        <line num="14" count="82" type="stmt"/>
        <line num="25" count="105" type="stmt"/>
        <line num="26" count="105" type="stmt"/>
        <line num="27" count="105" type="stmt"/>
        <line num="28" count="105" type="stmt"/>
        <line num="29" count="105" type="stmt"/>
        <line num="30" count="105" type="stmt"/>
        <line num="31" count="105" type="stmt"/>
        <line num="32" count="105" type="stmt"/>
        <line num="33" count="105" type="stmt"/>
        <line num="34" count="105" type="stmt"/>
        <line num="35" count="105" type="stmt"/>
        <line num="37" count="105" type="stmt"/>
        <line num="39" count="105" type="stmt"/>
        <line num="40" count="40" type="stmt"/>
        <line num="41" count="40" type="stmt"/>
        <line num="42" count="40" type="stmt"/>
        <line num="43" count="0" type="stmt"/>
        <line num="44" count="0" type="stmt"/>
        <line num="45" count="0" type="stmt"/>
        <line num="47" count="39" type="stmt"/>
        <line num="48" count="39" type="stmt"/>
        <line num="49" count="39" type="stmt"/>
        <line num="51" count="39" type="stmt"/>
        <line num="54" count="105" type="stmt"/>
        <line num="55" count="1" type="cond" truecount="1" falsecount="1"/>
        <line num="56" count="1" type="stmt"/>
        <line num="57" count="1" type="stmt"/>
        <line num="58" count="1" type="stmt"/>
        <line num="59" count="1" type="stmt"/>
        <line num="60" count="1" type="stmt"/>
        <line num="61" count="1" type="stmt"/>
        <line num="62" count="1" type="stmt"/>
        <line num="63" count="0" type="cond" truecount="0" falsecount="3"/>
        <line num="64" count="1" type="stmt"/>
        <line num="67" count="105" type="stmt"/>
        <line num="68" count="2" type="cond" truecount="1" falsecount="1"/>
        <line num="69" count="2" type="stmt"/>
        <line num="70" count="2" type="stmt"/>
        <line num="71" count="2" type="stmt"/>
        <line num="72" count="1" type="stmt"/>
        <line num="73" count="1" type="stmt"/>
        <line num="74" count="1" type="stmt"/>
        <line num="75" count="1" type="stmt"/>
        <line num="76" count="1" type="cond" truecount="1" falsecount="2"/>
        <line num="77" count="2" type="stmt"/>
        <line num="80" count="105" type="stmt"/>
        <line num="81" count="3" type="stmt"/>
        <line num="82" count="3" type="stmt"/>
        <line num="83" count="3" type="stmt"/>
        <line num="84" count="2" type="cond" truecount="2" falsecount="0"/>
        <line num="85" count="2" type="stmt"/>
        <line num="86" count="1" type="cond" truecount="2" falsecount="1"/>
        <line num="87" count="3" type="stmt"/>
        <line num="90" count="105" type="stmt"/>
        <line num="91" count="2" type="cond" truecount="2" falsecount="0"/>
        <line num="92" count="1" type="stmt"/>
        <line num="93" count="1" type="stmt"/>
        <line num="94" count="1" type="stmt"/>
        <line num="95" count="1" type="stmt"/>
        <line num="96" count="1" type="stmt"/>
        <line num="97" count="0" type="cond" truecount="0" falsecount="3"/>
        <line num="98" count="1" type="stmt"/>
        <line num="101" count="105" type="stmt"/>
        <line num="102" count="3" type="cond" truecount="2" falsecount="0"/>
        <line num="103" count="2" type="stmt"/>
        <line num="104" count="2" type="stmt"/>
        <line num="105" count="2" type="stmt"/>
        <line num="106" count="1" type="stmt"/>
        <line num="107" count="1" type="stmt"/>
        <line num="108" count="1" type="stmt"/>
        <line num="109" count="1" type="cond" truecount="2" falsecount="1"/>
        <line num="110" count="2" type="stmt"/>
        <line num="113" count="105" type="stmt"/>
        <line num="114" count="1" type="cond" truecount="1" falsecount="1"/>
        <line num="115" count="0" type="stmt"/>
        <line num="116" count="0" type="stmt"/>
        <line num="117" count="0" type="stmt"/>
        <line num="118" count="0" type="stmt"/>
        <line num="119" count="0" type="stmt"/>
        <line num="120" count="0" type="cond" truecount="0" falsecount="3"/>
        <line num="121" count="0" type="stmt"/>
        <line num="124" count="105" type="cond" truecount="1" falsecount="1"/>
        <line num="125" count="105" type="cond" truecount="3" falsecount="0"/>
        <line num="129" count="105" type="cond" truecount="2" falsecount="0"/>
        <line num="131" count="105" type="cond" truecount="2" falsecount="0"/>
        <line num="133" count="69" type="stmt"/>
        <line num="141" count="5" type="stmt"/>
        <line num="152" count="8" type="stmt"/>
        <line num="160" count="2" type="stmt"/>
        <line num="163" count="1" type="stmt"/>
        <line num="180" count="0" type="stmt"/>
        <line num="203" count="5" type="stmt"/>
        <line num="221" count="82" type="cond" truecount="1" falsecount="1"/>
        <line num="222" count="82" type="stmt"/>
        <line num="233" count="1" type="stmt"/>
        <line num="247" count="37" type="stmt"/>
        <line num="261" count="0" type="stmt"/>
        <line num="272" count="0" type="stmt"/>
        <line num="279" count="4" type="cond" truecount="1" falsecount="1"/>
        <line num="284" count="4" type="stmt"/>
        <line num="290" count="6" type="stmt"/>
        <line num="304" count="0" type="stmt"/>
        <line num="325" count="4" type="stmt"/>
        <line num="326" count="4" type="stmt"/>
        <line num="328" count="205" type="stmt"/>
        <line num="353" count="0" type="stmt"/>
        <line num="354" count="2" type="stmt"/>
        <line num="357" count="0" type="stmt"/>
        <line num="362" count="2" type="stmt"/>
        <line num="370" count="1" type="stmt"/>
        <line num="381" count="0" type="stmt"/>
        <line num="382" count="3" type="stmt"/>
        <line num="385" count="0" type="stmt"/>
        <line num="390" count="2" type="stmt"/>
        <line num="398" count="1" type="stmt"/>
      </file>
      <file name="MyApplicationsPage.js" path="D:\fixed-project\frontend\src\pages\student\MyApplicationsPage.js">
        <metrics statements="3" coveredstatements="3" conditionals="0" coveredconditionals="0" methods="2" coveredmethods="2"/>
        <line num="5" count="1" type="stmt"/>
        <line num="7" count="1" type="stmt"/>
        <line num="8" count="1" type="stmt"/>
      </file>
      <file name="MyProjectPage.js" path="D:\fixed-project\frontend\src\pages\student\MyProjectPage.js">
        <metrics statements="14" coveredstatements="13" conditionals="8" coveredconditionals="7" methods="9" coveredmethods="8"/>
        <line num="8" count="13" type="stmt"/>
        <line num="9" count="13" type="stmt"/>
        <line num="10" count="13" type="stmt"/>
        <line num="12" count="13" type="stmt"/>
        <line num="13" count="7" type="stmt"/>
        <line num="14" count="5" type="cond" truecount="2" falsecount="0"/>
        <line num="15" count="6" type="stmt"/>
        <line num="18" count="13" type="cond" truecount="2" falsecount="0"/>
        <line num="20" count="6" type="cond" truecount="2" falsecount="0"/>
        <line num="28" count="1" type="stmt"/>
        <line num="34" count="3" type="stmt"/>
        <line num="41" count="1" type="stmt"/>
        <line num="60" count="6" type="stmt"/>
        <line num="86" count="0" type="stmt"/>
      </file>
      <file name="StudentDashboard.js" path="D:\fixed-project\frontend\src\pages\student\StudentDashboard.js">
        <metrics statements="9" coveredstatements="6" conditionals="18" coveredconditionals="18" methods="7" coveredmethods="4"/>
        <line num="10" count="9" type="stmt"/>
        <line num="11" count="9" type="cond" truecount="2" falsecount="0"/>
        <line num="15" count="8" type="stmt"/>
        <line num="54" count="1" type="stmt"/>
        <line num="58" count="1" type="stmt"/>
        <line num="85" count="0" type="stmt"/>
        <line num="94" count="1" type="stmt"/>
        <line num="95" count="0" type="stmt"/>
        <line num="96" count="0" type="cond" truecount="2" falsecount="0"/>
      </file>
    </package>
    <package name="pages.supervisor">
      <metrics statements="130" coveredstatements="122" conditionals="94" coveredconditionals="78" methods="57" coveredmethods="50"/>
      <file name="ApplicationsReviewPage.js" path="D:\fixed-project\frontend\src\pages\supervisor\ApplicationsReviewPage.js">
        <metrics statements="52" coveredstatements="48" conditionals="52" coveredconditionals="43" methods="19" coveredmethods="16"/>
        <line num="6" count="1" type="stmt"/>
        <line num="13" count="35" type="stmt"/>
        <line num="14" count="34" type="stmt"/>
        <line num="15" count="34" type="stmt"/>
        <line num="16" count="34" type="stmt"/>
        <line num="17" count="34" type="stmt"/>
        <line num="18" count="34" type="stmt"/>
        <line num="19" count="34" type="stmt"/>
        <line num="21" count="34" type="stmt"/>
        <line num="23" count="34" type="stmt"/>
        <line num="24" count="15" type="stmt"/>
        <line num="25" count="15" type="stmt"/>
        <line num="26" count="15" type="cond" truecount="2" falsecount="0"/>
        <line num="27" count="13" type="stmt"/>
        <line num="28" count="14" type="stmt"/>
        <line num="31" count="34" type="stmt"/>
        <line num="32" count="4" type="stmt"/>
        <line num="35" count="34" type="stmt"/>
        <line num="36" count="2" type="stmt"/>
        <line num="37" count="2" type="stmt"/>
        <line num="38" count="2" type="stmt"/>
        <line num="39" count="2" type="cond" truecount="2" falsecount="0"/>
        <line num="40" count="2" type="stmt"/>
        <line num="41" count="2" type="stmt"/>
        <line num="42" count="0" type="cond" truecount="0" falsecount="2"/>
        <line num="43" count="2" type="stmt"/>
        <line num="47" count="34" type="stmt"/>
        <line num="48" count="34" type="cond" truecount="2" falsecount="0"/>
        <line num="49" count="13" type="stmt"/>
        <line num="51" count="21" type="cond" truecount="2" falsecount="0"/>
        <line num="52" count="4" type="stmt"/>
        <line num="61" count="17" type="stmt"/>
        <line num="64" count="19" type="cond" truecount="1" falsecount="1"/>
        <line num="65" count="19" type="stmt"/>
        <line num="66" count="19" type="stmt"/>
        <line num="90" count="34" type="stmt"/>
        <line num="99" count="36" type="stmt"/>
        <line num="128" count="2" type="stmt"/>
        <line num="131" count="2" type="stmt"/>
        <line num="144" count="34" type="stmt"/>
        <line num="145" count="7" type="cond" truecount="2" falsecount="0"/>
        <line num="146" count="2" type="stmt"/>
        <line num="148" count="5" type="cond" truecount="2" falsecount="0"/>
        <line num="149" count="2" type="stmt"/>
        <line num="151" count="3" type="stmt"/>
        <line num="154" count="34" type="stmt"/>
        <line num="166" count="136" type="cond" truecount="2" falsecount="0"/>
        <line num="178" count="0" type="stmt"/>
        <line num="179" count="2" type="stmt"/>
        <line num="182" count="0" type="stmt"/>
        <line num="193" count="1" type="stmt"/>
        <line num="198" count="0" type="stmt"/>
      </file>
      <file name="MySupervisorSubjectsPage.js" path="D:\fixed-project\frontend\src\pages\supervisor\MySupervisorSubjectsPage.js">
        <metrics statements="53" coveredstatements="49" conditionals="24" coveredconditionals="20" methods="21" coveredmethods="17"/>
        <line num="6" count="1" type="stmt"/>
        <line num="9" count="39" type="stmt"/>
        <line num="10" count="39" type="stmt"/>
        <line num="11" count="39" type="stmt"/>
        <line num="12" count="39" type="stmt"/>
        <line num="13" count="39" type="stmt"/>
        <line num="14" count="39" type="stmt"/>
        <line num="16" count="39" type="stmt"/>
        <line num="18" count="39" type="stmt"/>
        <line num="19" count="15" type="stmt"/>
        <line num="20" count="15" type="stmt"/>
        <line num="21" count="15" type="stmt"/>
        <line num="22" count="14" type="stmt"/>
        <line num="23" count="14" type="stmt"/>
        <line num="26" count="39" type="stmt"/>
        <line num="27" count="39" type="stmt"/>
        <line num="28" count="2" type="stmt"/>
        <line num="29" count="2" type="cond" truecount="1" falsecount="1"/>
        <line num="30" count="2" type="stmt"/>
        <line num="33" count="39" type="stmt"/>
        <line num="34" count="3" type="stmt"/>
        <line num="35" count="3" type="stmt"/>
        <line num="36" count="3" type="stmt"/>
        <line num="38" count="6" type="stmt"/>
        <line num="40" count="3" type="stmt"/>
        <line num="41" count="3" type="cond" truecount="2" falsecount="0"/>
        <line num="42" count="2" type="stmt"/>
        <line num="43" count="3" type="stmt"/>
        <line num="44" count="3" type="stmt"/>
        <line num="45" count="3" type="cond" truecount="0" falsecount="2"/>
        <line num="48" count="39" type="stmt"/>
        <line num="49" count="2" type="cond" truecount="2" falsecount="0"/>
        <line num="50" count="1" type="stmt"/>
        <line num="53" count="39" type="stmt"/>
        <line num="56" count="39" type="stmt"/>
        <line num="57" count="39" type="cond" truecount="2" falsecount="0"/>
        <line num="58" count="11" type="stmt"/>
        <line num="60" count="28" type="cond" truecount="2" falsecount="0"/>
        <line num="61" count="13" type="stmt"/>
        <line num="69" count="15" type="stmt"/>
        <line num="72" count="29" type="stmt"/>
        <line num="78" count="2" type="stmt"/>
        <line num="79" count="2" type="stmt"/>
        <line num="87" count="58" type="stmt"/>
        <line num="103" count="39" type="stmt"/>
        <line num="117" count="0" type="stmt"/>
        <line num="118" count="3" type="stmt"/>
        <line num="121" count="0" type="stmt"/>
        <line num="128" count="3" type="stmt"/>
        <line num="133" count="2" type="stmt"/>
        <line num="138" count="1" type="stmt"/>
        <line num="143" count="0" type="stmt"/>
        <line num="147" count="0" type="stmt"/>
      </file>
      <file name="SupervisorDashboard.js" path="D:\fixed-project\frontend\src\pages\supervisor\SupervisorDashboard.js">
        <metrics statements="10" coveredstatements="10" conditionals="8" coveredconditionals="7" methods="7" coveredmethods="7"/>
        <line num="7" count="9" type="stmt"/>
        <line num="8" count="9" type="cond" truecount="2" falsecount="0"/>
        <line num="10" count="8" type="stmt"/>
        <line num="17" count="8" type="stmt"/>
        <line num="34" count="2" type="stmt"/>
        <line num="35" count="1" type="stmt"/>
        <line num="42" count="1" type="stmt"/>
        <line num="58" count="1" type="stmt"/>
        <line num="59" count="1" type="stmt"/>
        <line num="62" count="1" type="stmt"/>
      </file>
      <file name="SupervisorProjectsPage.js" path="D:\fixed-project\frontend\src\pages\supervisor\SupervisorProjectsPage.js">
        <metrics statements="15" coveredstatements="15" conditionals="10" coveredconditionals="8" methods="10" coveredmethods="10"/>
        <line num="8" count="15" type="stmt"/>
        <line num="9" count="15" type="stmt"/>
        <line num="10" count="15" type="stmt"/>
        <line num="12" count="15" type="stmt"/>
        <line num="13" count="8" type="stmt"/>
        <line num="17" count="15" type="stmt"/>
        <line num="18" count="15" type="cond" truecount="2" falsecount="0"/>
        <line num="19" count="8" type="stmt"/>
        <line num="21" count="7" type="cond" truecount="2" falsecount="0"/>
        <line num="22" count="2" type="stmt"/>
        <line num="29" count="5" type="stmt"/>
        <line num="32" count="5" type="stmt"/>
        <line num="39" count="10" type="stmt"/>
        <line num="43" count="10" type="stmt"/>
        <line num="65" count="15" type="stmt"/>
      </file>
    </package>
    <package name="services">
      <metrics statements="68" coveredstatements="68" conditionals="4" coveredconditionals="3" methods="59" coveredmethods="51"/>
      <file name="api.js" path="D:\fixed-project\frontend\src\services\api.js">
        <metrics statements="68" coveredstatements="68" conditionals="4" coveredconditionals="3" methods="59" coveredmethods="51"/>
        <line num="3" count="20" type="stmt"/>
        <line num="7" count="20" type="stmt"/>
        <line num="8" count="51" type="stmt"/>
        <line num="9" count="51" type="cond" truecount="2" falsecount="0"/>
        <line num="10" count="51" type="stmt"/>
        <line num="13" count="20" type="stmt"/>
        <line num="14" count="50" type="stmt"/>
        <line num="16" count="1" type="cond" truecount="1" falsecount="1"/>
        <line num="17" count="1" type="stmt"/>
        <line num="18" count="1" type="stmt"/>
        <line num="19" count="1" type="stmt"/>
        <line num="21" count="1" type="stmt"/>
        <line num="26" count="20" type="stmt"/>
        <line num="27" count="20" type="stmt"/>
        <line num="28" count="20" type="stmt"/>
        <line num="29" count="20" type="stmt"/>
        <line num="30" count="20" type="stmt"/>
        <line num="31" count="20" type="stmt"/>
        <line num="32" count="20" type="stmt"/>
        <line num="35" count="20" type="stmt"/>
        <line num="36" count="20" type="stmt"/>
        <line num="37" count="20" type="stmt"/>
        <line num="38" count="20" type="stmt"/>
        <line num="39" count="20" type="stmt"/>
        <line num="40" count="20" type="stmt"/>
        <line num="43" count="20" type="stmt"/>
        <line num="44" count="20" type="stmt"/>
        <line num="45" count="20" type="stmt"/>
        <line num="46" count="20" type="stmt"/>
        <line num="47" count="20" type="stmt"/>
        <line num="48" count="20" type="stmt"/>
        <line num="49" count="20" type="stmt"/>
        <line num="52" count="20" type="stmt"/>
        <line num="53" count="20" type="stmt"/>
        <line num="54" count="20" type="stmt"/>
        <line num="55" count="20" type="stmt"/>
        <line num="58" count="20" type="stmt"/>
        <line num="59" count="20" type="stmt"/>
        <line num="60" count="20" type="stmt"/>
        <line num="63" count="20" type="stmt"/>
        <line num="64" count="20" type="stmt"/>
        <line num="65" count="20" type="stmt"/>
        <line num="66" count="20" type="stmt"/>
        <line num="69" count="20" type="stmt"/>
        <line num="70" count="20" type="stmt"/>
        <line num="73" count="20" type="stmt"/>
        <line num="76" count="20" type="stmt"/>
        <line num="77" count="20" type="stmt"/>
        <line num="80" count="20" type="stmt"/>
        <line num="81" count="20" type="stmt"/>
        <line num="82" count="20" type="stmt"/>
        <line num="83" count="20" type="stmt"/>
        <line num="86" count="20" type="stmt"/>
        <line num="87" count="20" type="stmt"/>
        <line num="88" count="20" type="stmt"/>
        <line num="93" count="20" type="stmt"/>
        <line num="94" count="20" type="stmt"/>
        <line num="95" count="20" type="stmt"/>
        <line num="98" count="20" type="stmt"/>
        <line num="101" count="20" type="stmt"/>
        <line num="102" count="20" type="stmt"/>
        <line num="103" count="20" type="stmt"/>
        <line num="104" count="20" type="stmt"/>
        <line num="105" count="20" type="stmt"/>
        <line num="106" count="20" type="stmt"/>
        <line num="107" count="20" type="stmt"/>
        <line num="108" count="20" type="stmt"/>
        <line num="109" count="20" type="stmt"/>
      </file>
    </package>
  </project>
</coverage>
