{"D:\\fixed-project\\frontend\\src\\components\\chat\\ChatInput.js": {"path":"D:\\fixed-project\\frontend\\src\\components\\chat\\ChatInput.js","statementMap":{"0":{"start":{"line":6,"column":2},"end":{"line":35,"column":4}},"1":{"start":{"line":12,"column":23},"end":{"line":12,"column":47}},"2":{"start":{"line":13,"column":26},"end":{"line":13,"column":97}},"3":{"start":{"line":13,"column":66},"end":{"line":13,"column":85}},"4":{"start":{"line":13,"column":86},"end":{"line":13,"column":95}},"5":{"start":{"line":38,"column":0},"end":{"line":45,"column":2}}},"fnMap":{"0":{"name":"ChatInput","decl":{"start":{"line":5,"column":24},"end":{"line":5,"column":33}},"loc":{"start":{"line":5,"column":108},"end":{"line":36,"column":1}},"line":5},"1":{"name":"(anonymous_1)","decl":{"start":{"line":12,"column":18},"end":{"line":12,"column":19}},"loc":{"start":{"line":12,"column":23},"end":{"line":12,"column":47}},"line":12},"2":{"name":"(anonymous_2)","decl":{"start":{"line":13,"column":19},"end":{"line":13,"column":20}},"loc":{"start":{"line":13,"column":24},"end":{"line":13,"column":99}},"line":13}},"branchMap":{"0":{"loc":{"start":{"line":5,"column":74},"end":{"line":5,"column":87}},"type":"default-arg","locations":[{"start":{"line":5,"column":82},"end":{"line":5,"column":87}}],"line":5},"1":{"loc":{"start":{"line":5,"column":89},"end":{"line":5,"column":104}},"type":"default-arg","locations":[{"start":{"line":5,"column":99},"end":{"line":5,"column":104}}],"line":5},"2":{"loc":{"start":{"line":13,"column":26},"end":{"line":13,"column":97}},"type":"if","locations":[{"start":{"line":13,"column":26},"end":{"line":13,"column":97}},{"start":{},"end":{}}],"line":13},"3":{"loc":{"start":{"line":13,"column":30},"end":{"line":13,"column":62}},"type":"binary-expr","locations":[{"start":{"line":13,"column":30},"end":{"line":13,"column":47}},{"start":{"line":13,"column":51},"end":{"line":13,"column":62}}],"line":13},"4":{"loc":{"start":{"line":29,"column":18},"end":{"line":29,"column":54}},"type":"binary-expr","locations":[{"start":{"line":29,"column":18},"end":{"line":29,"column":25}},{"start":{"line":29,"column":29},"end":{"line":29,"column":38}},{"start":{"line":29,"column":42},"end":{"line":29,"column":54}}],"line":29}},"s":{"0":12,"1":1,"2":2,"3":1,"4":1,"5":1},"f":{"0":12,"1":1,"2":2},"b":{"0":[10],"1":[11],"2":[1,1],"3":[2,2],"4":[12,10,9]},"_coverageSchema":"1a1c01bbd47fc00a2c39e90264f33305004495a9","hash":"35bf01078e5ee7b49958de4562792c9d9122efd6"}
,"D:\\fixed-project\\frontend\\src\\components\\chat\\ChatMessage.js": {"path":"D:\\fixed-project\\frontend\\src\\components\\chat\\ChatMessage.js","statementMap":{"0":{"start":{"line":11,"column":17},"end":{"line":11,"column":59}},"1":{"start":{"line":12,"column":18},"end":{"line":14,"column":4}},"2":{"start":{"line":16,"column":2},"end":{"line":31,"column":4}},"3":{"start":{"line":36,"column":2},"end":{"line":36,"column":24}},"4":{"start":{"line":36,"column":14},"end":{"line":36,"column":24}},"5":{"start":{"line":37,"column":2},"end":{"line":37,"column":40}},"6":{"start":{"line":37,"column":20},"end":{"line":37,"column":40}},"7":{"start":{"line":38,"column":2},"end":{"line":38,"column":68}},"8":{"start":{"line":38,"column":27},"end":{"line":38,"column":68}},"9":{"start":{"line":39,"column":2},"end":{"line":39,"column":52}},"10":{"start":{"line":42,"column":0},"end":{"line":45,"column":2}}},"fnMap":{"0":{"name":"ChatMessage","decl":{"start":{"line":10,"column":24},"end":{"line":10,"column":35}},"loc":{"start":{"line":10,"column":62},"end":{"line":32,"column":1}},"line":10},"1":{"name":"formatSize","decl":{"start":{"line":35,"column":9},"end":{"line":35,"column":19}},"loc":{"start":{"line":35,"column":27},"end":{"line":40,"column":1}},"line":35}},"branchMap":{"0":{"loc":{"start":{"line":17,"column":36},"end":{"line":17,"column":61}},"type":"cond-expr","locations":[{"start":{"line":17,"column":45},"end":{"line":17,"column":51}},{"start":{"line":17,"column":54},"end":{"line":17,"column":61}}],"line":17},"1":{"loc":{"start":{"line":18,"column":7},"end":{"line":18,"column":62}},"type":"binary-expr","locations":[{"start":{"line":18,"column":7},"end":{"line":18,"column":14}},{"start":{"line":18,"column":18},"end":{"line":18,"column":62}}],"line":18},"2":{"loc":{"start":{"line":20,"column":9},"end":{"line":26,"column":9}},"type":"cond-expr","locations":[{"start":{"line":21,"column":10},"end":{"line":23,"column":14}},{"start":{"line":25,"column":10},"end":{"line":25,"column":40}}],"line":20},"3":{"loc":{"start":{"line":20,"column":9},"end":{"line":20,"column":51}},"type":"binary-expr","locations":[{"start":{"line":20,"column":9},"end":{"line":20,"column":32}},{"start":{"line":20,"column":36},"end":{"line":20,"column":51}}],"line":20},"4":{"loc":{"start":{"line":29,"column":7},"end":{"line":29,"column":61}},"type":"binary-expr","locations":[{"start":{"line":29,"column":7},"end":{"line":29,"column":13}},{"start":{"line":29,"column":17},"end":{"line":29,"column":61}}],"line":29},"5":{"loc":{"start":{"line":36,"column":2},"end":{"line":36,"column":24}},"type":"if","locations":[{"start":{"line":36,"column":2},"end":{"line":36,"column":24}},{"start":{},"end":{}}],"line":36},"6":{"loc":{"start":{"line":37,"column":2},"end":{"line":37,"column":40}},"type":"if","locations":[{"start":{"line":37,"column":2},"end":{"line":37,"column":40}},{"start":{},"end":{}}],"line":37},"7":{"loc":{"start":{"line":38,"column":2},"end":{"line":38,"column":68}},"type":"if","locations":[{"start":{"line":38,"column":2},"end":{"line":38,"column":68}},{"start":{},"end":{}}],"line":38}},"s":{"0":9,"1":9,"2":9,"3":4,"4":0,"5":4,"6":0,"7":4,"8":2,"9":2,"10":1},"f":{"0":9,"1":4},"b":{"0":[7,2],"1":[9,2],"2":[4,5],"3":[9,4],"4":[9,7],"5":[0,4],"6":[0,4],"7":[2,2]},"_coverageSchema":"1a1c01bbd47fc00a2c39e90264f33305004495a9","hash":"99bb495e8f1d4f1dfc1e5782d803b2a067a8688b"}
,"D:\\fixed-project\\frontend\\src\\components\\chat\\ChatSidebar.js": {"path":"D:\\fixed-project\\frontend\\src\\components\\chat\\ChatSidebar.js","statementMap":{"0":{"start":{"line":12,"column":2},"end":{"line":14,"column":3}},"1":{"start":{"line":13,"column":4},"end":{"line":13,"column":82}},"2":{"start":{"line":16,"column":2},"end":{"line":27,"column":3}},"3":{"start":{"line":17,"column":4},"end":{"line":26,"column":6}},"4":{"start":{"line":29,"column":2},"end":{"line":51,"column":4}},"5":{"start":{"line":32,"column":25},"end":{"line":32,"column":51}},"6":{"start":{"line":33,"column":8},"end":{"line":48,"column":10}},"7":{"start":{"line":37,"column":27},"end":{"line":37,"column":44}},"8":{"start":{"line":57,"column":2},"end":{"line":57,"column":38}},"9":{"start":{"line":60,"column":2},"end":{"line":60,"column":26}},"10":{"start":{"line":60,"column":16},"end":{"line":60,"column":26}},"11":{"start":{"line":61,"column":2},"end":{"line":63,"column":3}},"12":{"start":{"line":62,"column":4},"end":{"line":62,"column":104}},"13":{"start":{"line":64,"column":2},"end":{"line":64,"column":84}},"14":{"start":{"line":64,"column":37},"end":{"line":64,"column":59}},"15":{"start":{"line":67,"column":0},"end":{"line":72,"column":2}}},"fnMap":{"0":{"name":"ChatSidebar","decl":{"start":{"line":11,"column":24},"end":{"line":11,"column":35}},"loc":{"start":{"line":11,"column":92},"end":{"line":52,"column":1}},"line":11},"1":{"name":"(anonymous_1)","decl":{"start":{"line":31,"column":20},"end":{"line":31,"column":21}},"loc":{"start":{"line":31,"column":31},"end":{"line":49,"column":7}},"line":31},"2":{"name":"(anonymous_2)","decl":{"start":{"line":37,"column":21},"end":{"line":37,"column":22}},"loc":{"start":{"line":37,"column":27},"end":{"line":37,"column":44}},"line":37},"3":{"name":"getOtherParty","decl":{"start":{"line":55,"column":9},"end":{"line":55,"column":22}},"loc":{"start":{"line":55,"column":32},"end":{"line":58,"column":1}},"line":55},"4":{"name":"getProjectLabel","decl":{"start":{"line":59,"column":9},"end":{"line":59,"column":24}},"loc":{"start":{"line":59,"column":34},"end":{"line":65,"column":1}},"line":59},"5":{"name":"(anonymous_5)","decl":{"start":{"line":64,"column":32},"end":{"line":64,"column":33}},"loc":{"start":{"line":64,"column":37},"end":{"line":64,"column":59}},"line":64}},"branchMap":{"0":{"loc":{"start":{"line":11,"column":48},"end":{"line":11,"column":63}},"type":"default-arg","locations":[{"start":{"line":11,"column":59},"end":{"line":11,"column":63}}],"line":11},"1":{"loc":{"start":{"line":11,"column":75},"end":{"line":11,"column":88}},"type":"default-arg","locations":[{"start":{"line":11,"column":83},"end":{"line":11,"column":88}}],"line":11},"2":{"loc":{"start":{"line":12,"column":2},"end":{"line":14,"column":3}},"type":"if","locations":[{"start":{"line":12,"column":2},"end":{"line":14,"column":3}},{"start":{},"end":{}}],"line":12},"3":{"loc":{"start":{"line":16,"column":2},"end":{"line":27,"column":3}},"type":"if","locations":[{"start":{"line":16,"column":2},"end":{"line":27,"column":3}},{"start":{},"end":{}}],"line":16},"4":{"loc":{"start":{"line":36,"column":44},"end":{"line":36,"column":68}},"type":"cond-expr","locations":[{"start":{"line":36,"column":55},"end":{"line":36,"column":63}},{"start":{"line":36,"column":66},"end":{"line":36,"column":68}}],"line":36},"5":{"loc":{"start":{"line":57,"column":9},"end":{"line":57,"column":37}},"type":"binary-expr","locations":[{"start":{"line":57,"column":9},"end":{"line":57,"column":29}},{"start":{"line":57,"column":33},"end":{"line":57,"column":37}}],"line":57},"6":{"loc":{"start":{"line":60,"column":2},"end":{"line":60,"column":26}},"type":"if","locations":[{"start":{"line":60,"column":2},"end":{"line":60,"column":26}},{"start":{},"end":{}}],"line":60},"7":{"loc":{"start":{"line":61,"column":2},"end":{"line":63,"column":3}},"type":"if","locations":[{"start":{"line":61,"column":2},"end":{"line":63,"column":3}},{"start":{},"end":{}}],"line":61},"8":{"loc":{"start":{"line":62,"column":11},"end":{"line":62,"column":103}},"type":"binary-expr","locations":[{"start":{"line":62,"column":11},"end":{"line":62,"column":88}},{"start":{"line":62,"column":92},"end":{"line":62,"column":103}}],"line":62},"9":{"loc":{"start":{"line":62,"column":14},"end":{"line":62,"column":46}},"type":"binary-expr","locations":[{"start":{"line":62,"column":14},"end":{"line":62,"column":40}},{"start":{"line":62,"column":44},"end":{"line":62,"column":46}}],"line":62},"10":{"loc":{"start":{"line":62,"column":50},"end":{"line":62,"column":79}},"type":"binary-expr","locations":[{"start":{"line":62,"column":50},"end":{"line":62,"column":73}},{"start":{"line":62,"column":77},"end":{"line":62,"column":79}}],"line":62},"11":{"loc":{"start":{"line":64,"column":9},"end":{"line":64,"column":83}},"type":"binary-expr","locations":[{"start":{"line":64,"column":9},"end":{"line":64,"column":71}},{"start":{"line":64,"column":75},"end":{"line":64,"column":83}}],"line":64}},"s":{"0":8,"1":1,"2":7,"3":1,"4":6,"5":11,"6":11,"7":1,"8":11,"9":22,"10":0,"11":22,"12":20,"13":2,"14":4,"15":1},"f":{"0":8,"1":11,"2":1,"3":11,"4":22,"5":4},"b":{"0":[0],"1":[7],"2":[1,7],"3":[1,6],"4":[1,10],"5":[11,1],"6":[0,22],"7":[20,2],"8":[20,0],"9":[20,0],"10":[20,0],"11":[2,0]},"_coverageSchema":"1a1c01bbd47fc00a2c39e90264f33305004495a9","hash":"ea2644b20aaff46780a05f7214170f58b887f0d5"}
,"D:\\fixed-project\\frontend\\src\\components\\common\\Avatar.js": {"path":"D:\\fixed-project\\frontend\\src\\components\\common\\Avatar.js","statementMap":{"0":{"start":{"line":10,"column":19},"end":{"line":10,"column":91}},"1":{"start":{"line":11,"column":17},"end":{"line":11,"column":95}},"2":{"start":{"line":12,"column":13},"end":{"line":12,"column":44}},"3":{"start":{"line":13,"column":2},"end":{"line":25,"column":4}},"4":{"start":{"line":28,"column":0},"end":{"line":31,"column":2}}},"fnMap":{"0":{"name":"Avatar","decl":{"start":{"line":9,"column":24},"end":{"line":9,"column":30}},"loc":{"start":{"line":9,"column":56},"end":{"line":26,"column":1}},"line":9}},"branchMap":{"0":{"loc":{"start":{"line":9,"column":33},"end":{"line":9,"column":41}},"type":"default-arg","locations":[{"start":{"line":9,"column":39},"end":{"line":9,"column":41}}],"line":9},"1":{"loc":{"start":{"line":9,"column":43},"end":{"line":9,"column":52}},"type":"default-arg","locations":[{"start":{"line":9,"column":50},"end":{"line":9,"column":52}}],"line":9},"2":{"loc":{"start":{"line":10,"column":19},"end":{"line":10,"column":91}},"type":"binary-expr","locations":[{"start":{"line":10,"column":19},"end":{"line":10,"column":84}},{"start":{"line":10,"column":88},"end":{"line":10,"column":91}}],"line":10},"3":{"loc":{"start":{"line":10,"column":22},"end":{"line":10,"column":45}},"type":"binary-expr","locations":[{"start":{"line":10,"column":22},"end":{"line":10,"column":39}},{"start":{"line":10,"column":43},"end":{"line":10,"column":45}}],"line":10},"4":{"loc":{"start":{"line":10,"column":48},"end":{"line":10,"column":68}},"type":"binary-expr","locations":[{"start":{"line":10,"column":48},"end":{"line":10,"column":62}},{"start":{"line":10,"column":66},"end":{"line":10,"column":68}}],"line":10},"5":{"loc":{"start":{"line":12,"column":13},"end":{"line":12,"column":44}},"type":"binary-expr","locations":[{"start":{"line":12,"column":13},"end":{"line":12,"column":31}},{"start":{"line":12,"column":35},"end":{"line":12,"column":44}}],"line":12}},"s":{"0":6,"1":6,"2":6,"3":6,"4":1},"f":{"0":6},"b":{"0":[0],"1":[4],"2":[6,2],"3":[6,2],"4":[6,2],"5":[6,2]},"_coverageSchema":"1a1c01bbd47fc00a2c39e90264f33305004495a9","hash":"f67276ae4bb42a07da77de35c39b38f2c3f7cb63"}
,"D:\\fixed-project\\frontend\\src\\components\\common\\EmptyState.js": {"path":"D:\\fixed-project\\frontend\\src\\components\\common\\EmptyState.js","statementMap":{"0":{"start":{"line":9,"column":2},"end":{"line":16,"column":4}},"1":{"start":{"line":19,"column":0},"end":{"line":24,"column":2}}},"fnMap":{"0":{"name":"EmptyState","decl":{"start":{"line":8,"column":24},"end":{"line":8,"column":34}},"loc":{"start":{"line":8,"column":87},"end":{"line":17,"column":1}},"line":8}},"branchMap":{"0":{"loc":{"start":{"line":8,"column":49},"end":{"line":8,"column":59}},"type":"default-arg","locations":[{"start":{"line":8,"column":55},"end":{"line":8,"column":59}}],"line":8},"1":{"loc":{"start":{"line":8,"column":61},"end":{"line":8,"column":70}},"type":"default-arg","locations":[{"start":{"line":8,"column":66},"end":{"line":8,"column":70}}],"line":8},"2":{"loc":{"start":{"line":8,"column":72},"end":{"line":8,"column":83}},"type":"default-arg","locations":[{"start":{"line":8,"column":79},"end":{"line":8,"column":83}}],"line":8},"3":{"loc":{"start":{"line":11,"column":7},"end":{"line":11,"column":63}},"type":"binary-expr","locations":[{"start":{"line":11,"column":7},"end":{"line":11,"column":11}},{"start":{"line":11,"column":15},"end":{"line":11,"column":63}}],"line":11},"4":{"loc":{"start":{"line":12,"column":7},"end":{"line":12,"column":64}},"type":"binary-expr","locations":[{"start":{"line":12,"column":7},"end":{"line":12,"column":12}},{"start":{"line":12,"column":16},"end":{"line":12,"column":64}}],"line":12},"5":{"loc":{"start":{"line":13,"column":7},"end":{"line":13,"column":61}},"type":"binary-expr","locations":[{"start":{"line":13,"column":7},"end":{"line":13,"column":11}},{"start":{"line":13,"column":15},"end":{"line":13,"column":61}}],"line":13},"6":{"loc":{"start":{"line":14,"column":7},"end":{"line":14,"column":93}},"type":"binary-expr","locations":[{"start":{"line":14,"column":7},"end":{"line":14,"column":13}},{"start":{"line":14,"column":17},"end":{"line":14,"column":93}}],"line":14}},"s":{"0":13,"1":2},"f":{"0":13},"b":{"0":[4],"1":[6],"2":[6],"3":[13,7],"4":[13,9],"5":[13,7],"6":[13,7]},"_coverageSchema":"1a1c01bbd47fc00a2c39e90264f33305004495a9","hash":"5903c7decadc0178f68bb1beda186aa85500e624"}
,"D:\\fixed-project\\frontend\\src\\components\\common\\PageHeader.js": {"path":"D:\\fixed-project\\frontend\\src\\components\\common\\PageHeader.js","statementMap":{"0":{"start":{"line":9,"column":2},"end":{"line":17,"column":4}},"1":{"start":{"line":20,"column":0},"end":{"line":24,"column":2}}},"fnMap":{"0":{"name":"PageHeader","decl":{"start":{"line":8,"column":24},"end":{"line":8,"column":34}},"loc":{"start":{"line":8,"column":76},"end":{"line":18,"column":1}},"line":8}},"branchMap":{"0":{"loc":{"start":{"line":8,"column":44},"end":{"line":8,"column":57}},"type":"default-arg","locations":[{"start":{"line":8,"column":53},"end":{"line":8,"column":57}}],"line":8},"1":{"loc":{"start":{"line":8,"column":59},"end":{"line":8,"column":72}},"type":"default-arg","locations":[{"start":{"line":8,"column":68},"end":{"line":8,"column":72}}],"line":8},"2":{"loc":{"start":{"line":13,"column":9},"end":{"line":13,"column":64}},"type":"binary-expr","locations":[{"start":{"line":13,"column":9},"end":{"line":13,"column":17}},{"start":{"line":13,"column":21},"end":{"line":13,"column":64}}],"line":13},"3":{"loc":{"start":{"line":15,"column":7},"end":{"line":15,"column":72}},"type":"binary-expr","locations":[{"start":{"line":15,"column":7},"end":{"line":15,"column":15}},{"start":{"line":15,"column":19},"end":{"line":15,"column":72}}],"line":15}},"s":{"0":15,"1":2},"f":{"0":15},"b":{"0":[6],"1":[14],"2":[15,9],"3":[15,1]},"_coverageSchema":"1a1c01bbd47fc00a2c39e90264f33305004495a9","hash":"9f11b24c682125a800233684aab87fbbcbe14d50"}
,"D:\\fixed-project\\frontend\\src\\components\\common\\StatCard.js": {"path":"D:\\fixed-project\\frontend\\src\\components\\common\\StatCard.js","statementMap":{"0":{"start":{"line":10,"column":2},"end":{"line":20,"column":4}},"1":{"start":{"line":23,"column":0},"end":{"line":29,"column":2}}},"fnMap":{"0":{"name":"StatCard","decl":{"start":{"line":9,"column":24},"end":{"line":9,"column":32}},"loc":{"start":{"line":9,"column":123},"end":{"line":21,"column":1}},"line":9}},"branchMap":{"0":{"loc":{"start":{"line":9,"column":47},"end":{"line":9,"column":73}},"type":"default-arg","locations":[{"start":{"line":9,"column":54},"end":{"line":9,"column":73}}],"line":9},"1":{"loc":{"start":{"line":9,"column":75},"end":{"line":9,"column":98}},"type":"default-arg","locations":[{"start":{"line":9,"column":85},"end":{"line":9,"column":98}}],"line":9},"2":{"loc":{"start":{"line":9,"column":100},"end":{"line":9,"column":109}},"type":"default-arg","locations":[{"start":{"line":9,"column":106},"end":{"line":9,"column":109}}],"line":9},"3":{"loc":{"start":{"line":9,"column":111},"end":{"line":9,"column":119}},"type":"default-arg","locations":[{"start":{"line":9,"column":117},"end":{"line":9,"column":119}}],"line":9}},"s":{"0":32,"1":2},"f":{"0":32},"b":{"0":[7],"1":[7],"2":[1],"3":[1]},"_coverageSchema":"1a1c01bbd47fc00a2c39e90264f33305004495a9","hash":"b8513ee8028d6a77b9560528c47eda22d67895f4"}
,"D:\\fixed-project\\frontend\\src\\components\\common\\StatsGrid.js": {"path":"D:\\fixed-project\\frontend\\src\\components\\common\\StatsGrid.js","statementMap":{"0":{"start":{"line":4,"column":2},"end":{"line":18,"column":4}},"1":{"start":{"line":7,"column":8},"end":{"line":15,"column":14}}},"fnMap":{"0":{"name":"StatsGrid","decl":{"start":{"line":3,"column":24},"end":{"line":3,"column":33}},"loc":{"start":{"line":3,"column":45},"end":{"line":19,"column":1}},"line":3},"1":{"name":"(anonymous_1)","decl":{"start":{"line":6,"column":17},"end":{"line":6,"column":18}},"loc":{"start":{"line":7,"column":8},"end":{"line":15,"column":14}},"line":7}},"branchMap":{},"s":{"0":24,"1":134},"f":{"0":24,"1":134},"b":{},"_coverageSchema":"1a1c01bbd47fc00a2c39e90264f33305004495a9","hash":"921c80f9b77163bb917453a18ccee449c60b6f9a"}
,"D:\\fixed-project\\frontend\\src\\components\\layout\\AppLayout.js": {"path":"D:\\fixed-project\\frontend\\src\\components\\layout\\AppLayout.js","statementMap":{"0":{"start":{"line":7,"column":2},"end":{"line":17,"column":4}}},"fnMap":{"0":{"name":"AppLayout","decl":{"start":{"line":6,"column":24},"end":{"line":6,"column":33}},"loc":{"start":{"line":6,"column":36},"end":{"line":18,"column":1}},"line":6}},"branchMap":{},"s":{"0":4},"f":{"0":4},"b":{},"_coverageSchema":"1a1c01bbd47fc00a2c39e90264f33305004495a9","hash":"d62c88fdd6b79359c8e811e528fc5b896c258285"}
,"D:\\fixed-project\\frontend\\src\\context\\AuthContext.js": {"path":"D:\\fixed-project\\frontend\\src\\context\\AuthContext.js","statementMap":{"0":{"start":{"line":4,"column":20},"end":{"line":4,"column":39}},"1":{"start":{"line":6,"column":28},"end":{"line":54,"column":1}},"2":{"start":{"line":7,"column":26},"end":{"line":7,"column":40}},"3":{"start":{"line":8,"column":32},"end":{"line":8,"column":46}},"4":{"start":{"line":10,"column":2},"end":{"line":24,"column":9}},"5":{"start":{"line":11,"column":18},"end":{"line":11,"column":47}},"6":{"start":{"line":12,"column":22},"end":{"line":12,"column":50}},"7":{"start":{"line":13,"column":4},"end":{"line":23,"column":5}},"8":{"start":{"line":14,"column":6},"end":{"line":14,"column":37}},"9":{"start":{"line":15,"column":6},"end":{"line":20,"column":42}},"10":{"start":{"line":16,"column":8},"end":{"line":16,"column":31}},"11":{"start":{"line":17,"column":8},"end":{"line":17,"column":68}},"12":{"start":{"line":19,"column":8},"end":{"line":19,"column":17}},"13":{"start":{"line":20,"column":23},"end":{"line":20,"column":40}},"14":{"start":{"line":22,"column":6},"end":{"line":22,"column":24}},"15":{"start":{"line":26,"column":16},"end":{"line":30,"column":3}},"16":{"start":{"line":27,"column":4},"end":{"line":27,"column":41}},"17":{"start":{"line":28,"column":4},"end":{"line":28,"column":59}},"18":{"start":{"line":29,"column":4},"end":{"line":29,"column":22}},"19":{"start":{"line":32,"column":17},"end":{"line":36,"column":3}},"20":{"start":{"line":33,"column":4},"end":{"line":33,"column":37}},"21":{"start":{"line":34,"column":4},"end":{"line":34,"column":36}},"22":{"start":{"line":35,"column":4},"end":{"line":35,"column":18}},"23":{"start":{"line":38,"column":21},"end":{"line":41,"column":3}},"24":{"start":{"line":39,"column":4},"end":{"line":39,"column":22}},"25":{"start":{"line":40,"column":4},"end":{"line":40,"column":59}},"26":{"start":{"line":44,"column":16},"end":{"line":47,"column":3}},"27":{"start":{"line":45,"column":11},"end":{"line":45,"column":55}},"28":{"start":{"line":49,"column":2},"end":{"line":53,"column":4}},"29":{"start":{"line":56,"column":23},"end":{"line":60,"column":1}},"30":{"start":{"line":57,"column":14},"end":{"line":57,"column":37}},"31":{"start":{"line":58,"column":2},"end":{"line":58,"column":72}},"32":{"start":{"line":58,"column":12},"end":{"line":58,"column":72}},"33":{"start":{"line":59,"column":2},"end":{"line":59,"column":13}}},"fnMap":{"0":{"name":"(anonymous_0)","decl":{"start":{"line":6,"column":28},"end":{"line":6,"column":29}},"loc":{"start":{"line":6,"column":46},"end":{"line":54,"column":1}},"line":6},"1":{"name":"(anonymous_1)","decl":{"start":{"line":10,"column":12},"end":{"line":10,"column":13}},"loc":{"start":{"line":10,"column":18},"end":{"line":24,"column":3}},"line":10},"2":{"name":"(anonymous_2)","decl":{"start":{"line":15,"column":19},"end":{"line":15,"column":20}},"loc":{"start":{"line":15,"column":26},"end":{"line":18,"column":7}},"line":15},"3":{"name":"(anonymous_3)","decl":{"start":{"line":18,"column":15},"end":{"line":18,"column":16}},"loc":{"start":{"line":18,"column":21},"end":{"line":20,"column":7}},"line":18},"4":{"name":"(anonymous_4)","decl":{"start":{"line":20,"column":17},"end":{"line":20,"column":18}},"loc":{"start":{"line":20,"column":23},"end":{"line":20,"column":40}},"line":20},"5":{"name":"(anonymous_5)","decl":{"start":{"line":26,"column":16},"end":{"line":26,"column":17}},"loc":{"start":{"line":26,"column":37},"end":{"line":30,"column":3}},"line":26},"6":{"name":"(anonymous_6)","decl":{"start":{"line":32,"column":17},"end":{"line":32,"column":18}},"loc":{"start":{"line":32,"column":23},"end":{"line":36,"column":3}},"line":32},"7":{"name":"(anonymous_7)","decl":{"start":{"line":38,"column":21},"end":{"line":38,"column":22}},"loc":{"start":{"line":38,"column":35},"end":{"line":41,"column":3}},"line":38},"8":{"name":"(anonymous_8)","decl":{"start":{"line":45,"column":4},"end":{"line":45,"column":5}},"loc":{"start":{"line":45,"column":11},"end":{"line":45,"column":55}},"line":45},"9":{"name":"(anonymous_9)","decl":{"start":{"line":56,"column":23},"end":{"line":56,"column":24}},"loc":{"start":{"line":56,"column":29},"end":{"line":60,"column":1}},"line":56}},"branchMap":{"0":{"loc":{"start":{"line":13,"column":4},"end":{"line":23,"column":5}},"type":"if","locations":[{"start":{"line":13,"column":4},"end":{"line":23,"column":5}},{"start":{"line":21,"column":11},"end":{"line":23,"column":5}}],"line":13},"1":{"loc":{"start":{"line":13,"column":8},"end":{"line":13,"column":26}},"type":"binary-expr","locations":[{"start":{"line":13,"column":8},"end":{"line":13,"column":13}},{"start":{"line":13,"column":17},"end":{"line":13,"column":26}}],"line":13},"2":{"loc":{"start":{"line":58,"column":2},"end":{"line":58,"column":72}},"type":"if","locations":[{"start":{"line":58,"column":2},"end":{"line":58,"column":72}},{"start":{},"end":{}}],"line":58}},"s":{"0":11,"1":11,"2":17,"3":17,"4":17,"5":6,"6":6,"7":6,"8":4,"9":4,"10":2,"11":2,"12":1,"13":3,"14":2,"15":17,"16":1,"17":1,"18":1,"19":17,"20":2,"21":2,"22":2,"23":17,"24":0,"25":0,"26":17,"27":17,"28":17,"29":11,"30":22,"31":21,"32":4,"33":17},"f":{"0":17,"1":6,"2":2,"3":1,"4":3,"5":1,"6":2,"7":0,"8":17,"9":22},"b":{"0":[4,2],"1":[6,4],"2":[4,17]},"_coverageSchema":"1a1c01bbd47fc00a2c39e90264f33305004495a9","hash":"ae41e05f8da68d466a508c79edcbbc822c46e44f"}
,"D:\\fixed-project\\frontend\\src\\pages\\admin\\AdminDashboard.js": {"path":"D:\\fixed-project\\frontend\\src\\pages\\admin\\AdminDashboard.js","statementMap":{"0":{"start":{"line":7,"column":19},"end":{"line":7,"column":32}},"1":{"start":{"line":8,"column":2},"end":{"line":8,"column":25}},"2":{"start":{"line":8,"column":13},"end":{"line":8,"column":25}},"3":{"start":{"line":10,"column":16},"end":{"line":19,"column":3}},"4":{"start":{"line":21,"column":2},"end":{"line":92,"column":4}},"5":{"start":{"line":40,"column":16},"end":{"line":57,"column":22}},"6":{"start":{"line":41,"column":33},"end":{"line":41,"column":63}},"7":{"start":{"line":50,"column":45},"end":{"line":50,"column":67}},"8":{"start":{"line":70,"column":16},"end":{"line":76,"column":22}},"9":{"start":{"line":86,"column":61},"end":{"line":86,"column":79}},"10":{"start":{"line":87,"column":63},"end":{"line":87,"column":90}},"11":{"start":{"line":88,"column":63},"end":{"line":88,"column":90}}},"fnMap":{"0":{"name":"AdminDashboard","decl":{"start":{"line":6,"column":24},"end":{"line":6,"column":38}},"loc":{"start":{"line":6,"column":49},"end":{"line":93,"column":1}},"line":6},"1":{"name":"(anonymous_1)","decl":{"start":{"line":39,"column":40},"end":{"line":39,"column":41}},"loc":{"start":{"line":40,"column":16},"end":{"line":57,"column":22}},"line":40},"2":{"name":"(anonymous_2)","decl":{"start":{"line":41,"column":27},"end":{"line":41,"column":28}},"loc":{"start":{"line":41,"column":33},"end":{"line":41,"column":63}},"line":41},"3":{"name":"(anonymous_3)","decl":{"start":{"line":50,"column":40},"end":{"line":50,"column":41}},"loc":{"start":{"line":50,"column":45},"end":{"line":50,"column":67}},"line":50},"4":{"name":"(anonymous_4)","decl":{"start":{"line":69,"column":40},"end":{"line":69,"column":41}},"loc":{"start":{"line":70,"column":16},"end":{"line":76,"column":22}},"line":70},"5":{"name":"(anonymous_5)","decl":{"start":{"line":86,"column":55},"end":{"line":86,"column":56}},"loc":{"start":{"line":86,"column":61},"end":{"line":86,"column":79}},"line":86},"6":{"name":"(anonymous_6)","decl":{"start":{"line":87,"column":57},"end":{"line":87,"column":58}},"loc":{"start":{"line":87,"column":63},"end":{"line":87,"column":90}},"line":87},"7":{"name":"(anonymous_7)","decl":{"start":{"line":88,"column":57},"end":{"line":88,"column":58}},"loc":{"start":{"line":88,"column":63},"end":{"line":88,"column":90}},"line":88}},"branchMap":{"0":{"loc":{"start":{"line":8,"column":2},"end":{"line":8,"column":25}},"type":"if","locations":[{"start":{"line":8,"column":2},"end":{"line":8,"column":25}},{"start":{},"end":{}}],"line":8},"1":{"loc":{"start":{"line":35,"column":11},"end":{"line":60,"column":11}},"type":"cond-expr","locations":[{"start":{"line":36,"column":12},"end":{"line":36,"column":99}},{"start":{"line":38,"column":12},"end":{"line":59,"column":18}}],"line":35},"2":{"loc":{"start":{"line":43,"column":21},"end":{"line":43,"column":49}},"type":"binary-expr","locations":[{"start":{"line":43,"column":21},"end":{"line":43,"column":42}},{"start":{"line":43,"column":46},"end":{"line":43,"column":49}}],"line":43},"3":{"loc":{"start":{"line":65,"column":11},"end":{"line":79,"column":11}},"type":"cond-expr","locations":[{"start":{"line":66,"column":12},"end":{"line":66,"column":100}},{"start":{"line":68,"column":12},"end":{"line":78,"column":18}}],"line":65},"4":{"loc":{"start":{"line":70,"column":26},"end":{"line":70,"column":42}},"type":"binary-expr","locations":[{"start":{"line":70,"column":26},"end":{"line":70,"column":31}},{"start":{"line":70,"column":35},"end":{"line":70,"column":42}}],"line":70},"5":{"loc":{"start":{"line":71,"column":99},"end":{"line":71,"column":113}},"type":"binary-expr","locations":[{"start":{"line":71,"column":99},"end":{"line":71,"column":104}},{"start":{"line":71,"column":108},"end":{"line":71,"column":113}}],"line":71},"6":{"loc":{"start":{"line":87,"column":112},"end":{"line":87,"column":167}},"type":"binary-expr","locations":[{"start":{"line":87,"column":112},"end":{"line":87,"column":136}},{"start":{"line":87,"column":140},"end":{"line":87,"column":167}}],"line":87}},"s":{"0":13,"1":13,"2":1,"3":12,"4":12,"5":11,"6":1,"7":11,"8":24,"9":1,"10":1,"11":1},"f":{"0":13,"1":11,"2":1,"3":11,"4":24,"5":1,"6":1,"7":1},"b":{"0":[1,12],"1":[1,11],"2":[11,0],"3":[0,12],"4":[24,0],"5":[24,0],"6":[12,12]},"_coverageSchema":"1a1c01bbd47fc00a2c39e90264f33305004495a9","hash":"b7aed0070f5c26ed0cd0ecd2a2464181d93cd89a"}
,"D:\\fixed-project\\frontend\\src\\pages\\admin\\AdminProjectsPage.js": {"path":"D:\\fixed-project\\frontend\\src\\pages\\admin\\AdminProjectsPage.js","statementMap":{"0":{"start":{"line":8,"column":19},"end":{"line":8,"column":32}},"1":{"start":{"line":9,"column":34},"end":{"line":9,"column":46}},"2":{"start":{"line":10,"column":32},"end":{"line":10,"column":46}},"3":{"start":{"line":11,"column":30},"end":{"line":11,"column":42}},"4":{"start":{"line":13,"column":2},"end":{"line":13,"column":50}},"5":{"start":{"line":13,"column":20},"end":{"line":13,"column":36}},"6":{"start":{"line":15,"column":24},"end":{"line":21,"column":3}},"7":{"start":{"line":16,"column":4},"end":{"line":16,"column":21}},"8":{"start":{"line":17,"column":4},"end":{"line":20,"column":69}},"9":{"start":{"line":18,"column":18},"end":{"line":18,"column":68}},"10":{"start":{"line":19,"column":6},"end":{"line":19,"column":33}},"11":{"start":{"line":20,"column":14},"end":{"line":20,"column":36}},"12":{"start":{"line":20,"column":49},"end":{"line":20,"column":67}},"13":{"start":{"line":23,"column":2},"end":{"line":81,"column":4}},"14":{"start":{"line":35,"column":12},"end":{"line":37,"column":21}},"15":{"start":{"line":35,"column":118},"end":{"line":35,"column":130}},"16":{"start":{"line":53,"column":18},"end":{"line":73,"column":23}},"17":{"start":{"line":57,"column":72},"end":{"line":57,"column":94}},"18":{"start":{"line":69,"column":82},"end":{"line":69,"column":112}}},"fnMap":{"0":{"name":"AdminProjectsPage","decl":{"start":{"line":7,"column":24},"end":{"line":7,"column":41}},"loc":{"start":{"line":7,"column":44},"end":{"line":82,"column":1}},"line":7},"1":{"name":"(anonymous_1)","decl":{"start":{"line":13,"column":12},"end":{"line":13,"column":13}},"loc":{"start":{"line":13,"column":18},"end":{"line":13,"column":38}},"line":13},"2":{"name":"(anonymous_2)","decl":{"start":{"line":15,"column":24},"end":{"line":15,"column":25}},"loc":{"start":{"line":15,"column":36},"end":{"line":21,"column":3}},"line":15},"3":{"name":"(anonymous_3)","decl":{"start":{"line":34,"column":43},"end":{"line":34,"column":44}},"loc":{"start":{"line":35,"column":12},"end":{"line":37,"column":21}},"line":35},"4":{"name":"(anonymous_4)","decl":{"start":{"line":35,"column":112},"end":{"line":35,"column":113}},"loc":{"start":{"line":35,"column":118},"end":{"line":35,"column":130}},"line":35},"5":{"name":"(anonymous_5)","decl":{"start":{"line":52,"column":33},"end":{"line":52,"column":34}},"loc":{"start":{"line":53,"column":18},"end":{"line":73,"column":23}},"line":53},"6":{"name":"(anonymous_6)","decl":{"start":{"line":57,"column":67},"end":{"line":57,"column":68}},"loc":{"start":{"line":57,"column":72},"end":{"line":57,"column":94}},"line":57},"7":{"name":"(anonymous_7)","decl":{"start":{"line":69,"column":76},"end":{"line":69,"column":77}},"loc":{"start":{"line":69,"column":82},"end":{"line":69,"column":112}},"line":69}},"branchMap":{"0":{"loc":{"start":{"line":18,"column":46},"end":{"line":18,"column":65}},"type":"binary-expr","locations":[{"start":{"line":18,"column":46},"end":{"line":18,"column":52}},{"start":{"line":18,"column":56},"end":{"line":18,"column":65}}],"line":18},"1":{"loc":{"start":{"line":35,"column":53},"end":{"line":35,"column":99}},"type":"cond-expr","locations":[{"start":{"line":35,"column":68},"end":{"line":35,"column":81}},{"start":{"line":35,"column":84},"end":{"line":35,"column":99}}],"line":35},"2":{"loc":{"start":{"line":36,"column":15},"end":{"line":36,"column":26}},"type":"binary-expr","locations":[{"start":{"line":36,"column":15},"end":{"line":36,"column":16}},{"start":{"line":36,"column":20},"end":{"line":36,"column":26}}],"line":36},"3":{"loc":{"start":{"line":43,"column":9},"end":{"line":78,"column":9}},"type":"cond-expr","locations":[{"start":{"line":43,"column":19},"end":{"line":43,"column":89}},{"start":{"line":44,"column":10},"end":{"line":77,"column":16}}],"line":43},"4":{"loc":{"start":{"line":50,"column":17},"end":{"line":74,"column":18}},"type":"cond-expr","locations":[{"start":{"line":51,"column":18},"end":{"line":51,"column":127}},{"start":{"line":52,"column":20},"end":{"line":74,"column":18}}],"line":50},"5":{"loc":{"start":{"line":67,"column":50},"end":{"line":67,"column":106}},"type":"cond-expr","locations":[{"start":{"line":67,"column":76},"end":{"line":67,"column":88}},{"start":{"line":67,"column":91},"end":{"line":67,"column":106}}],"line":67}},"s":{"0":25,"1":25,"2":25,"3":25,"4":25,"5":12,"6":25,"7":12,"8":12,"9":12,"10":11,"11":0,"12":11,"13":25,"14":75,"15":2,"16":24,"17":24,"18":1},"f":{"0":25,"1":12,"2":12,"3":75,"4":2,"5":24,"6":24,"7":1},"b":{"0":[12,11],"1":[25,50],"2":[75,25],"3":[12,13],"4":[1,12],"5":[12,12]},"_coverageSchema":"1a1c01bbd47fc00a2c39e90264f33305004495a9","hash":"5682d59e95dd7425d2a182d005427b05932dc1f2"}
,"D:\\fixed-project\\frontend\\src\\pages\\admin\\AdminSubjectsPage.js": {"path":"D:\\fixed-project\\frontend\\src\\pages\\admin\\AdminSubjectsPage.js","statementMap":{"0":{"start":{"line":7,"column":18},"end":{"line":7,"column":118}},"1":{"start":{"line":10,"column":19},"end":{"line":10,"column":32}},"2":{"start":{"line":11,"column":34},"end":{"line":11,"column":46}},"3":{"start":{"line":12,"column":32},"end":{"line":12,"column":46}},"4":{"start":{"line":13,"column":30},"end":{"line":13,"column":49}},"5":{"start":{"line":14,"column":30},"end":{"line":14,"column":42}},"6":{"start":{"line":15,"column":40},"end":{"line":15,"column":54}},"7":{"start":{"line":16,"column":44},"end":{"line":16,"column":56}},"8":{"start":{"line":18,"column":2},"end":{"line":18,"column":58}},"9":{"start":{"line":18,"column":20},"end":{"line":18,"column":36}},"10":{"start":{"line":20,"column":24},"end":{"line":26,"column":3}},"11":{"start":{"line":21,"column":4},"end":{"line":21,"column":21}},"12":{"start":{"line":22,"column":4},"end":{"line":25,"column":69}},"13":{"start":{"line":23,"column":18},"end":{"line":23,"column":76}},"14":{"start":{"line":24,"column":6},"end":{"line":24,"column":33}},"15":{"start":{"line":25,"column":14},"end":{"line":25,"column":36}},"16":{"start":{"line":25,"column":49},"end":{"line":25,"column":67}},"17":{"start":{"line":28,"column":25},"end":{"line":34,"column":3}},"18":{"start":{"line":29,"column":4},"end":{"line":33,"column":38}},"19":{"start":{"line":30,"column":6},"end":{"line":30,"column":54}},"20":{"start":{"line":31,"column":6},"end":{"line":31,"column":37}},"21":{"start":{"line":32,"column":6},"end":{"line":32,"column":22}},"22":{"start":{"line":33,"column":14},"end":{"line":33,"column":36}},"23":{"start":{"line":36,"column":23},"end":{"line":44,"column":3}},"24":{"start":{"line":37,"column":4},"end":{"line":43,"column":38}},"25":{"start":{"line":38,"column":6},"end":{"line":38,"column":96}},"26":{"start":{"line":39,"column":6},"end":{"line":39,"column":36}},"27":{"start":{"line":40,"column":6},"end":{"line":40,"column":27}},"28":{"start":{"line":41,"column":6},"end":{"line":41,"column":27}},"29":{"start":{"line":42,"column":6},"end":{"line":42,"column":22}},"30":{"start":{"line":43,"column":14},"end":{"line":43,"column":36}},"31":{"start":{"line":46,"column":23},"end":{"line":49,"column":3}},"32":{"start":{"line":47,"column":4},"end":{"line":47,"column":55}},"33":{"start":{"line":47,"column":48},"end":{"line":47,"column":55}},"34":{"start":{"line":48,"column":4},"end":{"line":48,"column":113}},"35":{"start":{"line":48,"column":10},"end":{"line":48,"column":34}},"36":{"start":{"line":48,"column":35},"end":{"line":48,"column":61}},"37":{"start":{"line":48,"column":62},"end":{"line":48,"column":78}},"38":{"start":{"line":48,"column":89},"end":{"line":48,"column":111}},"39":{"start":{"line":51,"column":2},"end":{"line":140,"column":4}},"40":{"start":{"line":64,"column":114},"end":{"line":64,"column":139}},"41":{"start":{"line":68,"column":14},"end":{"line":71,"column":23}},"42":{"start":{"line":69,"column":31},"end":{"line":69,"column":43}},"43":{"start":{"line":88,"column":18},"end":{"line":109,"column":23}},"44":{"start":{"line":96,"column":121},"end":{"line":96,"column":186}},"45":{"start":{"line":101,"column":84},"end":{"line":101,"column":114}},"46":{"start":{"line":103,"column":84},"end":{"line":103,"column":105}},"47":{"start":{"line":104,"column":83},"end":{"line":104,"column":104}},"48":{"start":{"line":106,"column":81},"end":{"line":106,"column":100}},"49":{"start":{"line":118,"column":54},"end":{"line":118,"column":74}},"50":{"start":{"line":119,"column":47},"end":{"line":119,"column":66}},"51":{"start":{"line":122,"column":37},"end":{"line":122,"column":57}},"52":{"start":{"line":128,"column":33},"end":{"line":128,"column":65}},"53":{"start":{"line":133,"column":67},"end":{"line":133,"column":87}}},"fnMap":{"0":{"name":"AdminSubjectsPage","decl":{"start":{"line":9,"column":24},"end":{"line":9,"column":41}},"loc":{"start":{"line":9,"column":44},"end":{"line":141,"column":1}},"line":9},"1":{"name":"(anonymous_1)","decl":{"start":{"line":18,"column":12},"end":{"line":18,"column":13}},"loc":{"start":{"line":18,"column":18},"end":{"line":18,"column":38}},"line":18},"2":{"name":"(anonymous_2)","decl":{"start":{"line":20,"column":24},"end":{"line":20,"column":25}},"loc":{"start":{"line":20,"column":36},"end":{"line":26,"column":3}},"line":20},"3":{"name":"(anonymous_3)","decl":{"start":{"line":28,"column":25},"end":{"line":28,"column":26}},"loc":{"start":{"line":28,"column":39},"end":{"line":34,"column":3}},"line":28},"4":{"name":"(anonymous_4)","decl":{"start":{"line":36,"column":23},"end":{"line":36,"column":24}},"loc":{"start":{"line":36,"column":35},"end":{"line":44,"column":3}},"line":36},"5":{"name":"(anonymous_5)","decl":{"start":{"line":46,"column":23},"end":{"line":46,"column":24}},"loc":{"start":{"line":46,"column":37},"end":{"line":49,"column":3}},"line":46},"6":{"name":"(anonymous_6)","decl":{"start":{"line":64,"column":109},"end":{"line":64,"column":110}},"loc":{"start":{"line":64,"column":114},"end":{"line":64,"column":139}},"line":64},"7":{"name":"(anonymous_7)","decl":{"start":{"line":67,"column":64},"end":{"line":67,"column":65}},"loc":{"start":{"line":68,"column":14},"end":{"line":71,"column":23}},"line":68},"8":{"name":"(anonymous_8)","decl":{"start":{"line":69,"column":25},"end":{"line":69,"column":26}},"loc":{"start":{"line":69,"column":31},"end":{"line":69,"column":43}},"line":69},"9":{"name":"(anonymous_9)","decl":{"start":{"line":87,"column":33},"end":{"line":87,"column":34}},"loc":{"start":{"line":88,"column":18},"end":{"line":109,"column":23}},"line":88},"10":{"name":"(anonymous_10)","decl":{"start":{"line":96,"column":116},"end":{"line":96,"column":117}},"loc":{"start":{"line":96,"column":121},"end":{"line":96,"column":186}},"line":96},"11":{"name":"(anonymous_11)","decl":{"start":{"line":101,"column":78},"end":{"line":101,"column":79}},"loc":{"start":{"line":101,"column":84},"end":{"line":101,"column":114}},"line":101},"12":{"name":"(anonymous_12)","decl":{"start":{"line":103,"column":78},"end":{"line":103,"column":79}},"loc":{"start":{"line":103,"column":84},"end":{"line":103,"column":105}},"line":103},"13":{"name":"(anonymous_13)","decl":{"start":{"line":104,"column":77},"end":{"line":104,"column":78}},"loc":{"start":{"line":104,"column":83},"end":{"line":104,"column":104}},"line":104},"14":{"name":"(anonymous_14)","decl":{"start":{"line":106,"column":75},"end":{"line":106,"column":76}},"loc":{"start":{"line":106,"column":81},"end":{"line":106,"column":100}},"line":106},"15":{"name":"(anonymous_15)","decl":{"start":{"line":118,"column":48},"end":{"line":118,"column":49}},"loc":{"start":{"line":118,"column":54},"end":{"line":118,"column":74}},"line":118},"16":{"name":"(anonymous_16)","decl":{"start":{"line":119,"column":42},"end":{"line":119,"column":43}},"loc":{"start":{"line":119,"column":47},"end":{"line":119,"column":66}},"line":119},"17":{"name":"(anonymous_17)","decl":{"start":{"line":122,"column":31},"end":{"line":122,"column":32}},"loc":{"start":{"line":122,"column":37},"end":{"line":122,"column":57}},"line":122},"18":{"name":"(anonymous_18)","decl":{"start":{"line":128,"column":28},"end":{"line":128,"column":29}},"loc":{"start":{"line":128,"column":33},"end":{"line":128,"column":65}},"line":128},"19":{"name":"(anonymous_19)","decl":{"start":{"line":133,"column":61},"end":{"line":133,"column":62}},"loc":{"start":{"line":133,"column":67},"end":{"line":133,"column":87}},"line":133}},"branchMap":{"0":{"loc":{"start":{"line":23,"column":46},"end":{"line":23,"column":65}},"type":"binary-expr","locations":[{"start":{"line":23,"column":46},"end":{"line":23,"column":52}},{"start":{"line":23,"column":56},"end":{"line":23,"column":65}}],"line":23},"1":{"loc":{"start":{"line":47,"column":4},"end":{"line":47,"column":55}},"type":"if","locations":[{"start":{"line":47,"column":4},"end":{"line":47,"column":55}},{"start":{},"end":{}}],"line":47},"2":{"loc":{"start":{"line":68,"column":55},"end":{"line":68,"column":101}},"type":"cond-expr","locations":[{"start":{"line":68,"column":70},"end":{"line":68,"column":83}},{"start":{"line":68,"column":86},"end":{"line":68,"column":101}}],"line":68},"3":{"loc":{"start":{"line":70,"column":17},"end":{"line":70,"column":28}},"type":"binary-expr","locations":[{"start":{"line":70,"column":17},"end":{"line":70,"column":18}},{"start":{"line":70,"column":22},"end":{"line":70,"column":28}}],"line":70},"4":{"loc":{"start":{"line":78,"column":9},"end":{"line":114,"column":9}},"type":"cond-expr","locations":[{"start":{"line":78,"column":19},"end":{"line":78,"column":89}},{"start":{"line":79,"column":10},"end":{"line":113,"column":16}}],"line":78},"5":{"loc":{"start":{"line":85,"column":17},"end":{"line":110,"column":18}},"type":"cond-expr","locations":[{"start":{"line":86,"column":18},"end":{"line":86,"column":126}},{"start":{"line":87,"column":20},"end":{"line":110,"column":18}}],"line":85},"6":{"loc":{"start":{"line":102,"column":25},"end":{"line":105,"column":27}},"type":"binary-expr","locations":[{"start":{"line":102,"column":25},"end":{"line":102,"column":47}},{"start":{"line":102,"column":51},"end":{"line":105,"column":27}}],"line":102},"7":{"loc":{"start":{"line":117,"column":7},"end":{"line":138,"column":7}},"type":"binary-expr","locations":[{"start":{"line":117,"column":7},"end":{"line":117,"column":18}},{"start":{"line":118,"column":8},"end":{"line":137,"column":14}}],"line":117}},"s":{"0":1,"1":36,"2":36,"3":36,"4":36,"5":36,"6":36,"7":36,"8":36,"9":14,"10":36,"11":17,"12":17,"13":17,"14":16,"15":0,"16":16,"17":36,"18":1,"19":1,"20":1,"21":1,"22":0,"23":36,"24":1,"25":1,"26":1,"27":1,"28":1,"29":1,"30":0,"31":36,"32":1,"33":0,"34":1,"35":1,"36":1,"37":1,"38":0,"39":36,"40":1,"41":180,"42":0,"43":42,"44":105,"45":0,"46":1,"47":3,"48":1,"49":0,"50":2,"51":0,"52":1,"53":1},"f":{"0":36,"1":14,"2":17,"3":1,"4":1,"5":1,"6":1,"7":180,"8":0,"9":42,"10":105,"11":0,"12":1,"13":3,"14":1,"15":0,"16":2,"17":0,"18":1,"19":1},"b":{"0":[17,0],"1":[0,1],"2":[36,144],"3":[180,36],"4":[14,22],"5":[1,21],"6":[42,21],"7":[36,4]},"_coverageSchema":"1a1c01bbd47fc00a2c39e90264f33305004495a9","hash":"7d1be00f51f9252c90d93c051197c18dc7a3f18b"}
,"D:\\fixed-project\\frontend\\src\\pages\\admin\\UsersManagementPage.js": {"path":"D:\\fixed-project\\frontend\\src\\pages\\admin\\UsersManagementPage.js","statementMap":{"0":{"start":{"line":6,"column":14},"end":{"line":11,"column":1}},"1":{"start":{"line":13,"column":19},"end":{"line":13,"column":200}},"2":{"start":{"line":15,"column":18},"end":{"line":15,"column":124}},"3":{"start":{"line":18,"column":28},"end":{"line":18,"column":40}},"4":{"start":{"line":19,"column":32},"end":{"line":19,"column":46}},"5":{"start":{"line":20,"column":30},"end":{"line":20,"column":42}},"6":{"start":{"line":21,"column":38},"end":{"line":21,"column":50}},"7":{"start":{"line":22,"column":28},"end":{"line":22,"column":43}},"8":{"start":{"line":23,"column":34},"end":{"line":23,"column":48}},"9":{"start":{"line":24,"column":26},"end":{"line":24,"column":45}},"10":{"start":{"line":25,"column":30},"end":{"line":25,"column":45}},"11":{"start":{"line":26,"column":28},"end":{"line":26,"column":39}},"12":{"start":{"line":27,"column":26},"end":{"line":27,"column":37}},"13":{"start":{"line":28,"column":16},"end":{"line":28,"column":18}},"14":{"start":{"line":30,"column":2},"end":{"line":30,"column":65}},"15":{"start":{"line":30,"column":20},"end":{"line":30,"column":33}},"16":{"start":{"line":32,"column":21},"end":{"line":39,"column":3}},"17":{"start":{"line":33,"column":4},"end":{"line":33,"column":21}},"18":{"start":{"line":34,"column":4},"end":{"line":38,"column":69}},"19":{"start":{"line":35,"column":18},"end":{"line":35,"column":75}},"20":{"start":{"line":36,"column":6},"end":{"line":36,"column":30}},"21":{"start":{"line":37,"column":6},"end":{"line":37,"column":31}},"22":{"start":{"line":38,"column":14},"end":{"line":38,"column":36}},"23":{"start":{"line":38,"column":49},"end":{"line":38,"column":67}},"24":{"start":{"line":41,"column":21},"end":{"line":41,"column":85}},"25":{"start":{"line":41,"column":29},"end":{"line":41,"column":47}},"26":{"start":{"line":41,"column":48},"end":{"line":41,"column":67}},"27":{"start":{"line":41,"column":68},"end":{"line":41,"column":83}},"28":{"start":{"line":42,"column":19},"end":{"line":42,"column":96}},"29":{"start":{"line":42,"column":28},"end":{"line":42,"column":43}},"30":{"start":{"line":42,"column":44},"end":{"line":42,"column":78}},"31":{"start":{"line":42,"column":79},"end":{"line":42,"column":94}},"32":{"start":{"line":44,"column":21},"end":{"line":59,"column":3}},"33":{"start":{"line":45,"column":4},"end":{"line":45,"column":23}},"34":{"start":{"line":46,"column":4},"end":{"line":46,"column":20}},"35":{"start":{"line":47,"column":4},"end":{"line":58,"column":105}},"36":{"start":{"line":48,"column":6},"end":{"line":55,"column":7}},"37":{"start":{"line":49,"column":40},"end":{"line":49,"column":44}},"38":{"start":{"line":50,"column":8},"end":{"line":50,"column":45}},"39":{"start":{"line":51,"column":8},"end":{"line":51,"column":46}},"40":{"start":{"line":53,"column":8},"end":{"line":53,"column":31}},"41":{"start":{"line":54,"column":8},"end":{"line":54,"column":43}},"42":{"start":{"line":56,"column":6},"end":{"line":56,"column":22}},"43":{"start":{"line":57,"column":6},"end":{"line":57,"column":19}},"44":{"start":{"line":58,"column":20},"end":{"line":58,"column":73}},"45":{"start":{"line":58,"column":86},"end":{"line":58,"column":103}},"46":{"start":{"line":61,"column":23},"end":{"line":64,"column":3}},"47":{"start":{"line":62,"column":4},"end":{"line":62,"column":62}},"48":{"start":{"line":62,"column":55},"end":{"line":62,"column":62}},"49":{"start":{"line":63,"column":4},"end":{"line":63,"column":107}},"50":{"start":{"line":63,"column":10},"end":{"line":63,"column":31}},"51":{"start":{"line":63,"column":32},"end":{"line":63,"column":58}},"52":{"start":{"line":63,"column":59},"end":{"line":63,"column":72}},"53":{"start":{"line":63,"column":83},"end":{"line":63,"column":105}},"54":{"start":{"line":66,"column":23},"end":{"line":72,"column":3}},"55":{"start":{"line":67,"column":4},"end":{"line":71,"column":38}},"56":{"start":{"line":68,"column":18},"end":{"line":68,"column":44}},"57":{"start":{"line":69,"column":6},"end":{"line":69,"column":62}},"58":{"start":{"line":70,"column":6},"end":{"line":70,"column":19}},"59":{"start":{"line":71,"column":14},"end":{"line":71,"column":36}},"60":{"start":{"line":74,"column":2},"end":{"line":216,"column":4}},"61":{"start":{"line":88,"column":116},"end":{"line":88,"column":142}},"62":{"start":{"line":88,"column":143},"end":{"line":88,"column":154}},"63":{"start":{"line":90,"column":101},"end":{"line":90,"column":131}},"64":{"start":{"line":90,"column":132},"end":{"line":90,"column":143}},"65":{"start":{"line":91,"column":28},"end":{"line":91,"column":84}},"66":{"start":{"line":109,"column":18},"end":{"line":131,"column":23}},"67":{"start":{"line":124,"column":84},"end":{"line":124,"column":95}},"68":{"start":{"line":125,"column":84},"end":{"line":125,"column":103}},"69":{"start":{"line":128,"column":81},"end":{"line":128,"column":100}},"70":{"start":{"line":142,"column":14},"end":{"line":145,"column":23}},"71":{"start":{"line":143,"column":31},"end":{"line":143,"column":45}},"72":{"start":{"line":153,"column":54},"end":{"line":153,"column":69}},"73":{"start":{"line":154,"column":47},"end":{"line":154,"column":66}},"74":{"start":{"line":157,"column":37},"end":{"line":157,"column":52}},"75":{"start":{"line":164,"column":97},"end":{"line":164,"column":141}},"76":{"start":{"line":168,"column":94},"end":{"line":168,"column":135}},"77":{"start":{"line":173,"column":95},"end":{"line":173,"column":138}},"78":{"start":{"line":178,"column":105},"end":{"line":178,"column":153}},"79":{"start":{"line":184,"column":85},"end":{"line":184,"column":127}},"80":{"start":{"line":192,"column":102},"end":{"line":192,"column":151}},"81":{"start":{"line":198,"column":87},"end":{"line":198,"column":131}},"82":{"start":{"line":206,"column":83},"end":{"line":206,"column":98}}},"fnMap":{"0":{"name":"UsersManagementPage","decl":{"start":{"line":17,"column":24},"end":{"line":17,"column":43}},"loc":{"start":{"line":17,"column":46},"end":{"line":217,"column":1}},"line":17},"1":{"name":"(anonymous_1)","decl":{"start":{"line":30,"column":12},"end":{"line":30,"column":13}},"loc":{"start":{"line":30,"column":18},"end":{"line":30,"column":35}},"line":30},"2":{"name":"(anonymous_2)","decl":{"start":{"line":32,"column":21},"end":{"line":32,"column":22}},"loc":{"start":{"line":32,"column":33},"end":{"line":39,"column":3}},"line":32},"3":{"name":"(anonymous_3)","decl":{"start":{"line":41,"column":21},"end":{"line":41,"column":22}},"loc":{"start":{"line":41,"column":27},"end":{"line":41,"column":85}},"line":41},"4":{"name":"(anonymous_4)","decl":{"start":{"line":42,"column":19},"end":{"line":42,"column":20}},"loc":{"start":{"line":42,"column":26},"end":{"line":42,"column":96}},"line":42},"5":{"name":"(anonymous_5)","decl":{"start":{"line":44,"column":21},"end":{"line":44,"column":22}},"loc":{"start":{"line":44,"column":34},"end":{"line":59,"column":3}},"line":44},"6":{"name":"(anonymous_6)","decl":{"start":{"line":61,"column":23},"end":{"line":61,"column":24}},"loc":{"start":{"line":61,"column":37},"end":{"line":64,"column":3}},"line":61},"7":{"name":"(anonymous_7)","decl":{"start":{"line":66,"column":23},"end":{"line":66,"column":24}},"loc":{"start":{"line":66,"column":37},"end":{"line":72,"column":3}},"line":66},"8":{"name":"(anonymous_8)","decl":{"start":{"line":88,"column":109},"end":{"line":88,"column":110}},"loc":{"start":{"line":88,"column":114},"end":{"line":88,"column":156}},"line":88},"9":{"name":"(anonymous_9)","decl":{"start":{"line":90,"column":94},"end":{"line":90,"column":95}},"loc":{"start":{"line":90,"column":99},"end":{"line":90,"column":145}},"line":90},"10":{"name":"(anonymous_10)","decl":{"start":{"line":91,"column":23},"end":{"line":91,"column":24}},"loc":{"start":{"line":91,"column":28},"end":{"line":91,"column":84}},"line":91},"11":{"name":"(anonymous_11)","decl":{"start":{"line":108,"column":30},"end":{"line":108,"column":31}},"loc":{"start":{"line":109,"column":18},"end":{"line":131,"column":23}},"line":109},"12":{"name":"(anonymous_12)","decl":{"start":{"line":124,"column":78},"end":{"line":124,"column":79}},"loc":{"start":{"line":124,"column":84},"end":{"line":124,"column":95}},"line":124},"13":{"name":"(anonymous_13)","decl":{"start":{"line":125,"column":78},"end":{"line":125,"column":79}},"loc":{"start":{"line":125,"column":84},"end":{"line":125,"column":103}},"line":125},"14":{"name":"(anonymous_14)","decl":{"start":{"line":128,"column":75},"end":{"line":128,"column":76}},"loc":{"start":{"line":128,"column":81},"end":{"line":128,"column":100}},"line":128},"15":{"name":"(anonymous_15)","decl":{"start":{"line":141,"column":62},"end":{"line":141,"column":63}},"loc":{"start":{"line":142,"column":14},"end":{"line":145,"column":23}},"line":142},"16":{"name":"(anonymous_16)","decl":{"start":{"line":143,"column":25},"end":{"line":143,"column":26}},"loc":{"start":{"line":143,"column":31},"end":{"line":143,"column":45}},"line":143},"17":{"name":"(anonymous_17)","decl":{"start":{"line":153,"column":48},"end":{"line":153,"column":49}},"loc":{"start":{"line":153,"column":54},"end":{"line":153,"column":69}},"line":153},"18":{"name":"(anonymous_18)","decl":{"start":{"line":154,"column":42},"end":{"line":154,"column":43}},"loc":{"start":{"line":154,"column":47},"end":{"line":154,"column":66}},"line":154},"19":{"name":"(anonymous_19)","decl":{"start":{"line":157,"column":31},"end":{"line":157,"column":32}},"loc":{"start":{"line":157,"column":37},"end":{"line":157,"column":52}},"line":157},"20":{"name":"(anonymous_20)","decl":{"start":{"line":164,"column":92},"end":{"line":164,"column":93}},"loc":{"start":{"line":164,"column":97},"end":{"line":164,"column":141}},"line":164},"21":{"name":"(anonymous_21)","decl":{"start":{"line":168,"column":89},"end":{"line":168,"column":90}},"loc":{"start":{"line":168,"column":94},"end":{"line":168,"column":135}},"line":168},"22":{"name":"(anonymous_22)","decl":{"start":{"line":173,"column":90},"end":{"line":173,"column":91}},"loc":{"start":{"line":173,"column":95},"end":{"line":173,"column":138}},"line":173},"23":{"name":"(anonymous_23)","decl":{"start":{"line":178,"column":100},"end":{"line":178,"column":101}},"loc":{"start":{"line":178,"column":105},"end":{"line":178,"column":153}},"line":178},"24":{"name":"(anonymous_24)","decl":{"start":{"line":184,"column":80},"end":{"line":184,"column":81}},"loc":{"start":{"line":184,"column":85},"end":{"line":184,"column":127}},"line":184},"25":{"name":"(anonymous_25)","decl":{"start":{"line":192,"column":97},"end":{"line":192,"column":98}},"loc":{"start":{"line":192,"column":102},"end":{"line":192,"column":151}},"line":192},"26":{"name":"(anonymous_26)","decl":{"start":{"line":198,"column":82},"end":{"line":198,"column":83}},"loc":{"start":{"line":198,"column":87},"end":{"line":198,"column":131}},"line":198},"27":{"name":"(anonymous_27)","decl":{"start":{"line":206,"column":77},"end":{"line":206,"column":78}},"loc":{"start":{"line":206,"column":83},"end":{"line":206,"column":98}},"line":206}},"branchMap":{"0":{"loc":{"start":{"line":48,"column":6},"end":{"line":55,"column":7}},"type":"if","locations":[{"start":{"line":48,"column":6},"end":{"line":55,"column":7}},{"start":{"line":52,"column":13},"end":{"line":55,"column":7}}],"line":48},"1":{"loc":{"start":{"line":58,"column":32},"end":{"line":58,"column":71}},"type":"binary-expr","locations":[{"start":{"line":58,"column":32},"end":{"line":58,"column":59}},{"start":{"line":58,"column":63},"end":{"line":58,"column":71}}],"line":58},"2":{"loc":{"start":{"line":62,"column":4},"end":{"line":62,"column":62}},"type":"if","locations":[{"start":{"line":62,"column":4},"end":{"line":62,"column":62}},{"start":{},"end":{}}],"line":62},"3":{"loc":{"start":{"line":97,"column":9},"end":{"line":136,"column":9}},"type":"cond-expr","locations":[{"start":{"line":98,"column":10},"end":{"line":98,"column":80}},{"start":{"line":100,"column":10},"end":{"line":135,"column":16}}],"line":97},"4":{"loc":{"start":{"line":106,"column":17},"end":{"line":132,"column":18}},"type":"cond-expr","locations":[{"start":{"line":107,"column":18},"end":{"line":107,"column":132}},{"start":{"line":108,"column":20},"end":{"line":132,"column":18}}],"line":106},"5":{"loc":{"start":{"line":112,"column":52},"end":{"line":112,"column":71}},"type":"binary-expr","locations":[{"start":{"line":112,"column":52},"end":{"line":112,"column":65}},{"start":{"line":112,"column":69},"end":{"line":112,"column":71}}],"line":112},"6":{"loc":{"start":{"line":112,"column":74},"end":{"line":112,"column":90}},"type":"binary-expr","locations":[{"start":{"line":112,"column":74},"end":{"line":112,"column":84}},{"start":{"line":112,"column":88},"end":{"line":112,"column":90}}],"line":112},"7":{"loc":{"start":{"line":118,"column":50},"end":{"line":118,"column":70}},"type":"binary-expr","locations":[{"start":{"line":118,"column":50},"end":{"line":118,"column":63}},{"start":{"line":118,"column":67},"end":{"line":118,"column":70}}],"line":118},"8":{"loc":{"start":{"line":120,"column":48},"end":{"line":120,"column":103}},"type":"cond-expr","locations":[{"start":{"line":120,"column":71},"end":{"line":120,"column":86}},{"start":{"line":120,"column":89},"end":{"line":120,"column":103}}],"line":120},"9":{"loc":{"start":{"line":126,"column":27},"end":{"line":126,"column":138}},"type":"cond-expr","locations":[{"start":{"line":126,"column":50},"end":{"line":126,"column":93}},{"start":{"line":126,"column":96},"end":{"line":126,"column":138}}],"line":126},"10":{"loc":{"start":{"line":139,"column":9},"end":{"line":148,"column":9}},"type":"binary-expr","locations":[{"start":{"line":139,"column":9},"end":{"line":139,"column":22}},{"start":{"line":140,"column":10},"end":{"line":147,"column":16}}],"line":139},"11":{"loc":{"start":{"line":142,"column":55},"end":{"line":142,"column":103}},"type":"cond-expr","locations":[{"start":{"line":142,"column":72},"end":{"line":142,"column":85}},{"start":{"line":142,"column":88},"end":{"line":142,"column":103}}],"line":142},"12":{"loc":{"start":{"line":152,"column":7},"end":{"line":214,"column":7}},"type":"binary-expr","locations":[{"start":{"line":152,"column":7},"end":{"line":152,"column":12}},{"start":{"line":153,"column":8},"end":{"line":213,"column":14}}],"line":152},"13":{"loc":{"start":{"line":156,"column":43},"end":{"line":156,"column":74}},"type":"cond-expr","locations":[{"start":{"line":156,"column":54},"end":{"line":156,"column":64}},{"start":{"line":156,"column":67},"end":{"line":156,"column":74}}],"line":156},"14":{"loc":{"start":{"line":175,"column":17},"end":{"line":180,"column":17}},"type":"binary-expr","locations":[{"start":{"line":175,"column":17},"end":{"line":175,"column":26}},{"start":{"line":176,"column":18},"end":{"line":179,"column":24}}],"line":175},"15":{"loc":{"start":{"line":195,"column":17},"end":{"line":203,"column":17}},"type":"binary-expr","locations":[{"start":{"line":195,"column":17},"end":{"line":195,"column":25}},{"start":{"line":196,"column":18},"end":{"line":202,"column":24}}],"line":195},"16":{"loc":{"start":{"line":208,"column":19},"end":{"line":208,"column":99}},"type":"cond-expr","locations":[{"start":{"line":208,"column":28},"end":{"line":208,"column":83}},{"start":{"line":208,"column":86},"end":{"line":208,"column":99}}],"line":208}},"s":{"0":1,"1":1,"2":1,"3":52,"4":51,"5":51,"6":51,"7":51,"8":51,"9":51,"10":51,"11":51,"12":51,"13":51,"14":51,"15":20,"16":51,"17":23,"18":23,"19":23,"20":22,"21":22,"22":0,"23":22,"24":51,"25":2,"26":2,"27":2,"28":51,"29":2,"30":2,"31":2,"32":51,"33":1,"34":1,"35":1,"36":1,"37":0,"38":0,"39":0,"40":1,"41":1,"42":1,"43":1,"44":0,"45":1,"46":51,"47":2,"48":1,"49":1,"50":1,"51":1,"52":1,"53":0,"54":51,"55":1,"56":1,"57":1,"58":1,"59":0,"60":51,"61":1,"62":1,"63":1,"64":1,"65":204,"66":54,"67":2,"68":1,"69":2,"70":3,"71":0,"72":0,"73":0,"74":0,"75":1,"76":0,"77":0,"78":0,"79":0,"80":0,"81":0,"82":0},"f":{"0":52,"1":20,"2":23,"3":2,"4":2,"5":1,"6":2,"7":1,"8":1,"9":1,"10":204,"11":54,"12":2,"13":1,"14":2,"15":3,"16":0,"17":0,"18":0,"19":0,"20":1,"21":0,"22":0,"23":0,"24":0,"25":0,"26":0,"27":0},"b":{"0":[0,1],"1":[0,0],"2":[1,1],"3":[24,27],"4":[0,27],"5":[54,0],"6":[54,0],"7":[54,0],"8":[27,27],"9":[27,27],"10":[51,1],"11":[1,2],"12":[51,10],"13":[2,8],"14":[10,8],"15":[10,2],"16":[1,9]},"_coverageSchema":"1a1c01bbd47fc00a2c39e90264f33305004495a9","hash":"31d782d4dc747625a8d2e2c3a40e11d3592c00df"}
,"D:\\fixed-project\\frontend\\src\\pages\\auth\\AuthLayout.js": {"path":"D:\\fixed-project\\frontend\\src\\pages\\auth\\AuthLayout.js","statementMap":{"0":{"start":{"line":7,"column":2},"end":{"line":29,"column":4}}},"fnMap":{"0":{"name":"AuthLayout","decl":{"start":{"line":6,"column":24},"end":{"line":6,"column":34}},"loc":{"start":{"line":6,"column":49},"end":{"line":30,"column":1}},"line":6}},"branchMap":{},"s":{"0":55},"f":{"0":55},"b":{},"_coverageSchema":"1a1c01bbd47fc00a2c39e90264f33305004495a9","hash":"3c0736abad4f19bc5fdb0ab484b6d4ecec3d7930"}
,"D:\\fixed-project\\frontend\\src\\pages\\auth\\ForgotPasswordPage.js": {"path":"D:\\fixed-project\\frontend\\src\\pages\\auth\\ForgotPasswordPage.js","statementMap":{"0":{"start":{"line":9,"column":28},"end":{"line":9,"column":40}},"1":{"start":{"line":10,"column":32},"end":{"line":10,"column":47}},"2":{"start":{"line":11,"column":26},"end":{"line":11,"column":41}},"3":{"start":{"line":13,"column":23},"end":{"line":25,"column":3}},"4":{"start":{"line":14,"column":4},"end":{"line":14,"column":23}},"5":{"start":{"line":15,"column":4},"end":{"line":15,"column":21}},"6":{"start":{"line":16,"column":4},"end":{"line":24,"column":5}},"7":{"start":{"line":17,"column":6},"end":{"line":17,"column":38}},"8":{"start":{"line":18,"column":6},"end":{"line":18,"column":20}},"9":{"start":{"line":19,"column":6},"end":{"line":19,"column":46}},"10":{"start":{"line":21,"column":6},"end":{"line":21,"column":59}},"11":{"start":{"line":23,"column":6},"end":{"line":23,"column":24}},"12":{"start":{"line":27,"column":2},"end":{"line":64,"column":4}},"13":{"start":{"line":41,"column":47},"end":{"line":41,"column":71}}},"fnMap":{"0":{"name":"ForgotPasswordPage","decl":{"start":{"line":8,"column":24},"end":{"line":8,"column":42}},"loc":{"start":{"line":8,"column":45},"end":{"line":65,"column":1}},"line":8},"1":{"name":"(anonymous_1)","decl":{"start":{"line":13,"column":23},"end":{"line":13,"column":24}},"loc":{"start":{"line":13,"column":36},"end":{"line":25,"column":3}},"line":13},"2":{"name":"(anonymous_2)","decl":{"start":{"line":41,"column":42},"end":{"line":41,"column":43}},"loc":{"start":{"line":41,"column":47},"end":{"line":41,"column":71}},"line":41}},"branchMap":{"0":{"loc":{"start":{"line":21,"column":18},"end":{"line":21,"column":57}},"type":"binary-expr","locations":[{"start":{"line":21,"column":18},"end":{"line":21,"column":45}},{"start":{"line":21,"column":49},"end":{"line":21,"column":57}}],"line":21},"1":{"loc":{"start":{"line":29,"column":7},"end":{"line":57,"column":7}},"type":"cond-expr","locations":[{"start":{"line":30,"column":8},"end":{"line":48,"column":11}},{"start":{"line":50,"column":8},"end":{"line":56,"column":14}}],"line":29},"2":{"loc":{"start":{"line":45,"column":15},"end":{"line":45,"column":104}},"type":"cond-expr","locations":[{"start":{"line":45,"column":25},"end":{"line":45,"column":75}},{"start":{"line":45,"column":78},"end":{"line":45,"column":104}}],"line":45}},"s":{"0":24,"1":24,"2":24,"3":24,"4":5,"5":5,"6":5,"7":5,"8":3,"9":3,"10":1,"11":4,"12":24,"13":6},"f":{"0":24,"1":5,"2":6},"b":{"0":[1,0],"1":[21,3],"2":[5,16]},"_coverageSchema":"1a1c01bbd47fc00a2c39e90264f33305004495a9","hash":"e8aad10556e57176d38a046dd14567fa99eb71d2"}
,"D:\\fixed-project\\frontend\\src\\pages\\auth\\LoginPage.js": {"path":"D:\\fixed-project\\frontend\\src\\pages\\auth\\LoginPage.js","statementMap":{"0":{"start":{"line":10,"column":20},"end":{"line":10,"column":29}},"1":{"start":{"line":11,"column":19},"end":{"line":11,"column":32}},"2":{"start":{"line":12,"column":26},"end":{"line":12,"column":65}},"3":{"start":{"line":13,"column":32},"end":{"line":13,"column":47}},"4":{"start":{"line":14,"column":32},"end":{"line":14,"column":47}},"5":{"start":{"line":16,"column":23},"end":{"line":29,"column":3}},"6":{"start":{"line":17,"column":4},"end":{"line":17,"column":23}},"7":{"start":{"line":18,"column":4},"end":{"line":18,"column":21}},"8":{"start":{"line":19,"column":4},"end":{"line":28,"column":5}},"9":{"start":{"line":20,"column":18},"end":{"line":20,"column":38}},"10":{"start":{"line":21,"column":6},"end":{"line":21,"column":43}},"11":{"start":{"line":22,"column":6},"end":{"line":22,"column":59}},"12":{"start":{"line":23,"column":6},"end":{"line":23,"column":29}},"13":{"start":{"line":25,"column":6},"end":{"line":25,"column":72}},"14":{"start":{"line":27,"column":6},"end":{"line":27,"column":24}},"15":{"start":{"line":31,"column":2},"end":{"line":95,"column":4}},"16":{"start":{"line":55,"column":35},"end":{"line":55,"column":78}},"17":{"start":{"line":69,"column":35},"end":{"line":69,"column":83}},"18":{"start":{"line":72,"column":78},"end":{"line":72,"column":98}}},"fnMap":{"0":{"name":"LoginPage","decl":{"start":{"line":9,"column":24},"end":{"line":9,"column":33}},"loc":{"start":{"line":9,"column":36},"end":{"line":96,"column":1}},"line":9},"1":{"name":"(anonymous_1)","decl":{"start":{"line":16,"column":23},"end":{"line":16,"column":24}},"loc":{"start":{"line":16,"column":36},"end":{"line":29,"column":3}},"line":16},"2":{"name":"(anonymous_2)","decl":{"start":{"line":55,"column":30},"end":{"line":55,"column":31}},"loc":{"start":{"line":55,"column":35},"end":{"line":55,"column":78}},"line":55},"3":{"name":"(anonymous_3)","decl":{"start":{"line":69,"column":30},"end":{"line":69,"column":31}},"loc":{"start":{"line":69,"column":35},"end":{"line":69,"column":83}},"line":69},"4":{"name":"(anonymous_4)","decl":{"start":{"line":72,"column":72},"end":{"line":72,"column":73}},"loc":{"start":{"line":72,"column":78},"end":{"line":72,"column":98}},"line":72}},"branchMap":{"0":{"loc":{"start":{"line":25,"column":18},"end":{"line":25,"column":70}},"type":"binary-expr","locations":[{"start":{"line":25,"column":18},"end":{"line":25,"column":45}},{"start":{"line":25,"column":49},"end":{"line":25,"column":70}}],"line":25},"1":{"loc":{"start":{"line":65,"column":26},"end":{"line":65,"column":55}},"type":"cond-expr","locations":[{"start":{"line":65,"column":36},"end":{"line":65,"column":42}},{"start":{"line":65,"column":45},"end":{"line":65,"column":55}}],"line":65},"2":{"loc":{"start":{"line":73,"column":21},"end":{"line":73,"column":55}},"type":"cond-expr","locations":[{"start":{"line":73,"column":31},"end":{"line":73,"column":43}},{"start":{"line":73,"column":46},"end":{"line":73,"column":55}}],"line":73},"3":{"loc":{"start":{"line":83,"column":17},"end":{"line":83,"column":91}},"type":"cond-expr","locations":[{"start":{"line":83,"column":27},"end":{"line":83,"column":81}},{"start":{"line":83,"column":84},"end":{"line":83,"column":91}}],"line":83}},"s":{"0":23,"1":23,"2":23,"3":23,"4":23,"5":23,"6":3,"7":3,"8":3,"9":3,"10":1,"11":1,"12":1,"13":1,"14":2,"15":23,"16":4,"17":3,"18":2},"f":{"0":23,"1":3,"2":4,"3":3,"4":2},"b":{"0":[1,0],"1":[1,22],"2":[1,22],"3":[3,20]},"_coverageSchema":"1a1c01bbd47fc00a2c39e90264f33305004495a9","hash":"e728e02914596e4cc8b023a97a23d099d1efe86a"}
,"D:\\fixed-project\\frontend\\src\\pages\\auth\\RegisterPage.js": {"path":"D:\\fixed-project\\frontend\\src\\pages\\auth\\RegisterPage.js","statementMap":{"0":{"start":{"line":11,"column":20},"end":{"line":11,"column":29}},"1":{"start":{"line":12,"column":19},"end":{"line":12,"column":32}},"2":{"start":{"line":13,"column":26},"end":{"line":13,"column":125}},"3":{"start":{"line":14,"column":32},"end":{"line":14,"column":47}},"4":{"start":{"line":15,"column":32},"end":{"line":15,"column":47}},"5":{"start":{"line":17,"column":23},"end":{"line":30,"column":3}},"6":{"start":{"line":18,"column":4},"end":{"line":18,"column":23}},"7":{"start":{"line":19,"column":4},"end":{"line":19,"column":21}},"8":{"start":{"line":20,"column":4},"end":{"line":29,"column":5}},"9":{"start":{"line":21,"column":18},"end":{"line":21,"column":41}},"10":{"start":{"line":22,"column":6},"end":{"line":22,"column":43}},"11":{"start":{"line":23,"column":6},"end":{"line":23,"column":48}},"12":{"start":{"line":24,"column":6},"end":{"line":24,"column":29}},"13":{"start":{"line":26,"column":6},"end":{"line":26,"column":82}},"14":{"start":{"line":28,"column":6},"end":{"line":28,"column":24}},"15":{"start":{"line":32,"column":2},"end":{"line":100,"column":4}},"16":{"start":{"line":46,"column":31},"end":{"line":46,"column":75}},"17":{"start":{"line":52,"column":29},"end":{"line":52,"column":70}},"18":{"start":{"line":61,"column":29},"end":{"line":61,"column":72}},"19":{"start":{"line":70,"column":29},"end":{"line":70,"column":78}},"20":{"start":{"line":84,"column":53},"end":{"line":84,"column":101}},"21":{"start":{"line":85,"column":72},"end":{"line":85,"column":92}}},"fnMap":{"0":{"name":"RegisterPage","decl":{"start":{"line":10,"column":24},"end":{"line":10,"column":36}},"loc":{"start":{"line":10,"column":39},"end":{"line":101,"column":1}},"line":10},"1":{"name":"(anonymous_1)","decl":{"start":{"line":17,"column":23},"end":{"line":17,"column":24}},"loc":{"start":{"line":17,"column":36},"end":{"line":30,"column":3}},"line":17},"2":{"name":"(anonymous_2)","decl":{"start":{"line":46,"column":26},"end":{"line":46,"column":27}},"loc":{"start":{"line":46,"column":31},"end":{"line":46,"column":75}},"line":46},"3":{"name":"(anonymous_3)","decl":{"start":{"line":52,"column":24},"end":{"line":52,"column":25}},"loc":{"start":{"line":52,"column":29},"end":{"line":52,"column":70}},"line":52},"4":{"name":"(anonymous_4)","decl":{"start":{"line":61,"column":24},"end":{"line":61,"column":25}},"loc":{"start":{"line":61,"column":29},"end":{"line":61,"column":72}},"line":61},"5":{"name":"(anonymous_5)","decl":{"start":{"line":70,"column":24},"end":{"line":70,"column":25}},"loc":{"start":{"line":70,"column":29},"end":{"line":70,"column":78}},"line":70},"6":{"name":"(anonymous_6)","decl":{"start":{"line":84,"column":48},"end":{"line":84,"column":49}},"loc":{"start":{"line":84,"column":53},"end":{"line":84,"column":101}},"line":84},"7":{"name":"(anonymous_7)","decl":{"start":{"line":85,"column":66},"end":{"line":85,"column":67}},"loc":{"start":{"line":85,"column":72},"end":{"line":85,"column":92}},"line":85}},"branchMap":{"0":{"loc":{"start":{"line":26,"column":18},"end":{"line":26,"column":80}},"type":"binary-expr","locations":[{"start":{"line":26,"column":18},"end":{"line":26,"column":45}},{"start":{"line":26,"column":49},"end":{"line":26,"column":80}}],"line":26},"1":{"loc":{"start":{"line":83,"column":25},"end":{"line":83,"column":54}},"type":"cond-expr","locations":[{"start":{"line":83,"column":35},"end":{"line":83,"column":41}},{"start":{"line":83,"column":44},"end":{"line":83,"column":54}}],"line":83},"2":{"loc":{"start":{"line":86,"column":15},"end":{"line":86,"column":49}},"type":"cond-expr","locations":[{"start":{"line":86,"column":25},"end":{"line":86,"column":37}},{"start":{"line":86,"column":40},"end":{"line":86,"column":49}}],"line":86},"3":{"loc":{"start":{"line":92,"column":11},"end":{"line":92,"column":95}},"type":"cond-expr","locations":[{"start":{"line":92,"column":21},"end":{"line":92,"column":74}},{"start":{"line":92,"column":77},"end":{"line":92,"column":95}}],"line":92}},"s":{"0":28,"1":28,"2":28,"3":28,"4":28,"5":28,"6":3,"7":3,"8":3,"9":3,"10":1,"11":1,"12":1,"13":1,"14":2,"15":28,"16":4,"17":3,"18":3,"19":0,"20":3,"21":1},"f":{"0":28,"1":3,"2":4,"3":3,"4":3,"5":0,"6":3,"7":1},"b":{"0":[1,0],"1":[1,27],"2":[1,27],"3":[3,25]},"_coverageSchema":"1a1c01bbd47fc00a2c39e90264f33305004495a9","hash":"9e51003987326248214ea63865cafa35aa0e1dc5"}
,"D:\\fixed-project\\frontend\\src\\pages\\shared\\DashboardPage.js": {"path":"D:\\fixed-project\\frontend\\src\\pages\\shared\\DashboardPage.js","statementMap":{"0":{"start":{"line":9,"column":19},"end":{"line":9,"column":28}},"1":{"start":{"line":10,"column":26},"end":{"line":10,"column":40}},"2":{"start":{"line":11,"column":32},"end":{"line":11,"column":46}},"3":{"start":{"line":13,"column":2},"end":{"line":28,"column":13}},"4":{"start":{"line":14,"column":27},"end":{"line":26,"column":5}},"5":{"start":{"line":15,"column":6},"end":{"line":25,"column":7}},"6":{"start":{"line":17,"column":8},"end":{"line":19,"column":47}},"7":{"start":{"line":17,"column":40},"end":{"line":17,"column":72}},"8":{"start":{"line":18,"column":13},"end":{"line":19,"column":47}},"9":{"start":{"line":18,"column":50},"end":{"line":18,"column":87}},"10":{"start":{"line":19,"column":13},"end":{"line":19,"column":47}},"11":{"start":{"line":20,"column":8},"end":{"line":20,"column":31}},"12":{"start":{"line":22,"column":8},"end":{"line":22,"column":27}},"13":{"start":{"line":24,"column":8},"end":{"line":24,"column":26}},"14":{"start":{"line":27,"column":4},"end":{"line":27,"column":31}},"15":{"start":{"line":27,"column":14},"end":{"line":27,"column":31}},"16":{"start":{"line":30,"column":2},"end":{"line":30,"column":119}},"17":{"start":{"line":30,"column":15},"end":{"line":30,"column":119}},"18":{"start":{"line":32,"column":2},"end":{"line":32,"column":72}},"19":{"start":{"line":32,"column":34},"end":{"line":32,"column":72}},"20":{"start":{"line":33,"column":2},"end":{"line":33,"column":82}},"21":{"start":{"line":33,"column":39},"end":{"line":33,"column":82}},"22":{"start":{"line":34,"column":2},"end":{"line":34,"column":42}}},"fnMap":{"0":{"name":"DashboardPage","decl":{"start":{"line":8,"column":24},"end":{"line":8,"column":37}},"loc":{"start":{"line":8,"column":40},"end":{"line":35,"column":1}},"line":8},"1":{"name":"(anonymous_1)","decl":{"start":{"line":13,"column":12},"end":{"line":13,"column":13}},"loc":{"start":{"line":13,"column":18},"end":{"line":28,"column":3}},"line":13},"2":{"name":"(anonymous_2)","decl":{"start":{"line":14,"column":27},"end":{"line":14,"column":28}},"loc":{"start":{"line":14,"column":39},"end":{"line":26,"column":5}},"line":14}},"branchMap":{"0":{"loc":{"start":{"line":17,"column":8},"end":{"line":19,"column":47}},"type":"if","locations":[{"start":{"line":17,"column":8},"end":{"line":19,"column":47}},{"start":{"line":18,"column":13},"end":{"line":19,"column":47}}],"line":17},"1":{"loc":{"start":{"line":18,"column":13},"end":{"line":19,"column":47}},"type":"if","locations":[{"start":{"line":18,"column":13},"end":{"line":19,"column":47}},{"start":{"line":19,"column":13},"end":{"line":19,"column":47}}],"line":18},"2":{"loc":{"start":{"line":27,"column":4},"end":{"line":27,"column":31}},"type":"if","locations":[{"start":{"line":27,"column":4},"end":{"line":27,"column":31}},{"start":{},"end":{}}],"line":27},"3":{"loc":{"start":{"line":30,"column":2},"end":{"line":30,"column":119}},"type":"if","locations":[{"start":{"line":30,"column":2},"end":{"line":30,"column":119}},{"start":{},"end":{}}],"line":30},"4":{"loc":{"start":{"line":32,"column":2},"end":{"line":32,"column":72}},"type":"if","locations":[{"start":{"line":32,"column":2},"end":{"line":32,"column":72}},{"start":{},"end":{}}],"line":32},"5":{"loc":{"start":{"line":33,"column":2},"end":{"line":33,"column":82}},"type":"if","locations":[{"start":{"line":33,"column":2},"end":{"line":33,"column":82}},{"start":{},"end":{}}],"line":33}},"s":{"0":10,"1":10,"2":10,"3":10,"4":6,"5":5,"6":5,"7":2,"8":3,"9":1,"10":2,"11":4,"12":0,"13":4,"14":6,"15":5,"16":10,"17":6,"18":4,"19":2,"20":2,"21":1,"22":1},"f":{"0":10,"1":6,"2":5},"b":{"0":[2,3],"1":[1,2],"2":[5,1],"3":[6,4],"4":[2,2],"5":[1,1]},"_coverageSchema":"1a1c01bbd47fc00a2c39e90264f33305004495a9","hash":"033b002c00c90e5626c49e1fc5a42d0e0d8b37f3"}
,"D:\\fixed-project\\frontend\\src\\pages\\shared\\MessagesPage.js": {"path":"D:\\fixed-project\\frontend\\src\\pages\\shared\\MessagesPage.js","statementMap":{"0":{"start":{"line":11,"column":19},"end":{"line":18,"column":1}},"1":{"start":{"line":12,"column":12},"end":{"line":12,"column":26}},"2":{"start":{"line":13,"column":14},"end":{"line":13,"column":24}},"3":{"start":{"line":14,"column":19},"end":{"line":14,"column":51}},"4":{"start":{"line":15,"column":2},"end":{"line":15,"column":99}},"5":{"start":{"line":15,"column":22},"end":{"line":15,"column":99}},"6":{"start":{"line":16,"column":2},"end":{"line":16,"column":109}},"7":{"start":{"line":16,"column":22},"end":{"line":16,"column":109}},"8":{"start":{"line":17,"column":2},"end":{"line":17,"column":153}},"9":{"start":{"line":21,"column":19},"end":{"line":21,"column":28}},"10":{"start":{"line":22,"column":34},"end":{"line":22,"column":46}},"11":{"start":{"line":23,"column":48},"end":{"line":23,"column":62}},"12":{"start":{"line":24,"column":34},"end":{"line":24,"column":46}},"13":{"start":{"line":25,"column":48},"end":{"line":25,"column":62}},"14":{"start":{"line":26,"column":48},"end":{"line":26,"column":63}},"15":{"start":{"line":27,"column":26},"end":{"line":27,"column":38}},"16":{"start":{"line":28,"column":32},"end":{"line":28,"column":47}},"17":{"start":{"line":29,"column":44},"end":{"line":29,"column":59}},"18":{"start":{"line":30,"column":20},"end":{"line":30,"column":32}},"19":{"start":{"line":31,"column":18},"end":{"line":31,"column":30}},"20":{"start":{"line":33,"column":2},"end":{"line":36,"column":9}},"21":{"start":{"line":34,"column":4},"end":{"line":34,"column":19}},"22":{"start":{"line":35,"column":4},"end":{"line":35,"column":48}},"23":{"start":{"line":35,"column":17},"end":{"line":35,"column":47}},"24":{"start":{"line":38,"column":2},"end":{"line":45,"column":24}},"25":{"start":{"line":39,"column":4},"end":{"line":43,"column":5}},"26":{"start":{"line":40,"column":6},"end":{"line":40,"column":46}},"27":{"start":{"line":41,"column":6},"end":{"line":41,"column":37}},"28":{"start":{"line":42,"column":6},"end":{"line":42,"column":90}},"29":{"start":{"line":42,"column":42},"end":{"line":42,"column":82}},"30":{"start":{"line":44,"column":4},"end":{"line":44,"column":48}},"31":{"start":{"line":44,"column":17},"end":{"line":44,"column":47}},"32":{"start":{"line":47,"column":2},"end":{"line":49,"column":17}},"33":{"start":{"line":48,"column":4},"end":{"line":48,"column":62}},"34":{"start":{"line":51,"column":23},"end":{"line":59,"column":3}},"35":{"start":{"line":52,"column":4},"end":{"line":58,"column":44}},"36":{"start":{"line":53,"column":18},"end":{"line":53,"column":37}},"37":{"start":{"line":54,"column":6},"end":{"line":54,"column":39}},"38":{"start":{"line":56,"column":18},"end":{"line":56,"column":66}},"39":{"start":{"line":57,"column":6},"end":{"line":57,"column":54}},"40":{"start":{"line":58,"column":16},"end":{"line":58,"column":42}},"41":{"start":{"line":61,"column":23},"end":{"line":67,"column":3}},"42":{"start":{"line":62,"column":4},"end":{"line":62,"column":45}},"43":{"start":{"line":62,"colu
[...]
29,"column":76}},"20":{"start":{"line":29,"column":39},"end":{"line":29,"column":76}},"21":{"start":{"line":30,"column":30},"end":{"line":30,"column":78}},"22":{"start":{"line":30,"column":40},"end":{"line":30,"column":78}},"23":{"start":{"line":31,"column":30},"end":{"line":31,"column":79}},"24":{"start":{"line":31,"column":40},"end":{"line":31,"column":79}},"25":{"start":{"line":32,"column":29},"end":{"line":32,"column":92}},"26":{"start":{"line":32,"column":46},"end":{"line":32,"column":92}},"27":{"start":{"line":35,"column":24},"end":{"line":35,"column":65}},"28":{"start":{"line":35,"column":36},"end":{"line":35,"column":65}},"29":{"start":{"line":36,"column":26},"end":{"line":36,"column":60}},"30":{"start":{"line":36,"column":36},"end":{"line":36,"column":60}},"31":{"start":{"line":37,"column":26},"end":{"line":37,"column":69}},"32":{"start":{"line":37,"column":40},"end":{"line":37,"column":69}},"33":{"start":{"line":38,"column":26},"end":{"line":38,"column":60}},"34":{"start":{"line":38,"column":34},"end":{"line":38,"column":60}},"35":{"start":{"line":39,"column":32},"end":{"line":39,"column":79}},"36":{"start":{"line":39,"column":40},"end":{"line":39,"column":79}},"37":{"start":{"line":40,"column":30},"end":{"line":40,"column":65}},"38":{"start":{"line":40,"column":36},"end":{"line":40,"column":65}},"39":{"start":{"line":43,"column":27},"end":{"line":43,"column":71}},"40":{"start":{"line":43,"column":39},"end":{"line":43,"column":71}},"41":{"start":{"line":44,"column":30},"end":{"line":44,"column":64}},"42":{"start":{"line":44,"column":38},"end":{"line":44,"column":64}},"43":{"start":{"line":45,"column":29},"end":{"line":45,"column":66}},"44":{"start":{"line":45,"column":39},"end":{"line":45,"column":66}},"45":{"start":{"line":46,"column":29},"end":{"line":46,"column":75}},"46":{"start":{"line":46,"column":43},"end":{"line":46,"column":75}},"47":{"start":{"line":47,"column":31},"end":{"line":47,"column":88}},"48":{"start":{"line":47,"column":45},"end":{"line":47,"column":88}},"49":{"start":{"line":48,"column":29},"end":{"line":48,"column":66}},"50":{"start":{"line":48,"column":37},"end":{"line":48,"column":66}},"51":{"start":{"line":49,"column":29},"end":{"line":49,"column":67}},"52":{"start":{"line":49,"column":35},"end":{"line":49,"column":67}},"53":{"start":{"line":52,"column":30},"end":{"line":52,"column":103}},"54":{"start":{"line":52,"column":51},"end":{"line":52,"column":103}},"55":{"start":{"line":53,"column":31},"end":{"line":53,"column":79}},"56":{"start":{"line":53,"column":43},"end":{"line":53,"column":79}},"57":{"start":{"line":54,"column":33},"end":{"line":54,"column":83}},"58":{"start":{"line":54,"column":47},"end":{"line":54,"column":83}},"59":{"start":{"line":55,"column":33},"end":{"line":55,"column":74}},"60":{"start":{"line":55,"column":41},"end":{"line":55,"column":74}},"61":{"start":{"line":58,"column":27},"end":{"line":58,"column":71}},"62":{"start":{"line":58,"column":39},"end":{"line":58,"column":71}},"63":{"start":{"line":59,"column":30},"end":{"line":59,"column":64}},"64":{"start":{"line":59,"column":38},"end":{"line":59,"column":64}},"65":{"start":{"line":60,"column":29},"end":{"line":60,"column":75}},"66":{"start":{"line":60,"column":43},"end":{"line":60,"column":75}},"67":{"start":{"line":63,"column":29},"end":{"line":63,"column":87}},"68":{"start":{"line":63,"column":44},"end":{"line":63,"column":87}},"69":{"start":{"line":64,"column":31},"end":{"line":64,"column":102}},"70":{"start":{"line":64,"column":52},"end":{"line":64,"column":102}},"71":{"start":{"line":65,"column":31},"end":{"line":65,"column":79}},"72":{"start":{"line":65,"column":45},"end":{"line":65,"column":79}},"73":{"start":{"line":66,"column":31},"end":{"line":66,"column":70}},"74":{"start":{"line":66,"column":39},"end":{"line":66,"column":70}},"75":{"start":{"line":69,"column":31},"end":{"line":69,"column":91}},"76":{"start":{"line":69,"column":46},"end":{"line":69,"column":91}},"77":{"start":{"line":70,"column":33},"end":{"line":72,"column":2}},"78":{"start":{"line":70,"column":58},"end":{"line":72,"column":2}},"79":{"start":{"line":73,"column":33},"end":{"line":73,"column":74}},"80":{"start":{"line":73,"column":41},"end":{"line":73,"column":74}},"81":{"start":{"line":76,"column":29},"end":{"line":76,"column":88}},"82":{"start":{"line":76,"column":44},"end":{"line":76,"column":88}},"83":{"start":{"line":77,"column":40},"end":{"line":77,"column":112}},"84":{"start":{"line":77,"column":61},"end":{"line":77,"column":112}},"85":{"start":{"line":80,"column":32},"end":{"line":80,"column":63}},"86":{"start":{"line":80,"column":38},"end":{"line":80,"column":63}},"87":{"start":{"line":81,"column":26},"end":{"line":81,"column":72}},"88":{"start":{"line":81,"column":34},"end":{"line":81,"column":72}},"89":{"start":{"line":82,"column":29},"end":{"line":82,"column":76}},"90":{"start":{"line":82,"column":35},"end":{"line":82,"column":76}},"91":{"start":{"line":83,"column":34},"end":{"line":83,"column":76}},"92":{"start":{"line":83,"column":42},"end":{"line":83,"column":76}},"93":{"start":{"line":86,"column":33},"end":{"line":86,"column":66}},"94":{"start":{"line":86,"column":39},"end":{"line":86,"column":66}},"95":{"start":{"line":87,"column":38},"end":{"line":87,"column":76}},"96":{"start":{"line":87,"column":44},"end":{"line":87,"column":76}},"97":{"start":{"line":88,"column":35},"end":{"line":88,"column":70}},"98":{"start":{"line":88,"column":41},"end":{"line":88,"column":70}},"99":{"start":{"line":93,"column":27},"end":{"line":93,"column":75}},"100":{"start":{"line":93,"column":42},"end":{"line":93,"column":75}},"101":{"start":{"line":94,"column":27},"end":{"line":94,"column":88}},"102":{"start":{"line":94,"column":48},"end":{"line":94,"column":88}},"103":{"start":{"line":95,"column":24},"end":{"line":97,"column":2}},"104":{"start":{"line":95,"column":49},"end":{"line":97,"column":2}},"105":{"start":{"line":98,"column":31},"end":{"line":98,"column":71}},"106":{"start":{"line":98,"column":37},"end":{"line":98,"column":71}},"107":{"start":{"line":101,"column":33},"end":{"line":101,"column":66}},"108":{"start":{"line":101,"column":45},"end":{"line":101,"column":66}},"109":{"start":{"line":102,"column":33},"end":{"line":102,"column":75}},"110":{"start":{"line":102,"column":45},"end":{"line":102,"column":75}},"111":{"start":{"line":103,"column":33},"end":{"line":103,"column":70}},"112":{"start":{"line":103,"column":45},"end":{"line":103,"column":70}},"113":{"start":{"line":104,"column":33},"end":{"line":104,"column":77}},"114":{"start":{"line":104,"column":45},"end":{"line":104,"column":77}},"115":{"start":{"line":105,"column":33},"end":{"line":105,"column":81}},"116":{"start":{"line":105,"column":45},"end":{"line":105,"column":81}},"117":{"start":{"line":106,"column":33},"end":{"line":106,"column":72}},"118":{"start":{"line":106,"column":45},"end":{"line":106,"column":72}},"119":{"start":{"line":107,"column":33},"end":{"line":107,"column":66}},"120":{"start":{"line":107,"column":45},"end":{"line":107,"column":66}},"121":{"start":{"line":108,"column":33},"end":{"line":108,"column":84}},"122":{"start":{"line":108,"column":45},"end":{"line":108,"column":84}},"123":{"start":{"line":109,"column":34},"end":{"line":109,"column":64}},"124":{"start":{"line":109,"column":46},"end":{"line":109,"column":64}}},"fnMap":{"0":{"name":"(anonymous_0)","decl":{"start":{"line":7,"column":29},"end":{"line":7,"column":30}},"loc":{"start":{"line":7,"column":41},"end":{"line":11,"column":1}},"line":7},"1":{"name":"(anonymous_1)","decl":{"start":{"line":14,"column":2},"end":{"line":14,"column":3}},"loc":{"start":{"line":14,"column":11},"end":{"line":14,"column":14}},"line":14},"2":{"name":"(anonymous_2)","decl":{"start":{"line":15,"column":2},"end":{"line":15,"column":3}},"loc":{"start":{"line":15,"column":11},"end":{"line":22,"column":3}},"line":15},"3":{"name":"(anonymous_3)","decl":{"start":{"line":26,"column":21},"end":{"line":26,"column":22}},"loc":{"start":{"line":26,"column":31},"end":{"line":26,"column":60}},"line":26},"4":{"name":"(anonymous_4)","decl":{"start":{"line":27,"column":24},"end":{"line":27,"column":25}},"loc":{"start":{"line":27,"column":34},"end":{"line":27,"column":66}},"line":27},"5":{"name":"(anonymous_5)","decl":{"start":{"line":28,"column":21},"end":{"line":28,"column":22}},"loc":{"start":{"line":28,"column":27},"end":{"line":28,"column":46}},"line":28},"6":{"name":"(anonymous_6)","decl":{"start":{"line":29,"column":29},"end":{"line":29,"column":30}},"loc":{"start":{"line":29,"column":39},"end":{"line":29,"column":76}},"line":29},"7":{"name":"(anonymous_7)","decl":{"start":{"line":30,"column":30},"end":{"line":30,"column":31}},"loc":{"start":{"line":30,"column":40},"end":{"line":30,"column":78}},"line":30},"8":{"name":"(anonymous_8)","decl":{"start":{"line":31,"column":30},"end":{"line":31,"column":31}},"loc":{"start":{"line":31,"column":40},"end":{"line":31,"column":79}},"line":31},"9":{"name":"(anonymous_9)","decl":{"start":{"line":32,"column":29},"end":{"line":32,"column":30}},"loc":{"start":{"line":32,"column":46},"end":{"line":32,"column":92}},"line":32},"10":{"name":"(anonymous_10)","decl":{"start":{"line":35,"column":24},"end":{"line":35,"column":25}},"loc":{"start":{"line":35,"column":36},"end":{"line":35,"column":65}},"line":35},"11":{"name":"(anonymous_11)","decl":{"start":{"line":36,"column":26},"end":{"line":36,"column":27}},"loc":{"start":{"line":36,"column":36},"end":{"line":36,"column":60}},"line":36},"12":{"name":"(anonymous_12)","decl":{"start":{"line":37,"column":26},"end":{"line":37,"column":27}},"loc":{"start":{"line":37,"column":40},"end":{"line":37,"column":69}},"line":37},"13":{"name":"(anonymous_13)","decl":{"start":{"line":38,"column":26},"end":{"line":38,"column":27}},"loc":{"start":{"line":38,"column":34},"end":{"line":38,"column":60}},"line":38},"14":{"name":"(anonymous_14)","decl":{"start":{"line":39,"column":32},"end":{"line":39,"column":33}},"loc":{"start":{"line":39,"column":40},"end":{"line":39,"column":79}},"line":39},"15":{"name":"(anonymous_15)","decl":{"start":{"line":40,"column":30},"end":{"line":40,"column":31}},"loc":{"start":{"line":40,"column":36},"end":{"line":40,"column":65}},"line":40},"16":{"name":"(anonymous_16)","decl":{"start":{"line":43,"column":27},"end":{"line":43,"column":28}},"loc":{"start":{"line":43,"column":39},"end":{"line":43,"column":71}},"line":43},"17":{"name":"(anonymous_17)","decl":{"start":{"line":44,"column":30},"end":{"line":44,"column":31}},"loc":{"start":{"line":44,"column":38},"end":{"line":44,"column":64}},"line":44},"18":{"name":"(anonymous_18)","decl":{"start":{"line":45,"column":29},"end":{"line":45,"column":30}},"loc":{"start":{"line":45,"column":39},"end":{"line":45,"column":66}},"line":45},"19":{"name":"(anonymous_19)","decl":{"start":{"line":46,"column":29},"end":{"line":46,"column":30}},"loc":{"start":{"line":46,"column":43},"end":{"line":46,"column":75}},"line":46},"20":{"name":"(anonymous_20)","decl":{"start":{"line":47,"column":31},"end":{"line":47,"column":32}},"loc":{"start":{"line":47,"column":45},"end":{"line":47,"column":88}},"line":47},"21":{"name":"(anonymous_21)","decl":{"start":{"line":48,"column":29},"end":{"line":48,"column":30}},"loc":{"start":{"line":48,"column":37},"end":{"line":48,"column":66}},"line":48},"22":{"name":"(anonymous_22)","decl":{"start":{"line":49,"column":29},"end":{"line":49,"column":30}},"loc":{"start":{"line":49,"column":35},"end":{"line":49,"column":67}},"line":49},"23":{"name":"(anonymous_23)","decl":{"start":{"line":52,"column":30},"end":{"line":52,"column":31}},"loc":{"start":{"line":52,"column":51},"end":{"line":52,"column":103}},"line":52},"24":{"name":"(anonymous_24)","decl":{"start":{"line":53,"column":31},"end":{"line":53,"column":32}},"loc":{"start":{"line":53,"column":43},"end":{"line":53,"column":79}},"line":53},"25":{"name":"(anonymous_25)","decl":{"start":{"line":54,"column":33},"end":{"line":54,"column":34}},"loc":{"start":{"line":54,"column":47},"end":{"line":54,"column":83}},"line":54},"26":{"name":"(anonymous_26)","decl":{"start":{"line":55,"column":33},"end":{"line":55,"column":34}},"loc":{"start":{"line":55,"column":41},"end":{"line":55,"column":74}},"line":55},"27":{"name":"(anonymous_27)","decl":{"start":{"line":58,"column":27},"end":{"line":58,"column":28}},"loc":{"start":{"line":58,"column":39},"end":{"line":58,"column":71}},"line":58},"28":{"name":"(anonymous_28)","decl":{"start":{"line":59,"column":30},"end":{"line":59,"column":31}},"loc":{"start":{"line":59,"column":38},"end":{"line":59,"column":64}},"line":59},"29":{"name":"(anonymous_29)","decl":{"start":{"line":60,"column":29},"end":{"line":60,"column":30}},"loc":{"start":{"line":60,"column":43},"end":{"line":60,"column":75}},"line":60},"30":{"name":"(anonymous_30)","decl":{"start":{"line":63,"column":29},"end":{"line":63,"column":30}},"loc":{"start":{"line":63,"column":44},"end":{"line":63,"column":87}},"line":63},"31":{"name":"(anonymous_31)","decl":{"start":{"line":64,"column":31},"end":{"line":64,"column":32}},"loc":{"start":{"line":64,"column":52},"end":{"line":64,"column":102}},"line":64},"32":{"name":"(anonymous_32)","decl":{"start":{"line":65,"column":31},"end":{"line":65,"column":32}},"loc":{"start":{"line":65,"column":45},"end":{"line":65,"column":79}},"line":65},"33":{"name":"(anonymous_33)","decl":{"start":{"line":66,"column":31},"end":{"line":66,"column":32}},"loc":{"start":{"line":66,"column":39},"end":{"line":66,"column":70}},"line":66},"34":{"name":"(anonymous_34)","decl":{"start":{"line":69,"column":31},"end":{"line":69,"column":32}},"loc":{"start":{"line":69,"column":46},"end":{"line":69,"column":91}},"line":69},"35":{"name":"(anonymous_35)","decl":{"start":{"line":70,"column":33},"end":{"line":70,"column":34}},"loc":{"start":{"line":70,"column":58},"end":{"line":72,"column":2}},"line":70},"36":{"name":"(anonymous_36)","decl":{"start":{"line":73,"column":33},"end":{"line":73,"column":34}},"loc":{"start":{"line":73,"column":41},"end":{"line":73,"column":74}},"line":73},"37":{"name":"(anonymous_37)","decl":{"start":{"line":76,"column":29},"end":{"line":76,"column":30}},"loc":{"start":{"line":76,"column":44},"end":{"line":76,"column":88}},"line":76},"38":{"name":"(anonymous_38)","decl":{"start":{"line":77,"column":40},"end":{"line":77,"column":41}},"loc":{"start":{"line":77,"column":61},"end":{"line":77,"column":112}},"line":77},"39":{"name":"(anonymous_39)","decl":{"start":{"line":80,"column":32},"end":{"line":80,"column":33}},"loc":{"start":{"line":80,"column":38},"end":{"line":80,"column":63}},"line":80},"40":{"name":"(anonymous_40)","decl":{"start":{"line":81,"column":26},"end":{"line":81,"column":27}},"loc":{"start":{"line":81,"column":34},"end":{"line":81,"column":72}},"line":81},"41":{"name":"(anonymous_41)","decl":{"start":{"line":82,"column":29},"end":{"line":82,"column":30}},"loc":{"start":{"line":82,"column":35},"end":{"line":82,"column":76}},"line":82},"42":{"name":"(anonymous_42)","decl":{"start":{"line":83,"column":34},"end":{"line":83,"column":35}},"loc":{"start":{"line":83,"column":42},"end":{"line":83,"column":76}},"line":83},"43":{"name":"(anonymous_43)","decl":{"start":{"line":86,"column":33},"end":{"line":86,"column":34}},"loc":{"start":{"line":86,"column":39},"end":{"line":86,"column":66}},"line":86},"44":{"name":"(anonymous_44)","decl":{"start":{"line":87,"column":38},"end":{"line":87,"column":39}},"loc":{"start":{"line":87,"column":44},"end":{"line":87,"column":76}},"line":87},"45":{"name":"(anonymous_45)","decl":{"start":{"line":88,"column":35},"end":{"line":88,"column":36}},"loc":{"start":{"line":88,"column":41},"end":{"line":88,"column":70}},"line":88},"46":{"name":"(anonymous_46)","decl":{"start":{"line":93,"column":27},"end":{"line":93,"column":28}},"loc":{"start":{"line":93,"column":42},"end":{"line":93,"column":75}},"line":93},"47":{"name":"(anonymous_47)","decl":{"start":{"line":94,"column":27},"end":{"line":94,"column":28}},"loc":{"start":{"line":94,"column":48},"end":{"line":94,"column":88}},"line":94},"48":{"name":"(anonymous_48)","decl":{"start":{"line":95,"column":24},"end":{"line":95,"column":25}},"loc":{"start":{"line":95,"column":49},"end":{"line":97,"column":2}},"line":95},"49":{"name":"(anonymous_49)","decl":{"start":{"line":98,"column":31},"end":{"line":98,"column":32}},"loc":{"start":{"line":98,"column":37},"end":{"line":98,"column":71}},"line":98},"50":{"name":"(anonymous_50)","decl":{"start":{"line":101,"column":33},"end":{"line":101,"column":34}},"loc":{"start":{"line":101,"column":45},"end":{"line":101,"column":66}},"line":101},"51":{"name":"(anonymous_51)","decl":{"start":{"line":102,"column":33},"end":{"line":102,"column":34}},"loc":{"start":{"line":102,"column":45},"end":{"line":102,"column":75}},"line":102},"52":{"name":"(anonymous_52)","decl":{"start":{"line":103,"column":33},"end":{"line":103,"column":34}},"loc":{"start":{"line":103,"column":45},"end":{"line":103,"column":70}},"line":103},"53":{"name":"(anonymous_53)","decl":{"start":{"line":104,"column":33},"end":{"line":104,"column":34}},"loc":{"start":{"line":104,"column":45},"end":{"line":104,"column":77}},"line":104},"54":{"name":"(anonymous_54)","decl":{"start":{"line":105,"column":33},"end":{"line":105,"column":34}},"loc":{"start":{"line":105,"column":45},"end":{"line":105,"column":81}},"line":105},"55":{"name":"(anonymous_55)","decl":{"start":{"line":106,"column":33},"end":{"line":106,"column":34}},"loc":{"start":{"line":106,"column":45},"end":{"line":106,"column":72}},"line":106},"56":{"name":"(anonymous_56)","decl":{"start":{"line":107,"column":33},"end":{"line":107,"column":34}},"loc":{"start":{"line":107,"column":45},"end":{"line":107,"column":66}},"line":107},"57":{"name":"(anonymous_57)","decl":{"start":{"line":108,"column":33},"end":{"line":108,"column":34}},"loc":{"start":{"line":108,"column":45},"end":{"line":108,"column":84}},"line":108},"58":{"name":"(anonymous_58)","decl":{"start":{"line":109,"column":34},"end":{"line":109,"column":35}},"loc":{"start":{"line":109,"column":46},"end":{"line":109,"column":64}},"line":109}},"branchMap":{"0":{"loc":{"start":{"line":9,"column":2},"end":{"line":9,"column":62}},"type":"if","locations":[{"start":{"line":9,"column":2},"end":{"line":9,"column":62}},{"start":{},"end":{}}],"line":9},"1":{"loc":{"start":{"line":16,"column":4},"end":{"line":20,"column":5}},"type":"if","locations":[{"start":{"line":16,"column":4},"end":{"line":20,"column":5}},{"start":{},"end":{}}],"line":16}},"s":{"0":20,"1":20,"2":51,"3":51,"4":2,"5":51,"6":20,"7":50,"8":1,"9":1,"10":1,"11":1,"12":1,"13":20,"14":1,"15":20,"16":1,"17":20,"18":4,"19":20,"20":1,"21":20,"22":1,"23":20,"24":0,"25":20,"26":0,"27":20,"28":0,"29":20,"30":0,"31":20,"32":0,"33":20,"34":0,"35":20,"36":0,"37":20,"38":0,"39":20,"40":1,"41":20,"42":1,"43":20,"44":1,"45":20,"46":1,"47":20,"48":1,"49":20,"50":1,"51":20,"52":1,"53":20,"54":1,"55":20,"56":1,"57":20,"58":1,"59":20,"60":1,"61":20,"62":1,"63":20,"64":1,"65":20,"66":1,"67":20,"68":1,"69":20,"70":1,"71":20,"72":1,"73":20,"74":1,"75":20,"76":1,"77":20,"78":1,"79":20,"80":1,"81":20,"82":1,"83":20,"84":1,"85":20,"86":1,"87":20,"88":1,"89":20,"90":1,"91":20,"92":1,"93":20,"94":1,"95":20,"96":1,"97":20,"98":1,"99":20,"100":1,"101":20,"102":1,"103":20,"104":1,"105":20,"106":1,"107":20,"108":1,"109":20,"110":1,"111":20,"112":1,"113":20,"114":1,"115":20,"116":1,"117":20,"118":1,"119":20,"120":1,"121":20,"122":1,"123":20,"124":1},"f":{"0":51,"1":50,"2":1,"3":1,"4":1,"5":4,"6":1,"7":1,"8":0,"9":0,"10":0,"11":0,"12":0,"13":0,"14":0,"15":0,"16":1,"17":1,"18":1,"19":1,"20":1,"21":1,"22":1,"23":1,"24":1,"25":1,"26":1,"27":1,"28":1,"29":1,"30":1,"31":1,"32":1,"33":1,"34":1,"35":1,"36":1,"37":1,"38":1,"39":1,"40":1,"41":1,"42":1,"43":1,"44":1,"45":1,"46":1,"47":1,"48":1,"49":1,"50":1,"51":1,"52":1,"53":1,"54":1,"55":1,"56":1,"57":1,"58":1},"b":{"0":[2,49],"1":[1,0]},"_coverageSchema":"1a1c01bbd47fc00a2c39e90264f33305004495a9","hash":"fc4d62a0b6fef4de5bcb83d4d6a735405afd641e"}
}
