TN:
SF:src\components\chat\ChatInput.js
FN:5,ChatInput
FN:12,(anonymous_1)
FN:13,(anonymous_2)
FNF:3
FNH:3
FNDA:12,ChatInput
FNDA:1,(anonymous_1)
FNDA:2,(anonymous_2)
DA:6,12
DA:12,1
DA:13,2
DA:38,1
LF:4
LH:4
BRDA:5,0,0,10
BRDA:5,1,0,11
BRDA:13,2,0,1
BRDA:13,2,1,1
BRDA:13,3,0,2
BRDA:13,3,1,2
BRDA:29,4,0,12
BRDA:29,4,1,10
BRDA:29,4,2,9
BRF:9
BRH:9
end_of_record
TN:
SF:src\components\chat\ChatMessage.js
FN:10,ChatMessage
FN:35,formatSize
FNF:2
FNH:2
FNDA:9,ChatMessage
FNDA:4,formatSize
DA:11,9
DA:12,9
DA:16,9
DA:36,4
DA:37,4
DA:38,4
DA:39,2
DA:42,1
LF:8
LH:8
BRDA:17,0,0,7
BRDA:17,0,1,2
BRDA:18,1,0,9
BRDA:18,1,1,2
BRDA:20,2,0,4
BRDA:20,2,1,5
BRDA:20,3,0,9
BRDA:20,3,1,4
BRDA:29,4,0,9
BRDA:29,4,1,7
BRDA:36,5,0,0
BRDA:36,5,1,4
BRDA:37,6,0,0
BRDA:37,6,1,4
BRDA:38,7,0,2
BRDA:38,7,1,2
BRF:16
BRH:14
end_of_record
TN:
SF:src\components\chat\ChatSidebar.js
FN:11,ChatSidebar
FN:31,(anonymous_1)
FN:37,(anonymous_2)
FN:55,getOtherParty
FN:59,getProjectLabel
FN:64,(anonymous_5)
FNF:6
FNH:6
FNDA:8,ChatSidebar
FNDA:11,(anonymous_1)
FNDA:1,(anonymous_2)
FNDA:11,getOtherParty
FNDA:22,getProjectLabel
FNDA:4,(anonymous_5)
DA:12,8
DA:13,1
DA:16,7
DA:17,1
DA:29,6
DA:32,11
DA:33,11
DA:37,1
DA:57,11
DA:60,22
DA:61,22
DA:62,20
DA:64,4
DA:67,1
LF:14
LH:14
BRDA:11,0,0,0
BRDA:11,1,0,7
BRDA:12,2,0,1
BRDA:12,2,1,7
BRDA:16,3,0,1
BRDA:16,3,1,6
BRDA:36,4,0,1
BRDA:36,4,1,10
BRDA:57,5,0,11
BRDA:57,5,1,1
BRDA:60,6,0,0
BRDA:60,6,1,22
BRDA:61,7,0,20
BRDA:61,7,1,2
BRDA:62,8,0,20
BRDA:62,8,1,0
BRDA:62,9,0,20
BRDA:62,9,1,0
BRDA:62,10,0,20
BRDA:62,10,1,0
BRDA:64,11,0,2
BRDA:64,11,1,0
BRF:22
BRH:16
end_of_record
TN:
SF:src\components\common\Avatar.js
FN:9,Avatar
FNF:1
FNH:1
FNDA:6,Avatar
DA:10,6
DA:11,6
DA:12,6
DA:13,6
DA:28,1
LF:5
LH:5
BRDA:9,0,0,0
BRDA:9,1,0,4
BRDA:10,2,0,6
BRDA:10,2,1,2
BRDA:10,3,0,6
BRDA:10,3,1,2
BRDA:10,4,0,6
BRDA:10,4,1,2
BRDA:12,5,0,6
BRDA:12,5,1,2
BRF:10
BRH:9
end_of_record
TN:
SF:src\components\common\EmptyState.js
FN:8,EmptyState
FNF:1
FNH:1
FNDA:13,EmptyState
DA:9,13
DA:19,2
LF:2
LH:2
BRDA:8,0,0,4
BRDA:8,1,0,6
BRDA:8,2,0,6
BRDA:11,3,0,13
BRDA:11,3,1,7
BRDA:12,4,0,13
BRDA:12,4,1,9
BRDA:13,5,0,13
BRDA:13,5,1,7
BRDA:14,6,0,13
BRDA:14,6,1,7
BRF:11
BRH:11
end_of_record
TN:
SF:src\components\common\PageHeader.js
FN:8,PageHeader
FNF:1
FNH:1
FNDA:15,PageHeader
DA:9,15
DA:20,2
LF:2
LH:2
BRDA:8,0,0,6
BRDA:8,1,0,14
BRDA:13,2,0,15
BRDA:13,2,1,9
BRDA:15,3,0,15
BRDA:15,3,1,1
BRF:6
BRH:6
end_of_record
TN:
SF:src\components\common\StatCard.js
FN:9,StatCard
FNF:1
FNH:1
FNDA:32,StatCard
DA:10,32
DA:23,2
LF:2
LH:2
BRDA:9,0,0,7
BRDA:9,1,0,7
BRDA:9,2,0,1
BRDA:9,3,0,1
BRF:4
BRH:4
end_of_record
TN:
SF:src\components\common\StatsGrid.js
FN:3,StatsGrid
FN:6,(anonymous_1)
FNF:2
FNH:2
FNDA:24,StatsGrid
FNDA:134,(anonymous_1)
DA:4,24
DA:7,134
LF:2
LH:2
BRF:0
BRH:0
end_of_record
TN:
SF:src\components\layout\AppLayout.js
FN:6,AppLayout
FNF:1
FNH:1
FNDA:4,AppLayout
DA:7,4
LF:1
LH:1
BRF:0
BRH:0
end_of_record
TN:
SF:src\context\AuthContext.js
FN:6,(anonymous_0)
FN:10,(anonymous_1)
FN:15,(anonymous_2)
FN:18,(anonymous_3)
FN:20,(anonymous_4)
FN:26,(anonymous_5)
FN:32,(anonymous_6)
FN:38,(anonymous_7)
FN:45,(anonymous_8)
FN:56,(anonymous_9)
FNF:10
FNH:9
FNDA:17,(anonymous_0)
FNDA:6,(anonymous_1)
FNDA:2,(anonymous_2)
FNDA:1,(anonymous_3)
FNDA:3,(anonymous_4)
FNDA:1,(anonymous_5)
FNDA:2,(anonymous_6)
FNDA:0,(anonymous_7)
FNDA:17,(anonymous_8)
FNDA:22,(anonymous_9)
DA:4,11
DA:6,11
DA:7,17
DA:8,17
DA:10,17
DA:11,6
DA:12,6
DA:13,6
DA:14,4
DA:15,4
DA:16,2
DA:17,2
DA:19,1
DA:20,3
DA:22,2
DA:26,17
DA:27,1
DA:28,1
DA:29,1
DA:32,17
DA:33,2
DA:34,2
DA:35,2
DA:38,17
DA:39,0
DA:40,0
DA:44,17
DA:45,17
DA:49,17
DA:56,11
DA:57,22
DA:58,21
DA:59,17
LF:33
LH:31
BRDA:13,0,0,4
BRDA:13,0,1,2
BRDA:13,1,0,6
BRDA:13,1,1,4
BRDA:58,2,0,4
BRDA:58,2,1,17
BRF:6
BRH:6
end_of_record
TN:
SF:src\pages\admin\AdminDashboard.js
FN:6,AdminDashboard
FN:39,(anonymous_1)
FN:41,(anonymous_2)
FN:50,(anonymous_3)
FN:69,(anonymous_4)
FN:86,(anonymous_5)
FN:87,(anonymous_6)
FN:88,(anonymous_7)
FNF:8
FNH:8
FNDA:13,AdminDashboard
FNDA:11,(anonymous_1)
FNDA:1,(anonymous_2)
FNDA:11,(anonymous_3)
FNDA:24,(anonymous_4)
FNDA:1,(anonymous_5)
FNDA:1,(anonymous_6)
FNDA:1,(anonymous_7)
DA:7,13
DA:8,13
DA:10,12
DA:21,12
DA:40,11
DA:41,1
DA:50,11
DA:70,24
DA:86,1
DA:87,1
DA:88,1
LF:11
LH:11
BRDA:8,0,0,1
BRDA:8,0,1,12
BRDA:35,1,0,1
BRDA:35,1,1,11
BRDA:43,2,0,11
BRDA:43,2,1,0
BRDA:65,3,0,0
BRDA:65,3,1,12
BRDA:70,4,0,24
BRDA:70,4,1,0
BRDA:71,5,0,24
BRDA:71,5,1,0
BRDA:87,6,0,12
BRDA:87,6,1,12
BRF:14
BRH:10
end_of_record
TN:
SF:src\pages\admin\AdminProjectsPage.js
FN:7,AdminProjectsPage
FN:13,(anonymous_1)
FN:15,(anonymous_2)
FN:34,(anonymous_3)
FN:35,(anonymous_4)
FN:52,(anonymous_5)
FN:57,(anonymous_6)
FN:69,(anonymous_7)
FNF:8
FNH:8
FNDA:25,AdminProjectsPage
FNDA:12,(anonymous_1)
FNDA:12,(anonymous_2)
FNDA:75,(anonymous_3)
FNDA:2,(anonymous_4)
FNDA:24,(anonymous_5)
FNDA:24,(anonymous_6)
FNDA:1,(anonymous_7)
DA:8,25
DA:9,25
DA:10,25
DA:11,25
DA:13,25
DA:15,25
DA:16,12
DA:17,12
DA:18,12
DA:19,11
DA:20,11
DA:23,25
DA:35,75
DA:53,24
DA:57,24
DA:69,1
LF:16
LH:16
BRDA:18,0,0,12
BRDA:18,0,1,11
BRDA:35,1,0,25
BRDA:35,1,1,50
BRDA:36,2,0,75
BRDA:36,2,1,25
BRDA:43,3,0,12
BRDA:43,3,1,13
BRDA:50,4,0,1
BRDA:50,4,1,12
BRDA:67,5,0,12
BRDA:67,5,1,12
BRF:12
BRH:12
end_of_record
TN:
SF:src\pages\admin\AdminSubjectsPage.js
FN:9,AdminSubjectsPage
FN:18,(anonymous_1)
FN:20,(anonymous_2)
FN:28,(anonymous_3)
FN:36,(anonymous_4)
FN:46,(anonymous_5)
FN:64,(anonymous_6)
FN:67,(anonymous_7)
FN:69,(anonymous_8)
FN:87,(anonymous_9)
FN:96,(anonymous_10)
FN:101,(anonymous_11)
FN:103,(anonymous_12)
FN:104,(anonymous_13)
FN:106,(anonymous_14)
FN:118,(anonymous_15)
FN:119,(anonymous_16)
FN:122,(anonymous_17)
FN:128,(anonymous_18)
FN:133,(anonymous_19)
FNF:20
FNH:16
FNDA:36,AdminSubjectsPage
FNDA:14,(anonymous_1)
FNDA:17,(anonymous_2)
FNDA:1,(anonymous_3)
FNDA:1,(anonymous_4)
FNDA:1,(anonymous_5)
FNDA:1,(anonymous_6)
FNDA:180,(anonymous_7)
FNDA:0,(anonymous_8)
FNDA:42,(anonymous_9)
FNDA:105,(anonymous_10)
FNDA:0,(anonymous_11)
FNDA:1,(anonymous_12)
FNDA:3,(anonymous_13)
FNDA:1,(anonymous_14)
FNDA:0,(anonymous_15)
FNDA:2,(anonymous_16)
FNDA:0,(anonymous_17)
FNDA:1,(anonymous_18)
FNDA:1,(anonymous_19)
DA:7,1
DA:10,36
DA:11,36
DA:12,36
DA:13,36
DA:14,36
DA:15,36
DA:16,36
DA:18,36
DA:20,36
DA:21,17
DA:22,17
DA:23,17
DA:24,16
DA:25,16
DA:28,36
DA:29,1
DA:30,1
DA:31,1
DA:32,1
DA:33,0
DA:36,36
DA:37,1
DA:38,1
DA:39,1
DA:40,1
DA:41,1
DA:42,1
DA:43,0
DA:46,36
DA:47,1
DA:48,1
DA:51,36
DA:64,1
DA:68,180
DA:69,0
DA:88,42
DA:96,105
DA:101,0
DA:103,1
DA:104,3
DA:106,1
DA:118,0
DA:119,2
DA:122,0
DA:128,1
DA:133,1
LF:47
LH:41
BRDA:23,0,0,17
BRDA:23,0,1,0
BRDA:47,1,0,0
BRDA:47,1,1,1
BRDA:68,2,0,36
BRDA:68,2,1,144
BRDA:70,3,0,180
BRDA:70,3,1,36
BRDA:78,4,0,14
BRDA:78,4,1,22
BRDA:85,5,0,1
BRDA:85,5,1,21
BRDA:102,6,0,42
BRDA:102,6,1,21
BRDA:117,7,0,36
BRDA:117,7,1,4
BRF:16
BRH:14
end_of_record
TN:
SF:src\pages\admin\UsersManagementPage.js
FN:17,UsersManagementPage
FN:30,(anonymous_1)
FN:32,(anonymous_2)
FN:41,(anonymous_3)
FN:42,(anonymous_4)
FN:44,(anonymous_5)
FN:61,(anonymous_6)
FN:66,(anonymous_7)
FN:88,(anonymous_8)
FN:90,(anonymous_9)
FN:91,(anonymous_10)
FN:108,(anonymous_11)
FN:124,(anonymous_12)
FN:125,(anonymous_13)
FN:128,(anonymous_14)
FN:141,(anonymous_15)
FN:143,(anonymous_16)
FN:153,(anonymous_17)
FN:154,(anonymous_18)
FN:157,(anonymous_19)
FN:164,(anonymous_20)
FN:168,(anonymous_21)
FN:173,(anonymous_22)
FN:178,(anonymous_23)
FN:184,(anonymous_24)
FN:192,(anonymous_25)
FN:198,(anonymous_26)
FN:206,(anonymous_27)
FNF:28
FNH:17
FNDA:52,UsersManagementPage
FNDA:20,(anonymous_1)
FNDA:23,(anonymous_2)
FNDA:2,(anonymous_3)
FNDA:2,(anonymous_4)
FNDA:1,(anonymous_5)
FNDA:2,(anonymous_6)
FNDA:1,(anonymous_7)
FNDA:1,(anonymous_8)
FNDA:1,(anonymous_9)
FNDA:204,(anonymous_10)
FNDA:54,(anonymous_11)
FNDA:2,(anonymous_12)
FNDA:1,(anonymous_13)
FNDA:2,(anonymous_14)
FNDA:3,(anonymous_15)
FNDA:0,(anonymous_16)
FNDA:0,(anonymous_17)
FNDA:0,(anonymous_18)
FNDA:0,(anonymous_19)
FNDA:1,(anonymous_20)
FNDA:0,(anonymous_21)
FNDA:0,(anonymous_22)
FNDA:0,(anonymous_23)
FNDA:0,(anonymous_24)
FNDA:0,(anonymous_25)
FNDA:0,(anonymous_26)
FNDA:0,(anonymous_27)
DA:6,1
DA:13,1
DA:15,1
DA:18,52
DA:19,51
DA:20,51
DA:21,51
DA:22,51
DA:23,51
DA:24,51
DA:25,51
DA:26,51
DA:27,51
DA:28,51
DA:30,51
DA:32,51
DA:33,23
DA:34,23
DA:35,23
DA:36,22
DA:37,22
DA:38,22
DA:41,51
DA:42,51
DA:44,51
DA:45,1
DA:46,1
DA:47,1
DA:48,1
DA:49,0
DA:50,0
DA:51,0
DA:53,1
DA:54,1
DA:56,1
DA:57,1
DA:58,1
DA:61,51
DA:62,2
DA:63,1
DA:66,51
DA:67,1
DA:68,1
DA:69,1
DA:70,1
DA:71,0
DA:74,51
DA:88,1
DA:90,1
DA:91,204
DA:109,54
DA:124,2
DA:125,1
DA:128,2
DA:142,3
DA:143,0
DA:153,0
DA:154,0
DA:157,0
DA:164,1
DA:168,0
DA:173,0
DA:178,0
DA:184,0
DA:192,0
DA:198,0
DA:206,0
LF:67
LH:52
BRDA:48,0,0,0
BRDA:48,0,1,1
BRDA:58,1,0,0
BRDA:58,1,1,0
BRDA:62,2,0,1
BRDA:62,2,1,1
BRDA:97,3,0,24
BRDA:97,3,1,27
BRDA:106,4,0,0
BRDA:106,4,1,27
BRDA:112,5,0,54
BRDA:112,5,1,0
BRDA:112,6,0,54
BRDA:112,6,1,0
BRDA:118,7,0,54
BRDA:118,7,1,0
BRDA:120,8,0,27
BRDA:120,8,1,27
BRDA:126,9,0,27
BRDA:126,9,1,27
BRDA:139,10,0,51
BRDA:139,10,1,1
BRDA:142,11,0,1
BRDA:142,11,1,2
BRDA:152,12,0,51
BRDA:152,12,1,10
BRDA:156,13,0,2
BRDA:156,13,1,8
BRDA:175,14,0,10
BRDA:175,14,1,8
BRDA:195,15,0,10
BRDA:195,15,1,2
BRDA:208,16,0,1
BRDA:208,16,1,9
BRF:34
BRH:27
end_of_record
TN:
SF:src\pages\auth\AuthLayout.js
FN:6,AuthLayout
FNF:1
FNH:1
FNDA:55,AuthLayout
DA:7,55
LF:1
LH:1
BRF:0
BRH:0
end_of_record
TN:
SF:src\pages\auth\ForgotPasswordPage.js
FN:8,ForgotPasswordPage
FN:13,(anonymous_1)
FN:41,(anonymous_2)
FNF:3
FNH:3
FNDA:24,ForgotPasswordPage
FNDA:5,(anonymous_1)
FNDA:6,(anonymous_2)
DA:9,24
DA:10,24
DA:11,24
DA:13,24
DA:14,5
DA:15,5
DA:16,5
DA:17,5
DA:18,3
DA:19,3
DA:21,1
DA:23,4
DA:27,24
DA:41,6
LF:14
LH:14
BRDA:21,0,0,1
BRDA:21,0,1,0
BRDA:29,1,0,21
BRDA:29,1,1,3
BRDA:45,2,0,5
BRDA:45,2,1,16
BRF:6
BRH:5
end_of_record
TN:
SF:src\pages\auth\LoginPage.js
FN:9,LoginPage
FN:16,(anonymous_1)
FN:55,(anonymous_2)
FN:69,(anonymous_3)
FN:72,(anonymous_4)
FNF:5
FNH:5
FNDA:23,LoginPage
FNDA:3,(anonymous_1)
FNDA:4,(anonymous_2)
FNDA:3,(anonymous_3)
FNDA:2,(anonymous_4)
DA:10,23
DA:11,23
DA:12,23
DA:13,23
DA:14,23
DA:16,23
DA:17,3
DA:18,3
DA:19,3
DA:20,3
DA:21,1
DA:22,1
DA:23,1
DA:25,1
DA:27,2
DA:31,23
DA:55,4
DA:69,3
DA:72,2
LF:19
LH:19
BRDA:25,0,0,1
BRDA:25,0,1,0
BRDA:65,1,0,1
BRDA:65,1,1,22
BRDA:73,2,0,1
BRDA:73,2,1,22
BRDA:83,3,0,3
BRDA:83,3,1,20
BRF:8
BRH:7
end_of_record
TN:
SF:src\pages\auth\RegisterPage.js
FN:10,RegisterPage
FN:17,(anonymous_1)
FN:46,(anonymous_2)
FN:52,(anonymous_3)
FN:61,(anonymous_4)
FN:70,(anonymous_5)
FN:84,(anonymous_6)
FN:85,(anonymous_7)
FNF:8
FNH:7
FNDA:28,RegisterPage
FNDA:3,(anonymous_1)
FNDA:4,(anonymous_2)
FNDA:3,(anonymous_3)
FNDA:3,(anonymous_4)
FNDA:0,(anonymous_5)
FNDA:3,(anonymous_6)
FNDA:1,(anonymous_7)
DA:11,28
DA:12,28
DA:13,28
DA:14,28
DA:15,28
DA:17,28
DA:18,3
DA:19,3
DA:20,3
DA:21,3
DA:22,1
DA:23,1
DA:24,1
DA:26,1
DA:28,2
DA:32,28
DA:46,4
DA:52,3
DA:61,3
DA:70,0
DA:84,3
DA:85,1
LF:22
LH:21
BRDA:26,0,0,1
BRDA:26,0,1,0
BRDA:83,1,0,1
BRDA:83,1,1,27
BRDA:86,2,0,1
BRDA:86,2,1,27
BRDA:92,3,0,3
BRDA:92,3,1,25
BRF:8
BRH:7
end_of_record
TN:
SF:src\pages\shared\DashboardPage.js
FN:8,DashboardPage
FN:13,(anonymous_1)
FN:14,(anonymous_2)
FNF:3
FNH:3
FNDA:10,DashboardPage
FNDA:6,(anonymous_1)
FNDA:5,(anonymous_2)
DA:9,10
DA:10,10
DA:11,10
DA:13,10
DA:14,6
DA:15,5
DA:17,5
DA:18,3
DA:19,2
DA:20,4
DA:22,0
DA:24,4
DA:27,6
DA:30,10
DA:32,4
DA:33,2
DA:34,1
LF:17
LH:16
BRDA:17,0,0,2
BRDA:17,0,1,3
BRDA:18,1,0,1
BRDA:18,1,1,2
BRDA:27,2,0,5
BRDA:27,2,1,1
BRDA:30,3,0,6
BRDA:30,3,1,4
BRDA:32,4,0,2
BRDA:32,4,1,2
BRDA:33,5,0,1
BRDA:33,5,1,1
BRF:12
BRH:12
end_of_record
TN:
SF:src\pages\shared\MessagesPage.js
FN:11,(anonymous_0)
FN:20,MessagesPage
FN:33,(anonymous_2)
FN:35,(anonymous_3)
FN:38,(anonymous_4)
FN:42,(anonymous_5)
FN:44,(anonymous_6)
FN:47,(anonymous_7)
FN:51,(anonymous_8)
FN:61,(anonymous_9)
FN:69,(anonymous_10)
FN:74,(anonymous_11)
FN:80,(anonymous_12)
FN:89,(anonymous_13)
FN:95,(anonymous_14)
FN:101,(anonymous_15)
FN:106,(anonymous_16)
FN:113,(anonymous_17)
FN:142,(anonymous_18)
FNF:19
FNH:12
FNDA:0,(anonymous_0)
FNDA:58,MessagesPage
FNDA:16,(anonymous_2)
FNDA:16,(anonymous_3)
FNDA:25,(anonymous_4)
FNDA:0,(anonymous_5)
FNDA:25,(anonymous_6)
FNDA:24,(anonymous_7)
FNDA:16,(anonymous_8)
FNDA:9,(anonymous_9)
FNDA:0,(anonymous_10)
FNDA:0,(anonymous_11)
FNDA:0,(anonymous_12)
FNDA:0,(anonymous_13)
FNDA:26,(anonymous_14)
FNDA:26,(anonymous_15)
FNDA:0,(anonymous_16)
FNDA:53,(anonymous_17)
FNDA:4,(anonymous_18)
DA:11,1
DA:12,0
DA:13,0
DA:14,0
DA:15,0
DA:16,0
DA:17,0
DA:21,58
DA:22,58
DA:23,57
DA:24,57
DA:25,57
DA:26,57
DA:27,57
DA:28,57
DA:29,57
DA:30,57
DA:31,57
DA:33,57
DA:34,16
DA:35,16
DA:38,57
DA:39,25
DA:40,9
DA:41,9
DA:42,9
DA:44,25
DA:47,57
DA:48,24
DA:51,57
DA:52,16
DA:53,16
DA:54,14
DA:56,1
DA:57,1
DA:58,15
DA:61,57
DA:62,9
DA:63,9
DA:64,9
DA:65,8
DA:66,8
DA:69,57
DA:70,0
DA:71,0
DA:72,0
DA:73,0
DA:74,0
DA:75,0
DA:76,0
DA:77,0
DA:80,57
DA:81,0
DA:82,0
DA:83,0
DA:84,0
DA:85,0
DA:86,0
DA:87,0
DA:88,0
DA:89,0
DA:90,0
DA:91,0
DA:92,0
DA:95,57
DA:96,26
DA:97,26
DA:98,0
DA:101,57
DA:102,26
DA:103,26
DA:104,26
DA:106,0
DA:109,57
DA:110,16
DA:113,53
DA:115,41
DA:143,4
LF:78
LH:50
BRDA:15,0,0,0
BRDA:15,0,1,0
BRDA:16,1,0,0
BRDA:16,1,1,0
BRDA:39,2,0,9
BRDA:39,2,1,16
BRDA:54,3,0,14
BRDA:54,3,1,0
BRDA:56,4,0,1
BRDA:56,4,1,0
BRDA:56,4,2,0
BRDA:57,5,0,1
BRDA:57,5,1,0
BRDA:61,6,0,0
BRDA:62,7,0,9
BRDA:62,7,1,0
BRDA:66,8,0,8
BRDA:66,8,1,0
BRDA:70,9,0,0
BRDA:70,9,1,0
BRDA:70,10,0,0
BRDA:70,10,1,0
BRDA:82,11,0,0
BRDA:82,11,1,0
BRDA:83,12,0,0
BRDA:83,12,1,0
BRDA:96,13,0,0
BRDA:96,13,1,26
BRDA:97,14,0,26
BRDA:97,14,1,0
BRDA:102,15,0,0
BRDA:102,15,1,26
BRDA:103,16,0,26
BRDA:103,16,1,0
BRDA:104,17,0,26
BRDA:104,17,1,0
BRDA:104,18,0,26
BRDA:104,18,1,0
BRDA:104,19,0,26
BRDA:104,19,1,0
BRDA:106,20,0,0
BRDA:106,20,1,0
BRDA:109,21,0,16
BRDA:109,21,1,41
BRDA:113,22,0,53
BRDA:113,22,1,13
BRDA:126,23,0,26
BRDA:126,23,1,15
BRDA:139,24,0,41
BRDA:139,24,1,9
BRDA:148,25,0,41
BRDA:148,25,1,26
BRF:52
BRH:24
end_of_record
TN:
SF:src\pages\shared\NotificationsPage.js
FN:9,NotificationsPage
FN:13,(anonymous_1)
FN:15,(anonymous_2)
FN:22,(anonymous_3)
FN:24,(anonymous_4)
FN:24,(anonymous_5)
FN:28,(anonymous_6)
FN:30,(anonymous_7)
FN:30,(anonymous_8)
FN:33,(anonymous_9)
FN:35,(anonymous_10)
FN:35,(anonymous_11)
FN:38,(anonymous_12)
FN:41,(anonymous_13)
FN:55,(anonymous_14)
FN:70,(anonymous_15)
FN:74,(anonymous_16)
FNF:17
FNH:17
FNDA:20,NotificationsPage
FNDA:9,(anonymous_1)
FNDA:9,(anonymous_2)
FNDA:1,(anonymous_3)
FNDA:1,(anonymous_4)
FNDA:2,(anonymous_5)
FNDA:1,(anonymous_6)
FNDA:1,(anonymous_7)
FNDA:2,(anonymous_8)
FNDA:1,(anonymous_9)
FNDA:1,(anonymous_10)
FNDA:2,(anonymous_11)
FNDA:17,(anonymous_12)
FNDA:20,(anonymous_13)
FNDA:17,(anonymous_14)
FNDA:1,(anonymous_15)
FNDA:1,(anonymous_16)
DA:6,1
DA:7,1
DA:10,20
DA:11,20
DA:13,20
DA:15,20
DA:16,9
DA:17,9
DA:18,7
DA:19,8
DA:22,20
DA:23,1
DA:24,2
DA:25,1
DA:28,20
DA:29,1
DA:30,2
DA:33,20
DA:34,1
DA:35,2
DA:38,20
DA:41,20
DA:42,20
DA:43,9
DA:45,11
DA:46,2
DA:53,9
DA:56,17
DA:70,1
DA:74,1
DA:84,20
LF:31
LH:31
BRDA:30,0,0,1
BRDA:30,0,1,1
BRDA:42,1,0,9
BRDA:42,1,1,11
BRDA:45,2,0,2
BRDA:45,2,1,9
BRDA:58,3,0,12
BRDA:58,3,1,5
BRDA:59,4,0,12
BRDA:59,4,1,5
BRDA:59,5,0,12
BRDA:59,5,1,5
BRDA:63,6,0,12
BRDA:63,6,1,5
BRDA:69,7,0,17
BRDA:69,7,1,5
BRDA:91,8,0,20
BRDA:91,8,1,5
BRF:18
BRH:18
end_of_record
TN:
SF:src\pages\shared\ProfilePage.js
FN:9,ProfilePage
FN:16,(anonymous_1)
FN:26,(anonymous_2)
FN:72,(anonymous_3)
FN:94,(anonymous_4)
FN:99,(anonymous_5)
FN:105,(anonymous_6)
FN:120,(anonymous_7)
FN:126,(anonymous_8)
FN:131,(anonymous_9)
FNF:10
FNH:8
FNDA:28,ProfilePage
FNDA:2,(anonymous_1)
FNDA:3,(anonymous_2)
FNDA:84,(anonymous_3)
FNDA:0,(anonymous_4)
FNDA:1,(anonymous_5)
FNDA:0,(anonymous_6)
FNDA:3,(anonymous_7)
FNDA:3,(anonymous_8)
FNDA:3,(anonymous_9)
DA:7,1
DA:10,28
DA:11,28
DA:12,28
DA:13,28
DA:14,28
DA:16,28
DA:17,2
DA:18,2
DA:19,2
DA:20,2
DA:21,1
DA:22,1
DA:23,2
DA:26,28
DA:27,3
DA:28,3
DA:29,2
DA:30,2
DA:31,2
DA:32,1
DA:33,1
DA:34,2
DA:37,28
DA:39,28
DA:73,84
DA:94,0
DA:99,1
DA:105,0
DA:120,3
DA:126,3
DA:131,3
LF:32
LH:30
BRDA:11,0,0,28
BRDA:11,0,1,0
BRDA:28,1,0,1
BRDA:28,1,1,2
BRDA:34,2,0,1
BRDA:34,2,1,0
BRDA:53,3,0,28
BRDA:53,3,1,0
BRDA:53,4,0,28
BRDA:53,4,1,0
BRDA:62,5,0,28
BRDA:62,5,1,0
BRDA:71,6,0,28
BRDA:71,6,1,0
BRDA:108,7,0,2
BRDA:108,7,1,26
BRDA:135,8,0,2
BRDA:135,8,1,26
BRF:18
BRH:12
end_of_record
TN:
SF:src\pages\shared\ProjectDetailPage.js
FN:16,(anonymous_0)
FN:63,(anonymous_1)
FN:83,(anonymous_2)
FN:92,(anonymous_3)
FN:97,ProjectDetailPage
FN:122,(anonymous_5)
FN:124,(anonymous_6)
FN:145,(anonymous_7)
FN:162,(anonymous_8)
FN:173,(anonymous_9)
FN:185,(anonymous_10)
FN:191,(anonymous_11)
FN:203,(anonymous_12)
FN:213,(anonymous_13)
FN:223,(anonymous_14)
FN:227,(anonymous_15)
FN:231,(anonymous_16)
FN:234,(anonymous_17)
FN:238,(anonymous_18)
FN:241,(anonymous_19)
FN:245,(anonymous_20)
FN:250,(anonymous_21)
FN:256,(anonymous_22)
FN:265,(anonymous_23)
FN:271,(anonymous_24)
FN:285,(anonymous_25)
FN:292,(anonymous_26)
FN:300,(anonymous_27)
FN:308,(anonymous_28)
FN:312,(anonymous_29)
FN:315,(anonymous_30)
FN:327,(anonymous_31)
FN:344,(anonymous_32)
FN:355,(anonymous_33)
FN:356,(anonymous_34)
FN:365,(anonymous_35)
FN:369,(anonymous_36)
FN:385,(anonymous_37)
FN:405,(anonymous_38)
FN:420,(anonymous_39)
FN:432,(anonymous_40)
FN:433,(anonymous_41)
FN:437,(anonymous_42)
FN:440,(anonymous_43)
FN:454,(anonymous_44)
FN:459,(anonymous_45)
FN:475,(anonymous_46)
FN:504,(anonymous_47)
FN:517,(anonymous_48)
FN:529,(anonymous_49)
FN:540,(anonymous_50)
FN:542,(anonymous_51)
FN:553,(anonymous_52)
FN:554,(anonymous_53)
FN:557,(anonymous_54)
FN:563,(anonymous_55)
FN:570,(anonymous_56)
FN:576,(anonymous_57)
FN:586,(anonymous_58)
FN:592,(anonymous_59)
FN:596,(anonymous_60)
FN:607,(anonymous_61)
FN:608,(anonymous_62)
FN:611,(anonymous_63)
FN:621,(anonymous_64)
FN:626,(anonymous_65)
FN:632,(anonymous_66)
FN:637,(anonymous_67)
FN:646,(anonymous_68)
FNF:69
FNH:53
FNDA:46,(anonymous_0)
FNDA:46,(anonymous_1)
FNDA:25,(anonymous_2)
FNDA:46,(anonymous_3)
FNDA:171,ProjectDetailPage
FNDA:51,(anonymous_5)
FNDA:51,(anonymous_6)
FNDA:2,(anonymous_7)
FNDA:4,(anonymous_8)
FNDA:2,(anonymous_9)
FNDA:2,(anonymous_10)
FNDA:0,(anonymous_11)
FNDA:1,(anonymous_12)
FNDA:2,(anonymous_13)
FNDA:9,(anonymous_14)
FNDA:9,(anonymous_15)
FNDA:82,(anonymous_16)
FNDA:0,(anonymous_17)
FNDA:82,(anonymous_18)
FNDA:61,(anonymous_19)
FNDA:3,(anonymous_20)
FNDA:1,(anonymous_21)
FNDA:1,(anonymous_22)
FNDA:0,(anonymous_23)
FNDA:46,(anonymous_24)
FNDA:162,(anonymous_25)
FNDA:9,(anonymous_26)
FNDA:119,(anonymous_27)
FNDA:54,(anonymous_28)
FNDA:162,(anonymous_29)
FNDA:162,(anonymous_30)
FNDA:2,(anonymous_31)
FNDA:2,(anonymous_32)
FNDA:3,(anonymous_33)
FNDA:1,(anonymous_34)
FNDA:18,(anonymous_35)
FNDA:5,(anonymous_36)
FNDA:17,(anonymous_37)
FNDA:1,(anonymous_38)
FNDA:25,(anonymous_39)
FNDA:3,(anonymous_40)
FNDA:4,(anonymous_41)
FNDA:0,(anonymous_42)
FNDA:0,(anonymous_43)
FNDA:22,(anonymous_44)
FNDA:4,(anonymous_45)
FNDA:18,(anonymous_46)
FNDA:0,(anonymous_47)
FNDA:238,(anonymous_48)
FNDA:238,(anonymous_49)
FNDA:476,(anonymous_50)
FNDA:31,(anonymous_51)
FNDA:0,(anonymous_52)
FNDA:3,(anonymous_53)
FNDA:0,(anonymous_54)
FNDA:2,(anonymous_55)
FNDA:1,(anonymous_56)
FNDA:0,(anonymous_57)
FNDA:0,(anonymous_58)
FNDA:0,(anonymous_59)
FNDA:1,(anonymous_60)
FNDA:0,(anonymous_61)
FNDA:2,(anonymous_62)
FNDA:0,(anonymous_63)
FNDA:2,(anonymous_64)
FNDA:2,(anonymous_65)
FNDA:0,(anonymous_66)
FNDA:0,(anonymous_67)
FNDA:0,(anonymous_68)
DA:11,1
DA:12,1
DA:13,1
DA:16,1
DA:17,46
DA:18,46
DA:19,46
DA:20,46
DA:22,46
DA:63,1
DA:64,46
DA:65,15
DA:77,31
DA:83,1
DA:84,25
DA:85,10
DA:92,15
DA:93,46
DA:98,171
DA:99,171
DA:100,171
DA:101,171
DA:102,171
DA:103,171
DA:104,171
DA:105,171
DA:106,171
DA:107,171
DA:108,171
DA:109,171
DA:110,171
DA:111,171
DA:112,171
DA:113,171
DA:114,171
DA:115,171
DA:116,171
DA:117,171
DA:118,171
DA:119,171
DA:120,171
DA:122,171
DA:124,171
DA:125,51
DA:126,51
DA:127,51
DA:130,49
DA:131,49
DA:132,49
DA:133,49
DA:134,49
DA:135,42
DA:142,50
DA:145,171
DA:147,2
DA:148,2
DA:150,0
DA:151,0
DA:153,2
DA:154,2
DA:155,1
DA:156,1
DA:157,1
DA:158,1
DA:159,1
DA:162,171
DA:163,4
DA:164,3
DA:165,3
DA:166,2
DA:167,2
DA:168,2
DA:169,2
DA:170,1
DA:173,171
DA:174,2
DA:175,1
DA:176,1
DA:177,1
DA:178,1
DA:179,1
DA:180,1
DA:181,1
DA:182,0
DA:185,171
DA:186,2
DA:187,1
DA:188,0
DA:189,0
DA:190,0
DA:191,0
DA:192,0
DA:193,0
DA:194,0
DA:195,0
DA:196,0
DA:197,0
DA:198,0
DA:199,0
DA:200,0
DA:203,171
DA:204,1
DA:205,1
DA:206,1
DA:207,1
DA:208,1
DA:209,1
DA:210,0
DA:213,171
DA:214,2
DA:215,2
DA:216,1
DA:217,1
DA:218,1
DA:219,1
DA:220,1
DA:223,171
DA:224,9
DA:225,9
DA:226,9
DA:227,9
DA:231,171
DA:232,82
DA:233,9
DA:234,9
DA:236,73
DA:238,82
DA:241,171
DA:242,61
DA:245,171
DA:246,3
DA:247,2
DA:248,2
DA:249,2
DA:250,1
DA:251,1
DA:252,1
DA:253,2
DA:256,171
DA:257,1
DA:258,1
DA:259,1
DA:260,0
DA:261,0
DA:262,0
DA:263,0
DA:264,0
DA:265,0
DA:266,0
DA:267,0
DA:268,0
DA:271,171
DA:272,46
DA:273,46
DA:274,46
DA:275,46
DA:276,46
DA:277,30
DA:278,15
DA:281,171
DA:282,171
DA:285,171
DA:286,162
DA:287,108
DA:288,54
DA:292,171
DA:293,9
DA:294,3
DA:295,2
DA:296,1
DA:300,171
DA:301,119
DA:302,65
DA:303,47
DA:304,22
DA:305,0
DA:308,171
DA:309,54
DA:312,162
DA:316,162
DA:327,2
DA:344,2
DA:355,3
DA:356,1
DA:365,171
DA:366,18
DA:369,5
DA:386,17
DA:405,1
DA:420,171
DA:421,25
DA:432,3
DA:433,4
DA:437,0
DA:440,0
DA:454,171
DA:455,22
DA:459,4
DA:476,18
DA:498,171
DA:499,120
DA:501,119
DA:504,0
DA:517,238
DA:529,238
DA:541,476
DA:542,31
DA:553,0
DA:554,3
DA:557,0
DA:563,2
DA:570,1
DA:576,0
DA:586,0
DA:592,0
DA:596,1
DA:607,0
DA:608,2
DA:611,0
DA:621,2
DA:626,2
DA:632,0
DA:637,0
DA:646,0
LF:224
LH:184
BRDA:17,0,0,46
BRDA:17,0,1,0
BRDA:19,1,0,46
BRDA:19,1,1,15
BRDA:20,2,0,46
BRDA:20,2,1,15
BRDA:20,2,2,15
BRDA:23,3,0,31
BRDA:23,3,1,15
BRDA:24,4,0,46
BRDA:24,4,1,15
BRDA:26,5,0,15
BRDA:26,5,1,15
BRDA:28,6,0,15
BRDA:28,6,1,0
BRDA:28,7,0,15
BRDA:28,7,1,0
BRDA:34,8,0,46
BRDA:34,8,1,15
BRDA:34,8,2,15
BRDA:39,9,0,46
BRDA:39,9,1,31
BRDA:39,9,2,0
BRDA:41,10,0,0
BRDA:41,10,1,0
BRDA:41,11,0,0
BRDA:41,11,1,0
BRDA:45,12,0,31
BRDA:45,12,1,15
BRDA:45,13,0,31
BRDA:45,13,1,15
BRDA:47,14,0,31
BRDA:47,14,1,15
BRDA:49,15,0,31
BRDA:49,15,1,15
BRDA:54,16,0,31
BRDA:54,16,1,15
BRDA:54,17,0,31
BRDA:54,17,1,15
BRDA:64,18,0,15
BRDA:64,18,1,31
BRDA:67,19,0,15
BRDA:67,19,1,0
BRDA:71,20,0,15
BRDA:71,20,1,15
BRDA:84,21,0,10
BRDA:84,21,1,15
BRDA:134,22,0,42
BRDA:134,22,1,7
BRDA:136,23,0,42
BRDA:136,23,1,0
BRDA:137,24,0,42
BRDA:137,24,1,0
BRDA:138,25,0,42
BRDA:138,25,1,0
BRDA:139,26,0,42
BRDA:139,26,1,0
BRDA:147,27,0,2
BRDA:147,27,1,0
BRDA:163,28,0,1
BRDA:163,28,1,3
BRDA:174,29,0,1
BRDA:174,29,1,1
BRDA:186,30,0,1
BRDA:186,30,1,1
BRDA:187,31,0,1
BRDA:187,31,1,0
BRDA:204,32,0,0
BRDA:204,32,1,1
BRDA:223,33,0,0
BRDA:226,34,0,9
BRDA:226,34,1,0
BRDA:227,35,0,9
BRDA:227,35,1,0
BRDA:232,36,0,9
BRDA:232,36,1,73
BRDA:246,37,0,1
BRDA:246,37,1,2
BRDA:246,38,0,3
BRDA:246,38,1,2
BRDA:258,39,0,0
BRDA:258,39,1,1
BRDA:259,40,0,1
BRDA:259,40,1,0
BRDA:272,41,0,0
BRDA:272,41,1,46
BRDA:276,42,0,16
BRDA:276,42,1,30
BRDA:277,43,0,15
BRDA:277,43,1,15
BRDA:281,44,0,171
BRDA:281,44,1,0
BRDA:282,45,0,171
BRDA:282,45,1,169
BRDA:282,45,2,118
BRDA:282,45,3,1
BRDA:286,46,0,54
BRDA:286,46,1,108
BRDA:287,47,0,54
BRDA:287,47,1,54
BRDA:293,48,0,6
BRDA:293,48,1,3
BRDA:294,49,0,1
BRDA:294,49,1,2
BRDA:295,50,0,1
BRDA:295,50,1,1
BRDA:301,51,0,54
BRDA:301,51,1,65
BRDA:302,52,0,18
BRDA:302,52,1,47
BRDA:303,53,0,25
BRDA:303,53,1,22
BRDA:304,54,0,22
BRDA:304,54,1,0
BRDA:322,55,0,162
BRDA:322,55,1,54
BRDA:324,56,0,159
BRDA:324,56,1,3
BRDA:343,57,0,162
BRDA:343,57,1,159
BRDA:352,58,0,54
BRDA:352,58,1,53
BRDA:356,59,0,1
BRDA:356,59,1,1
BRDA:373,60,0,1
BRDA:373,60,1,17
BRDA:387,61,0,17
BRDA:387,61,1,17
BRDA:395,62,0,0
BRDA:395,62,1,17
BRDA:404,63,0,17
BRDA:404,63,1,0
BRDA:404,63,2,17
BRDA:433,64,0,3
BRDA:433,64,1,1
BRDA:433,65,0,4
BRDA:433,65,1,4
BRDA:442,66,0,0
BRDA:442,66,1,25
BRDA:444,67,0,25
BRDA:444,67,1,6
BRDA:445,68,0,6
BRDA:445,68,1,19
BRDA:445,69,0,6
BRDA:445,69,1,19
BRDA:445,70,0,6
BRDA:445,70,1,19
BRDA:446,71,0,2
BRDA:446,71,1,23
BRDA:458,72,0,22
BRDA:458,72,1,22
BRDA:460,73,0,9
BRDA:460,73,1,13
BRDA:464,74,0,13
BRDA:464,74,1,9
BRDA:479,75,0,18
BRDA:479,75,1,0
BRDA:481,76,0,18
BRDA:481,76,1,18
BRDA:484,77,0,9
BRDA:484,77,1,9
BRDA:498,78,0,51
BRDA:498,78,1,120
BRDA:499,79,0,1
BRDA:499,79,1,119
BRDA:512,80,0,119
BRDA:512,80,1,0
BRDA:541,81,0,119
BRDA:541,81,1,357
BRDA:552,82,0,119
BRDA:552,82,1,8
BRDA:598,83,0,0
BRDA:598,83,1,8
BRDA:606,84,0,119
BRDA:606,84,1,8
BRDA:606,84,2,8
BRDA:639,85,0,8
BRDA:639,85,1,4
BRDA:639,85,2,2
BRF:179
BRH:149
end_of_record
TN:
SF:src\pages\shared\SubjectDetailPage.js
FN:8,SubjectDetailPage
FN:20,(anonymous_1)
FN:25,(anonymous_2)
FN:32,(anonymous_3)
FN:39,(anonymous_4)
FN:42,(anonymous_5)
FN:46,(anonymous_6)
FN:59,(anonymous_7)
FN:66,(anonymous_8)
FN:108,(anonymous_9)
FN:121,(anonymous_10)
FN:142,(anonymous_11)
FN:194,(anonymous_12)
FN:195,(anonymous_13)
FN:198,(anonymous_14)
FN:205,(anonymous_15)
FN:209,(anonymous_16)
FNF:17
FNH:13
FNDA:21,SubjectDetailPage
FNDA:9,(anonymous_1)
FNDA:9,(anonymous_2)
FNDA:8,(anonymous_3)
FNDA:8,(anonymous_4)
FNDA:1,(anonymous_5)
FNDA:1,(anonymous_6)
FNDA:11,(anonymous_7)
FNDA:10,(anonymous_8)
FNDA:1,(anonymous_9)
FNDA:0,(anonymous_10)
FNDA:33,(anonymous_11)
FNDA:0,(anonymous_12)
FNDA:1,(anonymous_13)
FNDA:0,(anonymous_14)
FNDA:1,(anonymous_15)
FNDA:0,(anonymous_16)
DA:9,21
DA:10,21
DA:11,21
DA:12,21
DA:13,21
DA:14,21
DA:15,21
DA:16,21
DA:17,21
DA:18,21
DA:20,21
DA:21,9
DA:22,9
DA:25,21
DA:26,9
DA:27,9
DA:28,7
DA:29,8
DA:32,21
DA:33,8
DA:34,8
DA:35,8
DA:39,21
DA:40,8
DA:41,8
DA:42,8
DA:46,21
DA:47,1
DA:48,1
DA:49,1
DA:50,1
DA:51,1
DA:52,1
DA:54,0
DA:55,1
DA:59,21
DA:60,11
DA:61,0
DA:62,0
DA:66,21
DA:67,10
DA:68,2
DA:76,8
DA:77,2
DA:90,6
DA:91,1
DA:101,5
DA:108,1
DA:115,21
DA:116,12
DA:118,11
DA:121,0
DA:143,33
DA:194,0
DA:195,1
DA:198,0
DA:205,1
DA:209,0
LF:58
LH:51
BRDA:22,0,0,8
BRDA:22,0,1,1
BRDA:54,1,0,0
BRDA:54,1,1,0
BRDA:60,2,0,11
BRDA:60,2,1,0
BRDA:61,3,0,0
BRDA:61,3,1,0
BRDA:67,4,0,2
BRDA:67,4,1,8
BRDA:76,5,0,2
BRDA:76,5,1,6
BRDA:90,6,0,1
BRDA:90,6,1,5
BRDA:90,7,0,6
BRDA:90,7,1,1
BRDA:115,8,0,9
BRDA:115,8,1,12
BRDA:116,9,0,1
BRDA:116,9,1,11
BRDA:184,10,0,11
BRDA:184,10,1,10
BRDA:184,10,2,10
BRDA:193,11,0,11
BRDA:193,11,1,3
BRDA:210,12,0,3
BRDA:210,12,1,2
BRDA:211,13,0,1
BRDA:211,13,1,2
BRF:29
BRH:24
end_of_record
TN:
SF:src\pages\shared\SubjectsPage.js
FN:8,SubjectsPage
FN:20,(anonymous_1)
FN:25,(anonymous_2)
FN:40,(anonymous_3)
FN:43,(anonymous_4)
FN:47,(anonymous_5)
FN:63,(anonymous_6)
FN:63,(anonymous_7)
FN:65,(anonymous_8)
FN:71,(anonymous_9)
FN:86,(anonymous_10)
FN:88,(anonymous_11)
FN:89,(anonymous_12)
FN:108,(anonymous_13)
FN:121,(anonymous_14)
FN:133,(anonymous_15)
FN:144,(anonymous_16)
FN:167,(anonymous_17)
FN:172,(anonymous_18)
FN:175,(anonymous_19)
FN:186,(anonymous_20)
FN:187,(anonymous_21)
FN:190,(anonymous_22)
FN:203,(anonymous_23)
FN:207,(anonymous_24)
FNF:25
FNH:18
FNDA:29,SubjectsPage
FNDA:12,(anonymous_1)
FNDA:12,(anonymous_2)
FNDA:11,(anonymous_3)
FNDA:1,(anonymous_4)
FNDA:1,(anonymous_5)
FNDA:17,(anonymous_6)
FNDA:3,(anonymous_7)
FNDA:19,(anonymous_8)
FNDA:28,(anonymous_9)
FNDA:19,(anonymous_10)
FNDA:0,(anonymous_11)
FNDA:0,(anonymous_12)
FNDA:38,(anonymous_13)
FNDA:0,(anonymous_14)
FNDA:17,(anonymous_15)
FNDA:2,(anonymous_16)
FNDA:1,(anonymous_17)
FNDA:0,(anonymous_18)
FNDA:1,(anonymous_19)
FNDA:0,(anonymous_20)
FNDA:1,(anonymous_21)
FNDA:0,(anonymous_22)
FNDA:1,(anonymous_23)
FNDA:0,(anonymous_24)
DA:9,29
DA:10,29
DA:11,29
DA:12,28
DA:13,28
DA:14,28
DA:15,28
DA:16,28
DA:17,28
DA:18,28
DA:20,28
DA:21,12
DA:22,12
DA:25,28
DA:26,12
DA:27,12
DA:28,12
DA:29,12
DA:30,12
DA:31,12
DA:32,10
DA:34,1
DA:36,11
DA:40,28
DA:41,11
DA:42,11
DA:43,11
DA:47,28
DA:48,1
DA:49,1
DA:50,1
DA:51,1
DA:52,1
DA:53,1
DA:54,1
DA:55,1
DA:57,0
DA:59,1
DA:63,28
DA:65,28
DA:66,19
DA:67,19
DA:71,28
DA:72,28
DA:73,13
DA:75,15
DA:76,2
DA:84,13
DA:87,19
DA:88,0
DA:89,0
DA:108,38
DA:121,0
DA:133,28
DA:134,17
DA:135,2
DA:141,15
DA:142,15
DA:144,2
DA:149,0
DA:152,28
DA:167,1
DA:172,0
DA:175,1
DA:186,0
DA:187,1
DA:190,0
DA:203,1
DA:207,0
LF:69
LH:60
BRDA:22,0,0,11
BRDA:22,0,1,1
BRDA:29,1,0,1
BRDA:29,1,1,11
BRDA:30,2,0,0
BRDA:30,2,1,12
BRDA:43,3,0,1
BRDA:43,3,1,1
BRDA:48,4,0,0
BRDA:48,4,1,1
BRDA:57,5,0,0
BRDA:57,5,1,0
BRDA:67,6,0,19
BRDA:67,6,1,0
BRDA:72,7,0,13
BRDA:72,7,1,15
BRDA:75,8,0,2
BRDA:75,8,1,13
BRDA:104,9,0,0
BRDA:104,9,1,19
BRDA:124,10,0,19
BRDA:124,10,1,17
BRDA:134,11,0,2
BRDA:134,11,1,15
BRDA:141,12,0,15
BRDA:141,12,1,0
BRDA:185,13,0,28
BRDA:185,13,1,4
BRDA:209,14,0,1
BRDA:209,14,1,3
BRF:30
BRH:23
end_of_record
TN:
SF:src\pages\student\GroupPage.js
FN:12,(anonymous_0)
FN:24,GroupPage
FN:37,(anonymous_2)
FN:39,(anonymous_3)
FN:43,(anonymous_4)
FN:44,(anonymous_5)
FN:45,(anonymous_6)
FN:54,(anonymous_7)
FN:67,(anonymous_8)
FN:80,(anonymous_9)
FN:90,(anonymous_10)
FN:101,(anonymous_11)
FN:113,(anonymous_12)
FN:129,(anonymous_13)
FN:141,(anonymous_14)
FN:151,(anonymous_15)
FN:160,(anonymous_16)
FN:163,(anonymous_17)
FN:180,(anonymous_18)
FN:203,(anonymous_19)
FN:220,(anonymous_20)
FN:233,(anonymous_21)
FN:246,(anonymous_22)
FN:261,(anonymous_23)
FN:272,(anonymous_24)
FN:278,(anonymous_25)
FN:290,(anonymous_26)
FN:304,(anonymous_27)
FN:325,(anonymous_28)
FN:326,(anonymous_29)
FN:327,(anonymous_30)
FN:353,(anonymous_31)
FN:354,(anonymous_32)
FN:357,(anonymous_33)
FN:362,(anonymous_34)
FN:370,(anonymous_35)
FN:381,(anonymous_36)
FN:382,(anonymous_37)
FN:385,(anonymous_38)
FN:390,(anonymous_39)
FN:398,(anonymous_40)
FNF:41
FNH:30
FNDA:82,(anonymous_0)
FNDA:105,GroupPage
FNDA:36,(anonymous_2)
FNDA:40,(anonymous_3)
FNDA:0,(anonymous_4)
FNDA:0,(anonymous_5)
FNDA:0,(anonymous_6)
FNDA:1,(anonymous_7)
FNDA:2,(anonymous_8)
FNDA:3,(anonymous_9)
FNDA:2,(anonymous_10)
FNDA:3,(anonymous_11)
FNDA:1,(anonymous_12)
FNDA:41,(anonymous_13)
FNDA:5,(anonymous_14)
FNDA:8,(anonymous_15)
FNDA:2,(anonymous_16)
FNDA:1,(anonymous_17)
FNDA:0,(anonymous_18)
FNDA:5,(anonymous_19)
FNDA:82,(anonymous_20)
FNDA:1,(anonymous_21)
FNDA:37,(anonymous_22)
FNDA:0,(anonymous_23)
FNDA:0,(anonymous_24)
FNDA:4,(anonymous_25)
FNDA:6,(anonymous_26)
FNDA:0,(anonymous_27)
FNDA:4,(anonymous_28)
FNDA:4,(anonymous_29)
FNDA:205,(anonymous_30)
FNDA:0,(anonymous_31)
FNDA:2,(anonymous_32)
FNDA:0,(anonymous_33)
FNDA:2,(anonymous_34)
FNDA:1,(anonymous_35)
FNDA:0,(anonymous_36)
FNDA:3,(anonymous_37)
FNDA:0,(anonymous_38)
FNDA:2,(anonymous_39)
FNDA:1,(anonymous_40)
DA:12,1
DA:13,82
DA:14,82
DA:25,105
DA:26,105
DA:27,105
DA:28,105
DA:29,105
DA:30,105
DA:31,105
DA:32,105
DA:33,105
DA:34,105
DA:35,105
DA:37,105
DA:39,105
DA:40,40
DA:41,40
DA:42,40
DA:43,0
DA:44,0
DA:45,0
DA:47,39
DA:48,39
DA:49,39
DA:51,39
DA:54,105
DA:55,1
DA:56,1
DA:57,1
DA:58,1
DA:59,1
DA:60,1
DA:61,1
DA:62,1
DA:63,0
DA:64,1
DA:67,105
DA:68,2
DA:69,2
DA:70,2
DA:71,2
DA:72,1
DA:73,1
DA:74,1
DA:75,1
DA:76,1
DA:77,2
DA:80,105
DA:81,3
DA:82,3
DA:83,3
DA:84,2
DA:85,2
DA:86,1
DA:87,3
DA:90,105
DA:91,2
DA:92,1
DA:93,1
DA:94,1
DA:95,1
DA:96,1
DA:97,0
DA:98,1
DA:101,105
DA:102,3
DA:103,2
DA:104,2
DA:105,2
DA:106,1
DA:107,1
DA:108,1
DA:109,1
DA:110,2
DA:113,105
DA:114,1
DA:115,0
DA:116,0
DA:117,0
DA:118,0
DA:119,0
DA:120,0
DA:121,0
DA:124,105
DA:125,105
DA:129,105
DA:131,105
DA:133,69
DA:141,5
DA:152,8
DA:160,2
DA:163,1
DA:180,0
DA:203,5
DA:221,82
DA:222,82
DA:233,1
DA:247,37
DA:261,0
DA:272,0
DA:279,4
DA:284,4
DA:290,6
DA:304,0
DA:325,4
DA:326,4
DA:328,205
DA:353,0
DA:354,2
DA:357,0
DA:362,2
DA:370,1
DA:381,0
DA:382,3
DA:385,0
DA:390,2
DA:398,1
LF:118
LH:98
BRDA:12,0,0,82
BRDA:13,1,0,82
BRDA:13,1,1,0
BRDA:13,2,0,82
BRDA:13,2,1,0
BRDA:55,3,0,0
BRDA:55,3,1,1
BRDA:63,4,0,0
BRDA:63,4,1,0
BRDA:63,4,2,0
BRDA:68,5,0,0
BRDA:68,5,1,2
BRDA:76,6,0,1
BRDA:76,6,1,0
BRDA:76,6,2,0
BRDA:84,7,0,1
BRDA:84,7,1,1
BRDA:86,8,0,1
BRDA:86,8,1,1
BRDA:86,8,2,0
BRDA:91,9,0,1
BRDA:91,9,1,1
BRDA:97,10,0,0
BRDA:97,10,1,0
BRDA:97,10,2,0
BRDA:102,11,0,1
BRDA:102,11,1,2
BRDA:109,12,0,1
BRDA:109,12,1,1
BRDA:109,12,2,0
BRDA:114,13,0,1
BRDA:114,13,1,0
BRDA:120,14,0,0
BRDA:120,14,1,0
BRDA:120,14,2,0
BRDA:124,15,0,105
BRDA:124,15,1,0
BRDA:125,16,0,105
BRDA:125,16,1,105
BRDA:125,16,2,68
BRDA:129,17,0,105
BRDA:129,17,1,64
BRDA:131,18,0,36
BRDA:131,18,1,69
BRDA:140,19,0,69
BRDA:140,19,1,28
BRDA:148,20,0,69
BRDA:148,20,1,8
BRDA:173,21,0,69
BRDA:173,21,1,28
BRDA:173,21,2,20
BRDA:187,22,0,69
BRDA:187,22,1,41
BRDA:197,23,0,41
BRDA:197,23,1,37
BRDA:201,24,0,41
BRDA:201,24,1,37
BRDA:211,25,0,41
BRDA:211,25,1,4
BRDA:221,26,0,82
BRDA:221,26,1,0
BRDA:228,27,0,82
BRDA:228,27,1,41
BRDA:230,28,0,82
BRDA:230,28,1,0
BRDA:232,29,0,82
BRDA:232,29,1,74
BRDA:232,29,2,37
BRDA:243,30,0,41
BRDA:243,30,1,37
BRDA:243,30,2,37
BRDA:260,31,0,41
BRDA:260,31,1,37
BRDA:266,32,0,37
BRDA:266,32,1,4
BRDA:270,33,0,37
BRDA:270,33,1,33
BRDA:279,34,0,4
BRDA:279,34,1,0
BRDA:285,35,0,4
BRDA:285,35,1,0
BRDA:297,36,0,4
BRDA:297,36,1,1
BRDA:302,37,0,4
BRDA:302,37,1,1
BRDA:329,38,0,88
BRDA:329,38,1,117
BRDA:329,39,0,88
BRDA:329,39,1,117
BRDA:330,40,0,88
BRDA:330,40,1,117
BRDA:332,41,0,88
BRDA:332,41,1,117
BRDA:332,42,0,88
BRDA:332,42,1,117
BRDA:352,43,0,69
BRDA:352,43,1,8
BRDA:371,44,0,8
BRDA:371,44,1,7
BRDA:372,45,0,1
BRDA:372,45,1,7
BRDA:380,46,0,69
BRDA:380,46,1,10
BRDA:399,47,0,10
BRDA:399,47,1,8
BRDA:400,48,0,2
BRDA:400,48,1,8
BRF:107
BRH:84
end_of_record
TN:
SF:src\pages\student\MyApplicationsPage.js
FN:4,MyApplicationsPage
FN:7,(anonymous_1)
FNF:2
FNH:2
FNDA:1,MyApplicationsPage
FNDA:1,(anonymous_1)
DA:5,1
DA:7,1
DA:8,1
LF:3
LH:3
BRF:0
BRH:0
end_of_record
TN:
SF:src\pages\student\MyProjectPage.js
FN:7,MyProjectPage
FN:12,(anonymous_1)
FN:13,(anonymous_2)
FN:15,(anonymous_3)
FN:15,(anonymous_4)
FN:28,(anonymous_5)
FN:41,(anonymous_6)
FN:60,(anonymous_7)
FN:86,(anonymous_8)
FNF:9
FNH:8
FNDA:13,MyProjectPage
FNDA:7,(anonymous_1)
FNDA:5,(anonymous_2)
FNDA:1,(anonymous_3)
FNDA:6,(anonymous_4)
FNDA:1,(anonymous_5)
FNDA:1,(anonymous_6)
FNDA:6,(anonymous_7)
FNDA:0,(anonymous_8)
DA:8,13
DA:9,13
DA:10,13
DA:12,13
DA:13,7
DA:14,5
DA:15,6
DA:18,13
DA:20,6
DA:28,1
DA:34,3
DA:41,1
DA:60,6
DA:86,0
LF:14
LH:13
BRDA:14,0,0,5
BRDA:14,0,1,2
BRDA:18,1,0,7
BRDA:18,1,1,6
BRDA:20,2,0,3
BRDA:20,2,1,3
BRDA:82,3,0,3
BRDA:82,3,1,0
BRF:8
BRH:7
end_of_record
TN:
SF:src\pages\student\StudentDashboard.js
FN:9,StudentDashboard
FN:53,(anonymous_1)
FN:58,(anonymous_2)
FN:85,(anonymous_3)
FN:94,(anonymous_4)
FN:95,(anonymous_5)
FN:96,(anonymous_6)
FNF:7
FNH:4
FNDA:9,StudentDashboard
FNDA:1,(anonymous_1)
FNDA:1,(anonymous_2)
FNDA:0,(anonymous_3)
FNDA:1,(anonymous_4)
FNDA:0,(anonymous_5)
FNDA:0,(anonymous_6)
DA:10,9
DA:11,9
DA:15,8
DA:54,1
DA:58,1
DA:85,0
DA:94,1
DA:95,0
DA:96,0
LF:9
LH:6
BRDA:11,0,0,1
BRDA:11,0,1,8
BRDA:32,1,0,3
BRDA:32,1,1,5
BRDA:33,2,0,3
BRDA:33,2,1,5
BRDA:34,3,0,3
BRDA:34,3,1,5
BRDA:39,4,0,1
BRDA:39,4,1,7
BRDA:40,5,0,1
BRDA:40,5,1,7
BRDA:41,6,0,1
BRDA:41,6,1,7
BRDA:46,7,0,3
BRDA:46,7,1,5
BRDA:96,8,0,8
BRDA:96,8,1,3
BRF:18
BRH:18
end_of_record
TN:
SF:src\pages\supervisor\ApplicationsReviewPage.js
FN:12,ApplicationsReviewPage
FN:21,(anonymous_1)
FN:23,(anonymous_2)
FN:31,(anonymous_3)
FN:35,(anonymous_4)
FN:47,(anonymous_5)
FN:63,(anonymous_6)
FN:90,(anonymous_7)
FN:98,(anonymous_8)
FN:128,(anonymous_9)
FN:131,(anonymous_10)
FN:144,(anonymous_11)
FN:165,(anonymous_12)
FN:166,(anonymous_13)
FN:178,(anonymous_14)
FN:179,(anonymous_15)
FN:182,(anonymous_16)
FN:193,(anonymous_17)
FN:198,(anonymous_18)
FNF:19
FNH:16
FNDA:35,ApplicationsReviewPage
FNDA:13,(anonymous_1)
FNDA:15,(anonymous_2)
FNDA:4,(anonymous_3)
FNDA:2,(anonymous_4)
FNDA:34,(anonymous_5)
FNDA:19,(anonymous_6)
FNDA:34,(anonymous_7)
FNDA:36,(anonymous_8)
FNDA:2,(anonymous_9)
FNDA:2,(anonymous_10)
FNDA:7,(anonymous_11)
FNDA:136,(anonymous_12)
FNDA:1,(anonymous_13)
FNDA:0,(anonymous_14)
FNDA:2,(anonymous_15)
FNDA:0,(anonymous_16)
FNDA:1,(anonymous_17)
FNDA:0,(anonymous_18)
DA:6,1
DA:13,35
DA:14,34
DA:15,34
DA:16,34
DA:17,34
DA:18,34
DA:19,34
DA:21,34
DA:23,34
DA:24,15
DA:25,15
DA:26,15
DA:27,13
DA:28,14
DA:31,34
DA:32,4
DA:35,34
DA:36,2
DA:37,2
DA:38,2
DA:39,2
DA:40,2
DA:41,2
DA:42,0
DA:43,2
DA:47,34
DA:48,34
DA:49,13
DA:51,21
DA:52,4
DA:61,17
DA:64,19
DA:65,19
DA:66,19
DA:90,34
DA:99,36
DA:128,2
DA:131,2
DA:144,34
DA:145,7
DA:146,2
DA:148,5
DA:149,2
DA:151,3
DA:154,34
DA:166,136
DA:178,0
DA:179,2
DA:182,0
DA:193,1
DA:198,0
LF:52
LH:48
BRDA:26,0,0,15
BRDA:26,0,1,1
BRDA:39,1,0,1
BRDA:39,1,1,1
BRDA:42,2,0,0
BRDA:42,2,1,0
BRDA:48,3,0,13
BRDA:48,3,1,21
BRDA:51,4,0,4
BRDA:51,4,1,17
BRDA:64,5,0,19
BRDA:64,5,1,0
BRDA:75,6,0,19
BRDA:75,6,1,0
BRDA:101,7,0,36
BRDA:101,7,1,0
BRDA:101,8,0,36
BRDA:101,8,1,0
BRDA:104,9,0,36
BRDA:104,9,1,19
BRDA:104,10,0,36
BRDA:104,10,1,0
BRDA:113,11,0,19
BRDA:113,11,1,17
BRDA:120,12,0,19
BRDA:120,12,1,2
BRDA:121,13,0,2
BRDA:121,13,1,0
BRDA:121,14,0,2
BRDA:121,14,1,0
BRDA:126,15,0,19
BRDA:126,15,1,17
BRDA:145,16,0,2
BRDA:145,16,1,5
BRDA:148,17,0,2
BRDA:148,17,1,3
BRDA:166,18,0,34
BRDA:166,18,1,102
BRDA:167,19,0,136
BRDA:167,19,1,34
BRDA:177,20,0,34
BRDA:177,20,1,7
BRDA:181,21,0,3
BRDA:181,21,1,4
BRDA:185,22,0,7
BRDA:185,22,1,3
BRDA:192,23,0,4
BRDA:192,23,1,3
BRDA:194,24,0,3
BRDA:194,24,1,4
BRDA:200,25,0,3
BRDA:200,25,1,4
BRF:52
BRH:43
end_of_record
TN:
SF:src\pages\supervisor\MySupervisorSubjectsPage.js
FN:8,MySupervisorSubjectsPage
FN:16,(anonymous_1)
FN:18,(anonymous_2)
FN:26,(anonymous_3)
FN:27,(anonymous_4)
FN:33,(anonymous_5)
FN:38,(anonymous_6)
FN:48,(anonymous_7)
FN:56,(anonymous_8)
FN:71,(anonymous_9)
FN:78,(anonymous_10)
FN:79,(anonymous_11)
FN:87,(anonymous_12)
FN:117,(anonymous_13)
FN:118,(anonymous_14)
FN:121,(anonymous_15)
FN:128,(anonymous_16)
FN:133,(anonymous_17)
FN:138,(anonymous_18)
FN:143,(anonymous_19)
FN:147,(anonymous_20)
FNF:21
FNH:17
FNDA:39,MySupervisorSubjectsPage
FNDA:11,(anonymous_1)
FNDA:15,(anonymous_2)
FNDA:3,(anonymous_3)
FNDA:2,(anonymous_4)
FNDA:3,(anonymous_5)
FNDA:6,(anonymous_6)
FNDA:2,(anonymous_7)
FNDA:39,(anonymous_8)
FNDA:29,(anonymous_9)
FNDA:2,(anonymous_10)
FNDA:2,(anonymous_11)
FNDA:58,(anonymous_12)
FNDA:0,(anonymous_13)
FNDA:3,(anonymous_14)
FNDA:0,(anonymous_15)
FNDA:3,(anonymous_16)
FNDA:2,(anonymous_17)
FNDA:1,(anonymous_18)
FNDA:0,(anonymous_19)
FNDA:0,(anonymous_20)
DA:6,1
DA:9,39
DA:10,39
DA:11,39
DA:12,39
DA:13,39
DA:14,39
DA:16,39
DA:18,39
DA:19,15
DA:20,15
DA:21,15
DA:22,14
DA:23,14
DA:26,39
DA:27,39
DA:28,2
DA:29,2
DA:30,2
DA:33,39
DA:34,3
DA:35,3
DA:36,3
DA:38,6
DA:40,3
DA:41,3
DA:42,2
DA:43,3
DA:44,3
DA:45,3
DA:48,39
DA:49,2
DA:50,1
DA:53,39
DA:56,39
DA:57,39
DA:58,11
DA:60,28
DA:61,13
DA:69,15
DA:72,29
DA:78,2
DA:79,2
DA:87,58
DA:103,39
DA:117,0
DA:118,3
DA:121,0
DA:128,3
DA:133,2
DA:138,1
DA:143,0
DA:147,0
LF:53
LH:49
BRDA:29,0,0,2
BRDA:29,0,1,0
BRDA:41,1,0,1
BRDA:41,1,1,2
BRDA:45,2,0,0
BRDA:45,2,1,0
BRDA:49,3,0,1
BRDA:49,3,1,1
BRDA:57,4,0,11
BRDA:57,4,1,28
BRDA:60,5,0,13
BRDA:60,5,1,15
BRDA:84,6,0,0
BRDA:84,6,1,29
BRDA:90,7,0,29
BRDA:90,7,1,14
BRDA:92,8,0,29
BRDA:92,8,1,14
BRDA:116,9,0,39
BRDA:116,9,1,14
BRDA:120,10,0,4
BRDA:120,10,1,10
BRDA:149,11,0,3
BRDA:149,11,1,11
BRF:24
BRH:20
end_of_record
TN:
SF:src\pages\supervisor\SupervisorDashboard.js
FN:6,SupervisorDashboard
FN:33,(anonymous_1)
FN:35,(anonymous_2)
FN:42,(anonymous_3)
FN:58,(anonymous_4)
FN:59,(anonymous_5)
FN:62,(anonymous_6)
FNF:7
FNH:7
FNDA:9,SupervisorDashboard
FNDA:2,(anonymous_1)
FNDA:1,(anonymous_2)
FNDA:1,(anonymous_3)
FNDA:1,(anonymous_4)
FNDA:1,(anonymous_5)
FNDA:1,(anonymous_6)
DA:7,9
DA:8,9
DA:10,8
DA:17,8
DA:34,2
DA:35,1
DA:42,1
DA:58,1
DA:59,1
DA:62,1
LF:10
LH:10
BRDA:8,0,0,1
BRDA:8,0,1,8
BRDA:31,1,0,6
BRDA:31,1,1,2
BRDA:36,2,0,2
BRDA:36,2,1,0
BRDA:60,3,0,8
BRDA:60,3,1,8
BRF:8
BRH:7
end_of_record
TN:
SF:src\pages\supervisor\SupervisorProjectsPage.js
FN:7,SupervisorProjectsPage
FN:12,(anonymous_1)
FN:13,(anonymous_2)
FN:13,(anonymous_3)
FN:13,(anonymous_4)
FN:17,(anonymous_5)
FN:31,(anonymous_6)
FN:32,(anonymous_7)
FN:39,(anonymous_8)
FN:42,(anonymous_9)
FNF:10
FNH:10
FNDA:15,SupervisorProjectsPage
FNDA:8,(anonymous_1)
FNDA:6,(anonymous_2)
FNDA:1,(anonymous_3)
FNDA:7,(anonymous_4)
FNDA:15,(anonymous_5)
FNDA:5,(anonymous_6)
FNDA:1,(anonymous_7)
FNDA:10,(anonymous_8)
FNDA:10,(anonymous_9)
DA:8,15
DA:9,15
DA:10,15
DA:12,15
DA:13,8
DA:17,15
DA:18,15
DA:19,8
DA:21,7
DA:22,2
DA:29,5
DA:32,5
DA:39,10
DA:43,10
DA:65,15
LF:15
LH:15
BRDA:18,0,0,8
BRDA:18,0,1,7
BRDA:21,1,0,2
BRDA:21,1,1,5
BRDA:34,2,0,4
BRDA:34,2,1,1
BRDA:45,3,0,10
BRDA:45,3,1,0
BRDA:45,4,0,10
BRDA:45,4,1,0
BRF:10
BRH:8
end_of_record
TN:
SF:src\services\api.js
FN:7,(anonymous_0)
FN:14,(anonymous_1)
FN:15,(anonymous_2)
FN:26,(anonymous_3)
FN:27,(anonymous_4)
FN:28,(anonymous_5)
FN:29,(anonymous_6)
FN:30,(anonymous_7)
FN:31,(anonymous_8)
FN:32,(anonymous_9)
FN:35,(anonymous_10)
FN:36,(anonymous_11)
FN:37,(anonymous_12)
FN:38,(anonymous_13)
FN:39,(anonymous_14)
FN:40,(anonymous_15)
FN:43,(anonymous_16)
FN:44,(anonymous_17)
FN:45,(anonymous_18)
FN:46,(anonymous_19)
FN:47,(anonymous_20)
FN:48,(anonymous_21)
FN:49,(anonymous_22)
FN:52,(anonymous_23)
FN:53,(anonymous_24)
FN:54,(anonymous_25)
FN:55,(anonymous_26)
FN:58,(anonymous_27)
FN:59,(anonymous_28)
FN:60,(anonymous_29)
FN:63,(anonymous_30)
FN:64,(anonymous_31)
FN:65,(anonymous_32)
FN:66,(anonymous_33)
FN:69,(anonymous_34)
FN:70,(anonymous_35)
FN:73,(anonymous_36)
FN:76,(anonymous_37)
FN:77,(anonymous_38)
FN:80,(anonymous_39)
FN:81,(anonymous_40)
FN:82,(anonymous_41)
FN:83,(anonymous_42)
FN:86,(anonymous_43)
FN:87,(anonymous_44)
FN:88,(anonymous_45)
FN:93,(anonymous_46)
FN:94,(anonymous_47)
FN:95,(anonymous_48)
FN:98,(anonymous_49)
FN:101,(anonymous_50)
FN:102,(anonymous_51)
FN:103,(anonymous_52)
FN:104,(anonymous_53)
FN:105,(anonymous_54)
FN:106,(anonymous_55)
FN:107,(anonymous_56)
FN:108,(anonymous_57)
FN:109,(anonymous_58)
FNF:59
FNH:51
FNDA:51,(anonymous_0)
FNDA:50,(anonymous_1)
FNDA:1,(anonymous_2)
FNDA:1,(anonymous_3)
FNDA:1,(anonymous_4)
FNDA:4,(anonymous_5)
FNDA:1,(anonymous_6)
FNDA:1,(anonymous_7)
FNDA:0,(anonymous_8)
FNDA:0,(anonymous_9)
FNDA:0,(anonymous_10)
FNDA:0,(anonymous_11)
FNDA:0,(anonymous_12)
FNDA:0,(anonymous_13)
FNDA:0,(anonymous_14)
FNDA:0,(anonymous_15)
FNDA:1,(anonymous_16)
FNDA:1,(anonymous_17)
FNDA:1,(anonymous_18)
FNDA:1,(anonymous_19)
FNDA:1,(anonymous_20)
FNDA:1,(anonymous_21)
FNDA:1,(anonymous_22)
FNDA:1,(anonymous_23)
FNDA:1,(anonymous_24)
FNDA:1,(anonymous_25)
FNDA:1,(anonymous_26)
FNDA:1,(anonymous_27)
FNDA:1,(anonymous_28)
FNDA:1,(anonymous_29)
FNDA:1,(anonymous_30)
FNDA:1,(anonymous_31)
FNDA:1,(anonymous_32)
FNDA:1,(anonymous_33)
FNDA:1,(anonymous_34)
FNDA:1,(anonymous_35)
FNDA:1,(anonymous_36)
FNDA:1,(anonymous_37)
FNDA:1,(anonymous_38)
FNDA:1,(anonymous_39)
FNDA:1,(anonymous_40)
FNDA:1,(anonymous_41)
FNDA:1,(anonymous_42)
FNDA:1,(anonymous_43)
FNDA:1,(anonymous_44)
FNDA:1,(anonymous_45)
FNDA:1,(anonymous_46)
FNDA:1,(anonymous_47)
FNDA:1,(anonymous_48)
FNDA:1,(anonymous_49)
FNDA:1,(anonymous_50)
FNDA:1,(anonymous_51)
FNDA:1,(anonymous_52)
FNDA:1,(anonymous_53)
FNDA:1,(anonymous_54)
FNDA:1,(anonymous_55)
FNDA:1,(anonymous_56)
FNDA:1,(anonymous_57)
FNDA:1,(anonymous_58)
DA:3,20
DA:7,20
DA:8,51
DA:9,51
DA:10,51
DA:13,20
DA:14,50
DA:16,1
DA:17,1
DA:18,1
DA:19,1
DA:21,1
DA:26,20
DA:27,20
DA:28,20
DA:29,20
DA:30,20
DA:31,20
DA:32,20
DA:35,20
DA:36,20
DA:37,20
DA:38,20
DA:39,20
DA:40,20
DA:43,20
DA:44,20
DA:45,20
DA:46,20
DA:47,20
DA:48,20
DA:49,20
DA:52,20
DA:53,20
DA:54,20
DA:55,20
DA:58,20
DA:59,20
DA:60,20
DA:63,20
DA:64,20
DA:65,20
DA:66,20
DA:69,20
DA:70,20
DA:73,20
DA:76,20
DA:77,20
DA:80,20
DA:81,20
DA:82,20
DA:83,20
DA:86,20
DA:87,20
DA:88,20
DA:93,20
DA:94,20
DA:95,20
DA:98,20
DA:101,20
DA:102,20
DA:103,20
DA:104,20
DA:105,20
DA:106,20
DA:107,20
DA:108,20
DA:109,20
LF:68
LH:68
BRDA:9,0,0,2
BRDA:9,0,1,49
BRDA:16,1,0,1
BRDA:16,1,1,0
BRF:4
BRH:3
end_of_record
