{"D:\\fixed-project\\backend\\server.js": {"path":"D:\\fixed-project\\backend\\server.js","statementMap":{"0":{"start":{"line":1,"column":16},"end":{"line":1,"column":34}},"1":{"start":{"line":2,"column":17},"end":{"line":2,"column":36}},"2":{"start":{"line":3,"column":13},"end":{"line":3,"column":28}},"3":{"start":{"line":4,"column":15},"end":{"line":4,"column":32}},"4":{"start":{"line":5,"column":22},"end":{"line":5,"column":55}},"5":{"start":{"line":6,"column":18},"end":{"line":6,"column":47}},"6":{"start":{"line":7,"column":13},"end":{"line":7,"column":28}},"7":{"start":{"line":8,"column":0},"end":{"line":8,"column":27}},"8":{"start":{"line":10,"column":12},"end":{"line":10,"column":21}},"9":{"start":{"line":12,"column":0},"end":{"line":12,"column":26}},"10":{"start":{"line":13,"column":0},"end":{"line":13,"column":18}},"11":{"start":{"line":14,"column":0},"end":{"line":14,"column":25}},"12":{"start":{"line":16,"column":16},"end":{"line":22,"column":2}},"13":{"start":{"line":23,"column":0},"end":{"line":23,"column":26}},"14":{"start":{"line":25,"column":0},"end":{"line":28,"column":4}},"15":{"start":{"line":30,"column":0},"end":{"line":30,"column":41}},"16":{"start":{"line":31,"column":0},"end":{"line":31,"column":63}},"17":{"start":{"line":32,"column":0},"end":{"line":32,"column":69}},"18":{"start":{"line":34,"column":0},"end":{"line":34,"column":53}},"19":{"start":{"line":35,"column":0},"end":{"line":35,"column":54}},"20":{"start":{"line":36,"column":0},"end":{"line":36,"column":60}},"21":{"start":{"line":37,"column":0},"end":{"line":37,"column":68}},"22":{"start":{"line":38,"column":0},"end":{"line":38,"column":60}},"23":{"start":{"line":39,"column":0},"end":{"line":39,"column":64}},"24":{"start":{"line":40,"column":0},"end":{"line":40,"column":68}},"25":{"start":{"line":41,"column":0},"end":{"line":41,"column":66}},"26":{"start":{"line":42,"column":0},"end":{"line":42,"column":70}},"27":{"start":{"line":43,"column":0},"end":{"line":43,"column":63}},"28":{"start":{"line":44,"column":0},"end":{"line":44,"column":60}},"29":{"start":{"line":45,"column":0},"end":{"line":45,"column":56}},"30":{"start":{"line":47,"column":0},"end":{"line":53,"column":3}},"31":{"start":{"line":48,"column":2},"end":{"line":48,"column":27}},"32":{"start":{"line":49,"column":2},"end":{"line":52,"column":5}},"33":{"start":{"line":58,"column":0},"end":{"line":75,"column":5}},"34":{"start":{"line":62,"column":4},"end":{"line":67,"column":5}},"35":{"start":{"line":63,"column":6},"end":{"line":63,"column":41}},"36":{"start":{"line":64,"column":6},"end":{"line":66,"column":9}},"37":{"start":{"line":65,"column":8},"end":{"line":65,"column":77}},"38":{"start":{"line":70,"column":4},"end":{"line":70,"column":54}},"39":{"start":{"line":72,"column":4},"end":{"line":74,"column":5}},"40":{"start":{"line":73,"column":4},"end":{"line":73,"column":20}},"41":{"start":{"line":76,"column":0},"end":{"line":76,"column":21}}},"fnMap":{"0":{"name":"(anonymous_0)","decl":{"start":{"line":47,"column":8},"end":{"line":47,"column":9}},"loc":{"start":{"line":47,"column":33},"end":{"line":53,"column":1}},"line":47},"1":{"name":"(anonymous_1)","decl":{"start":{"line":59,"column":8},"end":{"line":59,"column":9}},"loc":{"start":{"line":59,"column":14},"end":{"line":68,"column":3}},"line":59},"2":{"name":"(anonymous_2)","decl":{"start":{"line":64,"column":52},"end":{"line":64,"column":53}},"loc":{"start":{"line":64,"column":58},"end":{"line":66,"column":7}},"line":64},"3":{"name":"(anonymous_3)","decl":{"start":{"line":69,"column":9},"end":{"line":69,"column":10}},"loc":{"start":{"line":69,"column":16},"end":{"line":75,"column":3}},"line":69}},"branchMap":{"0":{"loc":{"start":{"line":18,"column":7},"end":{"line":18,"column":56}},"type":"cond-expr","locations":[{"start":{"line":18,"column":47},"end":{"line":18,"column":50}},{"start":{"line":18,"column":53},"end":{"line":18,"column":56}}],"line":18},"1":{"loc":{"start":{"line":26,"column":10},"end":{"line":26,"column":61}},"type":"binary-expr","locations":[{"start":{"line":26,"column":10},"end":{"line":26,"column":34}},{"start":{"line":26,"column":38},"end":{"line":26,"column":61}}],"line":26},"2":{"loc":{"start":{"line":49,"column":13},"end":{"line":49,"column":34}},"type":"binary-expr","locations":[{"start":{"line":49,"column":13},"end":{"line":49,"column":27}},{"start":{"line":49,"column":31},"end":{"line":49,"column":34}}],"line":49},"3":{"loc":{"start":{"line":51,"column":13},"end":{"line":51,"column":42}},"type":"binary-expr","locations":[{"start":{"line":51,"column":13},"end":{"line":51,"column":24}},{"start":{"line":51,"column":28},"end":{"line":51,"column":42}}],"line":51},"4":{"loc":{"start":{"line":62,"column":4},"end":{"line":67,"column":5}},"type":"if","locations":[{"start":{"line":62,"column":4},"end":{"line":67,"column":5}},{"start":{},"end":{}}],"line":62},"5":{"loc":{"start":{"line":64,"column":26},"end":{"line":64,"column":50}},"type":"binary-expr","locations":[{"start":{"line":64,"column":26},"end":{"line":64,"column":42}},{"start":{"line":64,"column":46},"end":{"line":64,"column":50}}],"line":64},"6":{"loc":{"start":{"line":65,"column":49},"end":{"line":65,"column":73}},"type":"binary-expr","locations":[{"start":{"line":65,"column":49},"end":{"line":65,"column":65}},{"start":{"line":65,"column":69},"end":{"line":65,"column":73}}],"line":65},"7":{"loc":{"start":{"line":72,"column":4},"end":{"line":74,"column":5}},"type":"if","locations":[{"start":{"line":72,"column":4},"end":{"line":74,"column":5}},{"start":{},"end":{}}],"line":72}},"s":{"0":11,"1":11,"2":11,"3":11,"4":11,"5":11,"6":11,"7":11,"8":11,"9":11,"10":11,"11":11,"12":11,"13":11,"14":11,"15":11,"16":11,"17":11,"18":11,"19":11,"20":11,"21":11,"22":11,"23":11,"24":11,"25":11,"26":11,"27":11,"28":11,"29":11,"30":11,"31":0,"32":0,"33":11,"34":11,"35":0,"36":0,"37":0,"38":0,"39":0,"40":0,"41":11},"f":{"0":0,"1":11,"2":0,"3":0},"b":{"0":[0,11],"1":[11,0],"2":[0,0],"3":[0,0],"4":[0,11],"5":[0,0],"6":[0,0],"7":[0,0]},"_coverageSchema":"1a1c01bbd47fc00a2c39e90264f33305004495a9","hash":"4c1e8bdc0fceb299f1692bdd5db0efdf522f473e"}
,"D:\\fixed-project\\backend\\controllers\\applicationController.js": {"path":"D:\\fixed-project\\backend\\controllers\\applicationController.js","statementMap":{"0":{"start":{"line":1,"column":20},"end":{"line":1,"column":52}},"1":{"start":{"line":2,"column":20},"end":{"line":2,"column":48}},"2":{"start":{"line":3,"column":20},"end":{"line":3,"column":48}},"3":{"start":{"line":4,"column":20},"end":{"line":4,"column":50}},"4":{"start":{"line":5,"column":20},"end":{"line":5,"column":46}},"5":{"start":{"line":6,"column":31},"end":{"line":6,"column":64}},"6":{"start":{"line":9,"column":0},"end":{"line":43,"column":2}},"7":{"start":{"line":10,"column":2},"end":{"line":42,"column":83}},"8":{"start":{"line":11,"column":20},"end":{"line":11,"column":71}},"9":{"start":{"line":12,"column":4},"end":{"line":12,"column":96}},"10":{"start":{"line":12,"column":18},"end":{"line":12,"column":96}},"11":{"start":{"line":13,"column":4},"end":{"line":13,"column":128}},"12":{"start":{"line":13,"column":37},"end":{"line":13,"column":128}},"13":{"start":{"line":15,"column":18},"end":{"line":17,"column":13}},"14":{"start":{"line":18,"column":4},"end":{"line":18,"column":126}},"15":{"start":{"line":18,"column":16},"end":{"line":18,"column":126}},"16":{"start":{"line":19,"column":4},"end":{"line":19,"column":114}},"17":{"start":{"line":19,"column":21},"end":{"line":19,"column":114}},"18":{"start":{"line":20,"column":4},"end":{"line":21,"column":104}},"19":{"start":{"line":21,"column":6},"end":{"line":21,"column":104}},"20":{"start":{"line":23,"column":21},"end":{"line":23,"column":108}},"21":{"start":{"line":24,"column":4},"end":{"line":24,"column":118}},"22":{"start":{"line":24,"column":18},"end":{"line":24,"column":118}},"23":{"start":{"line":26,"column":16},"end":{"line":30,"column":6}},"24":{"start":{"line":32,"column":4},"end":{"line":32,"column":71}},"25":{"start":{"line":33,"column":4},"end":{"line":33,"column":25}},"26":{"start":{"line":35,"column":4},"end":{"line":39,"column":6}},"27":{"start":{"line":41,"column":4},"end":{"line":41,"column":55}},"28":{"start":{"line":42,"column":18},"end":{"line":42,"column":81}},"29":{"start":{"line":46,"column":0},"end":{"line":77,"column":2}},"30":{"start":{"line":47,"column":2},"end":{"line":76,"column":83}},"31":{"start":{"line":48,"column":16},"end":{"line":48,"column":18}},"32":{"start":{"line":50,"column":4},"end":{"line":54,"column":5}},"33":{"start":{"line":51,"column":20},"end":{"line":51,"column":72}},"34":{"start":{"line":52,"column":6},"end":{"line":52,"column":63}},"35":{"start":{"line":52,"column":18},"end":{"line":52,"column":63}},"36":{"start":{"line":53,"column":6},"end":{"line":53,"column":32}},"37":{"start":{"line":56,"column":4},"end":{"line":59,"column":5}},"38":{"start":{"line":57,"column":23},"end":{"line":57,"column":92}},"39":{"start":{"line":58,"column":6},"end":{"line":58,"column":56}},"40":{"start":{"line":58,"column":47},"end":{"line":58,"column":52}},"41":{"start":{"line":61,"column":4},"end":{"line":61,"column":58}},"42":{"start":{"line":61,"column":26},"end":{"line":61,"column":58}},"43":{"start":{"line":63,"column":25},"end":{"line":73,"column":13}},"44":{"start":{"line":75,"column":4},"end":{"line":75,"column":52}},"45":{"start":{"line":76,"column":18},"end":{"line":76,"column":81}},"46":{"start":{"line":80,"column":0},"end":{"line":132,"column":2}},"47":{"start":{"line":81,"column":2},"end":{"line":131,"column":83}},"48":{"start":{"line":82,"column":45},"end":{"line":82,"column":53}},"49":{"start":{"line":83,"column":16},"end":{"line":86,"column":13}},"50":{"start":{"line":88,"column":4},"end":{"line":88,"column":98}},"51":{"start":{"line":88,"column":14},"end":{"line":88,"column":98}},"52":{"start":{"line":90,"column":4},"end":{"line":90,"column":24}},"53":{"start":{"line":91,"column":4},"end":{"line":91,"column":52}},"54":{"start":{"line":92,"column":4},"end":{"line":92,"column":21}},"55":{"start":{"line":94,"column":4},"end":{"line":128,"column":5}},"56":{"start":{"line":95,"column":24},"end":{"line":95,"column":59}},"57":{"start":{"line":95,"column":53},"end":{"line":95,"column":58}},"58":{"start":{"line":97,"column":22},"end":{"line":103,"column":8}},"59":{"start":{"line":105,"column":32},"end":{"line":105,"column":111}},"60":{"start":{"line":106,"column":6},"end":{"line":108,"column":7}},"61":{"start":{"line":106,"column":19},"end":{"line":106,"column":20}},"62":{"start":{"line":107,"column":8},"end":{"line":107,"column":105}},"63":{"start":{"line":110,"column":6},"end":{"line":110,"column":85}},"64":{"start":{"line":112,"column":6},"end":{"line":119,"column":7}},"65":{"start":{"line":113,"column":8},"end":{"line":118,"column":10}},"66":{"start":{"line":121,"column":6},"end":{"line":127,"column":7}},"67":{"start":{"line":122,"column":8},"end":{"line":126,"column":10}},"68":{"start":{"line":130,"column":4},"end":{"line":130,"column":43}},"69":{"start":{"line":131,"column":18},"end":{"line":131,"column":81}},"70":{"start":{"line":135,"column":0},"end":{"line":143,"column":2}},"71":{"start":{"line":136,"column":2},"end":{"line":142,"column":83}},"72":{"start":{"line":137,"column":18},"end":{"line":137,"column":67}},"73":{"start":{"line":138,"column":4},"end":{"line":138,"column":113}},"74":{"start":{"line":138,"column":16},"end":{"line":138,"column":113}},"75":{"start":{"line":139,"column":16},"end":{"line":139,"column":101}},"76":{"start":{"line":140,"column":4},"end":{"line":140,"column":98}},"77":{"start":{"line":140,"column":14},"end":{"line":140,"column":98}},"78":{"start":{"line":141,"column":4},"end":{"line":141,"column":64}},"79":{"start":{"line":142,"column":18},"end":{"line":142,"column":81}}},"fnMap":{"0":{"name":"(anonymous_0)","decl":{"start":{"line":9,"column":16},"end":{"line":9,"column":17}},"loc":{"start":{"line":9,"column":36},"end":{"line":43,"column":1}},"line":9},"1":{"name":"(anonymous_1)","decl":{"start":{"line":46,"column":26},"end":{"line":46,"column":27}},"loc":{"start":{"line":46,"column":46},"end":{"line":77,"column":1}},"line":46},"2":{"name":"(anonymous_2)","decl":{"start":{"line":58,"column":42},"end":{"line":58,"column":43}},"loc":{"start":{"line":58,"column":47},"end":{"line":58,"column":52}},"line":58},"3":{"name":"(anonymous_3)","decl":{"start":{"line":80,"column":28},"end":{"line":80,"column":29}},"loc":{"start":{"line":80,"column":48},"end":{"line":132,"column":1}},"line":80},"4":{"name":"(anonymous_4)","decl":{"start":{"line":95,"column":48},"end":{"line":95,"column":49}},"loc":{"start":{"line":95,"column":53},"end":{"line":95,"column":58}},"line":95},"5":{"name":"(anonymous_5)","decl":{"start":{"line":135,"column":28},"end":{"line":135,"column":29}},"loc":{"start":{"line":135,"column":48},"end":{"line":143,"column":1}},"line":135}},"branchMap":{"0":{"loc":{"start":{"line":12,"column":4},"end":{"line":12,"column":96}},"type":"if","locations":[{"start":{"line":12,"column":4},"end":{"line":12,"column":96}},{"start":{},"end":{}}],"line":12},"1":{"loc":{"start":{"line":13,"column":4},"end":{"line":13,"column":128}},"type":"if","locations":[{"start":{"line":13,"column":4},"end":{"line":13,"column":128}},{"start":{},"end":{}}],"line":13},"2":{"loc":{"start":{"line":18,"column":4},"end":{"line":18,"column":126}},"type":"if","locations":[{"start":{"line":18,"column":4},"end":{"line":18,"column":126}},{"start":{},"end":{}}],"line":18},"3":{"loc":{"start":{"line":19,"column":4},"end":{"line":19,"column":114}},"type":"if","locations":[{"start":{"line":19,"column":4},"end":{"line":19,"column":114}},{"start":{},"end":{}}],"line":19},"4":{"loc":{"start":{"line":20,"column":4},"end":{"line":21,"column":104}},"type":"if","locations":[{"start":{"line":20,"column":4},"end":{"line":21,"column":104}},{"start":{},"end":{}}],"line":20},"5":{"loc":{"start":{"line":24,"column":4},"end":{"line":24,"column":118}},"type":"if","locations":[{"start":{"line":24,"column":4},"end":{"line":24,"column":118}},{"start":{},"end":{}}],"line":24},"6":{"loc":{"start":{"line":32,"column":34},"end":{"line":32,"column":65}},"type":"binary-expr","locations":[{"start":{"line":32,"column":34},"end":{"line":32,"column":60}},{"start":{"line":32,"column":64},"end":{"line":32,"column":65}}],"line":32},"7":{"loc":{"start":{"line":50,"column":4},"end":{"line":54,"column":5}},"type":"if","locations":[{"start":{"line":50,"column":4},"end":{"line":54,"column":5}},{"start":{},"end":{}}],"line":50},"8":{"loc":{"start":{"line":52,"column":6},"end":{"line":52,"column":63}},"type":"if","locations":[{"start":{"line":52,"column":6},"end":{"line":52,"column":63}},{"start":{},"end":{}}],"line":52},"9":{"loc":{"start":{"line":56,"column":4},"end":{"line":59,"column":5}},"type":"if","locations":[{"start":{"line":56,"column":4},"end":{"line":59,"column":5}},{"start":{},"end":{}}],"line":56},"10":{"loc":{"start":{"line":61,"column":4},"end":{"line":61,"column":58}},"type":"if","locations":[{"start":{"line":61,"column":4},"end":{"line":61,"column":58}},{"start":{},"end":{}}],"line":61},"11":{"loc":{"start":{"line":88,"column":4},"end":{"line":88,"column":98}},"type":"if","locations":[{"start":{"line":88,"column":4},"end":{"line":88,"column":98}},{"start":{},"end":{}}],"line":88},"12":{"loc":{"start":{"line":94,"column":4},"end":{"line":128,"column":5}},"type":"if","locations":[{"start":{"line":94,"column":4},"end":{"line":128,"column":5}},{"start":{"line":120,"column":11},"end":{"line":128,"column":5}}],"line":94},"13":{"loc":{"start":{"line":124,"column":70},"end":{"line":124,"column":96}},"type":"binary-expr","locations":[{"start":{"line":124,"column":70},"end":{"line":124,"column":90}},{"start":{"line":124,"column":94},"end":{"line":124,"column":96}}],"line":124},"14":{"loc":{"start":{"line":138,"column":4},"end":{"line":138,"column":113}},"type":"if","locations":[{"start":{"line":138,"column":4},"end":{"line":138,"column":113}},{"start":{},"end":{}}],"line":138},"15":{"loc":{"start":{"line":140,"column":4},"end":{"line":140,"column":98}},"type":"if","locations":[{"start":{"line":140,"column":4},"end":{"line":140,"column":98}},{"start":{},"end":{}}],"line":140}},"s":{"0":12,"1":12,"2":12,"3":12,"4":12,"5":12,"6":12,"7":13,"8":13,"9":12,"10":2,"11":10,"12":2,"13":8,"14":8,"15":2,"16":6,"17":0,"18":6,"19":2,"20":4,"21":4,"22":2,"23":2,"24":2,"25":2,"26":2,"27":2,"28":1,"29":12,"30":10,"31":10,"32":10,"33":5,"34":5,"35":2,"36":3,"37":8,"38":2,"39":2,"40":3,"41":8,"42":2,"43":8,"44":7,"45":1,"46":12,"47":6,"48":6,"49":6,"50":6,"51":2,"52":4,"53":4,"54":4,"55":4,"56":2,"57":2,"58":2,"59":2,"60":2,"61":2,"62":10,"63":2,"64":2,"65":2,"66":2,"67":3,"68":4,"69":0,"70":12,"71":6,"72":6,"73":6,"74":2,"75":4,"76":4,"77":2,"78":2,"79":0},"f":{"0":13,"1":10,"2":3,"3":6,"4":2,"5":6},"b":{"0":[2,10],"1":[2,8],"2":[2,6],"3":[0,6],"4":[2,4],"5":[2,2],"6":[2,2],"7":[5,5],"8":[2,3],"9":[2,6],"10":[2,6],"11":[2,4],"12":[2,2],"13":[3,0],"14":[2,4],"15":[2,2]},"_coverageSchema":"1a1c01bbd47fc00a2c39e90264f33305004495a9","hash":"ed07b69a23ca2367519685e5ed5c24e1e7929e9e"}
,"D:\\fixed-project\\backend\\controllers\\authController.js": {"path":"D:\\fixed-project\\backend\\controllers\\authController.js","statementMap":{"0":{"start":{"line":1,"column":13},"end":{"line":1,"column":38}},"1":{"start":{"line":2,"column":15},"end":{"line":2,"column":32}},"2":{"start":{"line":4,"column":18},"end":{"line":20,"column":1}},"3":{"start":{"line":5,"column":16},"end":{"line":5,"column":40}},"4":{"start":{"line":6,"column":2},"end":{"line":19,"column":5}},"5":{"start":{"line":22,"column":0},"end":{"line":32,"column":2}},"6":{"start":{"line":23,"column":2},"end":{"line":31,"column":3}},"7":{"start":{"line":24,"column":60},"end":{"line":24,"column":68}},"8":{"start":{"line":25,"column":25},"end":{"line":25,"column":61}},"9":{"start":{"line":26,"column":4},"end":{"line":26,"column":103}},"10":{"start":{"line":26,"column":22},"end":{"line":26,"column":103}},"11":{"start":{"line":27,"column":17},"end":{"line":27,"column":105}},"12":{"start":{"line":28,"column":4},"end":{"line":28,"column":30}},"13":{"start":{"line":30,"column":4},"end":{"line":30,"column":67}},"14":{"start":{"line":34,"column":0},"end":{"line":47,"column":2}},"15":{"start":{"line":35,"column":2},"end":{"line":46,"column":3}},"16":{"start":{"line":36,"column":34},"end":{"line":36,"column":42}},"17":{"start":{"line":37,"column":4},"end":{"line":37,"column":125}},"18":{"start":{"line":37,"column":31},"end":{"line":37,"column":125}},"19":{"start":{"line":38,"column":17},"end":{"line":38,"column":75}},"20":{"start":{"line":39,"column":4},"end":{"line":39,"column":95}},"21":{"start":{"line":39,"column":15},"end":{"line":39,"column":95}},"22":{"start":{"line":40,"column":4},"end":{"line":40,"column":131}},"23":{"start":{"line":40,"column":35},"end":{"line":40,"column":131}},"24":{"start":{"line":41,"column":20},"end":{"line":41,"column":56}},"25":{"start":{"line":42,"column":4},"end":{"line":42,"column":98}},"26":{"start":{"line":42,"column":18},"end":{"line":42,"column":98}},"27":{"start":{"line":43,"column":4},"end":{"line":43,"column":30}},"28":{"start":{"line":45,"column":4},"end":{"line":45,"column":67}},"29":{"start":{"line":49,"column":0},"end":{"line":52,"column":2}},"30":{"start":{"line":50,"column":15},"end":{"line":50,"column":54}},"31":{"start":{"line":51,"column":2},"end":{"line":51,"column":42}},"32":{"start":{"line":54,"column":0},"end":{"line":66,"column":2}},"33":{"start":{"line":55,"column":2},"end":{"line":65,"column":3}},"34":{"start":{"line":56,"column":41},"end":{"line":56,"column":49}},"35":{"start":{"line":57,"column":17},"end":{"line":61,"column":12}},"36":{"start":{"line":62,"column":4},"end":{"line":62,"column":44}},"37":{"start":{"line":64,"column":4},"end":{"line":64,"column":67}},"38":{"start":{"line":68,"column":0},"end":{"line":80,"column":2}},"39":{"start":{"line":69,"column":2},"end":{"line":79,"column":3}},"40":{"start":{"line":70,"column":45},"end":{"line":70,"column":53}},"41":{"start":{"line":71,"column":17},"end":{"line":71,"column":78}},"42":{"start":{"line":72,"column":20},"end":{"line":72,"column":61}},"43":{"start":{"line":73,"column":4},"end":{"line":73,"column":108}},"44":{"start":{"line":73,"column":18},"end":{"line":73,"column":108}},"45":{"start":{"line":74,"column":4},"end":{"line":74,"column":34}},"46":{"start":{"line":75,"column":4},"end":{"line":75,"column":22}},"47":{"start":{"line":76,"column":4},"end":{"line":76,"column":30}},"48":{"start":{"line":78,"column":4},"end":{"line":78,"column":67}},"49":{"start":{"line":82,"column":0},"end":{"line":130,"column":2}},"50":{"start":{"line":83,"column":2},"end":{"line":129,"column":3}},"51":{"start":{"line":84,"column":17},"end":{"line":84,"column":69}},"52":{"start":{"line":85,"column":4},"end":{"line":85,"column":104}},"53":{"start":{"line":85,"column":15},"end":{"line":85,"column":104}},"54":{"start":{"line":87,"column":23},"end":{"line":87,"column":61}},"55":{"start":{"line":88,"column":4},"end":{"line":88,"column":91}},"56":{"start":{"line":89,"column":4},"end":{"line":89,"column":59}},"57":{"start":{"line":90,"column":4},"end":{"line":90,"column":22}},"58":{"start":{"line":92,"column":21},"end":{"line":92,"column":79}},"59":{"start":{"line":94,"column":23},"end":{"line":94,"column":44}},"60":{"start":{"line":95,"column":24},"end":{"line":106,"column":6}},"61":{"start":{"line":108,"column":4},"end":{"line":124,"column":7}},"62":{"start":{"line":126,"column":4},"end":{"line":126,"column":77}},"63":{"start":{"line":128,"column":4},"end":{"line":128,"column":92}},"64":{"start":{"line":132,"column":0},"end":{"line":148,"column":2}},"65":{"start":{"line":133,"column":2},"end":{"line":147,"column":3}},"66":{"start":{"line":134,"column":31},"end":{"line":134,"column":97}},"67":{"start":{"line":135,"column":17},"end":{"line":138,"column":13}},"68":{"start":{"line":139,"column":4},"end":{"line":139,"column":100}},"69":{"start":{"line":139,"column":15},"end":{"line":139,"column":100}},"70":{"start":{"line":140,"column":4},"end":{"line":140,"column":42}},"71":{"start":{"line":141,"column":4},"end":{"line":141,"column":40}},"72":{"start":{"line":142,"column":4},"end":{"line":142,"column":41}},"73":{"start":{"line":143,"column":4},"end":{"line":143,"column":22}},"74":{"start":{"line":144,"column":4},"end":{"line":144,"column":30}},"75":{"start":{"line":146,"column":4},"end":{"line":146,"column":67}}},"fnMap":{"0":{"name":"(anonymous_0)","decl":{"start":{"line":4,"column":18},"end":{"line":4,"column":19}},"loc":{"start":{"line":4,"column":45},"end":{"line":20,"column":1}},"line":4},"1":{"name":"(anonymous_1)","decl":{"start":{"line":22,"column":19},"end":{"line":22,"column":20}},"loc":{"start":{"line":22,"column":39},"end":{"line":32,"column":1}},"line":22},"2":{"name":"(anonymous_2)","decl":{"start":{"line":34,"column":16},"end":{"line":34,"column":17}},"loc":{"start":{"line":34,"column":36},"end":{"line":47,"column":1}},"line":34},"3":{"name":"(anonymous_3)","decl":{"start":{"line":49,"column":16},"end":{"line":49,"column":17}},"loc":{"start":{"line":49,"column":36},"end":{"line":52,"column":1}},"line":49},"4":{"name":"(anonymous_4)","decl":{"start":{"line":54,"column":24},"end":{"line":54,"column":25}},"loc":{"start":{"line":54,"column":44},"end":{"line":66,"column":1}},"line":54},"5":{"name":"(anonymous_5)","decl":{"start":{"line":68,"column":25},"end":{"line":68,"column":26}},"loc":{"start":{"line":68,"column":45},"end":{"line":80,"column":1}},"line":68},"6":{"name":"(anonymous_6)","decl":{"start":{"line":82,"column":25},"end":{"line":82,"column":26}},"loc":{"start":{"line":82,"column":45},"end":{"line":130,"column":1}},"line":82},"7":{"name":"(anonymous_7)","decl":{"start":{"line":132,"column":24},"end":{"line":132,"column":25}},"loc":{"start":{"line":132,"column":44},"end":{"line":148,"column":1}},"line":132}},"branchMap":{"0":{"loc":{"start":{"line":26,"column":4},"end":{"line":26,"column":103}},"type":"if","locations":[{"start":{"line":26,"column":4},"end":{"line":26,"column":103}},{"start":{},"end":{}}],"line":26},"1":{"loc":{"start":{"line":37,"column":4},"end":{"line":37,"column":125}},"type":"if","locations":[{"start":{"line":37,"column":4},"end":{"line":37,"column":125}},{"start":{},"end":{}}],"line":37},"2":{"loc":{"start":{"line":37,"column":8},"end":{"line":37,"column":29}},"type":"binary-expr","locations":[{"start":{"line":37,"column":8},"end":{"line":37,"column":14}},{"start":{"line":37,"column":18},"end":{"line":37,"column":29}}],"line":37},"3":{"loc":{"start":{"line":39,"column":4},"end":{"line":39,"column":95}},"type":"if","locations":[{"start":{"line":39,"column":4},"end":{"line":39,"column":95}},{"start":{},"end":{}}],"line":39},"4":{"loc":{"start":{"line":40,"column":4},"end":{"line":40,"column":131}},"type":"if","locations":[{"start":{"line":40,"column":4},"end":{"line":40,"column":131}},{"start":{},"end":{}}],"line":40},"5":{"loc":{"start":{"line":42,"column":4},"end":{"line":42,"column":98}},"type":"if","locations":[{"start":{"line":42,"column":4},"end":{"line":42,"column":98}},{"start":{},"end":{}}],"line":42},"6":{"loc":{"start":{"line":73,"column":4},"end":{"line":73,"column":108}},"type":"if","locations":[{"start":{"line":73,"column":4},"end":{"line":73,"column":108}},{"start":{},"end":{}}],"line":73},"7":{"loc":{"start":{"line":85,"column":4},"end":{"line":85,"column":104}},"type":"if","locations":[{"start":{"line":85,"column":4},"end":{"line":85,"column":104}},{"start":{},"end":{}}],"line":85},"8":{"loc":{"start":{"line":139,"column":4},"end":{"line":139,"column":100}},"type":"if","locations":[{"start":{"line":139,"column":4},"end":{"line":139,"column":100}},{"start":{},"end":{}}],"line":139}},"s":{"0":12,"1":12,"2":12,"3":26,"4":26,"5":12,"6":25,"7":25,"8":25,"9":24,"10":2,"11":22,"12":21,"13":2,"14":12,"15":9,"16":9,"17":9,"18":2,"19":7,"20":7,"21":2,"22":5,"23":1,"24":4,"25":4,"26":2,"27":2,"28":0,"29":12,"30":2,"31":2,"32":12,"33":3,"34":3,"35":3,"36":2,"37":1,"38":12,"39":4,"40":4,"41":4,"42":4,"43":4,"44":2,"45":2,"46":2,"47":2,"48":0,"49":12,"50":4,"51":4,"52":4,"53":2,"54":2,"55":2,"56":2,"57":2,"58":2,"59":2,"60":2,"61":2,"62":2,"63":0,"64":12,"65":3,"66":3,"67":3,"68":3,"69":2,"70":1,"71":1,"72":1,"73":1,"74":1,"75":0},"f":{"0":26,"1":25,"2":9,"3":2,"4":3,"5":4,"6":4,"7":3},"b":{"0":[2,22],"1":[2,7],"2":[9,7],"3":[2,5],"4":[1,4],"5":[2,2],"6":[2,2],"7":[2,2],"8":[2,1]},"_coverageSchema":"1a1c01bbd47fc00a2c39e90264f33305004495a9","hash":"0c82b58da31dd596394db646b7bd8ff30289557f"}
,"D:\\fixed-project\\backend\\controllers\\dashboardController.js": {"path":"D:\\fixed-project\\backend\\controllers\\dashboardController.js","statementMap":{"0":{"start":{"line":1,"column":13},"end":{"line":1,"column":38}},"1":{"start":{"line":2,"column":16},"end":{"line":2,"column":44}},"2":{"start":{"line":3,"column":16},"end":{"line":3,"column":44}},"3":{"start":{"line":4,"column":20},"end":{"line":4,"column":52}},"4":{"start":{"line":5,"column":19},"end":{"line":5,"column":50}},"5":{"start":{"line":7,"column":0},"end":{"line":49,"column":2}},"6":{"start":{"line":8,"column":2},"end":{"line":48,"column":3}},"7":{"start":{"line":9,"column":23},"end":{"line":9,"column":57}},"8":{"start":{"line":10,"column":26},"end":{"line":10,"column":84}},"9":{"start":{"line":11,"column":29},"end":{"line":11,"column":90}},"10":{"start":{"line":12,"column":26},"end":{"line":12,"column":63}},"11":{"start":{"line":13,"column":26},"end":{"line":13,"column":63}},"12":{"start":{"line":14,"column":27},"end":{"line":14,"column":86}},"13":{"start":{"line":15,"column":30},"end":{"line":15,"column":88}},"14":{"start":{"line":16,"column":28},"end":{"line":16,"column":86}},"15":{"start":{"line":17,"column":32},"end":{"line":17,"column":97}},"16":{"start":{"line":19,"column":27},"end":{"line":22,"column":13}},"17":{"start":{"line":24,"column":27},"end":{"line":29,"column":13}},"18":{"start":{"line":31,"column":24},"end":{"line":31,"column":83}},"19":{"start":{"line":33,"column":21},"end":{"line":35,"column":9}},"20":{"start":{"line":34,"column":40},"end":{"line":34,"column":58}},"21":{"start":{"line":37,"column":4},"end":{"line":45,"column":7}},"22":{"start":{"line":47,"column":4},"end":{"line":47,"column":67}},"23":{"start":{"line":51,"column":0},"end":{"line":70,"column":2}},"24":{"start":{"line":52,"column":2},"end":{"line":69,"column":3}},"25":{"start":{"line":53,"column":23},"end":{"line":53,"column":88}},"26":{"start":{"line":54,"column":23},"end":{"line":54,"column":88}},"27":{"start":{"line":55,"column":27},"end":{"line":55,"column":112}},"28":{"start":{"line":56,"column":21},"end":{"line":56,"column":90}},"29":{"start":{"line":57,"column":23},"end":{"line":57,"column":47}},"30":{"start":{"line":57,"column":41},"end":{"line":57,"column":46}},"31":{"start":{"line":58,"column":32},"end":{"line":58,"column":127}},"32":{"start":{"line":59,"column":21},"end":{"line":64,"column":13}},"33":{"start":{"line":66,"column":4},"end":{"line":66,"column":129}},"34":{"start":{"line":68,"column":4},"end":{"line":68,"column":67}},"35":{"start":{"line":72,"column":0},"end":{"line":99,"column":2}},"36":{"start":{"line":73,"column":2},"end":{"line":98,"column":3}},"37":{"start":{"line":74,"column":18},"end":{"line":74,"column":44}},"38":{"start":{"line":75,"column":18},"end":{"line":75,"column":70}},"39":{"start":{"line":76,"column":27},"end":{"line":78,"column":9}},"40":{"start":{"line":80,"column":23},"end":{"line":80,"column":49}},"41":{"start":{"line":81,"column":4},"end":{"line":83,"column":5}},"42":{"start":{"line":82,"column":6},"end":{"line":82,"column":83}},"43":{"start":{"line":85,"column":22},"end":{"line":88,"column":13}},"44":{"start":{"line":90,"column":21},"end":{"line":90,"column":25}},"45":{"start":{"line":91,"column":4},"end":{"line":93,"column":5}},"46":{"start":{"line":92,"column":6},"end":{"line":92,"column":81}},"47":{"start":{"line":95,"column":4},"end":{"line":95,"column":81}},"48":{"start":{"line":97,"column":4},"end":{"line":97,"column":67}}},"fnMap":{"0":{"name":"(anonymous_0)","decl":{"start":{"line":7,"column":28},"end":{"line":7,"column":29}},"loc":{"start":{"line":7,"column":48},"end":{"line":49,"column":1}},"line":7},"1":{"name":"(anonymous_1)","decl":{"start":{"line":34,"column":28},"end":{"line":34,"column":29}},"loc":{"start":{"line":34,"column":40},"end":{"line":34,"column":58}},"line":34},"2":{"name":"(anonymous_2)","decl":{"start":{"line":51,"column":33},"end":{"line":51,"column":34}},"loc":{"start":{"line":51,"column":53},"end":{"line":70,"column":1}},"line":51},"3":{"name":"(anonymous_3)","decl":{"start":{"line":57,"column":36},"end":{"line":57,"column":37}},"loc":{"start":{"line":57,"column":41},"end":{"line":57,"column":46}},"line":57},"4":{"name":"(anonymous_4)","decl":{"start":{"line":72,"column":30},"end":{"line":72,"column":31}},"loc":{"start":{"line":72,"column":50},"end":{"line":99,"column":1}},"line":72}},"branchMap":{"0":{"loc":{"start":{"line":33,"column":21},"end":{"line":35,"column":9}},"type":"cond-expr","locations":[{"start":{"line":34,"column":8},"end":{"line":34,"column":95}},{"start":{"line":35,"column":8},"end":{"line":35,"column":9}}],"line":33},"1":{"loc":{"start":{"line":76,"column":27},"end":{"line":78,"column":9}},"type":"cond-expr","locations":[{"start":{"line":77,"column":8},"end":{"line":77,"column":71}},{"start":{"line":78,"column":8},"end":{"line":78,"column":9}}],"line":76},"2":{"loc":{"start":{"line":81,"column":4},"end":{"line":83,"column":5}},"type":"if","locations":[{"start":{"line":81,"column":4},"end":{"line":83,"column":5}},{"start":{},"end":{}}],"line":81},"3":{"loc":{"start":{"line":91,"column":4},"end":{"line":93,"column":5}},"type":"if","locations":[{"start":{"line":91,"column":4},"end":{"line":93,"column":5}},{"start":{},"end":{}}],"line":91}},"s":{"0":12,"1":12,"2":12,"3":12,"4":12,"5":12,"6":5,"7":5,"8":4,"9":4,"10":4,"11":4,"12":4,"13":4,"14":4,"15":4,"16":4,"17":4,"18":4,"19":4,"20":25,"21":4,"22":1,"23":12,"24":3,"25":3,"26":2,"27":2,"28":2,"29":2,"30":1,"31":2,"32":2,"33":2,"34":1,"35":12,"36":6,"37":6,"38":6,"39":5,"40":5,"41":5,"42":3,"43":5,"44":5,"45":5,"46":1,"47":5,"48":1},"f":{"0":5,"1":25,"2":3,"3":1,"4":6},"b":{"0":[2,2],"1":[3,2],"2":[3,2],"3":[1,4]},"_coverageSchema":"1a1c01bbd47fc00a2c39e90264f33305004495a9","hash":"2dcea00a4a455093a4b0fa04e80266ff07ff8ce7"}
,"D:\\fixed-project\\backend\\controllers\\deliverableController.js": {"path":"D:\\fixed-project\\backend\\controllers\\deliverableController.js","statementMap":{"0":{"start":{"line":1,"column":20},"end":{"line":1,"column":52}},"1":{"start":{"line":2,"column":31},"end":{"line":2,"column":64}},"2":{"start":{"line":3,"column":16},"end":{"line":3,"column":44}},"3":{"start":{"line":5,"column":0},"end":{"line":15,"column":2}},"4":{"start":{"line":6,"column":2},"end":{"line":14,"column":3}},"5":{"start":{"line":7,"column":25},"end":{"line":10,"column":13}},"6":{"start":{"line":11,"column":4},"end":{"line":11,"column":52}},"7":{"start":{"line":13,"column":4},"end":{"line":13,"column":67}},"8":{"start":{"line":17,"column":0},"end":{"line":39,"column":2}},"9":{"start":{"line":18,"column":2},"end":{"line":38,"column":3}},"10":{"start":{"line":19,"column":4},"end":{"line":19,"column":96}},"11":{"start":{"line":19,"column":19},"end":{"line":19,"column":96}},"12":{"start":{"line":20,"column":24},"end":{"line":30,"column":6}},"13":{"start":{"line":31,"column":20},"end":{"line":31,"column":71}},"14":{"start":{"line":32,"column":4},"end":{"line":34,"column":5}},"15":{"start":{"line":33,"column":6},"end":{"line":33,"column":140}},"16":{"start":{"line":35,"column":4},"end":{"line":35,"column":63}},"17":{"start":{"line":37,"column":4},"end":{"line":37,"column":67}},"18":{"start":{"line":41,"column":0},"end":{"line":49,"column":2}},"19":{"start":{"line":42,"column":2},"end":{"line":48,"column":3}},"20":{"start":{"line":43,"column":24},"end":{"line":43,"column":81}},"21":{"start":{"line":44,"column":4},"end":{"line":44,"column":104}},"22":{"start":{"line":44,"column":22},"end":{"line":44,"column":104}},"23":{"start":{"line":45,"column":4},"end":{"line":45,"column":64}},"24":{"start":{"line":47,"column":4},"end":{"line":47,"column":67}}},"fnMap":{"0":{"name":"(anonymous_0)","decl":{"start":{"line":5,"column":26},"end":{"line":5,"column":27}},"loc":{"start":{"line":5,"column":46},"end":{"line":15,"column":1}},"line":5},"1":{"name":"(anonymous_1)","decl":{"start":{"line":17,"column":28},"end":{"line":17,"column":29}},"loc":{"start":{"line":17,"column":48},"end":{"line":39,"column":1}},"line":17},"2":{"name":"(anonymous_2)","decl":{"start":{"line":41,"column":28},"end":{"line":41,"column":29}},"loc":{"start":{"line":41,"column":48},"end":{"line":49,"column":1}},"line":41}},"branchMap":{"0":{"loc":{"start":{"line":19,"column":4},"end":{"line":19,"column":96}},"type":"if","locations":[{"start":{"line":19,"column":4},"end":{"line":19,"column":96}},{"start":{},"end":{}}],"line":19},"1":{"loc":{"start":{"line":24,"column":15},"end":{"line":24,"column":40}},"type":"binary-expr","locations":[{"start":{"line":24,"column":15},"end":{"line":24,"column":31}},{"start":{"line":24,"column":35},"end":{"line":24,"column":40}}],"line":24},"2":{"loc":{"start":{"line":32,"column":4},"end":{"line":34,"column":5}},"type":"if","locations":[{"start":{"line":32,"column":4},"end":{"line":34,"column":5}},{"start":{},"end":{}}],"line":32},"3":{"loc":{"start":{"line":44,"column":4},"end":{"line":44,"column":104}},"type":"if","locations":[{"start":{"line":44,"column":4},"end":{"line":44,"column":104}},{"start":{},"end":{}}],"line":44}},"s":{"0":12,"1":12,"2":12,"3":12,"4":3,"5":3,"6":2,"7":1,"8":12,"9":4,"10":4,"11":1,"12":3,"13":2,"14":2,"15":1,"16":2,"17":1,"18":12,"19":5,"20":5,"21":4,"22":2,"23":2,"24":1},"f":{"0":3,"1":4,"2":5},"b":{"0":[1,3],"1":[3,0],"2":[1,1],"3":[2,2]},"_coverageSchema":"1a1c01bbd47fc00a2c39e90264f33305004495a9","hash":"1b79c9576332ab5f15ef406b9b40b58f21e9d7c4"}
,"D:\\fixed-project\\backend\\controllers\\evaluationController.js": {"path":"D:\\fixed-project\\backend\\controllers\\evaluationController.js","statementMap":{"0":{"start":{"line":1,"column":19},"end":{"line":1,"column":50}},"1":{"start":{"line":2,"column":31},"end":{"line":2,"column":64}},"2":{"start":{"line":3,"column":16},"end":{"line":3,"column":44}},"3":{"start":{"line":5,"column":0},"end":{"line":14,"column":2}},"4":{"start":{"line":6,"column":2},"end":{"line":13,"column":3}},"5":{"start":{"line":7,"column":23},"end":{"line":9,"column":13}},"6":{"start":{"line":10,"column":4},"end":{"line":10,"column":50}},"7":{"start":{"line":12,"column":4},"end":{"line":12,"column":67}},"8":{"start":{"line":16,"column":0},"end":{"line":49,"column":2}},"9":{"start":{"line":17,"column":2},"end":{"line":48,"column":3}},"10":{"start":{"line":18,"column":79},"end":{"line":18,"column":87}},"11":{"start":{"line":19,"column":21},"end":{"line":19,"column":89}},"12":{"start":{"line":20,"column":4},"end":{"line":36,"column":5}},"13":{"start":{"line":21,"column":6},"end":{"line":21,"column":75}},"14":{"start":{"line":22,"column":6},"end":{"line":22,"column":60}},"15":{"start":{"line":23,"column":6},"end":{"line":23,"column":96}},"16":{"start":{"line":24,"column":6},"end":{"line":24,"column":81}},"17":{"start":{"line":25,"column":6},"end":{"line":25,"column":44}},"18":{"start":{"line":26,"column":6},"end":{"line":26,"column":30}},"19":{"start":{"line":28,"column":6},"end":{"line":35,"column":9}},"20":{"start":{"line":37,"column":20},"end":{"line":39,"column":13}},"21":{"start":{"line":40,"column":4},"end":{"line":44,"column":5}},"22":{"start":{"line":41,"column":6},"end":{"line":43,"column":7}},"23":{"start":{"line":42,"column":8},"end":{"line":42,"column":134}},"24":{"start":{"line":45,"column":4},"end":{"line":45,"column":50}},"25":{"start":{"line":47,"column":4},"end":{"line":47,"column":67}}},"fnMap":{"0":{"name":"(anonymous_0)","decl":{"start":{"line":5,"column":24},"end":{"line":5,"column":25}},"loc":{"start":{"line":5,"column":44},"end":{"line":14,"column":1}},"line":5},"1":{"name":"(anonymous_1)","decl":{"start":{"line":16,"column":35},"end":{"line":16,"column":36}},"loc":{"start":{"line":16,"column":55},"end":{"line":49,"column":1}},"line":16}},"branchMap":{"0":{"loc":{"start":{"line":20,"column":4},"end":{"line":36,"column":5}},"type":"if","locations":[{"start":{"line":20,"column":4},"end":{"line":36,"column":5}},{"start":{"line":27,"column":11},"end":{"line":36,"column":5}}],"line":20},"1":{"loc":{"start":{"line":21,"column":33},"end":{"line":21,"column":74}},"type":"binary-expr","locations":[{"start":{"line":21,"column":33},"end":{"line":21,"column":46}},{"start":{"line":21,"column":50},"end":{"line":21,"column":74}}],"line":21},"2":{"loc":{"start":{"line":22,"column":28},"end":{"line":22,"column":59}},"type":"binary-expr","locations":[{"start":{"line":22,"column":28},"end":{"line":22,"column":36}},{"start":{"line":22,"column":40},"end":{"line":22,"column":59}}],"line":22},"3":{"loc":{"start":{"line":23,"column":40},"end":{"line":23,"column":95}},"type":"binary-expr","locations":[{"start":{"line":23,"column":40},"end":{"line":23,"column":60}},{"start":{"line":23,"column":64},"end":{"line":23,"column":95}}],"line":23},"4":{"loc":{"start":{"line":24,"column":35},"end":{"line":24,"column":80}},"type":"binary-expr","locations":[{"start":{"line":24,"column":35},"end":{"line":24,"column":50}},{"start":{"line":24,"column":54},"end":{"line":24,"column":80}}],"line":24},"5":{"loc":{"start":{"line":40,"column":4},"end":{"line":44,"column":5}},"type":"if","locations":[{"start":{"line":40,"column":4},"end":{"line":44,"column":5}},{"start":{},"end":{}}],"line":40},"6":{"loc":{"start":{"line":40,"column":8},"end":{"line":40,"column":48}},"type":"binary-expr","locations":[{"start":{"line":40,"column":8},"end":{"line":40,"column":15}},{"start":{"line":40,"column":19},"end":{"line":40,"column":48}}],"line":40}},"s":{"0":12,"1":12,"2":12,"3":12,"4":5,"5":5,"6":4,"7":1,"8":12,"9":7,"10":7,"11":7,"12":6,"13":4,"14":4,"15":4,"16":4,"17":4,"18":4,"19":2,"20":6,"21":6,"22":4,"23":4,"24":6,"25":1},"f":{"0":5,"1":7},"b":{"0":[4,2],"1":[4,0],"2":[4,0],"3":[4,1],"4":[4,1],"5":[4,2],"6":[6,6]},"_coverageSchema":"1a1c01bbd47fc00a2c39e90264f33305004495a9","hash":"3157a5c995307134452b5a1f7bb2ce743bf6bb5f"}
,"D:\\fixed-project\\backend\\controllers\\groupController.js": {"path":"D:\\fixed-project\\backend\\controllers\\groupController.js","statementMap":{"0":{"start":{"line":1,"column":16},"end":{"line":1,"column":42}},"1":{"start":{"line":2,"column":16},"end":{"line":2,"column":41}},"2":{"start":{"line":3,"column":31},"end":{"line":3,"column":64}},"3":{"start":{"line":5,"column":0},"end":{"line":14,"column":2}},"4":{"start":{"line":6,"column":2},"end":{"line":13,"column":83}},"5":{"start":{"line":7,"column":18},"end":{"line":11,"column":13}},"6":{"start":{"line":12,"column":4},"end":{"line":12,"column":45}},"7":{"start":{"line":13,"column":18},"end":{"line":13,"column":81}},"8":{"start":{"line":16,"column":0},"end":{"line":24,"column":2}},"9":{"start":{"line":17,"column":2},"end":{"line":23,"column":83}},"10":{"start":{"line":18,"column":19},"end":{"line":21,"column":13}},"11":{"start":{"line":22,"column":4},"end":{"line":22,"column":46}},"12":{"start":{"line":23,"column":18},"end":{"line":23,"column":81}},"13":{"start":{"line":26,"column":0},"end":{"line":40,"column":2}},"14":{"start":{"line":27,"column":2},"end":{"line":39,"column":83}},"15":{"start":{"line":28,"column":21},"end":{"line":28,"column":73}},"16":{"start":{"line":29,"column":4},"end":{"line":29,"column":109}},"17":{"start":{"line":29,"column":18},"end":{"line":29,"column":109}},"18":{"start":{"line":31,"column":18},"end":{"line":35,"column":6}},"19":{"start":{"line":36,"column":4},"end":{"line":36,"column":53}},"20":{"start":{"line":37,"column":4},"end":{"line":37,"column":56}},"21":{"start":{"line":38,"column":4},"end":{"line":38,"column":57}},"22":{"start":{"line":39,"column":18},"end":{"line":39,"column":81}},"23":{"start":{"line":42,"column":0},"end":{"line":76,"column":2}},"24":{"start":{"line":43,"column":2},"end":{"line":75,"column":83}},"25":{"start":{"line":44,"column":18},"end":{"line":44,"column":67}},"26":{"start":{"line":45,"column":4},"end":{"line":45,"column":110}},"27":{"start":{"line":45,"column":16},"end":{"line":45,"column":110}},"28":{"start":{"line":47,"column":22},"end":{"line":47,"column":30}},"29":{"start":{"line":48,"column":19},"end":{"line":48,"column":77}},"30":{"start":{"line":49,"column":4},"end":{"line":49,"column":114}},"31":{"start":{"line":49,"column":17},"end":{"line":49,"column":114}},"32":{"start":{"line":50,"column":4},"end":{"line":51,"column":96}},"33":{"start":{"line":51,"column":6},"end":{"line":51,"column":96}},"34":{"start":{"line":53,"column":27},"end":{"line":53,"column":78}},"35":{"start":{"line":54,"column":4},"end":{"line":55,"column":110}},"36":{"start":{"line":55,"column":6},"end":{"line":55,"column":110}},"37":{"start":{"line":57,"column":27},"end":{"line":59,"column":5}},"38":{"start":{"line":58,"column":11},"end":{"line":58,"column":85}},"39":{"start":{"line":60,"column":4},"end":{"line":61,"column":91}},"40":{"start":{"line":61,"column":6},"end":{"line":61,"column":91}},"41":{"start":{"line":63,"column":4},"end":{"line":63,"column":51}},"42":{"start":{"line":64,"column":4},"end":{"line":64,"column":23}},"43":{"start":{"line":66,"column":4},"end":{"line":70,"column":6}},"44":{"start":{"line":72,"column":4},"end":{"line":72,"column":56}},"45":{"start":{"line":73,"column":4},"end":{"line":73,"column":67}},"46":{"start":{"line":74,"column":4},"end":{"line":74,"column":45}},"47":{"start":{"line":75,"column":18},"end":{"line":75,"column":81}},"48":{"start":{"line":78,"column":0},"end":{"line":111,"column":2}},"49":{"start":{"line":79,"column":2},"end":{"line":110,"column":83}},"50":{"start":{"line":80,"column":23},"end":{"line":80,"column":31}},"51":{"start":{"line":81,"column":18},"end":{"line":81,"column":60}},"52":{"start":{"line":82,"column":4},"end":{"line":82,"column":96}},"53":{"start":{"line":82,"column":16},"end":{"line":82,"column":96}},"54":{"start":{"line":84,"column":16},"end":{"line":84,"column":91}},"55":{"start":{"line":84,"column":44},"end":{"line":84,"column":90}},"56":{"start":{"line":85,"column":4},"end":{"line":85,"column":98}},"57":{"start":{"line":85,"column":14},"end":{"line":85,"column":98}},"58":{"start":{"line":86,"column":4},"end":{"line":86,"column":122}},"59":{"start":{"line":86,"column":37},"end":{"line":86,"column":122}},"60":{"start":{"line":88,"column":4},"end":{"line":92,"column":5}},"61":{"start":{"line":89,"column":23},"end":{"line":89,"column":75}},"62":{"start":{"line":90,"column":6},"end":{"line":90,"column":111}},"63":{"start":{"line":90,"column":20},"end":{"line":90,"column":111}},"64":{"start":{"line":91,"column":6},"end":{"line":91,"column":38}},"65":{"start":{"line":94,"column":4},"end":{"line":94,"column":24}},"66":{"start":{"line":95,"column":4},"end":{"line":95,"column":23}},"67":{"start":{"line":98,"column":4},"end":{"line":104,"column":6}},"68":{"start":{"line":106,"column":4},"end":{"line":106,"column":53}},"69":{"start":{"line":107,"column":4},"end":{"line":107,"column":68}},"70":{"start":{"line":108,"column":4},"end":{"line":108,"column":67}},"71":{"start":{"line":109,"column":4},"end":{"line":109,"column":45}},"72":{"start":{"line":110,"column":18},"end":{"line":110,"column":81}},"73":{"start":{"line":113,"column":0},"end":{"line":126,"column":2}},"74":{"start":{"line":114,"column":2},"end":{"line":125,"column":83}},"75":{"start":{"line":115,"column":18},"end":{"line":115,"column":70}},"76":{"start":{"line":116,"column":4},"end":{"line":116,"column":107}},"77":{"start":{"line":116,"column":16},"end":{"line":116,"column":107}},"78":{"start":{"line":117,"column":4},"end":{"line":118,"column":119}},"79":{"start":{"line":118,"column":6},"end":{"line":118,"column":119}},"80":{"start":{"line":120,"column":4},"end":{"line":120,"column":87}},"81":{"start":{"line":120,"column":46},"end":{"line":120,"column":85}},"82":{"start":{"line":121,"column":4},"end":{"line":121,"column":23}},"83":{"start":{"line":123,"column":4},"end":{"line":123,"column":107}},"84":{"start":{"line":124,"column":4},"end":{"line":124,"column":72}},"85":{"start":{"line":125,"column":18},"end":{"line":125,"column":81}},"86":{"start":{"line":128,"column":0},"end":{"line":135,"column":2}},"87":{"start":{"line":129,"column":2},"end":{"line":134,"column":83}},"88":{"start":{"line":130,"column":18},"end":{"line":130,"column":67}},"89":{"start":{"line":131,"column":4},"end":{"line":131,"column":123}},"90":{"start":{"line":131,"column":16},"end":{"line":131,"column":123}},"91":{"start":{"line":132,"column":4},"end":{"line":132,"column":52}},"92":{"start":{"line":133,"column":4},"end":{"line":133,"column":61}},"93":{"start":{"line":134,"column":18},"end":{"line":134,"column":81}},"94":{"start":{"line":137,"column":0},"end":{"line":146,"column":2}},"95":{"start":{"line":138,"column":2},"end":{"line":145,"column":83}},"96":{"start":{"line":139,"column":18},"end":{"line":139,"column":67}},"97":{"start":{"line":140,"column":4},"end":{"line":140,"column":96}},"98":{"start":{"line":140,"column":16},"end":{"line":140,"column":96}},"99":{"start":{"line":141,"column":4},"end":{"line":141,"column":82}},"100":{"start":{"line":141,"column":46},"end":{"line":141,"column":80}},"101":{"start":{"line":142,"column":4},"end":{"line":142,"column":23}},"102":{"start":{"line":143,"column":4},"end":{"line":143,"column":106}},"103":{"start":{"line":144,"column":4},"end":{"line":144,"column":59}},"104":{"start":{"line":145,"column":18},"end":{"line":145,"column":81}},"105":{"start":{"line":148,"column":0},"end":{"line":157,"column":2}},"106":{"start":{"line":149,"column":2},"end":{"line":156,"column":83}},"107":{"start":{"line":150,"column":19},"end":{"line":154,"column":13}},"108":{"start":{"line":155,"column":4},"end":{"line":155,"column":46}},"109":{"start":{"line":156,"column":18},"end":{"line":156,"column":81}}},"fnMap":{"0":{"name":"(anonymous_0)","decl":{"start":{"line":5,"column":21},"end":{"line":5,"column":22}},"loc":{"start":{"line":5,"column":41},"end":{"line":14,"column":1}},"line":5},"1":{"name":"(anonymous_1)","decl":{"start":{"line":16,"column":27},"end":{"line":16,"column":28}},"loc":{"start":{"line":16,"column":47},"end":{"line":24,"column":1}},"line":16},"2":{"name":"(anonymous_2)","decl":{"start":{"line":26,"column":22},"end":{"line":26,"column":23}},"loc":{"start":{"line":26,"column":42},"end":{"line":40,"column":1}},"line":26},"3":{"name":"(anonymous_3)","decl":{"start":{"line":42,"column":23},"end":{"line":42,"column":24}},"loc":{"start":{"line":42,"column":43},"end":{"line":76,"column":1}},"line":42},"4":{"name":"(anonymous_4)","decl":{"start":{"line":58,"column":6},"end":{"line":58,"column":7}},"loc":{"start":{"line":58,"column":11},"end":{"line":58,"column":85}},"line":58},"5":{"name":"(anonymous_5)","decl":{"start":{"line":78,"column":28},"end":{"line":78,"column":29}},"loc":{"start":{"line":78,"column":48},"end":{"line":111,"column":1}},"line":78},"6":{"name":"(anonymous_6)","decl":{"start":{"line":84,"column":39},"end":{"line":84,"column":40}},"loc":{"start":{"line":84,"column":44},"end":{"line":84,"column":90}},"line":84},"7":{"name":"(anonymous_7)","decl":{"start":{"line":113,"column":21},"end":{"line":113,"column":22}},"loc":{"start":{"line":113,"column":41},"end":{"line":126,"column":1}},"line":113},"8":{"name":"(anonymous_8)","decl":{"start":{"line":120,"column":41},"end":{"line":120,"column":42}},"loc":{"start":{"line":120,"column":46},"end":{"line":120,"column":85}},"line":120},"9":{"name":"(anonymous_9)","decl":{"start":{"line":128,"column":22},"end":{"line":128,"column":23}},"loc":{"start":{"line":128,"column":42},"end":{"line":135,"column":1}},"line":128},"10":{"name":"(anonymous_10)","decl":{"start":{"line":137,"column":23},"end":{"line":137,"column":24}},"loc":{"start":{"line":137,"column":43},"end":{"line":146,"column":1}},"line":137},"11":{"name":"(anonymous_11)","decl":{"start":{"line":141,"column":41},"end":{"line":141,"column":42}},"loc":{"start":{"line":141,"column":46},"end":{"line":141,"column":80}},"line":141},"12":{"name":"(anonymous_12)","decl":{"start":{"line":148,"column":23},"end":{"line":148,"column":24}},"loc":{"start":{"line":148,"column":43},"end":{"line":157,"column":1}},"line":148}},"branchMap":{"0":{"loc":{"start":{"line":29,"column":4},"end":{"line":29,"column":109}},"type":"if","locations":[{"start":{"line":29,"column":4},"end":{"line":29,"column":109}},{"start":{},"end":{}}],"line":29},"1":{"loc":{"start":{"line":45,"column":4},"end":{"line":45,"column":110}},"type":"if","locations":[{"start":{"line":45,"column":4},"end":{"line":45,"column":110}},{"start":{},"end":{}}],"line":45},"2":{"loc":{"start":{"line":49,"column":4},"end":{"line":49,"column":114}},"type":"if","locations":[{"start":{"line":49,"column":4},"end":{"line":49,"column":114}},{"start":{},"end":{}}],"line":49},"3":{"loc":{"start":{"line":50,"column":4},"end":{"line":51,"column":96}},"type":"if","locations":[{"start":{"line":50,"column":4},"end":{"line":51,"column":96}},{"start":{},"end":{}}],"line":50},"4":{"loc":{"start":{"line":54,"column":4},"end":{"line":55,"column":110}},"type":"if","locations":[{"start":{"line":54,"column":4},"end":{"line":55,"column":110}},{"start":{},"end":{}}],"line":54},"5":{"loc":{"start":{"line":58,"column":11},"end":{"line":58,"column":85}},"type":"binary-expr","locations":[{"start":{"line":58,"column":11},"end":{"line":58,"column":56}},{"start":{"line":58,"column":60},"end":{"line":58,"column":85}}],"line":58},"6":{"loc":{"start":{"line":60,"column":4},"end":{"line":61,"column":91}},"type":"if","locations":[{"start":{"line":60,"column":4},"end":{"line":61,"column":91}},{"start":{},"end":{}}],"line":60},"7":{"loc":{"start":{"line":82,"column":4},"end":{"line":82,"column":96}},"type":"if","locations":[{"start":{"line":82,"column":4},"end":{"line":82,"column":96}},{"start":{},"end":{}}],"line":82},"8":{"loc":{"start":{"line":85,"column":4},"end":{"line":85,"column":98}},"type":"if","locations":[{"start":{"line":85,"column":4},"end":{"line":85,"column":98}},{"start":{},"end":{}}],"line":85},"9":{"loc":{"start":{"line":86,"column":4},"end":{"line":86,"column":122}},"type":"if","locations":[{"start":{"line":86,"column":4},"end":{"line":86,"column":122}},{"start":{},"end":{}}],"line":86},"10":{"loc":{"start":{"line":88,"column":4},"end":{"line":92,"column":5}},"type":"if","locations":[{"start":{"line":88,"column":4},"end":{"line":92,"column":5}},{"start":{},"end":{}}],"line":88},"11":{"loc":{"start":{"line":90,"column":6},"end":{"line":90,"column":111}},"type":"if","locations":[{"start":{"line":90,"column":6},"end":{"line":90,"column":111}},{"start":{},"end":{}}],"line":90},"12":{"loc":{"start":{"line":100,"column":6},"end":{"line":102,"column":75}},"type":"cond-expr","locations":[{"start":{"line":101,"column":10},"end":{"line":101,"column":87}},{"start":{"line":102,"column":10},"end":{"line":102,"column":75}}],"line":100},"13":{"loc":{"start":{"line":103,"column":6},"end":{"line":103,"column":47}},"type":"cond-expr","locations":[{"start":{"line":103,"column":29},"end":{"line":103,"column":38}},{"start":{"line":103,"column":41},"end":{"line":103,"column":47}}],"line":103},"14":{"loc":{"start":{"line":116,"column":4},"end":{"line":116,"column":107}},"type":"if","locations":[{"start":{"line":116,"column":4},"end":{"line":116,"column":107}},{"start":{},"end":{}}],"line":116},"15":{"loc":{"start":{"line":117,"column":4},"end":{"line":118,"column":119}},"type":"if","locations":[{"start":{"line":117,"column":4},"end":{"line":118,"column":119}},{"start":{},"end":{}}],"line":117},"16":{"loc":{"start":{"line":131,"column":4},"end":{"line":131,"column":123}},"type":"if","locations":[{"start":{"line":131,"column":4},"end":{"line":131,"column":123}},{"start":{},"end":{}}],"line":131},"17":{"loc":{"start":{"line":140,"column":4},"end":{"line":140,"column":96}},"type":"if","locations":[{"start":{"line":140,"column":4},"end":{"line":140,"column":96}},{"start":{},"end":{}}],"line":140}},"s":{"0":12,"1":12,"2":12,"3":12,"4":4,"5":4,"6":4,"7":0,"8":12,"9":2,"10":2,"11":2,"12":0,"13":12,"14":4,"15":4,"16":4,"17":2,"18":2,"19":2,"20":2,"21":2,"22":0,"23":12,"24":9,"25":9,"26":9,"27":2,"28":7,"29":7,"30":7,"31":2,"32":5,"33":2,"34":3,"35":3,"36":1,"37":2,"38":0,"39":2,"40":0,"41":2,"42":2,"43":2,"44":2,"45":2,"46":2,"47":0,"48":12,"49":6,"50":6,"51":6,"52":6,"53":2,"54":4,"55":4,"56":4,"57":1,"58":3,"59":0,"60":3,"61":2,"62":2,"63":0,"64":2,"65":3,"66":3,"67":3,"68":3,"69":3,"70":3,"71":3,"72":0,"73":12,"74":6,"75":6,"76":6,"77":2,"78":4,"79":2,"80":2,"81":4,"82":2,"83":2,"84":2,"85":0,"86":12,"87":4,"88":4,"89":4,"90":2,"91":2,"92":2,"93":0,"94":12,"95":4,"96":4,"97":4,"98":2,"99":2,"100":4,"101":2,"102":2,"103":2,"104":0,"105":12,"106":4,"107":4,"108":3,"109":1},"f":{"0":4,"1":2,"2":4,"3":9,"4":0,"5":6,"6":4,"7":6,"8":4,"9":4,"10":4,"11":4,"12":4},"b":{"0":[2,2],"1":[2,7],"2":[2,5],"3":[2,3],"4":[1,2],"5":[0,0],"6":[0,2],"7":[2,4],"8":[1,3],"9":[0,3],"10":[2,1],"11":[0,2],"12":[2,1],"13":[2,1],"14":[2,4],"15":[2,2],"16":[2,2],"17":[2,2]},"_coverageSchema":"1a1c01bbd47fc00a2c39e90264f33305004495a9","hash":"92061ad9bfcd8df4c5aced89432714e50e8213e7"}
,"D:\\fixed-project\\backend\\controllers\\messageController.js": {"path":"D:\\fixed-project\\backend\\controllers\\messageController.js","statementMap":{"0":{"start":{"line":1,"column":16},"end":{"line":1,"column":44}},"1":{"start":{"line":2,"column":16},"end":{"line":2,"column":42}},"2":{"start":{"line":3,"column":16},"end":{"line":3,"column":44}},"3":{"start":{"line":4,"column":31},"end":{"line":4,"column":64}},"4":{"start":{"line":6,"column":20},"end":{"line":17,"column":1}},"5":{"start":{"line":7,"column":18},"end":{"line":7,"column":58}},"6":{"start":{"line":8,"column":2},"end":{"line":8,"column":28}},"7":{"start":{"line":8,"column":16},"end":{"line":8,"column":28}},"8":{"start":{"line":9,"column":23},"end":{"line":9,"column":86}},"9":{"start":{"line":9,"column":51},"end":{"line":9,"column":85}},"10":{"start":{"line":10,"column":23},"end":{"line":10,"column":75}},"11":{"start":{"line":11,"column":2},"end":{"line":11,"column":48}},"12":{"start":{"line":11,"column":33},"end":{"line":11,"column":48}},"13":{"start":{"line":12,"column":16},"end":{"line":12,"column":63}},"14":{"start":{"line":13,"column":2},"end":{"line":15,"column":3}},"15":{"start":{"line":14,"column":4},"end":{"line":14,"column":19}},"16":{"start":{"line":16,"column":2},"end":{"line":16,"column":14}},"17":{"start":{"line":20,"column":27},"end":{"line":29,"column":1}},"18":{"start":{"line":21,"column":2},"end":{"line":21,"column":45}},"19":{"start":{"line":22,"column":23},"end":{"line":22,"column":76}},"20":{"start":{"line":23,"column":18},"end":{"line":25,"column":27}},"21":{"start":{"line":24,"column":33},"end":{"line":24,"column":38}},"22":{"start":{"line":26,"column":2},"end":{"line":28,"column":3}},"23":{"start":{"line":27,"column":4},"end":{"line":27,"column":89}},"24":{"start":{"line":31,"column":0},"end":{"line":47,"column":2}},"25":{"start":{"line":32,"column":2},"end":{"line":46,"column":3}},"26":{"start":{"line":33,"column":20},"end":{"line":33,"column":72}},"27":{"start":{"line":34,"column":4},"end":{"line":34,"column":92}},"28":{"start":{"line":34,"column":18},"end":{"line":34,"column":92}},"29":{"start":{"line":35,"column":21},"end":{"line":38,"column":13}},"30":{"start":{"line":39,"column":4},"end":{"line":42,"column":13}},"31":{"start":{"line":43,"column":4},"end":{"line":43,"column":48}},"32":{"start":{"line":45,"column":4},"end":{"line":45,"column":67}},"33":{"start":{"line":49,"column":0},"end":{"line":74,"column":2}},"34":{"start":{"line":50,"column":2},"end":{"line":73,"column":3}},"35":{"start":{"line":51,"column":20},"end":{"line":51,"column":72}},"36":{"start":{"line":52,"column":4},"end":{"line":52,"column":92}},"37":{"start":{"line":52,"column":18},"end":{"line":52,"column":92}},"38":{"start":{"line":53,"column":24},"end":{"line":53,"column":32}},"39":{"start":{"line":54,"column":4},"end":{"line":54,"column":110}},"40":{"start":{"line":54,"column":26},"end":{"line":54,"column":110}},"41":{"start":{"line":55,"column":20},"end":{"line":61,"column":6}},"42":{"start":{"line":62,"column":22},"end":{"line":64,"column":13}},"43":{"start":{"line":67,"column":23},"end":{"line":67,"column":59}},"44":{"start":{"line":68,"column":4},"end":{"line":68,"column":87}},"45":{"start":{"line":70,"column":4},"end":{"line":70,"column":61}},"46":{"start":{"line":72,"column":4},"end":{"line":72,"column":67}},"47":{"start":{"line":76,"column":0},"end":{"line":103,"column":2}},"48":{"start":{"line":77,"column":2},"end":{"line":102,"column":3}},"49":{"start":{"line":78,"column":20},"end":{"line":78,"column":72}},"50":{"start":{"line":79,"column":4},"end":{"line":79,"column":92}},"51":{"start":{"line":79,"column":18},"end":{"line":79,"column":92}},"52":{"start":{"line":80,"column":4},"end":{"line":80,"column":96}},"53":{"start":{"line":80,"column":19},"end":{"line":80,"column":96}},"54":{"start":{"line":81,"column":20},"end":{"line":90,"column":6}},"55":{"start":{"line":91,"column":22},"end":{"line":93,"column":13}},"56":{"start":{"line":96,"column":23},"end":{"line":96,"column":59}},"57":{"start":{"line":97,"column":4},"end":{"line":97,"column":110}},"58":{"start":{"line":99,"column":4},"end":{"line":99,"column":61}},"59":{"start":{"line":101,"column":4},"end":{"line":101,"column":67}},"60":{"start":{"line":105,"column":0},"end":{"line":130,"column":2}},"61":{"start":{"line":106,"column":2},"end":{"line":129,"column":3}},"62":{"start":{"line":107,"column":16},"end":{"line":107,"column":18}},"63":{"start":{"line":108,"column":4},"end":{"line":115,"column":5}},"64":{"start":{"line":109,"column":20},"end":{"line":109,"column":72}},"65":{"start":{"line":110,"column":6},"end":{"line":114,"column":7}},"66":{"start":{"line":111,"column":8},"end":{"line":111,"column":73}},"67":{"start":{"line":113,"column":8},"end":{"line":113,"column":38}},"68":{"start":{"line":116,"column":4},"end":{"line":116,"column":77}},"69":{"start":{"line":116,"column":45},"end":{"line":116,"column":77}},"70":{"start":{"line":117,"column":21},"end":{"line":117,"column":67}},"71":{"start":{"line":118,"column":23},"end":{"line":118,"column":47}},"72":{"start":{"line":118,"column":41},"end":{"line":118,"column":46}},"73":{"start":{"line":119,"column":19},"end":{"line":122,"column":13}},"74":{"start":{"line":123,"column":19},"end":{"line":123,"column":21}},"75":{"start":{"line":124,"column":16},"end":{"line":124,"column":17}},"76":{"start":{"line":125,"column":4},"end":{"line":125,"column":83}},"77":{"start":{"line":125,"column":26},"end":{"line":125,"column":61}},"78":{"start":{"line":125,"column":62},"end":{"line":125,"column":79}},"79":{"start":{"line":126,"column":4},"end":{"line":126,"column":68}},"80":{"start":{"line":128,"column":4},"end":{"line":128,"column":67}}},"fnMap":{"0":{"name":"(anonymous_0)","decl":{"start":{"line":6,"column":20},"end":{"line":6,"column":21}},"loc":{"start":{"line":6,"column":49},"end":{"line":17,"column":1}},"line":6},"1":{"name":"(anonymous_1)","decl":{"start":{"line":9,"column":46},"end":{"line":9,"column":47}},"loc":{"start":{"line":9,"column":51},"end":{"line":9,"column":85}},"line":9},"2":{"name":"(anonymous_2)","decl":{"start":{"line":20,"column":27},"end":{"line":20,"column":28}},"loc":{"start":{"line":20,"column":66},"end":{"line":29,"column":1}},"line":20},"3":{"name":"(anonymous_3)","decl":{"start":{"line":24,"column":28},"end":{"line":24,"column":29}},"loc":{"start":{"line":24,"column":33},"end":{"line":24,"column":38}},"line":24},"4":{"name":"(anonymous_4)","decl":{"start":{"line":31,"column":22},"end":{"line":31,"column":23}},"loc":{"start":{"line":31,"column":42},"end":{"line":47,"column":1}},"line":31},"5":{"name":"(anonymous_5)","decl":{"start":{"line":49,"column":22},"end":{"line":49,"column":23}},"loc":{"start":{"line":49,"column":42},"end":{"line":74,"column":1}},"line":49},"6":{"name":"(anonymous_6)","decl":{"start":{"line":76,"column":19},"end":{"line":76,"column":20}},"loc":{"start":{"line":76,"column":39},"end":{"line":103,"column":1}},"line":76},"7":{"name":"(anonymous_7)","decl":{"start":{"line":105,"column":26},"end":{"line":105,"column":27}},"loc":{"start":{"line":105,"column":46},"end":{"line":130,"column":1}},"line":105},"8":{"name":"(anonymous_8)","decl":{"start":{"line":118,"column":36},"end":{"line":118,"column":37}},"loc":{"start":{"line":118,"column":41},"end":{"line":118,"column":46}},"line":118},"9":{"name":"(anonymous_9)","decl":{"start":{"line":125,"column":19},"end":{"line":125,"column":20}},"loc":{"start":{"line":125,"column":24},"end":{"line":125,"column":81}},"line":125}},"branchMap":{"0":{"loc":{"start":{"line":8,"column":2},"end":{"line":8,"column":28}},"type":"if","locations":[{"start":{"line":8,"column":2},"end":{"line":8,"column":28}},{"start":{},"end":{}}],"line":8},"1":{"loc":{"start":{"line":11,"column":2},"end":{"line":11,"column":48}},"type":"if","locations":[{"start":{"line":11,"column":2},"end":{"line":11,"column":48}},{"start":{},"end":{}}],"line":11},"2":{"loc":{"start":{"line":11,"column":6},"end":{"line":11,"column":31}},"type":"binary-expr","locations":[{"start":{"line":11,"column":6},"end":{"line":11,"column":15}},{"start":{"line":11,"column":19},"end":{"line":11,"column":31}}],"line":11},"3":{"loc":{"start":{"line":13,"column":2},"end":{"line":15,"column":3}},"type":"if","locations":[{"start":{"line":13,"column":2},"end":{"line":15,"column":3}},{"start":{},"end":{}}],"line":13},"4":{"loc":{"start":{"line":13,"column":6},"end":{"line":13,"column":85}},"type":"binary-expr","locations":[{"start":{"line":13,"column":6},"end":{"line":13,"column":11}},{"start":{"line":13,"column":15},"end":{"line":13,"column":30}},{"start":{"line":13,"column":34},"end":{"line":13,"column":85}}],"line":13},"5":{"loc":{"start":{"line":23,"column":18},"end":{"line":25,"column":27}},"type":"cond-expr","locations":[{"start":{"line":24,"column":6},"end":{"line":24,"column":39}},{"start":{"line":25,"column":6},"end":{"line":25,"column":27}}],"line":23},"6":{"loc":{"start":{"line":34,"column":4},"end":{"line":34,"column":92}},"type":"if","locations":[{"start":{"line":34,"column":4},"end":{"line":34,"column":92}},{"start":{},"end":{}}],"line":34},"7":{"loc":{"start":{"line":52,"column":4},"end":{"line":52,"column":92}},"type":"if","locations":[{"start":{"line":52,"column":4},"end":{"line":52,"column":92}},{"start":{},"end":{}}],"line":52},"8":{"loc":{"start":{"line":54,"column":4},"end":{"line":54,"column":110}},"type":"if","locations":[{"start":{"line":54,"column":4},"end":{"line":54,"column":110}},{"start":{},"end":{}}],"line":54},"9":{"loc":{"start":{"line":79,"column":4},"end":{"line":79,"column":92}},"type":"if","locations":[{"start":{"line":79,"column":4},"end":{"line":79,"column":92}},{"start":{},"end":{}}],"line":79},"10":{"loc":{"start":{"line":80,"column":4},"end":{"line":80,"column":96}},"type":"if","locations":[{"start":{"line":80,"column":4},"end":{"line":80,"column":96}},{"start":{},"end":{}}],"line":80},"11":{"loc":{"start":{"line":84,"column":17},"end":{"line":84,"column":39}},"type":"binary-expr","locations":[{"start":{"line":84,"column":17},"end":{"line":84,"column":33}},{"start":{"line":84,"column":37},"end":{"line":84,"column":39}}],"line":84},"12":{"loc":{"start":{"line":108,"column":4},"end":{"line":115,"column":5}},"type":"if","locations":[{"start":{"line":108,"column":4},"end":{"line":115,"column":5}},{"start":{},"end":{}}],"line":108},"13":{"loc":{"start":{"line":110,"column":6},"end":{"line":114,"column":7}},"type":"if","locations":[{"start":{"line":110,"column":6},"end":{"line":114,"column":7}},{"start":{"line":112,"column":13},"end":{"line":114,"column":7}}],"line":110},"14":{"loc":{"start":{"line":116,"column":4},"end":{"line":116,"column":77}},"type":"if","locations":[{"start":{"line":116,"column":4},"end":{"line":116,"column":77}},{"start":{},"end":{}}],"line":116}},"s":{"0":12,"1":12,"2":12,"3":12,"4":12,"5":25,"6":24,"7":5,"8":19,"9":19,"10":19,"11":19,"12":15,"13":4,"14":4,"15":1,"16":3,"17":12,"18":6,"19":6,"20":6,"21":3,"22":6,"23":6,"24":12,"25":11,"26":11,"27":10,"28":5,"29":5,"30":5,"31":5,"32":1,"33":12,"34":9,"35":9,"36":9,"37":2,"38":7,"39":7,"40":2,"41":5,"42":4,"43":4,"44":4,"45":4,"46":1,"47":12,"48":5,"49":5,"50":5,"51":1,"52":4,"53":1,"54":3,"55":2,"56":2,"57":2,"58":2,"59":1,"60":12,"61":8,"62":8,"63":8,"64":4,"65":4,"66":2,"67":2,"68":8,"69":4,"70":8,"71":7,"72":2,"73":7,"74":7,"75":7,"76":7,"77":1,"78":1,"79":7,"80":1},"f":{"0":25,"1":19,"2":6,"3":3,"4":11,"5":9,"6":5,"7":8,"8":2,"9":1},"b":{"0":[5,19],"1":[15,4],"2":[19,13],"3":[1,3],"4":[4,3,2],"5":[3,3],"6":[5,5],"7":[2,7],"8":[2,5],"9":[1,4],"10":[1,3],"11":[3,2],"12":[4,4],"13":[2,2],"14":[4,4]},"_coverageSchema":"1a1c01bbd47fc00a2c39e90264f33305004495a9","hash":"01994986b475aaa7033e6c2cd4f4dd831e07cb3f"}
,"D:\\fixed-project\\backend\\controllers\\milestoneController.js": {"path":"D:\\fixed-project\\backend\\controllers\\milestoneController.js","statementMap":{"0":{"start":{"line":1,"column":18},"end":{"line":1,"column":48}},"1":{"start":{"line":2,"column":16},"end":{"line":2,"column":44}},"2":{"start":{"line":4,"column":26},"end":{"line":11,"column":1}},"3":{"start":{"line":5,"column":21},"end":{"line":5,"column":63}},"4":{"start":{"line":6,"column":16},"end":{"line":6,"column":33}},"5":{"start":{"line":7,"column":15},"end":{"line":7,"column":68}},"6":{"start":{"line":7,"column":38},"end":{"line":7,"column":60}},"7":{"start":{"line":8,"column":22},"end":{"line":8,"column":70}},"8":{"start":{"line":9,"column":2},"end":{"line":9,"column":69}},"9":{"start":{"line":10,"column":2},"end":{"line":10,"column":21}},"10":{"start":{"line":13,"column":0},"end":{"line":22,"column":2}},"11":{"start":{"line":14,"column":2},"end":{"line":21,"column":3}},"12":{"start":{"line":15,"column":23},"end":{"line":17,"column":13}},"13":{"start":{"line":18,"column":4},"end":{"line":18,"column":50}},"14":{"start":{"line":20,"column":4},"end":{"line":20,"column":67}},"15":{"start":{"line":24,"column":0},"end":{"line":32,"column":2}},"16":{"start":{"line":25,"column":2},"end":{"line":31,"column":3}},"17":{"start":{"line":26,"column":22},"end":{"line":26,"column":94}},"18":{"start":{"line":27,"column":4},"end":{"line":27,"column":50}},"19":{"start":{"line":28,"column":4},"end":{"line":28,"column":61}},"20":{"start":{"line":30,"column":4},"end":{"line":30,"column":67}},"21":{"start":{"line":34,"column":0},"end":{"line":43,"column":2}},"22":{"start":{"line":35,"column":2},"end":{"line":42,"column":3}},"23":{"start":{"line":36,"column":22},"end":{"line":36,"column":102}},"24":{"start":{"line":37,"column":4},"end":{"line":37,"column":100}},"25":{"start":{"line":37,"column":20},"end":{"line":37,"column":100}},"26":{"start":{"line":38,"column":4},"end":{"line":38,"column":49}},"27":{"start":{"line":39,"column":4},"end":{"line":39,"column":49}},"28":{"start":{"line":41,"column":4},"end":{"line":41,"column":67}},"29":{"start":{"line":45,"column":0},"end":{"line":54,"column":2}},"30":{"start":{"line":46,"column":2},"end":{"line":53,"column":3}},"31":{"start":{"line":47,"column":22},"end":{"line":47,"column":77}},"32":{"start":{"line":48,"column":4},"end":{"line":48,"column":100}},"33":{"start":{"line":48,"column":20},"end":{"line":48,"column":100}},"34":{"start":{"line":49,"column":4},"end":{"line":49,"column":49}},"35":{"start":{"line":50,"column":4},"end":{"line":50,"column":62}},"36":{"start":{"line":52,"column":4},"end":{"line":52,"column":67}}},"fnMap":{"0":{"name":"(anonymous_0)","decl":{"start":{"line":4,"column":26},"end":{"line":4,"column":27}},"loc":{"start":{"line":4,"column":47},"end":{"line":11,"column":1}},"line":4},"1":{"name":"(anonymous_1)","decl":{"start":{"line":7,"column":33},"end":{"line":7,"column":34}},"loc":{"start":{"line":7,"column":38},"end":{"line":7,"column":60}},"line":7},"2":{"name":"(anonymous_2)","decl":{"start":{"line":13,"column":24},"end":{"line":13,"column":25}},"loc":{"start":{"line":13,"column":44},"end":{"line":22,"column":1}},"line":13},"3":{"name":"(anonymous_3)","decl":{"start":{"line":24,"column":26},"end":{"line":24,"column":27}},"loc":{"start":{"line":24,"column":46},"end":{"line":32,"column":1}},"line":24},"4":{"name":"(anonymous_4)","decl":{"start":{"line":34,"column":26},"end":{"line":34,"column":27}},"loc":{"start":{"line":34,"column":46},"end":{"line":43,"column":1}},"line":34},"5":{"name":"(anonymous_5)","decl":{"start":{"line":45,"column":26},"end":{"line":45,"column":27}},"loc":{"start":{"line":45,"column":46},"end":{"line":54,"column":1}},"line":45}},"branchMap":{"0":{"loc":{"start":{"line":8,"column":22},"end":{"line":8,"column":70}},"type":"cond-expr","locations":[{"start":{"line":8,"column":34},"end":{"line":8,"column":66}},{"start":{"line":8,"column":69},"end":{"line":8,"column":70}}],"line":8},"1":{"loc":{"start":{"line":37,"column":4},"end":{"line":37,"column":100}},"type":"if","locations":[{"start":{"line":37,"column":4},"end":{"line":37,"column":100}},{"start":{},"end":{}}],"line":37},"2":{"loc":{"start":{"line":48,"column":4},"end":{"line":48,"column":100}},"type":"if","locations":[{"start":{"line":48,"column":4},"end":{"line":48,"column":100}},{"start":{},"end":{}}],"line":48}},"s":{"0":12,"1":12,"2":12,"3":8,"4":8,"5":8,"6":10,"7":8,"8":8,"9":8,"10":12,"11":4,"12":4,"13":3,"14":1,"15":12,"16":4,"17":4,"18":3,"19":3,"20":1,"21":12,"22":5,"23":5,"24":5,"25":2,"26":3,"27":3,"28":0,"29":12,"30":5,"31":5,"32":4,"33":2,"34":2,"35":2,"36":1},"f":{"0":8,"1":10,"2":4,"3":4,"4":5,"5":5},"b":{"0":[6,2],"1":[2,3],"2":[2,2]},"_coverageSchema":"1a1c01bbd47fc00a2c39e90264f33305004495a9","hash":"2e24ddf330bf12f0eefae7b384638ac50c32b123"}
,"D:\\fixed-project\\backend\\controllers\\notificationController.js": {"path":"D:\\fixed-project\\backend\\controllers\\notificationController.js","statementMap":{"0":{"start":{"line":1,"column":21},"end":{"line":1,"column":54}},"1":{"start":{"line":3,"column":0},"end":{"line":14,"column":2}},"2":{"start":{"line":4,"column":2},"end":{"line":13,"column":3}},"3":{"start":{"line":5,"column":26},"end":{"line":8,"column":13}},"4":{"start":{"line":9,"column":24},"end":{"line":9,"column":100}},"5":{"start":{"line":10,"column":4},"end":{"line":10,"column":66}},"6":{"start":{"line":12,"column":4},"end":{"line":12,"column":67}},"7":{"start":{"line":16,"column":0},"end":{"line":23,"column":2}},"8":{"start":{"line":17,"column":2},"end":{"line":22,"column":3}},"9":{"start":{"line":18,"column":4},"end":{"line":18,"column":77}},"10":{"start":{"line":19,"column":4},"end":{"line":19,"column":32}},"11":{"start":{"line":21,"column":4},"end":{"line":21,"column":67}},"12":{"start":{"line":25,"column":0},"end":{"line":32,"column":2}},"13":{"start":{"line":26,"column":2},"end":{"line":31,"column":3}},"14":{"start":{"line":27,"column":4},"end":{"line":27,"column":91}},"15":{"start":{"line":28,"column":4},"end":{"line":28,"column":32}},"16":{"start":{"line":30,"column":4},"end":{"line":30,"column":67}},"17":{"start":{"line":34,"column":0},"end":{"line":41,"column":2}},"18":{"start":{"line":35,"column":2},"end":{"line":40,"column":3}},"19":{"start":{"line":36,"column":4},"end":{"line":36,"column":63}},"20":{"start":{"line":37,"column":4},"end":{"line":37,"column":32}},"21":{"start":{"line":39,"column":4},"end":{"line":39,"column":67}}},"fnMap":{"0":{"name":"(anonymous_0)","decl":{"start":{"line":3,"column":27},"end":{"line":3,"column":28}},"loc":{"start":{"line":3,"column":47},"end":{"line":14,"column":1}},"line":3},"1":{"name":"(anonymous_1)","decl":{"start":{"line":16,"column":21},"end":{"line":16,"column":22}},"loc":{"start":{"line":16,"column":41},"end":{"line":23,"column":1}},"line":16},"2":{"name":"(anonymous_2)","decl":{"start":{"line":25,"column":24},"end":{"line":25,"column":25}},"loc":{"start":{"line":25,"column":44},"end":{"line":32,"column":1}},"line":25},"3":{"name":"(anonymous_3)","decl":{"start":{"line":34,"column":29},"end":{"line":34,"column":30}},"loc":{"start":{"line":34,"column":49},"end":{"line":41,"column":1}},"line":34}},"branchMap":{},"s":{"0":12,"1":12,"2":4,"3":4,"4":3,"5":3,"6":1,"7":12,"8":3,"9":3,"10":2,"11":1,"12":12,"13":3,"14":3,"15":2,"16":1,"17":12,"18":3,"19":3,"20":2,"21":1},"f":{"0":4,"1":3,"2":3,"3":3},"b":{},"_coverageSchema":"1a1c01bbd47fc00a2c39e90264f33305004495a9","hash":"ee046dd9ec89fb6c6cbcb74111fb6c623e9f4bff"}
,"D:\\fixed-project\\backend\\controllers\\projectController.js": {"path":"D:\\fixed-project\\backend\\controllers\\projectController.js","statementMap":{"0":{"start":{"line":1,"column":16},"end":{"line":1,"column":44}},"1":{"start":{"line":2,"column":18},"end":{"line":2,"column":48}},"2":{"start":{"line":4,"column":0},"end":{"line":34,"column":2}},"3":{"start":{"line":5,"column":2},"end":{"line":33,"column":3}},"4":{"start":{"line":6,"column":16},"end":{"line":6,"column":18}},"5":{"start":{"line":7,"column":4},"end":{"line":20,"column":5}},"6":{"start":{"line":8,"column":20},"end":{"line":8,"column":46}},"7":{"start":{"line":9,"column":20},"end":{"line":9,"column":72}},"8":{"start":{"line":10,"column":22},"end":{"line":10,"column":32}},"9":{"start":{"line":12,"column":6},"end":{"line":19,"column":7}},"10":{"start":{"line":13,"column":8},"end":{"line":16,"column":10}},"11":{"start":{"line":18,"column":8},"end":{"line":18,"column":38}},"12":{"start":{"line":21,"column":4},"end":{"line":21,"column":77}},"13":{"start":{"line":21,"column":45},"end":{"line":21,"column":77}},"14":{"start":{"line":22,"column":4},"end":{"line":22,"column":58}},"15":{"start":{"line":22,"column":26},"end":{"line":22,"column":58}},"16":{"start":{"line":24,"column":21},"end":{"line":29,"column":13}},"17":{"start":{"line":30,"column":4},"end":{"line":30,"column":48}},"18":{"start":{"line":32,"column":4},"end":{"line":32,"column":67}},"19":{"start":{"line":36,"column":0},"end":{"line":48,"column":2}},"20":{"start":{"line":37,"column":2},"end":{"line":47,"column":3}},"21":{"start":{"line":38,"column":20},"end":{"line":42,"column":13}},"22":{"start":{"line":43,"column":4},"end":{"line":43,"column":96}},"23":{"start":{"line":43,"column":18},"end":{"line":43,"column":96}},"24":{"start":{"line":44,"column":4},"end":{"line":44,"column":47}},"25":{"start":{"line":46,"column":4},"end":{"line":46,"column":67}},"26":{"start":{"line":50,"column":0},"end":{"line":58,"column":2}},"27":{"start":{"line":51,"column":2},"end":{"line":57,"column":3}},"28":{"start":{"line":52,"column":20},"end":{"line":52,"column":98}},"29":{"start":{"line":53,"column":4},"end":{"line":53,"column":96}},"30":{"start":{"line":53,"column":18},"end":{"line":53,"column":96}},"31":{"start":{"line":54,"column":4},"end":{"line":54,"column":47}},"32":{"start":{"line":56,"column":4},"end":{"line":56,"column":67}},"33":{"start":{"line":60,"column":0},"end":{"line":71,"column":2}},"34":{"start":{"line":61,"column":2},"end":{"line":70,"column":3}},"35":{"start":{"line":62,"column":23},"end":{"line":62,"column":80}},"36":{"start":{"line":63,"column":18},"end":{"line":63,"column":35}},"37":{"start":{"line":64,"column":17},"end":{"line":64,"column":70}},"38":{"start":{"line":64,"column":40},"end":{"line":64,"column":62}},"39":{"start":{"line":65,"column":24},"end":{"line":65,"column":72}},"40":{"start":{"line":66,"column":20},"end":{"line":66,"column":105}},"41":{"start":{"line":67,"column":4},"end":{"line":67,"column":64}},"42":{"start":{"line":69,"column":4},"end":{"line":69,"column":67}}},"fnMap":{"0":{"name":"(anonymous_0)","decl":{"start":{"line":4,"column":22},"end":{"line":4,"column":23}},"loc":{"start":{"line":4,"column":42},"end":{"line":34,"column":1}},"line":4},"1":{"name":"(anonymous_1)","decl":{"start":{"line":36,"column":25},"end":{"line":36,"column":26}},"loc":{"start":{"line":36,"column":45},"end":{"line":48,"column":1}},"line":36},"2":{"name":"(anonymous_2)","decl":{"start":{"line":50,"column":24},"end":{"line":50,"column":25}},"loc":{"start":{"line":50,"column":44},"end":{"line":58,"column":1}},"line":50},"3":{"name":"(anonymous_3)","decl":{"start":{"line":60,"column":28},"end":{"line":60,"column":29}},"loc":{"start":{"line":60,"column":48},"end":{"line":71,"column":1}},"line":60},"4":{"name":"(anonymous_4)","decl":{"start":{"line":64,"column":35},"end":{"line":64,"column":36}},"loc":{"start":{"line":64,"column":40},"end":{"line":64,"column":62}},"line":64}},"branchMap":{"0":{"loc":{"start":{"line":7,"column":4},"end":{"line":20,"column":5}},"type":"if","locations":[{"start":{"line":7,"column":4},"end":{"line":20,"column":5}},{"start":{},"end":{}}],"line":7},"1":{"loc":{"start":{"line":12,"column":6},"end":{"line":19,"column":7}},"type":"if","locations":[{"start":{"line":12,"column":6},"end":{"line":19,"column":7}},{"start":{"line":17,"column":13},"end":{"line":19,"column":7}}],"line":12},"2":{"loc":{"start":{"line":21,"column":4},"end":{"line":21,"column":77}},"type":"if","locations":[{"start":{"line":21,"column":4},"end":{"line":21,"column":77}},{"start":{},"end":{}}],"line":21},"3":{"loc":{"start":{"line":22,"column":4},"end":{"line":22,"column":58}},"type":"if","locations":[{"start":{"line":22,"column":4},"end":{"line":22,"column":58}},{"start":{},"end":{}}],"line":22},"4":{"loc":{"start":{"line":43,"column":4},"end":{"line":43,"column":96}},"type":"if","locations":[{"start":{"line":43,"column":4},"end":{"line":43,"column":96}},{"start":{},"end":{}}],"line":43},"5":{"loc":{"start":{"line":53,"column":4},"end":{"line":53,"column":96}},"type":"if","locations":[{"start":{"line":53,"column":4},"end":{"line":53,"column":96}},{"start":{},"end":{}}],"line":53},"6":{"loc":{"start":{"line":65,"column":24},"end":{"line":65,"column":72}},"type":"cond-expr","locations":[{"start":{"line":65,"column":36},"end":{"line":65,"column":68
[...]
\\backend\\models\\User.js": {"path":"D:\\fixed-project\\backend\\models\\User.js","statementMap":{"0":{"start":{"line":1,"column":17},"end":{"line":1,"column":36}},"1":{"start":{"line":2,"column":15},"end":{"line":2,"column":34}},"2":{"start":{"line":3,"column":12},"end":{"line":3,"column":35}},"3":{"start":{"line":5,"column":19},"end":{"line":23,"column":24}},"4":{"start":{"line":25,"column":0},"end":{"line":30,"column":3}},"5":{"start":{"line":26,"column":2},"end":{"line":26,"column":52}},"6":{"start":{"line":26,"column":38},"end":{"line":26,"column":52}},"7":{"start":{"line":27,"column":15},"end":{"line":27,"column":39}},"8":{"start":{"line":28,"column":2},"end":{"line":28,"column":61}},"9":{"start":{"line":29,"column":2},"end":{"line":29,"column":9}},"10":{"start":{"line":32,"column":0},"end":{"line":34,"column":2}},"11":{"start":{"line":33,"column":2},"end":{"line":33,"column":64}},"12":{"start":{"line":36,"column":0},"end":{"line":40,"column":2}},"13":{"start":{"line":37,"column":2},"end":{"line":39,"column":5}},"14":{"start":{"line":42,"column":0},"end":{"line":44,"column":3}},"15":{"start":{"line":43,"column":2},"end":{"line":43,"column":38}},"16":{"start":{"line":46,"column":0},"end":{"line":46,"column":52}}},"fnMap":{"0":{"name":"(anonymous_0)","decl":{"start":{"line":25,"column":23},"end":{"line":25,"column":24}},"loc":{"start":{"line":25,"column":44},"end":{"line":30,"column":1}},"line":25},"1":{"name":"(anonymous_1)","decl":{"start":{"line":32,"column":35},"end":{"line":32,"column":36}},"loc":{"start":{"line":32,"column":67},"end":{"line":34,"column":1}},"line":32},"2":{"name":"(anonymous_2)","decl":{"start":{"line":36,"column":39},"end":{"line":36,"column":40}},"loc":{"start":{"line":36,"column":50},"end":{"line":40,"column":1}},"line":36},"3":{"name":"(anonymous_3)","decl":{"start":{"line":42,"column":35},"end":{"line":42,"column":36}},"loc":{"start":{"line":42,"column":46},"end":{"line":44,"column":1}},"line":42}},"branchMap":{"0":{"loc":{"start":{"line":26,"column":2},"end":{"line":26,"column":52}},"type":"if","locations":[{"start":{"line":26,"column":2},"end":{"line":26,"column":52}},{"start":{},"end":{}}],"line":26},"1":{"loc":{"start":{"line":38,"column":15},"end":{"line":38,"column":45}},"type":"binary-expr","locations":[{"start":{"line":38,"column":15},"end":{"line":38,"column":37}},{"start":{"line":38,"column":41},"end":{"line":38,"column":45}}],"line":38}},"s":{"0":16,"1":16,"2":16,"3":16,"4":16,"5":189,"6":4,"7":185,"8":185,"9":185,"10":16,"11":4,"12":16,"13":22,"14":16,"15":0,"16":16},"f":{"0":189,"1":4,"2":22,"3":0},"b":{"0":[4,185],"1":[22,0]},"_coverageSchema":"1a1c01bbd47fc00a2c39e90264f33305004495a9","hash":"d9a6cea30983b52abe78e5d393cb275d45acf0ad"}
,"D:\\fixed-project\\backend\\routes\\applicationRoutes.js": {"path":"D:\\fixed-project\\backend\\routes\\applicationRoutes.js","statementMap":{"0":{"start":{"line":1,"column":16},"end":{"line":1,"column":34}},"1":{"start":{"line":2,"column":15},"end":{"line":2,"column":31}},"2":{"start":{"line":3,"column":73},"end":{"line":3,"column":120}},"3":{"start":{"line":4,"column":31},"end":{"line":4,"column":61}},"4":{"start":{"line":6,"column":0},"end":{"line":6,"column":20}},"5":{"start":{"line":7,"column":0},"end":{"line":7,"column":33}},"6":{"start":{"line":8,"column":0},"end":{"line":8,"column":69}},"7":{"start":{"line":9,"column":0},"end":{"line":9,"column":82}},"8":{"start":{"line":10,"column":0},"end":{"line":10,"column":68}},"9":{"start":{"line":12,"column":0},"end":{"line":12,"column":24}}},"fnMap":{},"branchMap":{},"s":{"0":11,"1":11,"2":11,"3":11,"4":11,"5":11,"6":11,"7":11,"8":11,"9":11},"f":{},"b":{},"_coverageSchema":"1a1c01bbd47fc00a2c39e90264f33305004495a9","hash":"2a00ed6ab3f2d3141ac6aebbf8dc1bf344a828d9"}
,"D:\\fixed-project\\backend\\routes\\authRoutes.js": {"path":"D:\\fixed-project\\backend\\routes\\authRoutes.js","statementMap":{"0":{"start":{"line":1,"column":16},"end":{"line":1,"column":34}},"1":{"start":{"line":2,"column":15},"end":{"line":2,"column":31}},"2":{"start":{"line":3,"column":97},"end":{"line":3,"column":137}},"3":{"start":{"line":4,"column":20},"end":{"line":4,"column":50}},"4":{"start":{"line":6,"column":0},"end":{"line":6,"column":35}},"5":{"start":{"line":7,"column":0},"end":{"line":7,"column":29}},"6":{"start":{"line":8,"column":0},"end":{"line":8,"column":48}},"7":{"start":{"line":9,"column":0},"end":{"line":9,"column":52}},"8":{"start":{"line":10,"column":0},"end":{"line":10,"column":34}},"9":{"start":{"line":11,"column":0},"end":{"line":11,"column":54}},"10":{"start":{"line":12,"column":0},"end":{"line":12,"column":56}},"11":{"start":{"line":14,"column":0},"end":{"line":14,"column":24}}},"fnMap":{},"branchMap":{},"s":{"0":11,"1":11,"2":11,"3":11,"4":11,"5":11,"6":11,"7":11,"8":11,"9":11,"10":11,"11":11},"f":{},"b":{},"_coverageSchema":"1a1c01bbd47fc00a2c39e90264f33305004495a9","hash":"f141c3fb02c8201262a73ab7fb16a11c5fe6ed77"}
,"D:\\fixed-project\\backend\\routes\\dashboardRoutes.js": {"path":"D:\\fixed-project\\backend\\routes\\dashboardRoutes.js","statementMap":{"0":{"start":{"line":1,"column":16},"end":{"line":1,"column":34}},"1":{"start":{"line":2,"column":15},"end":{"line":2,"column":31}},"2":{"start":{"line":3,"column":75},"end":{"line":3,"column":120}},"3":{"start":{"line":4,"column":31},"end":{"line":4,"column":61}},"4":{"start":{"line":6,"column":0},"end":{"line":6,"column":20}},"5":{"start":{"line":7,"column":0},"end":{"line":7,"column":65}},"6":{"start":{"line":8,"column":0},"end":{"line":8,"column":80}},"7":{"start":{"line":9,"column":0},"end":{"line":9,"column":71}},"8":{"start":{"line":11,"column":0},"end":{"line":11,"column":24}}},"fnMap":{},"branchMap":{},"s":{"0":11,"1":11,"2":11,"3":11,"4":11,"5":11,"6":11,"7":11,"8":11},"f":{},"b":{},"_coverageSchema":"1a1c01bbd47fc00a2c39e90264f33305004495a9","hash":"400da6d80ff1aebecda05908504f2eb80da36463"}
,"D:\\fixed-project\\backend\\routes\\deliverableRoutes.js": {"path":"D:\\fixed-project\\backend\\routes\\deliverableRoutes.js","statementMap":{"0":{"start":{"line":1,"column":16},"end":{"line":1,"column":34}},"1":{"start":{"line":2,"column":15},"end":{"line":2,"column":31}},"2":{"start":{"line":3,"column":66},"end":{"line":3,"column":113}},"3":{"start":{"line":4,"column":31},"end":{"line":4,"column":61}},"4":{"start":{"line":5,"column":15},"end":{"line":5,"column":47}},"5":{"start":{"line":7,"column":0},"end":{"line":7,"column":20}},"6":{"start":{"line":8,"column":0},"end":{"line":8,"column":51}},"7":{"start":{"line":9,"column":0},"end":{"line":9,"column":77}},"8":{"start":{"line":10,"column":0},"end":{"line":10,"column":41}},"9":{"start":{"line":12,"column":0},"end":{"line":12,"column":24}}},"fnMap":{},"branchMap":{},"s":{"0":11,"1":11,"2":11,"3":11,"4":11,"5":11,"6":11,"7":11,"8":11,"9":11},"f":{},"b":{},"_coverageSchema":"1a1c01bbd47fc00a2c39e90264f33305004495a9","hash":"c893ecd9917dcc0ca8cbef0b222ad2cc81de211c"}
,"D:\\fixed-project\\backend\\routes\\evaluationRoutes.js": {"path":"D:\\fixed-project\\backend\\routes\\evaluationRoutes.js","statementMap":{"0":{"start":{"line":1,"column":16},"end":{"line":1,"column":34}},"1":{"start":{"line":2,"column":15},"end":{"line":2,"column":31}},"2":{"start":{"line":3,"column":52},"end":{"line":3,"column":98}},"3":{"start":{"line":4,"column":31},"end":{"line":4,"column":61}},"4":{"start":{"line":6,"column":0},"end":{"line":6,"column":20}},"5":{"start":{"line":7,"column":0},"end":{"line":7,"column":49}},"6":{"start":{"line":8,"column":0},"end":{"line":8,"column":105}},"7":{"start":{"line":10,"column":0},"end":{"line":10,"column":24}}},"fnMap":{},"branchMap":{},"s":{"0":11,"1":11,"2":11,"3":11,"4":11,"5":11,"6":11,"7":11},"f":{},"b":{},"_coverageSchema":"1a1c01bbd47fc00a2c39e90264f33305004495a9","hash":"dfe96d1115d8654dbaaf4279192be21e247d62d8"}
,"D:\\fixed-project\\backend\\routes\\groupRoutes.js": {"path":"D:\\fixed-project\\backend\\routes\\groupRoutes.js","statementMap":{"0":{"start":{"line":1,"column":16},"end":{"line":1,"column":34}},"1":{"start":{"line":2,"column":16},"end":{"line":2,"column":32}},"2":{"start":{"line":3,"column":31},"end":{"line":3,"column":61}},"3":{"start":{"line":7,"column":4},"end":{"line":7,"column":45}},"4":{"start":{"line":9,"column":0},"end":{"line":9,"column":20}},"5":{"start":{"line":12,"column":0},"end":{"line":12,"column":80}},"6":{"start":{"line":13,"column":0},"end":{"line":13,"column":86}},"7":{"start":{"line":14,"column":0},"end":{"line":14,"column":83}},"8":{"start":{"line":15,"column":0},"end":{"line":15,"column":81}},"9":{"start":{"line":16,"column":0},"end":{"line":16,"column":82}},"10":{"start":{"line":17,"column":0},"end":{"line":17,"column":87}},"11":{"start":{"line":20,"column":0},"end":{"line":20,"column":73}},"12":{"start":{"line":21,"column":0},"end":{"line":21,"column":75}},"13":{"start":{"line":22,"column":0},"end":{"line":22,"column":74}},"14":{"start":{"line":24,"column":0},"end":{"line":24,"column":24}}},"fnMap":{},"branchMap":{},"s":{"0":11,"1":11,"2":11,"3":11,"4":11,"5":11,"6":11,"7":11,"8":11,"9":11,"10":11,"11":11,"12":11,"13":11,"14":11},"f":{},"b":{},"_coverageSchema":"1a1c01bbd47fc00a2c39e90264f33305004495a9","hash":"eb4adee58c988b4a55e3d82010b86f33d11346b3"}
,"D:\\fixed-project\\backend\\routes\\messageRoutes.js": {"path":"D:\\fixed-project\\backend\\routes\\messageRoutes.js","statementMap":{"0":{"start":{"line":1,"column":16},"end":{"line":1,"column":34}},"1":{"start":{"line":2,"column":15},"end":{"line":2,"column":31}},"2":{"start":{"line":3,"column":20},"end":{"line":3,"column":50}},"3":{"start":{"line":4,"column":15},"end":{"line":4,"column":47}},"4":{"start":{"line":5,"column":64},"end":{"line":5,"column":107}},"5":{"start":{"line":7,"column":0},"end":{"line":7,"column":20}},"6":{"start":{"line":9,"column":0},"end":{"line":9,"column":46}},"7":{"start":{"line":10,"column":0},"end":{"line":10,"column":39}},"8":{"start":{"line":11,"column":0},"end":{"line":11,"column":40}},"9":{"start":{"line":12,"column":0},"end":{"line":12,"column":67}},"10":{"start":{"line":14,"column":0},"end":{"line":14,"column":24}}},"fnMap":{},"branchMap":{},"s":{"0":11,"1":11,"2":11,"3":11,"4":11,"5":11,"6":11,"7":11,"8":11,"9":11,"10":11},"f":{},"b":{},"_coverageSchema":"1a1c01bbd47fc00a2c39e90264f33305004495a9","hash":"1b5c4236562bf6bdce802859240d0119fabbc47b"}
,"D:\\fixed-project\\backend\\routes\\milestoneRoutes.js": {"path":"D:\\fixed-project\\backend\\routes\\milestoneRoutes.js","statementMap":{"0":{"start":{"line":1,"column":16},"end":{"line":1,"column":34}},"1":{"start":{"line":2,"column":15},"end":{"line":2,"column":31}},"2":{"start":{"line":3,"column":77},"end":{"line":3,"column":122}},"3":{"start":{"line":4,"column":31},"end":{"line":4,"column":61}},"4":{"start":{"line":6,"column":0},"end":{"line":6,"column":20}},"5":{"start":{"line":7,"column":0},"end":{"line":7,"column":49}},"6":{"start":{"line":8,"column":0},"end":{"line":8,"column":96}},"7":{"start":{"line":9,"column":0},"end":{"line":9,"column":36}},"8":{"start":{"line":10,"column":0},"end":{"line":10,"column":83}},"9":{"start":{"line":12,"column":0},"end":{"line":12,"column":24}}},"fnMap":{},"branchMap":{},"s":{"0":11,"1":11,"2":11,"3":11,"4":11,"5":11,"6":11,"7":11,"8":11,"9":11},"f":{},"b":{},"_coverageSchema":"1a1c01bbd47fc00a2c39e90264f33305004495a9","hash":"67f4883b3d0e7887271f33255d6f26613937f3cb"}
,"D:\\fixed-project\\backend\\routes\\notificationRoutes.js": {"path":"D:\\fixed-project\\backend\\routes\\notificationRoutes.js","statementMap":{"0":{"start":{"line":1,"column":16},"end":{"line":1,"column":34}},"1":{"start":{"line":2,"column":15},"end":{"line":2,"column":31}},"2":{"start":{"line":3,"column":76},"end":{"line":3,"column":124}},"3":{"start":{"line":4,"column":20},"end":{"line":4,"column":50}},"4":{"start":{"line":6,"column":0},"end":{"line":6,"column":20}},"5":{"start":{"line":7,"column":0},"end":{"line":7,"column":34}},"6":{"start":{"line":8,"column":0},"end":{"line":8,"column":46}},"7":{"start":{"line":9,"column":0},"end":{"line":9,"column":38}},"8":{"start":{"line":10,"column":0},"end":{"line":10,"column":42}},"9":{"start":{"line":12,"column":0},"end":{"line":12,"column":24}}},"fnMap":{},"branchMap":{},"s":{"0":11,"1":11,"2":11,"3":11,"4":11,"5":11,"6":11,"7":11,"8":11,"9":11},"f":{},"b":{},"_coverageSchema":"1a1c01bbd47fc00a2c39e90264f33305004495a9","hash":"8965c05e63b182e8a0cc3f68a99c52ea4c652e2f"}
,"D:\\fixed-project\\backend\\routes\\projectRoutes.js": {"path":"D:\\fixed-project\\backend\\routes\\projectRoutes.js","statementMap":{"0":{"start":{"line":1,"column":16},"end":{"line":1,"column":34}},"1":{"start":{"line":2,"column":15},"end":{"line":2,"column":31}},"2":{"start":{"line":3,"column":74},"end":{"line":3,"column":117}},"3":{"start":{"line":4,"column":31},"end":{"line":4,"column":61}},"4":{"start":{"line":6,"column":0},"end":{"line":6,"column":20}},"5":{"start":{"line":7,"column":0},"end":{"line":7,"column":29}},"6":{"start":{"line":8,"column":0},"end":{"line":8,"column":35}},"7":{"start":{"line":9,"column":0},"end":{"line":9,"column":78}},"8":{"start":{"line":10,"column":0},"end":{"line":10,"column":52}},"9":{"start":{"line":12,"column":0},"end":{"line":12,"column":24}}},"fnMap":{},"branchMap":{},"s":{"0":11,"1":11,"2":11,"3":11,"4":11,"5":11,"6":11,"7":11,"8":11,"9":11},"f":{},"b":{},"_coverageSchema":"1a1c01bbd47fc00a2c39e90264f33305004495a9","hash":"706aee74faa57e97a3e2aa380a91e959223943ee"}
,"D:\\fixed-project\\backend\\routes\\subjectRoutes.js": {"path":"D:\\fixed-project\\backend\\routes\\subjectRoutes.js","statementMap":{"0":{"start":{"line":1,"column":16},"end":{"line":1,"column":34}},"1":{"start":{"line":2,"column":15},"end":{"line":2,"column":31}},"2":{"start":{"line":3,"column":130},"end":{"line":3,"column":173}},"3":{"start":{"line":4,"column":31},"end":{"line":4,"column":61}},"4":{"start":{"line":6,"column":0},"end":{"line":6,"column":20}},"5":{"start":{"line":7,"column":0},"end":{"line":7,"column":32}},"6":{"start":{"line":8,"column":0},"end":{"line":8,"column":82}},"7":{"start":{"line":9,"column":0},"end":{"line":9,"column":35}},"8":{"start":{"line":10,"column":0},"end":{"line":10,"column":76}},"9":{"start":{"line":11,"column":0},"end":{"line":11,"column":78}},"10":{"start":{"line":12,"column":0},"end":{"line":12,"column":72}},"11":{"start":{"line":13,"column":0},"end":{"line":13,"column":81}},"12":{"start":{"line":15,"column":0},"end":{"line":15,"column":24}}},"fnMap":{},"branchMap":{},"s":{"0":11,"1":11,"2":11,"3":11,"4":11,"5":11,"6":11,"7":11,"8":11,"9":11,"10":11,"11":11,"12":11},"f":{},"b":{},"_coverageSchema":"1a1c01bbd47fc00a2c39e90264f33305004495a9","hash":"a3be33f8069200c230788dfff99b03877ffd1c5a"}
,"D:\\fixed-project\\backend\\routes\\userRoutes.js": {"path":"D:\\fixed-project\\backend\\routes\\userRoutes.js","statementMap":{"0":{"start":{"line":1,"column":16},"end":{"line":1,"column":34}},"1":{"start":{"line":2,"column":15},"end":{"line":2,"column":31}},"2":{"start":{"line":3,"column":15},"end":{"line":3,"column":32}},"3":{"start":{"line":4,"column":15},"end":{"line":4,"column":47}},"4":{"start":{"line":10,"column":4},"end":{"line":10,"column":44}},"5":{"start":{"line":11,"column":31},"end":{"line":11,"column":61}},"6":{"start":{"line":13,"column":0},"end":{"line":13,"column":20}},"7":{"start":{"line":14,"column":0},"end":{"line":14,"column":43}},"8":{"start":{"line":17,"column":0},"end":{"line":26,"column":17}},"9":{"start":{"line":18,"column":2},"end":{"line":25,"column":5}},"10":{"start":{"line":19,"column":4},"end":{"line":23,"column":5}},"11":{"start":{"line":20,"column":6},"end":{"line":20,"column":81}},"12":{"start":{"line":21,"column":11},"end":{"line":23,"column":5}},"13":{"start":{"line":22,"column":6},"end":{"line":22,"column":60}},"14":{"start":{"line":24,"column":4},"end":{"line":24,"column":11}},"15":{"start":{"line":28,"column":0},"end":{"line":28,"column":36}},"16":{"start":{"line":29,"column":0},"end":{"line":29,"column":29}},"17":{"start":{"line":30,"column":0},"end":{"line":30,"column":29}},"18":{"start":{"line":31,"column":0},"end":{"line":31,"column":32}},"19":{"start":{"line":32,"column":0},"end":{"line":32,"column":31}},"20":{"start":{"line":33,"column":0},"end":{"line":33,"column":34}},"21":{"start":{"line":34,"column":0},"end":{"line":34,"column":53}},"22":{"start":{"line":36,"column":0},"end":{"line":36,"column":24}}},"fnMap":{"0":{"name":"(anonymous_0)","decl":{"start":{"line":17,"column":23},"end":{"line":17,"column":24}},"loc":{"start":{"line":17,"column":43},"end":{"line":26,"column":1}},"line":17},"1":{"name":"(anonymous_1)","decl":{"start":{"line":18,"column":36},"end":{"line":18,"column":37}},"loc":{"start":{"line":18,"column":45},"end":{"line":25,"column":3}},"line":18}},"branchMap":{"0":{"loc":{"start":{"line":19,"column":4},"end":{"line":23,"column":5}},"type":"if","locations":[{"start":{"line":19,"column":4},"end":{"line":23,"column":5}},{"start":{"line":21,"column":11},"end":{"line":23,"column":5}}],"line":19},"1":{"loc":{"start":{"line":21,"column":11},"end":{"line":23,"column":5}},"type":"if","locations":[{"start":{"line":21,"column":11},"end":{"line":23,"column":5}},{"start":{},"end":{}}],"line":21}},"s":{"0":11,"1":11,"2":11,"3":11,"4":11,"5":11,"6":11,"7":11,"8":11,"9":0,"10":0,"11":0,"12":0,"13":0,"14":0,"15":11,"16":11,"17":11,"18":11,"19":11,"20":11,"21":11,"22":11},"f":{"0":0,"1":0},"b":{"0":[0,0],"1":[0,0]},"_coverageSchema":"1a1c01bbd47fc00a2c39e90264f33305004495a9","hash":"6e45eac73d6f97aa9827eae8fc2b3d88f79306e0"}
,"D:\\fixed-project\\backend\\test\\Helpers.js": {"path":"D:\\fixed-project\\backend\\test\\Helpers.js","statementMap":{"0":{"start":{"line":5,"column":14},"end":{"line":15,"column":1}},"1":{"start":{"line":6,"column":14},"end":{"line":13,"column":3}},"2":{"start":{"line":14,"column":2},"end":{"line":14,"column":13}},"3":{"start":{"line":20,"column":16},"end":{"line":25,"column":1}},"4":{"start":{"line":21,"column":14},"end":{"line":21,"column":16}},"5":{"start":{"line":22,"column":2},"end":{"line":22,"column":46}},"6":{"start":{"line":23,"column":2},"end":{"line":23,"column":44}},"7":{"start":{"line":24,"column":2},"end":{"line":24,"column":13}},"8":{"start":{"line":27,"column":0},"end":{"line":27,"column":36}}},"fnMap":{"0":{"name":"(anonymous_0)","decl":{"start":{"line":5,"column":14},"end":{"line":5,"column":15}},"loc":{"start":{"line":5,"column":33},"end":{"line":15,"column":1}},"line":5},"1":{"name":"(anonymous_1)","decl":{"start":{"line":20,"column":16},"end":{"line":20,"column":17}},"loc":{"start":{"line":20,"column":22},"end":{"line":25,"column":1}},"line":20}},"branchMap":{},"s":{"0":12,"1":231,"2":231,"3":12,"4":193,"5":193,"6":193,"7":193,"8":12},"f":{"0":231,"1":193},"b":{},"_coverageSchema":"1a1c01bbd47fc00a2c39e90264f33305004495a9","hash":"1c49db0e33585807cbb9b87c4d1d18b3a640d7ae"}
,"D:\\fixed-project\\backend\\utils\\notifications.js": {"path":"D:\\fixed-project\\backend\\utils\\notifications.js","statementMap":{"0":{"start":{"line":1,"column":21},"end":{"line":1,"column":54}},"1":{"start":{"line":3,"column":0},"end":{"line":9,"column":2}},"2":{"start":{"line":4,"column":2},"end":{"line":8,"column":3}},"3":{"start":{"line":5,"column":4},"end":{"line":5,"column":63}},"4":{"start":{"line":7,"column":4},"end":{"line":7,"column":46}}},"fnMap":{"0":{"name":"(anonymous_0)","decl":{"start":{"line":3,"column":29},"end":{"line":3,"column":30}},"loc":{"start":{"line":3,"column":82},"end":{"line":9,"column":1}},"line":3}},"branchMap":{"0":{"loc":{"start":{"line":3,"column":53},"end":{"line":3,"column":66}},"type":"default-arg","locations":[{"start":{"line":3,"column":60},"end":{"line":3,"column":66}}],"line":3},"1":{"loc":{"start":{"line":3,"column":68},"end":{"line":3,"column":77}},"type":"default-arg","locations":[{"start":{"line":3,"column":75},"end":{"line":3,"column":77}}],"line":3}},"s":{"0":17,"1":17,"2":598,"3":598,"4":0},"f":{"0":598},"b":{"0":[0],"1":[9]},"_coverageSchema":"1a1c01bbd47fc00a2c39e90264f33305004495a9","hash":"ddbde114cdf4f6858f05babef4e68601f85979fb"}
}
