TN:
SF:server.js
FN:47,(anonymous_0)
FN:59,(anonymous_1)
FN:64,(anonymous_2)
FN:69,(anonymous_3)
FNF:4
FNH:1
FNDA:0,(anonymous_0)
FNDA:0,(anonymous_1)
FNDA:0,(anonymous_2)
FNDA:11,(anonymous_3)
DA:1,11
DA:2,11
DA:3,11
DA:4,11
DA:5,11
DA:6,11
DA:7,11
DA:8,11
DA:10,11
DA:12,11
DA:13,11
DA:14,11
DA:16,11
DA:23,11
DA:25,11
DA:30,11
DA:31,11
DA:32,11
DA:34,11
DA:35,11
DA:36,11
DA:37,11
DA:38,11
DA:39,11
DA:40,11
DA:41,11
DA:42,11
DA:43,11
DA:44,11
DA:45,11
DA:47,11
DA:48,0
DA:49,0
DA:58,11
DA:62,0
DA:63,0
DA:64,0
DA:65,0
DA:70,11
DA:72,11
DA:73,0
DA:76,11
LF:42
LH:35
BRDA:18,0,0,0
BRDA:18,0,1,11
BRDA:26,1,0,11
BRDA:26,1,1,0
BRDA:49,2,0,0
BRDA:49,2,1,0
BRDA:51,3,0,0
BRDA:51,3,1,0
BRDA:62,4,0,0
BRDA:62,4,1,0
BRDA:64,5,0,0
BRDA:64,5,1,0
BRDA:65,6,0,0
BRDA:65,6,1,0
BRDA:72,7,0,0
BRDA:72,7,1,11
BRF:16
BRH:3
end_of_record
TN:
SF:controllers\applicationController.js
FN:9,(anonymous_0)
FN:46,(anonymous_1)
FN:58,(anonymous_2)
FN:80,(anonymous_3)
FN:95,(anonymous_4)
FN:135,(anonymous_5)
FNF:6
FNH:6
FNDA:7,(anonymous_0)
FNDA:5,(anonymous_1)
FNDA:2,(anonymous_2)
FNDA:3,(anonymous_3)
FNDA:1,(anonymous_4)
FNDA:3,(anonymous_5)
DA:1,12
DA:2,12
DA:3,12
DA:4,12
DA:5,12
DA:6,12
DA:9,12
DA:10,7
DA:11,7
DA:12,6
DA:13,5
DA:15,4
DA:18,4
DA:19,3
DA:20,3
DA:21,1
DA:23,2
DA:24,2
DA:26,1
DA:32,1
DA:33,1
DA:35,1
DA:41,1
DA:42,1
DA:46,12
DA:47,5
DA:48,5
DA:50,5
DA:51,2
DA:52,2
DA:53,1
DA:56,4
DA:57,1
DA:58,2
DA:61,4
DA:63,4
DA:75,3
DA:76,1
DA:80,12
DA:81,3
DA:82,3
DA:83,3
DA:88,3
DA:90,2
DA:91,2
DA:92,2
DA:94,2
DA:95,1
DA:97,1
DA:105,1
DA:106,1
DA:107,5
DA:110,1
DA:112,1
DA:113,1
DA:121,1
DA:122,2
DA:130,2
DA:131,0
DA:135,12
DA:136,3
DA:137,3
DA:138,3
DA:139,2
DA:140,2
DA:141,1
DA:142,0
LF:67
LH:65
BRDA:12,0,0,1
BRDA:12,0,1,5
BRDA:13,1,0,1
BRDA:13,1,1,4
BRDA:18,2,0,1
BRDA:18,2,1,3
BRDA:19,3,0,0
BRDA:19,3,1,3
BRDA:20,4,0,1
BRDA:20,4,1,2
BRDA:24,5,0,1
BRDA:24,5,1,1
BRDA:32,6,0,1
BRDA:32,6,1,1
BRDA:50,7,0,2
BRDA:50,7,1,3
BRDA:52,8,0,1
BRDA:52,8,1,1
BRDA:56,9,0,1
BRDA:56,9,1,3
BRDA:61,10,0,1
BRDA:61,10,1,3
BRDA:88,11,0,1
BRDA:88,11,1,2
BRDA:94,12,0,1
BRDA:94,12,1,1
BRDA:124,13,0,2
BRDA:124,13,1,0
BRDA:138,14,0,1
BRDA:138,14,1,2
BRDA:140,15,0,1
BRDA:140,15,1,1
BRF:32
BRH:30
end_of_record
TN:
SF:controllers\authController.js
FN:4,(anonymous_0)
FN:22,(anonymous_1)
FN:34,(anonymous_2)
FN:49,(anonymous_3)
FN:54,(anonymous_4)
FN:68,(anonymous_5)
FN:82,(anonymous_6)
FN:132,(anonymous_7)
FNF:8
FNH:8
FNDA:4,(anonymous_0)
FNDA:25,(anonymous_1)
FNDA:9,(anonymous_2)
FNDA:1,(anonymous_3)
FNDA:2,(anonymous_4)
FNDA:2,(anonymous_5)
FNDA:4,(anonymous_6)
FNDA:3,(anonymous_7)
DA:1,12
DA:2,12
DA:4,12
DA:5,4
DA:6,4
DA:22,12
DA:23,25
DA:24,25
DA:25,25
DA:26,2
DA:27,1
DA:28,1
DA:30,23
DA:34,12
DA:35,9
DA:36,9
DA:37,9
DA:38,7
DA:39,4
DA:40,3
DA:41,2
DA:42,2
DA:43,1
DA:45,3
DA:49,12
DA:50,1
DA:51,1
DA:54,12
DA:55,2
DA:56,2
DA:57,2
DA:62,1
DA:64,1
DA:68,12
DA:69,2
DA:70,2
DA:71,2
DA:72,2
DA:73,2
DA:74,1
DA:75,1
DA:76,1
DA:78,0
DA:82,12
DA:83,4
DA:84,4
DA:85,2
DA:87,1
DA:88,1
DA:89,1
DA:90,1
DA:92,1
DA:94,1
DA:95,1
DA:108,1
DA:126,1
DA:128,2
DA:132,12
DA:133,3
DA:134,3
DA:135,3
DA:139,2
DA:140,1
DA:141,1
DA:142,1
DA:143,1
DA:144,1
DA:146,1
LF:68
LH:67
BRDA:26,0,0,1
BRDA:26,0,1,1
BRDA:37,1,0,2
BRDA:37,1,1,7
BRDA:37,2,0,9
BRDA:37,2,1,7
BRDA:39,3,0,1
BRDA:39,3,1,3
BRDA:40,4,0,1
BRDA:40,4,1,2
BRDA:42,5,0,1
BRDA:42,5,1,1
BRDA:73,6,0,1
BRDA:73,6,1,1
BRDA:85,7,0,1
BRDA:85,7,1,1
BRDA:139,8,0,1
BRDA:139,8,1,1
BRF:18
BRH:18
end_of_record
TN:
SF:controllers\dashboardController.js
FN:7,(anonymous_0)
FN:34,(anonymous_1)
FN:51,(anonymous_2)
FN:57,(anonymous_3)
FN:72,(anonymous_4)
FNF:5
FNH:5
FNDA:4,(anonymous_0)
FNDA:2,(anonymous_1)
FNDA:2,(anonymous_2)
FNDA:1,(anonymous_3)
FNDA:4,(anonymous_4)
DA:1,12
DA:2,12
DA:3,12
DA:4,12
DA:5,12
DA:7,12
DA:8,4
DA:9,4
DA:10,3
DA:11,3
DA:12,3
DA:13,3
DA:14,3
DA:15,3
DA:16,3
DA:17,3
DA:19,3
DA:24,3
DA:31,3
DA:33,3
DA:34,2
DA:37,3
DA:47,1
DA:51,12
DA:52,2
DA:53,2
DA:54,1
DA:55,1
DA:56,1
DA:57,1
DA:58,1
DA:59,1
DA:66,1
DA:68,1
DA:72,12
DA:73,4
DA:74,4
DA:75,4
DA:76,3
DA:80,3
DA:81,3
DA:82,2
DA:85,3
DA:90,3
DA:91,3
DA:92,1
DA:95,3
DA:97,1
LF:48
LH:48
BRDA:33,0,0,1
BRDA:33,0,1,2
BRDA:76,1,0,2
BRDA:76,1,1,1
BRDA:81,2,0,2
BRDA:81,2,1,1
BRDA:91,3,0,1
BRDA:91,3,1,2
BRF:8
BRH:8
end_of_record
TN:
SF:controllers\deliverableController.js
FN:5,(anonymous_0)
FN:17,(anonymous_1)
FN:41,(anonymous_2)
FNF:3
FNH:3
FNDA:2,(anonymous_0)
FNDA:4,(anonymous_1)
FNDA:3,(anonymous_2)
DA:1,12
DA:2,12
DA:3,12
DA:5,12
DA:6,2
DA:7,2
DA:11,1
DA:13,1
DA:17,12
DA:18,4
DA:19,4
DA:20,3
DA:31,2
DA:32,2
DA:33,1
DA:35,2
DA:37,1
DA:41,12
DA:42,3
DA:43,3
DA:44,2
DA:45,1
DA:47,1
LF:23
LH:23
BRDA:19,0,0,1
BRDA:19,0,1,3
BRDA:24,1,0,3
BRDA:24,1,1,0
BRDA:32,2,0,1
BRDA:32,2,1,1
BRDA:44,3,0,1
BRDA:44,3,1,1
BRF:8
BRH:7
end_of_record
TN:
SF:controllers\evaluationController.js
FN:5,(anonymous_0)
FN:16,(anonymous_1)
FNF:2
FNH:2
FNDA:3,(anonymous_0)
FNDA:5,(anonymous_1)
DA:1,12
DA:2,12
DA:3,12
DA:5,12
DA:6,3
DA:7,3
DA:10,2
DA:12,1
DA:16,12
DA:17,5
DA:18,5
DA:19,5
DA:20,4
DA:21,3
DA:22,3
DA:23,3
DA:24,3
DA:25,3
DA:26,3
DA:28,1
DA:37,4
DA:40,4
DA:41,3
DA:42,3
DA:45,4
DA:47,1
LF:26
LH:26
BRDA:20,0,0,3
BRDA:20,0,1,1
BRDA:21,1,0,3
BRDA:21,1,1,0
BRDA:22,2,0,3
BRDA:22,2,1,0
BRDA:23,3,0,3
BRDA:23,3,1,0
BRDA:24,4,0,3
BRDA:24,4,1,0
BRDA:40,5,0,3
BRDA:40,5,1,1
BRDA:40,6,0,4
BRDA:40,6,1,4
BRF:14
BRH:10
end_of_record
TN:
SF:controllers\groupController.js
FN:5,(anonymous_0)
FN:16,(anonymous_1)
FN:26,(anonymous_2)
FN:42,(anonymous_3)
FN:58,(anonymous_4)
FN:78,(anonymous_5)
FN:84,(anonymous_6)
FN:113,(anonymous_7)
FN:120,(anonymous_8)
FN:128,(anonymous_9)
FN:137,(anonymous_10)
FN:141,(anonymous_11)
FN:148,(anonymous_12)
FNF:13
FNH:12
FNDA:2,(anonymous_0)
FNDA:1,(anonymous_1)
FNDA:2,(anonymous_2)
FNDA:5,(anonymous_3)
FNDA:0,(anonymous_4)
FNDA:4,(anonymous_5)
FNDA:3,(anonymous_6)
FNDA:3,(anonymous_7)
FNDA:2,(anonymous_8)
FNDA:2,(anonymous_9)
FNDA:2,(anonymous_10)
FNDA:2,(anonymous_11)
FNDA:2,(anonymous_12)
DA:1,12
DA:2,12
DA:3,12
DA:5,12
DA:6,2
DA:7,2
DA:12,2
DA:13,0
DA:16,12
DA:17,1
DA:18,1
DA:22,1
DA:23,0
DA:26,12
DA:27,2
DA:28,2
DA:29,2
DA:31,1
DA:36,1
DA:37,1
DA:38,1
DA:39,0
DA:42,12
DA:43,5
DA:44,5
DA:45,5
DA:47,4
DA:48,4
DA:49,4
DA:50,3
DA:51,1
DA:53,2
DA:54,2
DA:55,1
DA:57,1
DA:58,0
DA:60,1
DA:61,0
DA:63,1
DA:64,1
DA:66,1
DA:72,1
DA:73,1
DA:74,1
DA:75,0
DA:78,12
DA:79,4
DA:80,4
DA:81,4
DA:82,4
DA:84,3
DA:85,3
DA:86,2
DA:88,2
DA:89,1
DA:90,1
DA:91,1
DA:94,2
DA:95,2
DA:98,2
DA:106,2
DA:107,2
DA:108,2
DA:109,2
DA:110,0
DA:113,12
DA:114,3
DA:115,3
DA:116,3
DA:117,2
DA:118,1
DA:120,2
DA:121,1
DA:123,1
DA:124,1
DA:125,0
DA:128,12
DA:129,2
DA:130,2
DA:131,2
DA:132,1
DA:133,1
DA:134,0
DA:137,12
DA:138,2
DA:139,2
DA:140,2
DA:141,2
DA:142,1
DA:143,1
DA:144,1
DA:145,0
DA:148,12
DA:149,2
DA:150,2
DA:155,1
DA:156,1
LF:97
LH:87
BRDA:29,0,0,1
BRDA:29,0,1,1
BRDA:45,1,0,1
BRDA:45,1,1,4
BRDA:49,2,0,1
BRDA:49,2,1,3
BRDA:50,3,0,1
BRDA:50,3,1,2
BRDA:54,4,0,1
BRDA:54,4,1,1
BRDA:58,5,0,0
BRDA:58,5,1,0
BRDA:60,6,0,0
BRDA:60,6,1,1
BRDA:82,7,0,1
BRDA:82,7,1,3
BRDA:85,8,0,1
BRDA:85,8,1,2
BRDA:86,9,0,0
BRDA:86,9,1,2
BRDA:88,10,0,1
BRDA:88,10,1,1
BRDA:90,11,0,0
BRDA:90,11,1,1
BRDA:100,12,0,1
BRDA:100,12,1,1
BRDA:103,13,0,1
BRDA:103,13,1,1
BRDA:116,14,0,1
BRDA:116,14,1,2
BRDA:117,15,0,1
BRDA:117,15,1,1
BRDA:131,16,0,1
BRDA:131,16,1,1
BRDA:140,17,0,1
BRDA:140,17,1,1
BRF:36
BRH:31
end_of_record
TN:
SF:controllers\messageController.js
FN:6,(anonymous_0)
FN:9,(anonymous_1)
FN:20,(anonymous_2)
FN:24,(anonymous_3)
FN:31,(anonymous_4)
FN:49,(anonymous_5)
FN:76,(anonymous_6)
FN:105,(anonymous_7)
FN:118,(anonymous_8)
FN:125,(anonymous_9)
FNF:10
FNH:10
FNDA:18,(anonymous_0)
FNDA:14,(anonymous_1)
FNDA:4,(anonymous_2)
FNDA:2,(anonymous_3)
FNDA:8,(anonymous_4)
FNDA:5,(anonymous_5)
FNDA:5,(anonymous_6)
FNDA:5,(anonymous_7)
FNDA:2,(anonymous_8)
FNDA:1,(anonymous_9)
DA:1,12
DA:2,12
DA:3,12
DA:4,12
DA:6,12
DA:7,18
DA:8,17
DA:9,14
DA:10,14
DA:11,14
DA:12,4
DA:13,4
DA:14,1
DA:16,3
DA:20,12
DA:21,4
DA:22,4
DA:23,4
DA:24,2
DA:26,4
DA:27,4
DA:31,12
DA:32,8
DA:33,8
DA:34,7
DA:35,3
DA:39,3
DA:43,3
DA:45,1
DA:49,12
DA:50,5
DA:51,5
DA:52,5
DA:53,4
DA:54,4
DA:55,3
DA:62,2
DA:67,2
DA:68,2
DA:70,2
DA:72,1
DA:76,12
DA:77,5
DA:78,5
DA:79,5
DA:80,4
DA:81,3
DA:91,2
DA:96,2
DA:97,2
DA:99,2
DA:101,1
DA:105,12
DA:106,5
DA:107,5
DA:108,5
DA:109,2
DA:110,2
DA:111,1
DA:113,1
DA:116,5
DA:117,5
DA:118,4
DA:119,4
DA:123,4
DA:124,4
DA:125,4
DA:126,4
DA:128,1
LF:69
LH:69
BRDA:8,0,0,3
BRDA:8,0,1,14
BRDA:11,1,0,10
BRDA:11,1,1,4
BRDA:11,2,0,14
BRDA:11,2,1,11
BRDA:13,3,0,1
BRDA:13,3,1,3
BRDA:13,4,0,4
BRDA:13,4,1,3
BRDA:13,4,2,2
BRDA:23,5,0,2
BRDA:23,5,1,2
BRDA:34,6,0,4
BRDA:34,6,1,3
BRDA:52,7,0,1
BRDA:52,7,1,4
BRDA:54,8,0,1
BRDA:54,8,1,3
BRDA:79,9,0,1
BRDA:79,9,1,4
BRDA:80,10,0,1
BRDA:80,10,1,3
BRDA:84,11,0,3
BRDA:84,11,1,2
BRDA:108,12,0,2
BRDA:108,12,1,3
BRDA:110,13,0,1
BRDA:110,13,1,1
BRDA:116,14,0,3
BRDA:116,14,1,2
BRF:31
BRH:31
end_of_record
TN:
SF:controllers\milestoneController.js
FN:4,(anonymous_0)
FN:7,(anonymous_1)
FN:13,(anonymous_2)
FN:24,(anonymous_3)
FN:34,(anonymous_4)
FN:45,(anonymous_5)
FNF:6
FNH:6
FNDA:5,(anonymous_0)
FNDA:8,(anonymous_1)
FNDA:2,(anonymous_2)
FNDA:3,(anonymous_3)
FNDA:3,(anonymous_4)
FNDA:3,(anonymous_5)
DA:1,12
DA:2,12
DA:4,12
DA:5,5
DA:6,5
DA:7,8
DA:8,5
DA:9,5
DA:10,5
DA:13,12
DA:14,2
DA:15,2
DA:18,1
DA:20,1
DA:24,12
DA:25,3
DA:26,3
DA:27,2
DA:28,2
DA:30,1
DA:34,12
DA:35,3
DA:36,3
DA:37,3
DA:38,2
DA:39,2
DA:41,0
DA:45,12
DA:46,3
DA:47,3
DA:48,2
DA:49,1
DA:50,1
DA:52,1
LF:34
LH:33
BRDA:8,0,0,4
BRDA:8,0,1,1
BRDA:37,1,0,1
BRDA:37,1,1,2
BRDA:48,2,0,1
BRDA:48,2,1,1
BRF:6
BRH:6
end_of_record
TN:
SF:controllers\notificationController.js
FN:3,(anonymous_0)
FN:16,(anonymous_1)
FN:25,(anonymous_2)
FN:34,(anonymous_3)
FNF:4
FNH:4
FNDA:3,(anonymous_0)
FNDA:2,(anonymous_1)
FNDA:2,(anonymous_2)
FNDA:2,(anonymous_3)
DA:1,12
DA:3,12
DA:4,3
DA:5,3
DA:9,2
DA:10,2
DA:12,1
DA:16,12
DA:17,2
DA:18,2
DA:19,1
DA:21,1
DA:25,12
DA:26,2
DA:27,2
DA:28,1
DA:30,1
DA:34,12
DA:35,2
DA:36,2
DA:37,1
DA:39,1
LF:22
LH:22
BRF:0
BRH:0
end_of_record
TN:
SF:controllers\projectController.js
FN:4,(anonymous_0)
FN:36,(anonymous_1)
FN:50,(anonymous_2)
FN:60,(anonymous_3)
FN:64,(anonymous_4)
FNF:5
FNH:5
FNDA:5,(anonymous_0)
FNDA:3,(anonymous_1)
FNDA:3,(anonymous_2)
FNDA:3,(anonymous_3)
FNDA:3,(anonymous_4)
DA:1,12
DA:2,12
DA:4,12
DA:5,5
DA:6,5
DA:7,5
DA:8,2
DA:9,2
DA:10,2
DA:12,2
DA:13,1
DA:18,1
DA:21,5
DA:22,5
DA:24,5
DA:30,4
DA:32,1
DA:36,12
DA:37,3
DA:38,3
DA:43,2
DA:44,1
DA:46,1
DA:50,12
DA:51,3
DA:52,3
DA:53,2
DA:54,1
DA:56,1
DA:60,12
DA:61,3
DA:62,3
DA:63,2
DA:64,3
DA:65,2
DA:66,2
DA:67,2
DA:69,1
LF:38
LH:38
BRDA:7,0,0,2
BRDA:7,0,1,3
BRDA:12,1,0,1
BRDA:12,1,1,1
BRDA:21,2,0,1
BRDA:21,2,1,4
BRDA:22,3,0,1
BRDA:22,3,1,4
BRDA:43,4,0,1
BRDA:43,4,1,1
BRDA:53,5,0,1
BRDA:53,5,1,1
BRDA:65,6,0,1
BRDA:65,6,1,1
BRF:14
BRH:14
end_of_record
TN:
SF:controllers\subjectController.js
FN:5,(anonymous_0)
FN:28,(anonymous_1)
FN:40,(anonymous_2)
FN:53,(anonymous_3)
FN:67,(anonymous_4)
FN:88,(anonymous_5)
FN:98,(anonymous_6)
FNF:7
FNH:7
FNDA:6,(anonymous_0)
FNDA:3,(anonymous_1)
FNDA:2,(anonymous_2)
FNDA:4,(anonymous_3)
FNDA:3,(anonymous_4)
FNDA:3,(anonymous_5)
FNDA:2,(anonymous_6)
DA:1,12
DA:2,12
DA:3,12
DA:5,12
DA:6,6
DA:7,6
DA:8,6
DA:9,6
DA:10,6
DA:11,6
DA:15,6
DA:16,5
DA:22,5
DA:24,1
DA:28,12
DA:29,3
DA:30,3
DA:33,2
DA:34,1
DA:36,1
DA:40,12
DA:41,2
DA:42,2
DA:43,1
DA:44,1
DA:45,2
DA:47,1
DA:49,1
DA:53,12
DA:54,4
DA:55,4
DA:56,4
DA:57,3
DA:58,1
DA:60,2
DA:61,2
DA:63,0
DA:67,12
DA:68,3
DA:69,3
DA:70,3
DA:77,3
DA:78,2
DA:81,2
DA:82,2
DA:84,0
DA:88,12
DA:89,3
DA:90,3
DA:91,2
DA:92,1
DA:94,1
DA:98,12
DA:99,2
DA:100,2
DA:103,1
DA:105,1
LF:57
LH:55
BRDA:7,0,0,5
BRDA:7,1,0,5
BRDA:9,2,0,1
BRDA:9,2,1,5
BRDA:10,3,0,1
BRDA:10,3,1,5
BRDA:11,4,0,1
BRDA:11,4,1,5
BRDA:33,5,0,1
BRDA:33,5,1,1
BRDA:56,6,0,1
BRDA:56,6,1,3
BRDA:57,7,0,1
BRDA:57,7,1,2
BRDA:57,8,0,3
BRDA:57,8,1,2
BRDA:77,9,0,1
BRDA:77,9,1,2
BRDA:78,10,0,1
BRDA:78,10,1,1
BRDA:80,11,0,1
BRDA:80,11,1,0
BRDA:81,12,0,1
BRDA:81,12,1,1
BRDA:91,13,0,1
BRDA:91,13,1,1
BRF:26
BRH:25
end_of_record
TN:
SF:controllers\userController.js
FN:3,(anonymous_0)
FN:27,(anonymous_1)
FN:37,(anonymous_2)
FN:46,(anonymous_3)
FN:57,(anonymous_4)
FN:67,(anonymous_5)
FN:79,(anonymous_6)
FN:90,(anonymous_7)
FNF:8
FNH:8
FNDA:7,(anonymous_0)
FNDA:3,(anonymous_1)
FNDA:2,(anonymous_2)
FNDA:3,(anonymous_3)
FNDA:3,(anonymous_4)
FNDA:4,(anonymous_5)
FNDA:2,(anonymous_6)
FNDA:4,(anonymous_7)
DA:1,12
DA:3,12
DA:4,7
DA:5,7
DA:6,7
DA:7,7
DA:8,7
DA:9,7
DA:10,7
DA:15,7
DA:16,6
DA:21,6
DA:23,1
DA:27,12
DA:28,3
DA:29,3
DA:30,2
DA:31,1
DA:33,1
DA:37,12
DA:38,2
DA:39,2
DA:40,1
DA:42,1
DA:46,12
DA:47,3
DA:48,3
DA:49,3
DA:50,2
DA:51,1
DA:53,1
DA:57,12
DA:58,3
DA:59,3
DA:60,2
DA:61,1
DA:63,1
DA:67,12
DA:68,4
DA:69,4
DA:70,3
DA:71,2
DA:72,2
DA:73,2
DA:75,1
DA:79,12
DA:80,2
DA:81,2
DA:84,1
DA:86,1
DA:90,12
DA:91,4
DA:92,4
DA:93,1
DA:95,3
DA:100,2
DA:101,1
DA:103,1
DA:105,1
LF:59
LH:59
BRDA:5,0,0,6
BRDA:5,1,0,6
BRDA:7,2,0,1
BRDA:7,2,1,6
BRDA:8,3,0,1
BRDA:8,3,1,6
BRDA:9,4,0,1
BRDA:9,4,1,6
BRDA:10,5,0,1
BRDA:10,5,1,6
BRDA:30,6,0,1
BRDA:30,6,1,1
BRDA:50,7,0,1
BRDA:50,7,1,1
BRDA:60,8,0,1
BRDA:60,8,1,1
BRDA:70,9,0,1
BRDA:70,9,1,2
BRDA:71,10,0,1
BRDA:71,10,1,1
BRDA:92,11,0,1
BRDA:92,11,1,3
BRDA:100,12,0,1
BRDA:100,12,1,1
BRF:24
BRH:24
end_of_record
TN:
SF:middlewares\auth.js
FN:4,(anonymous_0)
FN:23,(anonymous_1)
FN:23,(anonymous_2)
FNF:3
FNH:2
FNDA:50,(anonymous_0)
FNDA:275,(anonymous_1)
FNDA:0,(anonymous_2)
DA:1,11
DA:2,11
DA:4,11
DA:6,50
DA:7,16
DA:9,50
DA:10,34
DA:12,16
DA:13,16
DA:14,0
DA:15,0
DA:16,0
DA:17,0
DA:19,16
DA:23,275
DA:24,0
DA:25,0
DA:27,0
LF:18
LH:11
BRDA:6,0,0,16
BRDA:6,0,1,34
BRDA:6,1,0,50
BRDA:6,1,1,16
BRDA:9,2,0,34
BRDA:9,2,1,16
BRDA:15,3,0,0
BRDA:15,3,1,0
BRDA:16,4,0,0
BRDA:16,4,1,0
BRDA:24,5,0,0
BRDA:24,5,1,0
BRF:12
BRH:6
end_of_record
TN:
SF:middlewares\upload.js
FN:9,(anonymous_0)
FN:14,(anonymous_1)
FN:24,(anonymous_2)
FNF:3
FNH:0
FNDA:0,(anonymous_0)
FNDA:0,(anonymous_1)
FNDA:0,(anonymous_2)
DA:1,11
DA:2,11
DA:3,11
DA:4,11
DA:5,11
DA:6,11
DA:8,11
DA:10,0
DA:11,0
DA:12,0
DA:15,0
DA:18,0
DA:24,11
DA:25,0
DA:26,0
DA:28,0
DA:32,11
DA:50,11
LF:18
LH:10
BRDA:11,0,0,0
BRDA:11,0,1,0
BRDA:25,1,0,0
BRDA:25,1,1,0
BRF:4
BRH:0
end_of_record
TN:
SF:models\Application.js
FNF:0
FNH:0
DA:1,13
DA:3,13
DA:11,13
DA:13,13
LF:4
LH:4
BRF:0
BRH:0
end_of_record
TN:
SF:models\Deliverable.js
FNF:0
FNH:0
DA:1,12
DA:3,12
DA:15,12
LF:3
LH:3
BRF:0
BRH:0
end_of_record
TN:
SF:models\Evaluation.js
FN:13,(anonymous_0)
FNF:1
FNH:0
FNDA:0,(anonymous_0)
DA:1,13
DA:3,13
DA:13,13
DA:14,0
DA:15,0
DA:17,0
DA:20,13
LF:7
LH:4
BRDA:14,0,0,0
BRDA:14,0,1,0
BRDA:14,1,0,0
BRDA:14,1,1,0
BRF:4
BRH:0
end_of_record
TN:
SF:models\Group.js
FN:17,(anonymous_0)
FN:18,(anonymous_1)
FNF:2
FNH:0
FNDA:0,(anonymous_0)
FNDA:0,(anonymous_1)
DA:1,16
DA:3,16
DA:9,16
DA:17,16
DA:18,0
DA:21,16
LF:6
LH:5
BRF:0
BRH:0
end_of_record
TN:
SF:models\Message.js
FNF:0
FNH:0
DA:1,12
DA:3,12
DA:14,12
DA:16,12
LF:4
LH:4
BRF:0
BRH:0
end_of_record
TN:
SF:models\Milestone.js
FNF:0
FNH:0
DA:1,14
DA:3,14
DA:12,14
LF:3
LH:3
BRF:0
BRH:0
end_of_record
TN:
SF:models\Notification.js
FNF:0
FNH:0
DA:1,18
DA:3,18
DA:11,18
DA:13,18
LF:4
LH:4
BRF:0
BRH:0
end_of_record
TN:
SF:models\Project.js
FNF:0
FNH:0
DA:1,18
DA:3,18
DA:14,18
LF:3
LH:3
BRF:0
BRH:0
end_of_record
TN:
SF:models\Subject.js
FNF:0
FNH:0
DA:1,14
DA:3,14
DA:14,14
DA:15,14
DA:17,14
LF:5
LH:5
BRF:0
BRH:0
end_of_record
TN:
SF:models\User.js
FN:25,(anonymous_0)
FN:32,(anonymous_1)
FN:36,(anonymous_2)
FN:42,(anonymous_3)
FNF:4
FNH:1
FNDA:120,(anonymous_0)
FNDA:0,(anonymous_1)
FNDA:0,(anonymous_2)
FNDA:0,(anonymous_3)
DA:1,16
DA:2,16
DA:3,16
DA:5,16
DA:25,16
DA:26,120
DA:27,120
DA:28,120
DA:29,120
DA:32,16
DA:33,0
DA:36,16
DA:37,0
DA:42,16
DA:43,0
DA:46,16
LF:16
LH:13
BRDA:26,0,0,0
BRDA:26,0,1,120
BRDA:38,1,0,0
BRDA:38,1,1,0
BRF:4
BRH:1
end_of_record
TN:
SF:routes\applicationRoutes.js
FNF:0
FNH:0
DA:1,11
DA:2,11
DA:3,11
DA:4,11
DA:6,11
DA:7,11
DA:8,11
DA:9,11
DA:10,11
DA:12,11
LF:10
LH:10
BRF:0
BRH:0
end_of_record
TN:
SF:routes\authRoutes.js
FNF:0
FNH:0
DA:1,11
DA:2,11
DA:3,11
DA:4,11
DA:6,11
DA:7,11
DA:8,11
DA:9,11
DA:10,11
DA:11,11
DA:12,11
DA:14,11
LF:12
LH:12
BRF:0
BRH:0
end_of_record
TN:
SF:routes\dashboardRoutes.js
FNF:0
FNH:0
DA:1,11
DA:2,11
DA:3,11
DA:4,11
DA:6,11
DA:7,11
DA:8,11
DA:9,11
DA:11,11
LF:9
LH:9
BRF:0
BRH:0
end_of_record
TN:
SF:routes\deliverableRoutes.js
FNF:0
FNH:0
DA:1,11
DA:2,11
DA:3,11
DA:4,11
DA:5,11
DA:7,11
DA:8,11
DA:9,11
DA:10,11
DA:12,11
LF:10
LH:10
BRF:0
BRH:0
end_of_record
TN:
SF:routes\evaluationRoutes.js
FNF:0
FNH:0
DA:1,11
DA:2,11
DA:3,11
DA:4,11
DA:6,11
DA:7,11
DA:8,11
DA:10,11
LF:8
LH:8
BRF:0
BRH:0
end_of_record
TN:
SF:routes\groupRoutes.js
FNF:0
FNH:0
DA:1,11
DA:2,11
DA:3,11
DA:7,11
DA:9,11
DA:12,11
DA:13,11
DA:14,11
DA:15,11
DA:16,11
DA:17,11
DA:20,11
DA:21,11
DA:22,11
DA:24,11
LF:15
LH:15
BRF:0
BRH:0
end_of_record
TN:
SF:routes\messageRoutes.js
FNF:0
FNH:0
DA:1,11
DA:2,11
DA:3,11
DA:4,11
DA:5,11
DA:7,11
DA:9,11
DA:10,11
DA:11,11
DA:12,11
DA:14,11
LF:11
LH:11
BRF:0
BRH:0
end_of_record
TN:
SF:routes\milestoneRoutes.js
FNF:0
FNH:0
DA:1,11
DA:2,11
DA:3,11
DA:4,11
DA:6,11
DA:7,11
DA:8,11
DA:9,11
DA:10,11
DA:12,11
LF:10
LH:10
BRF:0
BRH:0
end_of_record
TN:
SF:routes\notificationRoutes.js
FNF:0
FNH:0
DA:1,11
DA:2,11
DA:3,11
DA:4,11
DA:6,11
DA:7,11
DA:8,11
DA:9,11
DA:10,11
DA:12,11
LF:10
LH:10
BRF:0
BRH:0
end_of_record
TN:
SF:routes\projectRoutes.js
FNF:0
FNH:0
DA:1,11
DA:2,11
DA:3,11
DA:4,11
DA:6,11
DA:7,11
DA:8,11
DA:9,11
DA:10,11
DA:12,11
LF:10
LH:10
BRF:0
BRH:0
end_of_record
TN:
SF:routes\subjectRoutes.js
FNF:0
FNH:0
DA:1,11
DA:2,11
DA:3,11
DA:4,11
DA:6,11
DA:7,11
DA:8,11
DA:9,11
DA:10,11
DA:11,11
DA:12,11
DA:13,11
DA:15,11
LF:13
LH:13
BRF:0
BRH:0
end_of_record
TN:
SF:routes\userRoutes.js
FN:17,(anonymous_0)
FN:18,(anonymous_1)
FNF:2
FNH:0
FNDA:0,(anonymous_0)
FNDA:0,(anonymous_1)
DA:1,11
DA:2,11
DA:3,11
DA:4,11
DA:10,11
DA:11,11
DA:13,11
DA:14,11
DA:17,11
DA:18,0
DA:19,0
DA:20,0
DA:21,0
DA:22,0
DA:24,0
DA:28,11
DA:29,11
DA:30,11
DA:31,11
DA:32,11
DA:33,11
DA:34,11
DA:36,11
LF:23
LH:17
BRDA:19,0,0,0
BRDA:19,0,1,0
BRDA:21,1,0,0
BRDA:21,1,1,0
BRF:4
BRH:0
end_of_record
TN:
SF:test\helpers.js
FN:5,(anonymous_0)
FN:20,(anonymous_1)
FNF:2
FNH:2
FNDA:231,(anonymous_0)
FNDA:193,(anonymous_1)
DA:5,12
DA:6,231
DA:14,231
DA:20,12
DA:21,193
DA:22,193
DA:23,193
DA:24,193
DA:27,12
LF:9
LH:9
BRF:0
BRH:0
end_of_record
TN:
SF:utils\notifications.js
FN:3,(anonymous_0)
FNF:1
FNH:0
FNDA:0,(anonymous_0)
DA:1,17
DA:3,17
DA:4,0
DA:5,0
DA:7,0
LF:5
LH:2
BRDA:3,0,0,0
BRDA:3,1,0,0
BRF:2
BRH:0
end_of_record
