TN:
SF:server.js
FN:47,(anonymous_0)
FN:62,(anonymous_1)
FN:71,(anonymous_2)
FN:76,(anonymous_3)
FNF:4
FNH:1
FNDA:0,(anonymous_0)
FNDA:11,(anonymous_1)
FNDA:0,(anonymous_2)
FNDA:0,(anonymous_3)
DA:1,11
DA:2,11
DA:3,11
DA:4,11
DA:5,11
DA:6,11
DA:7,11
DA:8,11
DA:10,11
DA:12,11
DA:13,11
DA:14,11
DA:16,11
DA:23,11
DA:25,11
DA:30,11
DA:31,11
DA:32,11
DA:34,11
DA:35,11
DA:36,11
DA:37,11
DA:38,11
DA:39,11
DA:40,11
DA:41,11
DA:42,11
DA:43,11
DA:44,11
DA:45,11
DA:47,11
DA:48,0
DA:49,0
DA:57,11
DA:58,11
DA:61,11
DA:63,11
DA:64,0
DA:66,0
DA:71,0
DA:72,0
DA:77,0
DA:78,0
DA:79,0
DA:82,11
LF:45
LH:36
BRDA:18,0,0,0
BRDA:18,0,1,11
BRDA:26,1,0,11
BRDA:26,1,1,0
BRDA:49,2,0,0
BRDA:49,2,1,0
BRDA:51,3,0,0
BRDA:51,3,1,0
BRDA:63,4,0,0
BRDA:63,4,1,11
BRDA:71,5,0,0
BRDA:71,5,1,0
BRDA:72,6,0,0
BRDA:72,6,1,0
BRDA:78,7,0,0
BRDA:78,7,1,0
BRF:16
BRH:3
end_of_record
TN:
SF:controllers\applicationController.js
FN:9,(anonymous_0)
FN:46,(anonymous_1)
FN:58,(anonymous_2)
FN:80,(anonymous_3)
FN:95,(anonymous_4)
FN:135,(anonymous_5)
FNF:6
FNH:6
FNDA:13,(anonymous_0)
FNDA:10,(anonymous_1)
FNDA:3,(anonymous_2)
FNDA:6,(anonymous_3)
FNDA:2,(anonymous_4)
FNDA:6,(anonymous_5)
DA:1,12
DA:2,12
DA:3,12
DA:4,12
DA:5,12
DA:6,12
DA:9,12
DA:10,13
DA:11,13
DA:12,12
DA:13,10
DA:15,8
DA:18,8
DA:19,6
DA:20,6
DA:21,2
DA:23,4
DA:24,4
DA:26,2
DA:32,2
DA:33,2
DA:35,2
DA:41,2
DA:42,1
DA:46,12
DA:47,10
DA:48,10
DA:50,10
DA:51,5
DA:52,5
DA:53,3
DA:56,8
DA:57,2
DA:58,3
DA:61,8
DA:63,8
DA:75,7
DA:76,1
DA:80,12
DA:81,6
DA:82,6
DA:83,6
DA:88,6
DA:90,4
DA:91,4
DA:92,4
DA:94,4
DA:95,2
DA:97,2
DA:105,2
DA:106,2
DA:107,10
DA:110,2
DA:112,2
DA:113,2
DA:121,2
DA:122,3
DA:130,4
DA:131,0
DA:135,12
DA:136,6
DA:137,6
DA:138,6
DA:139,4
DA:140,4
DA:141,2
DA:142,0
LF:67
LH:65
BRDA:12,0,0,2
BRDA:12,0,1,10
BRDA:13,1,0,2
BRDA:13,1,1,8
BRDA:18,2,0,2
BRDA:18,2,1,6
BRDA:19,3,0,0
BRDA:19,3,1,6
BRDA:20,4,0,2
BRDA:20,4,1,4
BRDA:24,5,0,2
BRDA:24,5,1,2
BRDA:32,6,0,2
BRDA:32,6,1,2
BRDA:50,7,0,5
BRDA:50,7,1,5
BRDA:52,8,0,2
BRDA:52,8,1,3
BRDA:56,9,0,2
BRDA:56,9,1,6
BRDA:61,10,0,2
BRDA:61,10,1,6
BRDA:88,11,0,2
BRDA:88,11,1,4
BRDA:94,12,0,2
BRDA:94,12,1,2
BRDA:124,13,0,3
BRDA:124,13,1,0
BRDA:138,14,0,2
BRDA:138,14,1,4
BRDA:140,15,0,2
BRDA:140,15,1,2
BRF:32
BRH:30
end_of_record
TN:
SF:controllers\authController.js
FN:6,(anonymous_0)
FN:25,(anonymous_1)
FN:42,(anonymous_2)
FN:76,(anonymous_3)
FN:111,(anonymous_4)
FN:119,(anonymous_5)
FN:136,(anonymous_6)
FN:159,(anonymous_7)
FN:240,(anonymous_8)
FNF:9
FNH:9
FNDA:26,(anonymous_0)
FNDA:2,(anonymous_1)
FNDA:25,(anonymous_2)
FNDA:9,(anonymous_3)
FNDA:2,(anonymous_4)
FNDA:3,(anonymous_5)
FNDA:4,(anonymous_6)
FNDA:4,(anonymous_7)
FNDA:3,(anonymous_8)
DA:1,12
DA:2,12
DA:3,12
DA:6,12
DA:7,26
DA:8,26
DA:25,12
DA:26,2
DA:42,12
DA:43,25
DA:44,25
DA:47,25
DA:48,1
DA:51,24
DA:52,23
DA:53,2
DA:57,21
DA:66,21
DA:68,1
DA:76,12
DA:77,9
DA:78,9
DA:80,9
DA:81,2
DA:85,7
DA:86,0
DA:89,7
DA:90,7
DA:91,2
DA:93,5
DA:94,1
DA:97,4
DA:98,4
DA:99,2
DA:102,2
DA:104,0
DA:111,12
DA:112,2
DA:113,2
DA:119,12
DA:120,3
DA:121,3
DA:122,3
DA:127,2
DA:129,1
DA:136,12
DA:137,4
DA:138,4
DA:139,4
DA:140,4
DA:141,4
DA:142,2
DA:144,2
DA:145,2
DA:146,2
DA:148,0
DA:159,12
DA:160,4
DA:161,4
DA:164,4
DA:165,0
DA:168,4
DA:171,4
DA:172,2
DA:179,2
DA:180,2
DA:181,2
DA:182,2
DA:185,2
DA:186,0
DA:187,0
DA:193,2
DA:196,2
DA:197,2
DA:198,2
DA:220,0
DA:221,0
DA:222,0
DA:223,0
DA:224,0
DA:230,2
DA:232,0
DA:233,0
DA:240,12
DA:241,3
DA:242,3
DA:247,3
DA:252,3
DA:253,2
DA:256,1
DA:257,1
DA:258,1
DA:259,1
DA:261,1
DA:263,0
LF:95
LH:81
BRDA:47,0,0,1
BRDA:47,0,1,24
BRDA:47,1,0,25
BRDA:47,1,1,24
BRDA:52,2,0,2
BRDA:52,2,1,21
BRDA:80,3,0,2
BRDA:80,3,1,7
BRDA:80,4,0,9
BRDA:80,4,1,7
BRDA:85,5,0,0
BRDA:85,5,1,7
BRDA:85,6,0,7
BRDA:85,6,1,7
BRDA:90,7,0,2
BRDA:90,7,1,5
BRDA:93,8,0,1
BRDA:93,8,1,4
BRDA:98,9,0,2
BRDA:98,9,1,2
BRDA:141,10,0,2
BRDA:141,10,1,2
BRDA:164,11,0,0
BRDA:164,11,1,4
BRDA:164,12,0,4
BRDA:164,12,1,4
BRDA:171,13,0,2
BRDA:171,13,1,2
BRDA:185,14,0,0
BRDA:185,14,1,2
BRDA:185,15,0,2
BRDA:185,15,1,2
BRDA:252,16,0,2
BRDA:252,16,1,1
BRF:34
BRH:31
end_of_record
TN:
SF:controllers\dashboardController.js
FN:7,(anonymous_0)
FN:34,(anonymous_1)
FN:51,(anonymous_2)
FN:57,(anonymous_3)
FN:72,(anonymous_4)
FNF:5
FNH:5
FNDA:5,(anonymous_0)
FNDA:4,(anonymous_1)
FNDA:3,(anonymous_2)
FNDA:1,(anonymous_3)
FNDA:6,(anonymous_4)
DA:1,12
DA:2,12
DA:3,12
DA:4,12
DA:5,12
DA:7,12
DA:8,5
DA:9,5
DA:10,4
DA:11,4
DA:12,4
DA:13,4
DA:14,4
DA:15,4
DA:16,4
DA:17,4
DA:19,4
DA:24,4
DA:31,4
DA:33,4
DA:34,4
DA:37,4
DA:47,1
DA:51,12
DA:52,3
DA:53,3
DA:54,2
DA:55,2
DA:56,2
DA:57,2
DA:58,2
DA:59,2
DA:66,2
DA:68,1
DA:72,12
DA:73,6
DA:74,6
DA:75,6
DA:76,5
DA:80,5
DA:81,5
DA:82,3
DA:85,5
DA:90,5
DA:91,5
DA:92,1
DA:95,5
DA:97,1
LF:48
LH:48
BRDA:33,0,0,2
BRDA:33,0,1,2
BRDA:76,1,0,3
BRDA:76,1,1,2
BRDA:81,2,0,3
BRDA:81,2,1,2
BRDA:91,3,0,1
BRDA:91,3,1,4
BRF:8
BRH:8
end_of_record
TN:
SF:controllers\deliverableController.js
FN:5,(anonymous_0)
FN:17,(anonymous_1)
FN:41,(anonymous_2)
FNF:3
FNH:3
FNDA:3,(anonymous_0)
FNDA:4,(anonymous_1)
FNDA:5,(anonymous_2)
DA:1,12
DA:2,12
DA:3,12
DA:5,12
DA:6,3
DA:7,3
DA:11,2
DA:13,1
DA:17,12
DA:18,4
DA:19,4
DA:20,3
DA:31,2
DA:32,2
DA:33,1
DA:35,2
DA:37,1
DA:41,12
DA:42,5
DA:43,5
DA:44,4
DA:45,2
DA:47,1
LF:23
LH:23
BRDA:19,0,0,1
BRDA:19,0,1,3
BRDA:24,1,0,3
BRDA:24,1,1,0
BRDA:32,2,0,1
BRDA:32,2,1,1
BRDA:44,3,0,2
BRDA:44,3,1,2
BRF:8
BRH:7
end_of_record
TN:
SF:controllers\evaluationController.js
FN:5,(anonymous_0)
FN:16,(anonymous_1)
FNF:2
FNH:2
FNDA:5,(anonymous_0)
FNDA:7,(anonymous_1)
DA:1,12
DA:2,12
DA:3,12
DA:5,12
DA:6,5
DA:7,5
DA:10,4
DA:12,1
DA:16,12
DA:17,7
DA:18,7
DA:19,7
DA:20,6
DA:21,4
DA:22,4
DA:23,4
DA:24,4
DA:25,4
DA:26,4
DA:28,2
DA:37,6
DA:40,6
DA:41,4
DA:42,4
DA:45,6
DA:47,1
LF:26
LH:26
BRDA:20,0,0,4
BRDA:20,0,1,2
BRDA:21,1,0,4
BRDA:21,1,1,0
BRDA:22,2,0,4
BRDA:22,2,1,0
BRDA:23,3,0,4
BRDA:23,3,1,1
BRDA:24,4,0,4
BRDA:24,4,1,1
BRDA:40,5,0,4
BRDA:40,5,1,2
BRDA:40,6,0,6
BRDA:40,6,1,6
BRF:14
BRH:12
end_of_record
TN:
SF:controllers\groupController.js
FN:5,(anonymous_0)
FN:16,(anonymous_1)
FN:26,(anonymous_2)
FN:42,(anonymous_3)
FN:58,(anonymous_4)
FN:78,(anonymous_5)
FN:84,(anonymous_6)
FN:113,(anonymous_7)
FN:120,(anonymous_8)
FN:128,(anonymous_9)
FN:137,(anonymous_10)
FN:141,(anonymous_11)
FN:148,(anonymous_12)
FNF:13
FNH:12
FNDA:4,(anonymous_0)
FNDA:2,(anonymous_1)
FNDA:4,(anonymous_2)
FNDA:9,(anonymous_3)
FNDA:0,(anonymous_4)
FNDA:6,(anonymous_5)
FNDA:4,(anonymous_6)
FNDA:6,(anonymous_7)
FNDA:4,(anonymous_8)
FNDA:4,(anonymous_9)
FNDA:4,(anonymous_10)
FNDA:4,(anonymous_11)
FNDA:4,(anonymous_12)
DA:1,12
DA:2,12
DA:3,12
DA:5,12
DA:6,4
DA:7,4
DA:12,4
DA:13,0
DA:16,12
DA:17,2
DA:18,2
DA:22,2
DA:23,0
DA:26,12
DA:27,4
DA:28,4
DA:29,4
DA:31,2
DA:36,2
DA:37,2
DA:38,2
DA:39,0
DA:42,12
DA:43,9
DA:44,9
DA:45,9
DA:47,7
DA:48,7
DA:49,7
DA:50,5
DA:51,2
DA:53,3
DA:54,3
DA:55,1
DA:57,2
DA:58,0
DA:60,2
DA:61,0
DA:63,2
DA:64,2
DA:66,2
DA:72,2
DA:73,2
DA:74,2
DA:75,0
DA:78,12
DA:79,6
DA:80,6
DA:81,6
DA:82,6
DA:84,4
DA:85,4
DA:86,3
DA:88,3
DA:89,2
DA:90,2
DA:91,2
DA:94,3
DA:95,3
DA:98,3
DA:106,3
DA:107,3
DA:108,3
DA:109,3
DA:110,0
DA:113,12
DA:114,6
DA:115,6
DA:116,6
DA:117,4
DA:118,2
DA:120,4
DA:121,2
DA:123,2
DA:124,2
DA:125,0
DA:128,12
DA:129,4
DA:130,4
DA:131,4
DA:132,2
DA:133,2
DA:134,0
DA:137,12
DA:138,4
DA:139,4
DA:140,4
DA:141,4
DA:142,2
DA:143,2
DA:144,2
DA:145,0
DA:148,12
DA:149,4
DA:150,4
DA:155,3
DA:156,1
LF:97
LH:87
BRDA:29,0,0,2
BRDA:29,0,1,2
BRDA:45,1,0,2
BRDA:45,1,1,7
BRDA:49,2,0,2
BRDA:49,2,1,5
BRDA:50,3,0,2
BRDA:50,3,1,3
BRDA:54,4,0,1
BRDA:54,4,1,2
BRDA:58,5,0,0
BRDA:58,5,1,0
BRDA:60,6,0,0
BRDA:60,6,1,2
BRDA:82,7,0,2
BRDA:82,7,1,4
BRDA:85,8,0,1
BRDA:85,8,1,3
BRDA:86,9,0,0
BRDA:86,9,1,3
BRDA:88,10,0,2
BRDA:88,10,1,1
BRDA:90,11,0,0
BRDA:90,11,1,2
BRDA:100,12,0,2
BRDA:100,12,1,1
BRDA:103,13,0,2
BRDA:103,13,1,1
BRDA:116,14,0,2
BRDA:116,14,1,4
BRDA:117,15,0,2
BRDA:117,15,1,2
BRDA:131,16,0,2
BRDA:131,16,1,2
BRDA:140,17,0,2
BRDA:140,17,1,2
BRF:36
BRH:31
end_of_record
TN:
SF:controllers\messageController.js
FN:6,(anonymous_0)
FN:9,(anonymous_1)
FN:20,(anonymous_2)
FN:24,(anonymous_3)
FN:31,(anonymous_4)
FN:49,(anonymous_5)
FN:76,(anonymous_6)
FN:105,(anonymous_7)
FN:118,(anonymous_8)
FN:125,(anonymous_9)
FNF:10
FNH:10
FNDA:25,(anonymous_0)
FNDA:19,(anonymous_1)
FNDA:6,(anonymous_2)
FNDA:3,(anonymous_3)
FNDA:11,(anonymous_4)
FNDA:9,(anonymous_5)
FNDA:5,(anonymous_6)
FNDA:8,(anonymous_7)
FNDA:2,(anonymous_8)
FNDA:1,(anonymous_9)
DA:1,12
DA:2,12
DA:3,12
DA:4,12
DA:6,12
DA:7,25
DA:8,24
DA:9,19
DA:10,19
DA:11,19
DA:12,4
DA:13,4
DA:14,1
DA:16,3
DA:20,12
DA:21,6
DA:22,6
DA:23,6
DA:24,3
DA:26,6
DA:27,6
DA:31,12
DA:32,11
DA:33,11
DA:34,10
DA:35,5
DA:39,5
DA:43,5
DA:45,1
DA:49,12
DA:50,9
DA:51,9
DA:52,9
DA:53,7
DA:54,7
DA:55,5
DA:62,4
DA:67,4
DA:68,4
DA:70,4
DA:72,1
DA:76,12
DA:77,5
DA:78,5
DA:79,5
DA:80,4
DA:81,3
DA:91,2
DA:96,2
DA:97,2
DA:99,2
DA:101,1
DA:105,12
DA:106,8
DA:107,8
DA:108,8
DA:109,4
DA:110,4
DA:111,2
DA:113,2
DA:116,8
DA:117,8
DA:118,7
DA:119,7
DA:123,7
DA:124,7
DA:125,7
DA:126,7
DA:128,1
LF:69
LH:69
BRDA:8,0,0,5
BRDA:8,0,1,19
BRDA:11,1,0,15
BRDA:11,1,1,4
BRDA:11,2,0,19
BRDA:11,2,1,13
BRDA:13,3,0,1
BRDA:13,3,1,3
BRDA:13,4,0,4
BRDA:13,4,1,3
BRDA:13,4,2,2
BRDA:23,5,0,3
BRDA:23,5,1,3
BRDA:34,6,0,5
BRDA:34,6,1,5
BRDA:52,7,0,2
BRDA:52,7,1,7
BRDA:54,8,0,2
BRDA:54,8,1,5
BRDA:79,9,0,1
BRDA:79,9,1,4
BRDA:80,10,0,1
BRDA:80,10,1,3
BRDA:84,11,0,3
BRDA:84,11,1,2
BRDA:108,12,0,4
BRDA:108,12,1,4
BRDA:110,13,0,2
BRDA:110,13,1,2
BRDA:116,14,0,4
BRDA:116,14,1,4
BRF:31
BRH:31
end_of_record
TN:
SF:controllers\milestoneController.js
FN:4,(anonymous_0)
FN:7,(anonymous_1)
FN:13,(anonymous_2)
FN:24,(anonymous_3)
FN:34,(anonymous_4)
FN:45,(anonymous_5)
FNF:6
FNH:6
FNDA:8,(anonymous_0)
FNDA:10,(anonymous_1)
FNDA:4,(anonymous_2)
FNDA:4,(anonymous_3)
FNDA:5,(anonymous_4)
FNDA:5,(anonymous_5)
DA:1,12
DA:2,12
DA:4,12
DA:5,8
DA:6,8
DA:7,10
DA:8,8
DA:9,8
DA:10,8
DA:13,12
DA:14,4
DA:15,4
DA:18,3
DA:20,1
DA:24,12
DA:25,4
DA:26,4
DA:27,3
DA:28,3
DA:30,1
DA:34,12
DA:35,5
DA:36,5
DA:37,5
DA:38,3
DA:39,3
DA:41,0
DA:45,12
DA:46,5
DA:47,5
DA:48,4
DA:49,2
DA:50,2
DA:52,1
LF:34
LH:33
BRDA:8,0,0,6
BRDA:8,0,1,2
BRDA:37,1,0,2
BRDA:37,1,1,3
BRDA:48,2,0,2
BRDA:48,2,1,2
BRF:6
BRH:6
end_of_record
TN:
SF:controllers\notificationController.js
FN:2,(anonymous_0)
FN:15,(anonymous_1)
FN:24,(anonymous_2)
FN:33,(anonymous_3)
FNF:4
FNH:4
FNDA:4,(anonymous_0)
FNDA:3,(anonymous_1)
FNDA:3,(anonymous_2)
FNDA:3,(anonymous_3)
DA:1,12
DA:2,12
DA:3,4
DA:4,4
DA:8,3
DA:9,3
DA:11,1
DA:15,12
DA:16,3
DA:17,3
DA:18,2
DA:20,1
DA:24,12
DA:25,3
DA:26,3
DA:27,2
DA:29,1
DA:33,12
DA:34,3
DA:35,3
DA:36,2
DA:38,1
LF:22
LH:22
BRF:0
BRH:0
end_of_record
TN:
SF:controllers\projectController.js
FN:5,(anonymous_0)
FN:37,(anonymous_1)
FN:51,(anonymous_2)
FN:61,(anonymous_3)
FN:65,(anonymous_4)
FNF:5
FNH:5
FNDA:7,(anonymous_0)
FNDA:5,(anonymous_1)
FNDA:3,(anonymous_2)
FNDA:3,(anonymous_3)
FNDA:3,(anonymous_4)
DA:2,12
DA:3,12
DA:5,12
DA:6,7
DA:7,7
DA:8,7
DA:9,4
DA:10,4
DA:11,4
DA:13,4
DA:14,1
DA:19,3
DA:22,7
DA:23,7
DA:25,7
DA:31,6
DA:33,1
DA:37,12
DA:38,5
DA:39,5
DA:44,3
DA:45,1
DA:47,2
DA:51,12
DA:52,3
DA:53,3
DA:54,2
DA:55,1
DA:57,1
DA:61,12
DA:62,3
DA:63,3
DA:64,2
DA:65,3
DA:66,2
DA:67,2
DA:68,2
DA:70,1
LF:38
LH:38
BRDA:8,0,0,4
BRDA:8,0,1,3
BRDA:13,1,0,1
BRDA:13,1,1,3
BRDA:22,2,0,1
BRDA:22,2,1,6
BRDA:23,3,0,2
BRDA:23,3,1,5
BRDA:44,4,0,2
BRDA:44,4,1,1
BRDA:54,5,0,1
BRDA:54,5,1,1
BRDA:66,6,0,1
BRDA:66,6,1,1
BRF:14
BRH:14
end_of_record
TN:
SF:controllers\subjectController.js
FN:5,(anonymous_0)
FN:28,(anonymous_1)
FN:40,(anonymous_2)
FN:53,(anonymous_3)
FN:67,(anonymous_4)
FN:88,(anonymous_5)
FN:98,(anonymous_6)
FNF:7
FNH:7
FNDA:10,(anonymous_0)
FNDA:5,(anonymous_1)
FNDA:3,(anonymous_2)
FNDA:7,(anonymous_3)
FNDA:5,(anonymous_4)
FNDA:5,(anonymous_5)
FNDA:3,(anonymous_6)
DA:1,12
DA:2,12
DA:3,12
DA:5,12
DA:6,10
DA:7,10
DA:8,10
DA:9,10
DA:10,10
DA:11,10
DA:15,10
DA:16,9
DA:22,9
DA:24,1
DA:28,12
DA:29,5
DA:30,5
DA:33,4
DA:34,2
DA:36,1
DA:40,12
DA:41,3
DA:42,3
DA:43,2
DA:44,2
DA:45,69
DA:47,2
DA:49,1
DA:53,12
DA:54,7
DA:55,7
DA:56,7
DA:57,5
DA:58,2
DA:60,3
DA:61,3
DA:63,0
DA:67,12
DA:68,5
DA:69,5
DA:70,5
DA:77,5
DA:78,4
DA:81,4
DA:82,4
DA:84,0
DA:88,12
DA:89,5
DA:90,5
DA:91,4
DA:92,2
DA:94,1
DA:98,12
DA:99,3
DA:100,3
DA:103,2
DA:105,1
LF:57
LH:55
BRDA:7,0,0,9
BRDA:7,1,0,9
BRDA:9,2,0,2
BRDA:9,2,1,8
BRDA:10,3,0,2
BRDA:10,3,1,8
BRDA:11,4,0,2
BRDA:11,4,1,8
BRDA:33,5,0,2
BRDA:33,5,1,2
BRDA:56,6,0,2
BRDA:56,6,1,5
BRDA:57,7,0,2
BRDA:57,7,1,3
BRDA:57,8,0,5
BRDA:57,8,1,4
BRDA:77,9,0,1
BRDA:77,9,1,4
BRDA:78,10,0,2
BRDA:78,10,1,2
BRDA:80,11,0,2
BRDA:80,11,1,0
BRDA:81,12,0,2
BRDA:81,12,1,2
BRDA:91,13,0,2
BRDA:91,13,1,2
BRF:26
BRH:25
end_of_record
TN:
SF:controllers\userController.js
FN:2,(anonymous_0)
FN:26,(anonymous_1)
FN:36,(anonymous_2)
FN:45,(anonymous_3)
FN:56,(anonymous_4)
FN:66,(anonymous_5)
FN:78,(anonymous_6)
FN:89,(anonymous_7)
FNF:8
FNH:8
FNDA:13,(anonymous_0)
FNDA:5,(anonymous_1)
FNDA:5,(anonymous_2)
FNDA:5,(anonymous_3)
FNDA:5,(anonymous_4)
FNDA:8,(anonymous_5)
FNDA:4,(anonymous_6)
FNDA:4,(anonymous_7)
DA:1,12
DA:2,12
DA:3,13
DA:4,13
DA:5,13
DA:6,13
DA:7,13
DA:8,13
DA:9,13
DA:14,13
DA:15,12
DA:20,12
DA:22,1
DA:26,12
DA:27,5
DA:28,5
DA:29,4
DA:30,2
DA:32,1
DA:36,12
DA:37,5
DA:38,5
DA:39,3
DA:41,2
DA:45,12
DA:46,5
DA:47,5
DA:48,5
DA:49,4
DA:50,2
DA:52,1
DA:56,12
DA:57,5
DA:58,5
DA:59,4
DA:60,2
DA:62,1
DA:66,12
DA:67,8
DA:68,8
DA:69,7
DA:70,5
DA:71,5
DA:72,5
DA:74,1
DA:78,12
DA:79,4
DA:80,4
DA:83,3
DA:85,1
DA:89,12
DA:90,4
DA:91,4
DA:92,1
DA:94,3
DA:99,2
DA:100,1
DA:102,1
DA:104,1
LF:59
LH:59
BRDA:4,0,0,11
BRDA:4,1,0,11
BRDA:6,2,0,2
BRDA:6,2,1,11
BRDA:7,3,0,2
BRDA:7,3,1,11
BRDA:8,4,0,2
BRDA:8,4,1,11
BRDA:9,5,0,2
BRDA:9,5,1,11
BRDA:29,6,0,2
BRDA:29,6,1,2
BRDA:49,7,0,2
BRDA:49,7,1,2
BRDA:59,8,0,2
BRDA:59,8,1,2
BRDA:69,9,0,2
BRDA:69,9,1,5
BRDA:70,10,0,3
BRDA:70,10,1,2
BRDA:91,11,0,1
BRDA:91,11,1,3
BRDA:99,12,0,1
BRDA:99,12,1,1
BRF:24
BRH:24
end_of_record
TN:
SF:middlewares\auth.js
FN:4,(anonymous_0)
FN:23,(anonymous_1)
FN:23,(anonymous_2)
FNF:3
FNH:3
FNDA:172,(anonymous_0)
FNDA:275,(anonymous_1)
FNDA:92,(anonymous_2)
DA:1,11
DA:2,11
DA:4,11
DA:6,172
DA:7,138
DA:9,172
DA:10,34
DA:12,138
DA:13,138
DA:14,137
DA:15,137
DA:16,137
DA:17,137
DA:19,1
DA:23,275
DA:24,92
DA:25,23
DA:27,69
LF:18
LH:18
BRDA:6,0,0,138
BRDA:6,0,1,34
BRDA:6,1,0,172
BRDA:6,1,1,138
BRDA:9,2,0,34
BRDA:9,2,1,138
BRDA:15,3,0,0
BRDA:15,3,1,137
BRDA:16,4,0,0
BRDA:16,4,1,137
BRDA:24,5,0,23
BRDA:24,5,1,69
BRF:12
BRH:10
end_of_record
TN:
SF:middlewares\upload.js
FN:9,(anonymous_0)
FN:14,(anonymous_1)
FN:24,(anonymous_2)
FNF:3
FNH:0
FNDA:0,(anonymous_0)
FNDA:0,(anonymous_1)
FNDA:0,(anonymous_2)
DA:1,11
DA:2,11
DA:3,11
DA:4,11
DA:5,11
DA:6,11
DA:8,11
DA:10,0
DA:11,0
DA:12,0
DA:15,0
DA:18,0
DA:24,11
DA:25,0
DA:26,0
DA:28,0
DA:32,11
DA:50,11
LF:18
LH:10
BRDA:11,0,0,0
BRDA:11,0,1,0
BRDA:25,1,0,0
BRDA:25,1,1,0
BRF:4
BRH:0
end_of_record
TN:
SF:models\Application.js
FNF:0
FNH:0
DA:1,13
DA:3,13
DA:11,13
DA:13,13
LF:4
LH:4
BRF:0
BRH:0
end_of_record
TN:
SF:models\Deliverable.js
FNF:0
FNH:0
DA:1,12
DA:3,12
DA:15,12
LF:3
LH:3
BRF:0
BRH:0
end_of_record
TN:
SF:models\Evaluation.js
FN:13,(anonymous_0)
FNF:1
FNH:1
FNDA:4,(anonymous_0)
DA:1,13
DA:3,13
DA:13,13
DA:14,4
DA:15,1
DA:17,4
DA:20,13
LF:7
LH:7
BRDA:14,0,0,1
BRDA:14,0,1,3
BRDA:14,1,0,4
BRDA:14,1,1,4
BRF:4
BRH:4
end_of_record
TN:
SF:models\Group.js
FN:17,(anonymous_0)
FN:18,(anonymous_1)
FNF:2
FNH:2
FNDA:2,(anonymous_0)
FNDA:3,(anonymous_1)
DA:1,16
DA:3,16
DA:9,16
DA:17,16
DA:18,3
DA:21,16
LF:6
LH:6
BRF:0
BRH:0
end_of_record
TN:
SF:models\Message.js
FNF:0
FNH:0
DA:1,12
DA:3,12
DA:14,12
DA:16,12
LF:4
LH:4
BRF:0
BRH:0
end_of_record
TN:
SF:models\Milestone.js
FNF:0
FNH:0
DA:1,14
DA:3,14
DA:12,14
LF:3
LH:3
BRF:0
BRH:0
end_of_record
TN:
SF:models\Notification.js
FNF:0
FNH:0
DA:1,18
DA:3,18
DA:11,18
DA:13,18
LF:4
LH:4
BRF:0
BRH:0
end_of_record
TN:
SF:models\Project.js
FNF:0
FNH:0
DA:1,18
DA:3,18
DA:14,18
LF:3
LH:3
BRF:0
BRH:0
end_of_record
TN:
SF:models\Subject.js
FNF:0
FNH:0
DA:1,14
DA:3,14
DA:14,14
DA:15,14
DA:17,14
LF:5
LH:5
BRF:0
BRH:0
end_of_record
TN:
SF:models\User.js
FN:58,(anonymous_0)
FN:66,(anonymous_1)
FN:71,(anonymous_2)
FN:80,(anonymous_3)
FNF:4
FNH:3
FNDA:189,(anonymous_0)
FNDA:4,(anonymous_1)
FNDA:22,(anonymous_2)
FNDA:0,(anonymous_3)
DA:1,16
DA:2,16
DA:3,16
DA:5,16
DA:58,16
DA:59,189
DA:60,185
DA:61,185
DA:62,185
DA:66,16
DA:67,4
DA:71,16
DA:72,22
DA:80,16
DA:81,0
DA:84,16
LF:16
LH:15
BRDA:59,0,0,4
BRDA:59,0,1,185
BRDA:75,1,0,22
BRDA:75,1,1,0
BRF:4
BRH:3
end_of_record
TN:
SF:routes\applicationRoutes.js
FNF:0
FNH:0
DA:1,11
DA:2,11
DA:3,11
DA:4,11
DA:6,11
DA:7,11
DA:8,11
DA:9,11
DA:10,11
DA:12,11
LF:10
LH:10
BRF:0
BRH:0
end_of_record
TN:
SF:routes\authRoutes.js
FNF:0
FNH:0
DA:1,11
DA:2,11
DA:3,11
DA:4,11
DA:6,11
DA:7,11
DA:8,11
DA:9,11
DA:10,11
DA:11,11
DA:12,11
DA:14,11
LF:12
LH:12
BRF:0
BRH:0
end_of_record
TN:
SF:routes\dashboardRoutes.js
FNF:0
FNH:0
DA:1,11
DA:2,11
DA:3,11
DA:4,11
DA:6,11
DA:7,11
DA:8,11
DA:9,11
DA:11,11
LF:9
LH:9
BRF:0
BRH:0
end_of_record
TN:
SF:routes\deliverableRoutes.js
FNF:0
FNH:0
DA:1,11
DA:2,11
DA:3,11
DA:4,11
DA:5,11
DA:7,11
DA:8,11
DA:9,11
DA:10,11
DA:12,11
LF:10
LH:10
BRF:0
BRH:0
end_of_record
TN:
SF:routes\evaluationRoutes.js
FNF:0
FNH:0
DA:1,11
DA:2,11
DA:3,11
DA:4,11
DA:6,11
DA:7,11
DA:8,11
DA:10,11
LF:8
LH:8
BRF:0
BRH:0
end_of_record
TN:
SF:routes\groupRoutes.js
FNF:0
FNH:0
DA:1,11
DA:2,11
DA:3,11
DA:7,11
DA:9,11
DA:12,11
DA:13,11
DA:14,11
DA:15,11
DA:16,11
DA:17,11
DA:20,11
DA:21,11
DA:22,11
DA:24,11
LF:15
LH:15
BRF:0
BRH:0
end_of_record
TN:
SF:routes\messageRoutes.js
FNF:0
FNH:0
DA:1,11
DA:2,11
DA:3,11
DA:4,11
DA:5,11
DA:7,11
DA:9,11
DA:10,11
DA:11,11
DA:12,11
DA:14,11
LF:11
LH:11
BRF:0
BRH:0
end_of_record
TN:
SF:routes\milestoneRoutes.js
FNF:0
FNH:0
DA:1,11
DA:2,11
DA:3,11
DA:4,11
DA:6,11
DA:7,11
DA:8,11
DA:9,11
DA:10,11
DA:12,11
LF:10
LH:10
BRF:0
BRH:0
end_of_record
TN:
SF:routes\notificationRoutes.js
FNF:0
FNH:0
DA:1,11
DA:2,11
DA:3,11
DA:4,11
DA:6,11
DA:7,11
DA:8,11
DA:9,11
DA:10,11
DA:12,11
LF:10
LH:10
BRF:0
BRH:0
end_of_record
TN:
SF:routes\projectRoutes.js
FNF:0
FNH:0
DA:1,11
DA:2,11
DA:3,11
DA:4,11
DA:6,11
DA:7,11
DA:8,11
DA:9,11
DA:10,11
DA:12,11
LF:10
LH:10
BRF:0
BRH:0
end_of_record
TN:
SF:routes\subjectRoutes.js
FNF:0
FNH:0
DA:1,11
DA:2,11
DA:3,11
DA:4,11
DA:6,11
DA:7,11
DA:8,11
DA:9,11
DA:10,11
DA:11,11
DA:12,11
DA:13,11
DA:15,11
LF:13
LH:13
BRF:0
BRH:0
end_of_record
TN:
SF:routes\userRoutes.js
FN:17,(anonymous_0)
FN:18,(anonymous_1)
FNF:2
FNH:0
FNDA:0,(anonymous_0)
FNDA:0,(anonymous_1)
DA:1,11
DA:2,11
DA:3,11
DA:4,11
DA:10,11
DA:11,11
DA:13,11
DA:14,11
DA:17,11
DA:18,0
DA:19,0
DA:20,0
DA:21,0
DA:22,0
DA:24,0
DA:28,11
DA:29,11
DA:30,11
DA:31,11
DA:32,11
DA:33,11
DA:34,11
DA:36,11
LF:23
LH:17
BRDA:19,0,0,0
BRDA:19,0,1,0
BRDA:21,1,0,0
BRDA:21,1,1,0
BRF:4
BRH:0
end_of_record
TN:
SF:test\helpers.js
FN:5,(anonymous_0)
FN:20,(anonymous_1)
FNF:2
FNH:2
FNDA:231,(anonymous_0)
FNDA:193,(anonymous_1)
DA:5,12
DA:6,231
DA:14,231
DA:20,12
DA:21,193
DA:22,193
DA:23,193
DA:24,193
DA:27,12
LF:9
LH:9
BRF:0
BRH:0
end_of_record
TN:
SF:utils\notifications.js
FN:3,(anonymous_0)
FNF:1
FNH:1
FNDA:79,(anonymous_0)
DA:1,17
DA:3,17
DA:4,79
DA:5,79
DA:7,0
LF:5
LH:4
BRDA:3,0,0,0
BRDA:3,1,0,9
BRF:2
BRH:1
end_of_record
